Format: scalepack_merge
Miller array info: /reg/data/ana03/scratch/zhensu/Experiment/ICH/20201225/data/G150A-3/datadir/phenix_merge_stats_2021_01_06_14_16_15_026098/exp_nosym_aniso.hkl:I,SIGI
Observation type: xray.intensity
Type of data: double, size=296445
Type of sigmas: double, size=296445
Number of Miller indices: 296445
Anomalous flag: False
Unit cell: (57.318, 58.245, 69.095, 90, 112.74, 90)
Space group: P 1 21 1 (No. 4)

                     ----------Merging statistics----------                    

Resolution: 29.77 - 1.40
Observations: 296418
Unique reflections: 82661
Redundancy: 3.6
Completeness: 100.00%
Mean intensity: 23.9
Mean I/sigma(I): 7.9
R-merge: 0.169
R-meas:  0.198
R-pim:   0.103

Redundancies (non-anomalous):
  1 : 3053
  2 : 10901
  3 : 3265
  4 : 65442

  Statistics by resolution bin:
 d_max  d_min   #obs  #uniq   mult.  %comp       <I>  <I/sI>    r_mrg   r_meas    r_pim   cc1/2   cc_ano
 29.78   3.45  21494   5658    3.80 100.00      22.7     7.0    0.236    0.275    0.141   0.102  -0.381
  3.45   2.74  20869   5538    3.77 100.00      21.6     5.4    0.324    0.379    0.195  -0.036  -0.589
  2.74   2.39  20624   5545    3.72 100.00      23.0     6.7    0.242    0.284    0.146  -0.079  -0.587
  2.39   2.17  20352   5526    3.68 100.00      23.0     6.7    0.237    0.277    0.143  -0.092  -0.537
  2.17   2.02  20045   5500    3.64 100.00      23.3     6.9    0.223    0.261    0.135  -0.123  -0.531
  2.02   1.90  19877   5500    3.61 100.00      23.9     7.8    0.182    0.213    0.110  -0.131  -0.525
  1.90   1.80  19738   5498    3.59 100.00      24.3     8.4    0.144    0.169    0.087  -0.120  -0.539
  1.80   1.73  19538   5477    3.57 100.00      24.5     8.6    0.126    0.148    0.077  -0.105  -0.554
  1.73   1.66  19577   5522    3.55 100.00      24.6     8.7    0.117    0.137    0.071  -0.117  -0.541
  1.66   1.60  19228   5465    3.52 100.00      24.6     8.6    0.113    0.133    0.069  -0.129  -0.535
  1.60   1.55  19278   5503    3.50 100.00      24.6     8.7    0.112    0.131    0.068  -0.136  -0.518
  1.55   1.51  19034   5464    3.48 100.00      24.6     8.6    0.112    0.131    0.068  -0.130  -0.505
  1.51   1.47  18996   5482    3.47 100.00      24.6     8.6    0.111    0.131    0.068  -0.140  -0.506
  1.47   1.43  18793   5464    3.44 100.00      24.6     8.6    0.110    0.129    0.067  -0.106  -0.486
  1.43   1.40  18975   5519    3.44 100.00      24.6     8.6    0.110    0.130    0.067  -0.111  -0.499
 29.77   1.40 296418  82661    3.59 100.00      23.9     7.9    0.169    0.198    0.103  -0.054  -0.522

References:
  Diederichs K & Karplus PA (1997) Nature Structural Biology 4:269-275
    (with erratum in: Nat Struct Biol 1997 Jul;4(7):592)
  Weiss MS (2001) J Appl Cryst 34:130-135.
  Karplus PA & Diederichs K (2012) Science 336:1030-3.

