Format: scalepack_merge
Miller array info: /reg/data/ana03/scratch/zhensu/Experiment/ICH/20201225/data/G150A-2/datadir/phenix_merge_stats_2021_01_06_14_15_14_257822/exp_nosym_aniso.hkl:I,SIGI
Observation type: xray.intensity
Type of data: double, size=296418
Type of sigmas: double, size=296418
Number of Miller indices: 296418
Anomalous flag: False
Unit cell: (57.155, 57.87, 68.988, 90, 112.74, 90)
Space group: P 1 21 1 (No. 4)

                     ----------Merging statistics----------                    

Resolution: 29.67 - 1.40
Observations: 296378
Unique reflections: 80788
Redundancy: 3.7
Completeness: 98.80%
Mean intensity: 14.7
Mean I/sigma(I): 6.6
R-merge: 0.180
R-meas:  0.209
R-pim:   0.107

Redundancies (non-anomalous):
  1 : 2212
  2 : 6326
  3 : 7486
  4 : 64764

  Statistics by resolution bin:
 d_max  d_min   #obs  #uniq   mult.  %comp       <I>  <I/sI>    r_mrg   r_meas    r_pim   cc1/2   cc_ano
 29.68   3.45  21255   5595    3.80 100.00      13.8     5.4    0.283    0.330    0.168  -0.150  -0.745
  3.45   2.74  20817   5474    3.80  99.80      13.1     4.4    0.358    0.417    0.213  -0.168  -0.795
  2.74   2.39  20553   5456    3.77  99.71      14.2     5.6    0.260    0.303    0.155  -0.200  -0.773
  2.39   2.17  20266   5431    3.73  99.45      14.3     5.7    0.253    0.295    0.150  -0.246  -0.784
  2.17   2.02  20181   5425    3.72  99.16      14.5     5.9    0.235    0.273    0.139  -0.233  -0.801
  2.02   1.90  19849   5379    3.69  99.02      14.8     6.6    0.189    0.220    0.112  -0.231  -0.800
  1.90   1.80  19707   5370    3.67  98.97      15.0     7.2    0.153    0.178    0.091  -0.283  -0.801
  1.80   1.73  19634   5372    3.65  98.97      15.1     7.3    0.132    0.154    0.079  -0.358  -0.798
  1.73   1.66  19449   5360    3.63  98.38      15.1     7.3    0.121    0.141    0.072  -0.351  -0.788
  1.66   1.60  19370   5340    3.63  98.67      15.2     7.3    0.117    0.136    0.070  -0.368  -0.789
  1.60   1.55  19389   5363    3.62  98.08      15.2     7.3    0.115    0.134    0.069  -0.370  -0.773
  1.55   1.51  19076   5303    3.60  98.15      15.2     7.3    0.112    0.131    0.067  -0.317  -0.773
  1.51   1.47  19059   5318    3.58  98.21      15.2     7.3    0.111    0.129    0.066  -0.346  -0.767
  1.47   1.43  18965   5310    3.57  97.70      15.2     7.3    0.109    0.127    0.065  -0.378  -0.759
  1.43   1.40  18808   5292    3.55  97.62      15.2     7.3    0.107    0.125    0.064  -0.380  -0.761
 29.67   1.40 296378  80788    3.67  98.80      14.7     6.6    0.180    0.209    0.107  -0.214  -0.766

References:
  Diederichs K & Karplus PA (1997) Nature Structural Biology 4:269-275
    (with erratum in: Nat Struct Biol 1997 Jul;4(7):592)
  Weiss MS (2001) J Appl Cryst 34:130-135.
  Karplus PA & Diederichs K (2012) Science 336:1030-3.

