Format: scalepack_merge
Miller array info: /reg/data/ana03/scratch/zhensu/Experiment/ICH/20201225/data/G150A-1/datadir/phenix_merge_stats_2021_01_06_14_14_14_366403/exp_nosym_aniso.hkl:I,SIGI
Observation type: xray.intensity
Type of data: double, size=298118
Type of sigmas: double, size=298118
Number of Miller indices: 298118
Anomalous flag: False
Unit cell: (57.249, 58.133, 69.087, 90, 112.78, 90)
Space group: P 1 21 1 (No. 4)

                     ----------Merging statistics----------                    

Resolution: 29.73 - 1.40
Observations: 298090
Unique reflections: 82360
Redundancy: 3.6
Completeness: 100.00%
Mean intensity: 15.8
Mean I/sigma(I): 6.9
R-merge: 0.157
R-meas:  0.182
R-pim:   0.093

Redundancies (non-anomalous):
  1 : 2986
  2 : 10127
  3 : 2138
  4 : 67109

  Statistics by resolution bin:
 d_max  d_min   #obs  #uniq   mult.  %comp       <I>  <I/sI>    r_mrg   r_meas    r_pim   cc1/2   cc_ano
 29.73   3.45  21361   5637    3.79 100.00      15.0     6.2    0.225    0.262    0.133   0.058  -0.787
  3.45   2.74  20946   5522    3.79 100.00      14.6     5.3    0.292    0.340    0.173  -0.035  -0.768
  2.74   2.39  20696   5520    3.75 100.00      15.3     6.3    0.226    0.263    0.134  -0.000  -0.762
  2.39   2.17  20458   5511    3.71 100.00      15.4     6.4    0.217    0.253    0.129  -0.047  -0.748
  2.17   2.02  20188   5483    3.68 100.00      15.6     6.6    0.202    0.235    0.120  -0.108  -0.750
  2.02   1.90  19957   5471    3.65 100.00      15.9     6.9    0.168    0.196    0.100  -0.126  -0.753
  1.90   1.80  19884   5484    3.63 100.00      16.0     7.2    0.136    0.159    0.081  -0.152  -0.762
  1.80   1.73  19700   5458    3.61 100.00      16.1     7.3    0.119    0.138    0.071  -0.165  -0.768
  1.73   1.66  19673   5490    3.58 100.00      16.2     7.3    0.110    0.129    0.066  -0.167  -0.777
  1.66   1.60  19437   5467    3.56 100.00      16.2     7.3    0.106    0.124    0.063  -0.191  -0.779
  1.60   1.55  19458   5489    3.54 100.00      16.2     7.3    0.105    0.123    0.063  -0.192  -0.769
  1.55   1.51  19114   5432    3.52 100.00      16.2     7.3    0.104    0.121    0.062  -0.214  -0.796
  1.51   1.47  19117   5454    3.51 100.00      16.2     7.3    0.102    0.120    0.061  -0.220  -0.792
  1.47   1.43  19074   5465    3.49 100.00      16.2     7.3    0.101    0.118    0.061  -0.217  -0.803
  1.43   1.40  19027   5477    3.47 100.00      16.2     7.3    0.100    0.116    0.060  -0.202  -0.807
 29.73   1.40 298090  82360    3.62 100.00      15.8     6.9    0.157    0.182    0.093  -0.046  -0.762

References:
  Diederichs K & Karplus PA (1997) Nature Structural Biology 4:269-275
    (with erratum in: Nat Struct Biol 1997 Jul;4(7):592)
  Weiss MS (2001) J Appl Cryst 34:130-135.
  Karplus PA & Diederichs K (2012) Science 336:1030-3.

