Format: scalepack_merge
Miller array info: /reg/data/ana03/scratch/zhensu/Experiment/ICH/20201225/data/WT-2/datadir/phenix_merge_stats_2021_01_06_14_12_28_157923/exp_nosym_aniso.hkl:I,SIGI
Observation type: xray.intensity
Type of data: double, size=303575
Type of sigmas: double, size=303575
Number of Miller indices: 303575
Anomalous flag: False
Unit cell: (57.297, 58.215, 69.052, 90, 112.83, 90)
Space group: P 1 21 1 (No. 4)

                     ----------Merging statistics----------                    

Resolution: 29.73 - 1.40
Observations: 303543
Unique reflections: 82492
Redundancy: 3.7
Completeness: 100.00%
Mean intensity: 7.9
Mean I/sigma(I): 5.4
R-merge: 0.026
R-meas:  0.030
R-pim:   0.016

Redundancies (non-anomalous):
  1 : 2300
  2 : 8142
  3 : 3241
  4 : 68809

  Statistics by resolution bin:
 d_max  d_min   #obs  #uniq   mult.  %comp       <I>  <I/sI>    r_mrg   r_meas    r_pim   cc1/2   cc_ano
 29.74   3.45  21523   5645    3.81 100.00       7.9     5.5    0.040    0.046    0.023   0.881  -0.329
  3.45   2.74  21242   5527    3.84 100.00       7.9     5.5    0.035    0.041    0.021   0.877  -0.359
  2.74   2.39  21137   5534    3.82 100.00       7.9     5.5    0.027    0.032    0.016   0.870  -0.323
  2.39   2.17  20840   5515    3.78 100.00       7.9     5.5    0.030    0.035    0.018   0.815  -0.262
  2.17   2.02  20577   5492    3.75 100.00       8.0     5.4    0.031    0.036    0.019   0.745  -0.202
  2.02   1.90  20376   5485    3.71 100.00       7.9     5.4    0.028    0.033    0.017   0.682  -0.259
  1.90   1.80  20242   5483    3.69 100.00       7.9     5.4    0.024    0.028    0.014   0.624  -0.246
  1.80   1.73  20031   5458    3.67 100.00       7.9     5.4    0.022    0.025    0.013   0.525  -0.197
  1.73   1.66  20077   5511    3.64 100.00       7.9     5.3    0.021    0.024    0.012   0.466  -0.179
  1.66   1.60  19802   5458    3.63 100.00       7.9     5.3    0.020    0.023    0.012   0.401  -0.168
  1.60   1.55  19770   5488    3.60 100.00       7.9     5.3    0.021    0.025    0.013   0.287  -0.123
  1.55   1.51  19573   5454    3.59 100.00       7.9     5.3    0.022    0.026    0.013   0.197  -0.113
  1.51   1.47  19437   5460    3.56 100.00       8.0     5.3    0.021    0.025    0.013   0.193  -0.130
  1.47   1.43  19438   5466    3.56 100.00       7.9     5.3    0.021    0.025    0.013   0.151  -0.145
  1.43   1.40  19478   5516    3.53 100.00       7.9     5.2    0.023    0.026    0.014   0.155  -0.117
 29.73   1.40 303543  82492    3.68 100.00       7.9     5.4    0.026    0.030    0.016   0.786  -0.247

References:
  Diederichs K & Karplus PA (1997) Nature Structural Biology 4:269-275
    (with erratum in: Nat Struct Biol 1997 Jul;4(7):592)
  Weiss MS (2001) J Appl Cryst 34:130-135.
  Karplus PA & Diederichs K (2012) Science 336:1030-3.

