Format: scalepack_merge
Miller array info: /reg/data/ana03/scratch/zhensu/Experiment/ICH/20201225/data/G150T-3/datadir/phenix_merge_stats_2021_01_06_14_19_23_954189/exp_nosym_aniso.hkl:I,SIGI
Observation type: xray.intensity
Type of data: double, size=302825
Type of sigmas: double, size=302825
Number of Miller indices: 302825
Anomalous flag: False
Unit cell: (56.295, 59.716, 69.505, 90, 110.88, 90)
Space group: I 1 2 1 (No. 5)

                     ----------Merging statistics----------                    

Resolution: 26.30 - 1.40
Observations: 151426
Unique reflections: 41960
Redundancy: 3.6
Completeness: 98.97%
Mean intensity: 16.4
Mean I/sigma(I): 7.4
R-merge: 0.114
R-meas:  0.134
R-pim:   0.069

Redundancies (non-anomalous):
  1 : 1160
  2 : 3792
  3 : 5350
  4 : 31658

  Statistics by resolution bin:
 d_max  d_min   #obs  #uniq   mult.  %comp       <I>  <I/sI>    r_mrg   r_meas    r_pim   cc1/2   cc_ano
 26.30   3.45  10964   2909    3.77 100.00      16.3     7.0    0.180    0.210    0.108   0.396  -0.563
  3.45   2.74  10633   2838    3.75  99.93      16.1     6.7    0.213    0.249    0.128   0.177  -0.563
  2.74   2.39  10492   2831    3.71  99.82      16.4     7.4    0.161    0.189    0.097   0.120  -0.547
  2.39   2.17  10422   2827    3.69  99.65      16.4     7.5    0.156    0.182    0.093   0.102  -0.488
  2.17   2.02  10228   2804    3.65  99.33      16.4     7.5    0.148    0.173    0.089  -0.054  -0.524
  2.02   1.90  10219   2817    3.63  99.26      16.4     7.6    0.123    0.144    0.074  -0.014  -0.523
  1.90   1.80   9994   2771    3.61  99.07      16.5     7.6    0.099    0.116    0.060  -0.047  -0.509
  1.80   1.73   9998   2785    3.59  99.04      16.5     7.6    0.086    0.100    0.052  -0.134  -0.498
  1.73   1.66   9967   2791    3.57  98.94      16.5     7.6    0.079    0.092    0.048  -0.185  -0.502
  1.66   1.60   9943   2789    3.57  98.48      16.5     7.6    0.076    0.088    0.046  -0.206  -0.502
  1.60   1.55   9760   2761    3.53  98.64      16.5     7.6    0.075    0.087    0.045  -0.173  -0.480
  1.55   1.51   9745   2758    3.53  98.39      16.5     7.6    0.073    0.086    0.045  -0.194  -0.479
  1.51   1.47   9765   2775    3.52  98.09      16.5     7.5    0.073    0.086    0.045  -0.197  -0.454
  1.47   1.43   9658   2756    3.50  97.97      16.5     7.5    0.071    0.084    0.043  -0.196  -0.437
  1.43   1.40   9638   2748    3.51  97.93      16.5     7.5    0.071    0.083    0.043  -0.219  -0.435
 26.30   1.40 151426  41960    3.61  98.97      16.4     7.4    0.114    0.134    0.069   0.121  -0.517

References:
  Diederichs K & Karplus PA (1997) Nature Structural Biology 4:269-275
    (with erratum in: Nat Struct Biol 1997 Jul;4(7):592)
  Weiss MS (2001) J Appl Cryst 34:130-135.
  Karplus PA & Diederichs K (2012) Science 336:1030-3.

