Format: scalepack_merge
Miller array info: /reg/data/ana03/scratch/zhensu/Experiment/ICH/20201225/data/G150T-1/datadir/phenix_merge_stats_2021_01_06_14_17_22_261677/exp_nosym_aniso.hkl:I,SIGI
Observation type: xray.intensity
Type of data: double, size=311975
Type of sigmas: double, size=311975
Number of Miller indices: 311975
Anomalous flag: False
Unit cell: (56.295, 59.716, 69.505, 90, 110.88, 90)
Space group: I 1 2 1 (No. 5)

                     ----------Merging statistics----------                    

Resolution: 26.30 - 1.40
Observations: 156000
Unique reflections: 42326
Redundancy: 3.7
Completeness: 99.84%
Mean intensity: 11.0
Mean I/sigma(I): 6.3
R-merge: 0.021
R-meas:  0.025
R-pim:   0.013

Redundancies (non-anomalous):
  1 : 1355
  2 : 4007
  3 : 1225
  4 : 35739

  Statistics by resolution bin:
 d_max  d_min   #obs  #uniq   mult.  %comp       <I>  <I/sI>    r_mrg   r_meas    r_pim   cc1/2   cc_ano
 26.30   3.45  11086   2909    3.81 100.00      11.1     6.5    0.030    0.035    0.018   0.882  -0.248
  3.45   2.74  10913   2840    3.84 100.00      11.2     6.5    0.027    0.031    0.016   0.897  -0.176
  2.74   2.39  10831   2836    3.82 100.00      11.1     6.5    0.021    0.024    0.012   0.901  -0.129
  2.39   2.17  10736   2837    3.78 100.00      11.1     6.4    0.020    0.024    0.012   0.899  -0.059
  2.17   2.02  10591   2823    3.75 100.00      11.1     6.4    0.027    0.032    0.016   0.770  -0.167
  2.02   1.90  10539   2838    3.71 100.00      11.0     6.4    0.024    0.028    0.015   0.709  -0.195
  1.90   1.80  10332   2797    3.69 100.00      11.0     6.3    0.020    0.024    0.012   0.727  -0.150
  1.80   1.73  10310   2810    3.67  99.93      11.0     6.3    0.018    0.021    0.011   0.643  -0.066
  1.73   1.66  10296   2818    3.65  99.89      11.0     6.3    0.017    0.020    0.010   0.638  -0.043
  1.66   1.60  10223   2827    3.62  99.82      11.0     6.2    0.017    0.020    0.010   0.507  -0.059
  1.60   1.55  10125   2792    3.63  99.75      11.0     6.3    0.017    0.020    0.010   0.520  -0.066
  1.55   1.51  10035   2793    3.59  99.64      11.0     6.2    0.017    0.020    0.010   0.462  -0.006
  1.51   1.47  10080   2817    3.58  99.58      11.0     6.2    0.020    0.023    0.012   0.337  -0.004
  1.47   1.43   9999   2799    3.57  99.50      11.0     6.2    0.019    0.022    0.011   0.328  -0.078
  1.43   1.40   9904   2790    3.55  99.43      11.0     6.2    0.021    0.025    0.013   0.205  -0.049
 26.30   1.40 156000  42326    3.69  99.84      11.0     6.3    0.021    0.025    0.013   0.817  -0.132

References:
  Diederichs K & Karplus PA (1997) Nature Structural Biology 4:269-275
    (with erratum in: Nat Struct Biol 1997 Jul;4(7):592)
  Weiss MS (2001) J Appl Cryst 34:130-135.
  Karplus PA & Diederichs K (2012) Science 336:1030-3.

