Format: scalepack_merge
Miller array info: /reg/data/ana03/scratch/zhensu/Experiment/ICH/20201225/data/G150T-2/datadir/phenix_merge_stats_2021_01_06_14_18_26_542140/exp_nosym_aniso.hkl:I,SIGI
Observation type: xray.intensity
Type of data: double, size=315421
Type of sigmas: double, size=315421
Number of Miller indices: 315421
Anomalous flag: False
Unit cell: (56.295, 59.716, 69.505, 90, 110.88, 90)
Space group: I 1 2 1 (No. 5)

                     ----------Merging statistics----------                    

Resolution: 29.20 - 1.40
Observations: 157728
Unique reflections: 42396
Redundancy: 3.7
Completeness: 100.00%
Mean intensity: 20.9
Mean I/sigma(I): 8.8
R-merge: 0.016
R-meas:  0.018
R-pim:   0.009

Redundancies (non-anomalous):
  1 : 56
  2 : 3290
  3 : 5108
  4 : 33942

  Statistics by resolution bin:
 d_max  d_min   #obs  #uniq   mult.  %comp       <I>  <I/sI>    r_mrg   r_meas    r_pim   cc1/2   cc_ano
 29.20   3.45  11084   2908    3.81 100.00      21.1     8.9    0.029    0.034    0.017   0.848  -0.203
  3.45   2.74  10929   2837    3.85 100.00      21.1     9.0    0.023    0.027    0.014   0.888  -0.082
  2.74   2.39  10903   2840    3.84 100.00      21.0     9.0    0.017    0.019    0.010   0.891  -0.058
  2.39   2.17  10833   2838    3.82 100.00      21.0     8.9    0.018    0.021    0.011   0.847  -0.043
  2.17   2.02  10706   2820    3.80 100.00      21.0     8.9    0.019    0.022    0.011   0.803  -0.105
  2.02   1.90  10696   2840    3.77 100.00      20.9     8.9    0.017    0.020    0.010   0.758  -0.155
  1.90   1.80  10502   2797    3.75 100.00      20.9     8.8    0.014    0.016    0.008   0.750  -0.167
  1.80   1.73  10439   2813    3.71 100.00      20.9     8.8    0.012    0.014    0.007   0.617  -0.151
  1.73   1.66  10414   2821    3.69 100.00      20.9     8.7    0.012    0.014    0.007   0.539  -0.134
  1.66   1.60  10405   2831    3.68 100.00      20.9     8.7    0.011    0.013    0.007   0.453  -0.033
  1.60   1.55  10229   2799    3.65 100.00      20.9     8.7    0.012    0.014    0.007   0.452  -0.074
  1.55   1.51  10216   2804    3.64 100.00      20.9     8.7    0.012    0.015    0.008   0.405  -0.032
  1.51   1.47  10208   2829    3.61 100.00      20.9     8.6    0.012    0.014    0.007   0.401  -0.003
  1.47   1.43  10097   2813    3.59 100.00      20.9     8.6    0.012    0.014    0.007   0.378  -0.056
  1.43   1.40  10067   2806    3.59 100.00      20.8     8.6    0.013    0.015    0.008   0.293  -0.075
 29.20   1.40 157728  42396    3.72 100.00      20.9     8.8    0.016    0.018    0.009   0.813  -0.105

References:
  Diederichs K & Karplus PA (1997) Nature Structural Biology 4:269-275
    (with erratum in: Nat Struct Biol 1997 Jul;4(7):592)
  Weiss MS (2001) J Appl Cryst 34:130-135.
  Karplus PA & Diederichs K (2012) Science 336:1030-3.

