Format: scalepack_merge
Miller array info: /reg/data/ana03/scratch/zhensu/Experiment/ICH/20201225/data/G150T-3/datadir/phenix_merge_stats_2021_01_06_14_19_35_371224/exp_nosym_aniso.hkl:I,SIGI
Observation type: xray.intensity
Type of data: double, size=302825
Type of sigmas: double, size=302825
Number of Miller indices: 302825
Anomalous flag: False
Unit cell: (56.295, 59.716, 69.505, 90, 110.88, 90)
Space group: I 1 2 1 (No. 5)

                     ----------Merging statistics----------                    

Resolution: 26.30 - 1.40
Observations: 151426
Unique reflections: 41960
Redundancy: 3.6
Completeness: 98.97%
Mean intensity: 12.7
Mean I/sigma(I): 6.7
R-merge: 0.027
R-meas:  0.032
R-pim:   0.016

Redundancies (non-anomalous):
  1 : 1160
  2 : 3792
  3 : 5350
  4 : 31658

  Statistics by resolution bin:
 d_max  d_min   #obs  #uniq   mult.  %comp       <I>  <I/sI>    r_mrg   r_meas    r_pim   cc1/2   cc_ano
 26.30   3.45  10964   2909    3.77 100.00      12.8     6.9    0.063    0.074    0.038   0.863  -0.196
  3.45   2.74  10633   2838    3.75  99.93      12.9     6.9    0.038    0.044    0.023   0.920   0.052
  2.74   2.39  10492   2831    3.71  99.82      12.8     6.8    0.025    0.029    0.015   0.940   0.062
  2.39   2.17  10422   2827    3.69  99.65      12.8     6.8    0.025    0.029    0.015   0.930  -0.025
  2.17   2.02  10228   2804    3.65  99.33      12.7     6.8    0.031    0.036    0.019   0.855  -0.165
  2.02   1.90  10219   2817    3.63  99.26      12.7     6.7    0.027    0.032    0.016   0.846  -0.107
  1.90   1.80   9994   2771    3.61  99.07      12.6     6.7    0.023    0.027    0.014   0.821  -0.093
  1.80   1.73   9998   2785    3.59  99.04      12.6     6.7    0.021    0.024    0.013   0.753  -0.099
  1.73   1.66   9967   2791    3.57  98.94      12.6     6.6    0.020    0.024    0.012   0.680  -0.039
  1.66   1.60   9943   2789    3.57  98.48      12.6     6.6    0.020    0.023    0.012   0.645  -0.085
  1.60   1.55   9760   2761    3.53  98.64      12.6     6.6    0.020    0.023    0.012   0.626  -0.103
  1.55   1.51   9745   2758    3.53  98.39      12.6     6.6    0.021    0.024    0.013   0.570  -0.150
  1.51   1.47   9765   2775    3.52  98.09      12.6     6.6    0.023    0.027    0.014   0.451  -0.088
  1.47   1.43   9658   2756    3.50  97.97      12.6     6.6    0.022    0.026    0.013   0.450  -0.108
  1.43   1.40   9638   2748    3.51  97.93      12.6     6.6    0.022    0.025    0.013   0.346  -0.145
 26.30   1.40 151426  41960    3.61  98.97      12.7     6.7    0.027    0.032    0.016   0.865  -0.083

References:
  Diederichs K & Karplus PA (1997) Nature Structural Biology 4:269-275
    (with erratum in: Nat Struct Biol 1997 Jul;4(7):592)
  Weiss MS (2001) J Appl Cryst 34:130-135.
  Karplus PA & Diederichs K (2012) Science 336:1030-3.

