Format: scalepack_merge
Miller array info: /reg/data/ana03/scratch/zhensu/Experiment/ICH/20201225/data/WT-2/datadir/phenix_merge_stats_2021_01_06_14_12_21_287515/exp_nosym_aniso.hkl:I,SIGI
Observation type: xray.intensity
Type of data: double, size=303583
Type of sigmas: double, size=303583
Number of Miller indices: 303583
Anomalous flag: False
Unit cell: (57.297, 58.215, 69.052, 90, 112.83, 90)
Space group: P 1 21 1 (No. 4)

                     ----------Merging statistics----------                    

Resolution: 29.73 - 1.40
Observations: 303551
Unique reflections: 82492
Redundancy: 3.7
Completeness: 100.00%
Mean intensity: 10.0
Mean I/sigma(I): 6.0
R-merge: 0.024
R-meas:  0.028
R-pim:   0.014

Redundancies (non-anomalous):
  1 : 2300
  2 : 8142
  3 : 3233
  4 : 68817

  Statistics by resolution bin:
 d_max  d_min   #obs  #uniq   mult.  %comp       <I>  <I/sI>    r_mrg   r_meas    r_pim   cc1/2   cc_ano
 29.74   3.45  21523   5645    3.81 100.00      10.0     6.1    0.060    0.070    0.036   0.706  -0.686
  3.45   2.74  21242   5527    3.84 100.00      10.0     6.2    0.033    0.039    0.020   0.841  -0.485
  2.74   2.39  21137   5534    3.82 100.00      10.0     6.2    0.021    0.025    0.013   0.879  -0.293
  2.39   2.17  20840   5515    3.78 100.00      10.0     6.1    0.023    0.027    0.014   0.820  -0.250
  2.17   2.02  20577   5492    3.75 100.00      10.1     6.1    0.024    0.028    0.014   0.760  -0.151
  2.02   1.90  20376   5485    3.71 100.00      10.0     6.1    0.022    0.026    0.013   0.691  -0.200
  1.90   1.80  20242   5483    3.69 100.00      10.0     6.0    0.020    0.023    0.012   0.631  -0.210
  1.80   1.73  20031   5458    3.67 100.00      10.0     6.0    0.018    0.021    0.011   0.520  -0.205
  1.73   1.66  20077   5511    3.64 100.00      10.0     6.0    0.018    0.021    0.011   0.469  -0.216
  1.66   1.60  19802   5458    3.63 100.00      10.0     6.0    0.018    0.021    0.011   0.385  -0.247
  1.60   1.55  19770   5488    3.60 100.00      10.0     6.0    0.019    0.022    0.011   0.262  -0.197
  1.55   1.51  19573   5454    3.59 100.00      10.0     5.9    0.020    0.023    0.012   0.155  -0.206
  1.51   1.47  19437   5460    3.56 100.00      10.1     5.9    0.019    0.023    0.012   0.157  -0.220
  1.47   1.43  19438   5466    3.56 100.00      10.0     5.9    0.019    0.022    0.012   0.116  -0.251
  1.43   1.40  19486   5516    3.53 100.00      10.0     5.9    0.019    0.022    0.011   0.151  -0.256
 29.73   1.40 303551  82492    3.68 100.00      10.0     6.0    0.024    0.028    0.014   0.717  -0.410

References:
  Diederichs K & Karplus PA (1997) Nature Structural Biology 4:269-275
    (with erratum in: Nat Struct Biol 1997 Jul;4(7):592)
  Weiss MS (2001) J Appl Cryst 34:130-135.
  Karplus PA & Diederichs K (2012) Science 336:1030-3.

