Format: scalepack_merge
Miller array info: /reg/data/ana03/scratch/zhensu/Experiment/ICH/20201225/data/G150T-2/datadir/phenix_merge_stats_2021_01_06_14_18_03_510028/exp_nosym_aniso.hkl:I,SIGI
Observation type: xray.intensity
Type of data: double, size=315421
Type of sigmas: double, size=315421
Number of Miller indices: 315421
Anomalous flag: False
Unit cell: (56.295, 59.716, 69.505, 90, 110.88, 90)
Space group: I 1 2 1 (No. 5)

                     ----------Merging statistics----------                    

Resolution: 29.20 - 1.40
Observations: 157727
Unique reflections: 42396
Redundancy: 3.7
Completeness: 100.00%
Mean intensity: 9.7
Mean I/sigma(I): 6.0
R-merge: 0.035
R-meas:  0.041
R-pim:   0.021

Redundancies (non-anomalous):
  1 : 56
  2 : 3290
  3 : 5109
  4 : 33941

  Statistics by resolution bin:
 d_max  d_min   #obs  #uniq   mult.  %comp       <I>  <I/sI>    r_mrg   r_meas    r_pim   cc1/2   cc_ano
 29.20   3.45  11083   2908    3.81 100.00       9.8     6.0    0.070    0.082    0.042   0.800  -0.076
  3.45   2.74  10929   2837    3.85 100.00       9.8     6.1    0.056    0.065    0.033   0.842  -0.082
  2.74   2.39  10903   2840    3.84 100.00       9.7     6.1    0.040    0.046    0.024   0.844  -0.144
  2.39   2.17  10833   2838    3.82 100.00       9.7     6.1    0.042    0.049    0.025   0.811  -0.144
  2.17   2.02  10706   2820    3.80 100.00       9.7     6.0    0.042    0.048    0.025   0.779  -0.169
  2.02   1.90  10696   2840    3.77 100.00       9.7     6.0    0.037    0.043    0.022   0.743  -0.199
  1.90   1.80  10502   2797    3.75 100.00       9.6     6.0    0.030    0.035    0.018   0.737  -0.232
  1.80   1.73  10439   2813    3.71 100.00       9.6     5.9    0.028    0.032    0.017   0.603  -0.229
  1.73   1.66  10414   2821    3.69 100.00       9.6     5.9    0.027    0.031    0.016   0.559  -0.242
  1.66   1.60  10405   2831    3.68 100.00       9.6     5.9    0.025    0.029    0.015   0.513  -0.141
  1.60   1.55  10229   2799    3.65 100.00       9.6     5.9    0.025    0.030    0.015   0.486  -0.076
  1.55   1.51  10216   2804    3.64 100.00       9.6     5.9    0.025    0.030    0.015   0.460   0.017
  1.51   1.47  10208   2829    3.61 100.00       9.6     5.9    0.025    0.029    0.015   0.435   0.005
  1.47   1.43  10097   2813    3.59 100.00       9.6     5.8    0.024    0.029    0.015   0.436  -0.033
  1.43   1.40  10067   2806    3.59 100.00       9.6     5.8    0.025    0.029    0.015   0.385  -0.046
 29.20   1.40 157727  42396    3.72 100.00       9.7     6.0    0.035    0.041    0.021   0.780  -0.088

References:
  Diederichs K & Karplus PA (1997) Nature Structural Biology 4:269-275
    (with erratum in: Nat Struct Biol 1997 Jul;4(7):592)
  Weiss MS (2001) J Appl Cryst 34:130-135.
  Karplus PA & Diederichs K (2012) Science 336:1030-3.

