Format: scalepack_merge
Miller array info: /reg/data/ana03/scratch/zhensu/Experiment/ICH/20201225/data/WT-3/datadir/phenix_merge_stats_2021_01_06_14_13_33_537589/exp_nosym_aniso.hkl:I,SIGI
Observation type: xray.intensity
Type of data: double, size=299098
Type of sigmas: double, size=299098
Number of Miller indices: 299098
Anomalous flag: False
Unit cell: (57.31, 58.215, 69.03, 90, 112.81, 90)
Space group: P 1 21 1 (No. 4)

                     ----------Merging statistics----------                    

Resolution: 29.73 - 1.40
Observations: 299058
Unique reflections: 81915
Redundancy: 3.7
Completeness: 99.30%
Mean intensity: 23.0
Mean I/sigma(I): 9.1
R-merge: 0.026
R-meas:  0.030
R-pim:   0.015

Redundancies (non-anomalous):
  1 : 2048
  2 : 6513
  3 : 9432
  4 : 63922

  Statistics by resolution bin:
 d_max  d_min   #obs  #uniq   mult.  %comp       <I>  <I/sI>    r_mrg   r_meas    r_pim   cc1/2   cc_ano
 29.74   3.45  21475   5646    3.80 100.00      22.9     9.3    0.037    0.043    0.022   0.863   0.089
  3.45   2.74  20971   5525    3.80 100.00      23.0     9.3    0.031    0.036    0.018   0.877  -0.038
  2.74   2.39  20807   5531    3.76  99.95      23.0     9.2    0.025    0.030    0.015   0.847  -0.105
  2.39   2.17  20491   5512    3.72  99.84      23.0     9.2    0.032    0.037    0.019   0.755  -0.275
  2.17   2.02  20195   5463    3.70  99.67      23.1     9.2    0.034    0.039    0.020   0.734  -0.347
  2.02   1.90  20083   5470    3.67  99.55      23.0     9.1    0.029    0.033    0.017   0.757  -0.333
  1.90   1.80  19905   5446    3.65  99.43      23.0     9.1    0.023    0.027    0.014   0.703  -0.268
  1.80   1.73  19749   5432    3.64  99.49      23.0     9.1    0.021    0.024    0.013   0.588  -0.220
  1.73   1.66  19704   5456    3.61  99.07      23.0     9.0    0.020    0.023    0.012   0.534  -0.228
  1.66   1.60  19557   5425    3.60  99.20      23.0     9.0    0.020    0.023    0.012   0.474  -0.200
  1.60   1.55  19404   5408    3.59  98.79      23.0     9.0    0.021    0.025    0.013   0.412  -0.199
  1.55   1.51  19315   5410    3.57  98.94      23.0     9.0    0.022    0.026    0.013   0.442  -0.195
  1.51   1.47  19173   5386    3.56  98.83      23.0     9.0    0.022    0.026    0.013   0.444  -0.256
  1.47   1.43  19056   5384    3.54  98.32      23.0     8.9    0.022    0.026    0.013   0.341  -0.270
  1.43   1.40  19173   5421    3.54  98.40      23.0     8.9    0.022    0.026    0.013   0.303  -0.293
 29.73   1.40 299058  81915    3.65  99.30      23.0     9.1    0.026    0.030    0.015   0.776  -0.129

References:
  Diederichs K & Karplus PA (1997) Nature Structural Biology 4:269-275
    (with erratum in: Nat Struct Biol 1997 Jul;4(7):592)
  Weiss MS (2001) J Appl Cryst 34:130-135.
  Karplus PA & Diederichs K (2012) Science 336:1030-3.

