Format: scalepack_merge
Miller array info: /reg/data/ana03/scratch/zhensu/Experiment/ICH/20201225/data/G150A-3/datadir/phenix_merge_stats_2021_01_06_14_16_08_237386/exp_nosym_aniso.hkl:I,SIGI
Observation type: xray.intensity
Type of data: double, size=296443
Type of sigmas: double, size=296443
Number of Miller indices: 296443
Anomalous flag: False
Unit cell: (57.318, 58.245, 69.095, 90, 112.74, 90)
Space group: P 1 21 1 (No. 4)

                     ----------Merging statistics----------                    

Resolution: 29.77 - 1.40
Observations: 296416
Unique reflections: 82661
Redundancy: 3.6
Completeness: 100.00%
Mean intensity: 8.2
Mean I/sigma(I): 5.4
R-merge: 0.044
R-meas:  0.052
R-pim:   0.027

Redundancies (non-anomalous):
  1 : 3054
  2 : 10900
  3 : 3266
  4 : 65441

  Statistics by resolution bin:
 d_max  d_min   #obs  #uniq   mult.  %comp       <I>  <I/sI>    r_mrg   r_meas    r_pim   cc1/2   cc_ano
 29.78   3.45  21494   5658    3.80 100.00       8.1     5.5    0.058    0.067    0.034   0.806  -0.295
  3.45   2.74  20869   5538    3.77 100.00       8.2     5.5    0.050    0.059    0.030   0.815  -0.406
  2.74   2.39  20624   5545    3.72 100.00       8.1     5.5    0.046    0.054    0.028   0.780  -0.610
  2.39   2.17  20352   5526    3.68 100.00       8.1     5.4    0.053    0.062    0.032   0.690  -0.590
  2.17   2.02  20045   5500    3.64 100.00       8.2     5.4    0.051    0.060    0.031   0.621  -0.354
  2.02   1.90  19877   5500    3.61 100.00       8.1     5.4    0.047    0.055    0.029   0.602  -0.627
  1.90   1.80  19738   5498    3.59 100.00       8.2     5.4    0.040    0.048    0.025   0.588  -0.625
  1.80   1.73  19538   5477    3.57 100.00       8.2     5.3    0.036    0.043    0.023   0.486  -0.635
  1.73   1.66  19577   5522    3.55 100.00       8.2     5.3    0.035    0.042    0.022   0.449  -0.645
  1.66   1.60  19228   5465    3.52 100.00       8.2     5.3    0.036    0.043    0.023   0.448  -0.676
  1.60   1.55  19278   5503    3.50 100.00       8.2     5.3    0.039    0.047    0.025   0.442  -0.676
  1.55   1.51  19034   5464    3.48 100.00       8.2     5.3    0.041    0.049    0.026   0.437  -0.676
  1.51   1.47  18996   5482    3.47 100.00       8.2     5.3    0.042    0.050    0.027   0.413  -0.693
  1.47   1.43  18793   5464    3.44 100.00       8.1     5.2    0.042    0.050    0.027   0.418  -0.708
  1.43   1.40  18973   5519    3.44 100.00       8.1     5.2    0.044    0.052    0.028   0.405  -0.657
 29.77   1.40 296416  82661    3.59 100.00       8.2     5.4    0.044    0.052    0.027   0.658  -0.505

References:
  Diederichs K & Karplus PA (1997) Nature Structural Biology 4:269-275
    (with erratum in: Nat Struct Biol 1997 Jul;4(7):592)
  Weiss MS (2001) J Appl Cryst 34:130-135.
  Karplus PA & Diederichs K (2012) Science 336:1030-3.

