Format: scalepack_merge
Miller array info: /reg/data/ana03/scratch/zhensu/Experiment/ICH/20201225/data/G150T-2/datadir/phenix_merge_stats_2021_01_06_14_18_11_565270/exp_nosym_aniso.hkl:I,SIGI
Observation type: xray.intensity
Type of data: double, size=315421
Type of sigmas: double, size=315421
Number of Miller indices: 315421
Anomalous flag: False
Unit cell: (56.295, 59.716, 69.505, 90, 110.88, 90)
Space group: I 1 2 1 (No. 5)

                     ----------Merging statistics----------                    

Resolution: 29.20 - 1.40
Observations: 157728
Unique reflections: 42396
Redundancy: 3.7
Completeness: 100.00%
Mean intensity: 11.9
Mean I/sigma(I): 6.6
R-merge: 0.044
R-meas:  0.052
R-pim:   0.027

Redundancies (non-anomalous):
  1 : 56
  2 : 3290
  3 : 5108
  4 : 33942

  Statistics by resolution bin:
 d_max  d_min   #obs  #uniq   mult.  %comp       <I>  <I/sI>    r_mrg   r_meas    r_pim   cc1/2   cc_ano
 29.20   3.45  11084   2908    3.81 100.00      12.0     6.7    0.042    0.049    0.025   0.861  -0.236
  3.45   2.74  10929   2837    3.85 100.00      12.0     6.8    0.047    0.055    0.028   0.841  -0.383
  2.74   2.39  10903   2840    3.84 100.00      11.9     6.7    0.043    0.050    0.025   0.755  -0.607
  2.39   2.17  10833   2838    3.82 100.00      11.9     6.7    0.051    0.059    0.030   0.682  -0.618
  2.17   2.02  10706   2820    3.80 100.00      11.9     6.7    0.054    0.063    0.032   0.629  -0.675
  2.02   1.90  10696   2840    3.77 100.00      11.9     6.7    0.049    0.057    0.029   0.549  -0.697
  1.90   1.80  10502   2797    3.75 100.00      11.8     6.6    0.043    0.050    0.026   0.475  -0.757
  1.80   1.73  10439   2813    3.71 100.00      11.8     6.6    0.039    0.046    0.023   0.375  -0.756
  1.73   1.66  10414   2821    3.69 100.00      11.8     6.6    0.038    0.045    0.023   0.329  -0.760
  1.66   1.60  10405   2831    3.68 100.00      11.8     6.6    0.039    0.046    0.024   0.270  -0.760
  1.60   1.55  10229   2799    3.65 100.00      11.8     6.5    0.041    0.048    0.025   0.278  -0.720
  1.55   1.51  10216   2804    3.64 100.00      11.8     6.5    0.043    0.050    0.026   0.219  -0.742
  1.51   1.47  10208   2829    3.61 100.00      11.8     6.5    0.043    0.051    0.026   0.208  -0.770
  1.47   1.43  10097   2813    3.59 100.00      11.8     6.5    0.044    0.051    0.027   0.194  -0.798
  1.43   1.40  10067   2806    3.59 100.00      11.8     6.5    0.045    0.053    0.028   0.163  -0.763
 29.20   1.40 157728  42396    3.72 100.00      11.9     6.6    0.044    0.052    0.027   0.653  -0.605

References:
  Diederichs K & Karplus PA (1997) Nature Structural Biology 4:269-275
    (with erratum in: Nat Struct Biol 1997 Jul;4(7):592)
  Weiss MS (2001) J Appl Cryst 34:130-135.
  Karplus PA & Diederichs K (2012) Science 336:1030-3.

