Format: scalepack_merge
Miller array info: /reg/data/ana03/scratch/zhensu/Experiment/ICH/20201225/data/WT-2/datadir/phenix_merge_stats_2021_01_06_14_12_03_777070/exp_nosym_aniso.hkl:I,SIGI
Observation type: xray.intensity
Type of data: double, size=303574
Type of sigmas: double, size=303574
Number of Miller indices: 303574
Anomalous flag: False
Unit cell: (57.297, 58.215, 69.052, 90, 112.83, 90)
Space group: P 1 21 1 (No. 4)

                     ----------Merging statistics----------                    

Resolution: 29.73 - 1.40
Observations: 303542
Unique reflections: 82492
Redundancy: 3.7
Completeness: 100.00%
Mean intensity: 6.9
Mean I/sigma(I): 5.0
R-merge: 0.044
R-meas:  0.051
R-pim:   0.026

Redundancies (non-anomalous):
  1 : 2300
  2 : 8143
  3 : 3240
  4 : 68809

  Statistics by resolution bin:
 d_max  d_min   #obs  #uniq   mult.  %comp       <I>  <I/sI>    r_mrg   r_meas    r_pim   cc1/2   cc_ano
 29.74   3.45  21523   5645    3.81 100.00       6.9     5.1    0.045    0.053    0.027   0.878  -0.377
  3.45   2.74  21242   5527    3.84 100.00       6.9     5.1    0.048    0.056    0.029   0.861  -0.557
  2.74   2.39  21137   5534    3.82 100.00       6.9     5.1    0.044    0.052    0.026   0.840  -0.643
  2.39   2.17  20839   5515    3.78 100.00       6.9     5.1    0.050    0.058    0.030   0.778  -0.617
  2.17   2.02  20577   5492    3.75 100.00       6.9     5.1    0.050    0.059    0.030   0.678  -0.571
  2.02   1.90  20376   5485    3.71 100.00       6.9     5.0    0.047    0.055    0.028   0.642  -0.616
  1.90   1.80  20242   5483    3.69 100.00       6.9     5.0    0.042    0.049    0.025   0.609  -0.660
  1.80   1.73  20031   5458    3.67 100.00       6.9     5.0    0.038    0.044    0.023   0.577  -0.658
  1.73   1.66  20077   5511    3.64 100.00       6.9     5.0    0.037    0.043    0.022   0.557  -0.665
  1.66   1.60  19802   5458    3.63 100.00       6.9     5.0    0.038    0.044    0.023   0.546  -0.695
  1.60   1.55  19770   5488    3.60 100.00       6.9     4.9    0.041    0.048    0.025   0.519  -0.665
  1.55   1.51  19573   5454    3.59 100.00       6.9     4.9    0.042    0.050    0.026   0.488  -0.643
  1.51   1.47  19437   5460    3.56 100.00       6.9     4.9    0.043    0.050    0.026   0.480  -0.685
  1.47   1.43  19438   5466    3.56 100.00       6.9     4.9    0.043    0.050    0.026   0.489  -0.702
  1.43   1.40  19478   5516    3.53 100.00       6.9     4.9    0.045    0.053    0.028   0.483  -0.668
 29.73   1.40 303542  82492    3.68 100.00       6.9     5.0    0.044    0.051    0.026   0.728  -0.603

References:
  Diederichs K & Karplus PA (1997) Nature Structural Biology 4:269-275
    (with erratum in: Nat Struct Biol 1997 Jul;4(7):592)
  Weiss MS (2001) J Appl Cryst 34:130-135.
  Karplus PA & Diederichs K (2012) Science 336:1030-3.

