origin: 40 42 49
82 86 100 705200
Initializing the hkl file data...
Reading the hkl file data...
...done
Writing file
Done writing file
anisolt tmp_sym.lat tmp_sym_aniso.lat 56.295,59.717,69.504,90.0,110.88,90.0
corrlt tmp_sym_aniso.lat data.lat
Function iteration =  1 , (sigma) = ( 0.36 ), overall correlation =  0.0 , anisotropic correlation (target) =  0.472458
anisolt tmp_sym.lat tmp_sym_aniso.lat 56.295,59.717,69.504,90.0,110.88,90.0
corrlt tmp_sym_aniso.lat data.lat
Function iteration =  2 , (sigma) = ( 0.36 ), overall correlation =  0.0 , anisotropic correlation (target) =  0.472458
anisolt tmp_sym.lat tmp_sym_aniso.lat 56.295,59.717,69.504,90.0,110.88,90.0
corrlt tmp_sym_aniso.lat data.lat
Function iteration =  3 , (sigma) = ( 1.3599999999999999 ), overall correlation =  0.0 , anisotropic correlation (target) =  0.0366407
Function iteration =  4 , (sigma) = ( -1.2580339999999999 ), overall correlation =  0 , anisotropic correlation (target) =  0
anisolt tmp_sym.lat tmp_sym_aniso.lat 56.295,59.717,69.504,90.0,110.88,90.0
corrlt tmp_sym_aniso.lat data.lat
Function iteration =  5 , (sigma) = ( 0.36 ), overall correlation =  0.0 , anisotropic correlation (target) =  0.472458
Function iteration =  6 , (sigma) = ( -0.25803397484400004 ), overall correlation =  0 , anisotropic correlation (target) =  0
anisolt tmp_sym.lat tmp_sym_aniso.lat 56.295,59.717,69.504,90.0,110.88,90.0
corrlt tmp_sym_aniso.lat data.lat
Function iteration =  7 , (sigma) = ( 0.741966 ), overall correlation =  0.0 , anisotropic correlation (target) =  0.27122
anisolt tmp_sym.lat tmp_sym_aniso.lat 56.295,59.717,69.504,90.0,110.88,90.0
corrlt tmp_sym_aniso.lat data.lat
Function iteration =  8 , (sigma) = ( 0.34698412518278243 ), overall correlation =  0.0 , anisotropic correlation (target) =  0.473498
anisolt tmp_sym.lat tmp_sym_aniso.lat 56.295,59.717,69.504,90.0,110.88,90.0
corrlt tmp_sym_aniso.lat data.lat
Function iteration =  9 , (sigma) = ( 0.31818573329953204 ), overall correlation =  0.0 , anisotropic correlation (target) =  0.472871
anisolt tmp_sym.lat tmp_sym_aniso.lat 56.295,59.717,69.504,90.0,110.88,90.0
corrlt tmp_sym_aniso.lat data.lat
Function iteration =  10 , (sigma) = ( 0.3359841186287048 ), overall correlation =  0.0 , anisotropic correlation (target) =  0.473738
anisolt tmp_sym.lat tmp_sym_aniso.lat 56.295,59.717,69.504,90.0,110.88,90.0
corrlt tmp_sym_aniso.lat data.lat
Function iteration =  11 , (sigma) = ( 0.3370298177637237 ), overall correlation =  0.0 , anisotropic correlation (target) =  0.473741
anisolt tmp_sym.lat tmp_sym_aniso.lat 56.295,59.717,69.504,90.0,110.88,90.0
corrlt tmp_sym_aniso.lat data.lat
Function iteration =  12 , (sigma) = ( 0.33725951959608647 ), overall correlation =  0.0 , anisotropic correlation (target) =  0.473745
anisolt tmp_sym.lat tmp_sym_aniso.lat 56.295,59.717,69.504,90.0,110.88,90.0
corrlt tmp_sym_aniso.lat data.lat
Function iteration =  13 , (sigma) = ( 0.3409739882936144 ), overall correlation =  0.0 , anisotropic correlation (target) =  0.473704
anisolt tmp_sym.lat tmp_sym_aniso.lat 56.295,59.717,69.504,90.0,110.88,90.0
corrlt tmp_sym_aniso.lat data.lat
Function iteration =  14 , (sigma) = ( 0.33867832034660644 ), overall correlation =  0.0 , anisotropic correlation (target) =  0.473726
anisolt tmp_sym.lat tmp_sym_aniso.lat 56.295,59.717,69.504,90.0,110.88,90.0
corrlt tmp_sym_aniso.lat data.lat
Function iteration =  15 , (sigma) = ( 0.3378014532435596 ), overall correlation =  0.0 , anisotropic correlation (target) =  0.473735
anisolt tmp_sym.lat tmp_sym_aniso.lat 56.295,59.717,69.504,90.0,110.88,90.0
corrlt tmp_sym_aniso.lat data.lat
Function iteration =  16 , (sigma) = ( 0.3374869244101256 ), overall correlation =  0.0 , anisotropic correlation (target) =  0.473744
anisolt tmp_sym.lat tmp_sym_aniso.lat 56.295,59.717,69.504,90.0,110.88,90.0
corrlt tmp_sym_aniso.lat data.lat
Function iteration =  17 , (sigma) = ( 0.31451903919217294 ), overall correlation =  0.0 , anisotropic correlation (target) =  0.472508
anisolt tmp_sym.lat tmp_sym_aniso.lat 56.295,59.717,69.504,90.0,110.88,90.0
corrlt tmp_sym_aniso.lat data.lat
Function iteration =  18 , (sigma) = ( 0.33725951959608647 ), overall correlation =  0.0 , anisotropic correlation (target) =  0.473745
anisolt tmp_sym.lat tmp_sym_aniso.lat 56.295,59.717,69.504,90.0,110.88,90.0
corrlt tmp_sym_aniso.lat data.lat
Function iteration =  19 , (sigma) = ( 0.31451903919217294 ), overall correlation =  0.0 , anisotropic correlation (target) =  0.472508
anisolt tmp_sym.lat tmp_sym_aniso.lat 56.295,59.717,69.504,90.0,110.88,90.0
corrlt tmp_sym_aniso.lat data.lat
Function iteration =  20 , (sigma) = ( 0.37405439006595226 ), overall correlation =  0.0 , anisotropic correlation (target) =  0.470461
anisolt tmp_sym.lat tmp_sym_aniso.lat 56.295,59.717,69.504,90.0,110.88,90.0
corrlt tmp_sym_aniso.lat data.lat
Function iteration =  21 , (sigma) = ( 0.33725951959608647 ), overall correlation =  0.0 , anisotropic correlation (target) =  0.473745
anisolt tmp_sym.lat tmp_sym_aniso.lat 56.295,59.717,69.504,90.0,110.88,90.0
corrlt tmp_sym_aniso.lat data.lat
Function iteration =  22 , (sigma) = ( 0.3513139090899792 ), overall correlation =  0.0 , anisotropic correlation (target) =  0.473254
anisolt tmp_sym.lat tmp_sym_aniso.lat 56.295,59.717,69.504,90.0,110.88,90.0
corrlt tmp_sym_aniso.lat data.lat
Function iteration =  23 , (sigma) = ( 0.3285734292581252 ), overall correlation =  0.0 , anisotropic correlation (target) =  0.473574
anisolt tmp_sym.lat tmp_sym_aniso.lat 56.295,59.717,69.504,90.0,110.88,90.0
corrlt tmp_sym_aniso.lat data.lat
Function iteration =  24 , (sigma) = ( 0.3370144654081089 ), overall correlation =  0.0 , anisotropic correlation (target) =  0.47374
anisolt tmp_sym.lat tmp_sym_aniso.lat 56.295,59.717,69.504,90.0,110.88,90.0
corrlt tmp_sym_aniso.lat data.lat
Function iteration =  25 , (sigma) = ( 0.3426278185335107 ), overall correlation =  0.0 , anisotropic correlation (target) =  0.473661
anisolt tmp_sym.lat tmp_sym_aniso.lat 56.295,59.717,69.504,90.0,110.88,90.0
corrlt tmp_sym_aniso.lat data.lat
Function iteration =  26 , (sigma) = ( 0.33872547393038976 ), overall correlation =  0.0 , anisotropic correlation (target) =  0.473729
anisolt tmp_sym.lat tmp_sym_aniso.lat 56.295,59.717,69.504,90.0,110.88,90.0
corrlt tmp_sym_aniso.lat data.lat
Function iteration =  27 , (sigma) = ( 0.33769435205092024 ), overall correlation =  0.0 , anisotropic correlation (target) =  0.473737
anisolt tmp_sym.lat tmp_sym_aniso.lat 56.295,59.717,69.504,90.0,110.88,90.0
corrlt tmp_sym_aniso.lat data.lat
Function iteration =  28 , (sigma) = ( 0.3373157504713029 ), overall correlation =  0.0 , anisotropic correlation (target) =  0.473747
anisolt tmp_sym.lat tmp_sym_aniso.lat 56.295,59.717,69.504,90.0,110.88,90.0
corrlt tmp_sym_aniso.lat data.lat
Function iteration =  29 , (sigma) = ( 0.337460363402263 ), overall correlation =  0.0 , anisotropic correlation (target) =  0.473745
anisolt tmp_sym.lat tmp_sym_aniso.lat 56.295,59.717,69.504,90.0,110.88,90.0
corrlt tmp_sym_aniso.lat data.lat
Function iteration =  30 , (sigma) = ( 0.33735994149917475 ), overall correlation =  0.0 , anisotropic correlation (target) =  0.473749
anisolt tmp_sym.lat tmp_sym_aniso.lat 56.295,59.717,69.504,90.0,110.88,90.0
corrlt tmp_sym_aniso.lat data.lat
Function iteration =  31 , (sigma) = ( 0.33737630467495094 ), overall correlation =  0.0 , anisotropic correlation (target) =  0.47375
anisolt tmp_sym.lat tmp_sym_aniso.lat 56.295,59.717,69.504,90.0,110.88,90.0
corrlt tmp_sym_aniso.lat data.lat
Function iteration =  32 , (sigma) = ( 0.33740841225078744 ), overall correlation =  0.0 , anisotropic correlation (target) =  0.47375
anisolt tmp_sym.lat tmp_sym_aniso.lat 56.295,59.717,69.504,90.0,110.88,90.0
corrlt tmp_sym_aniso.lat data.lat
Function iteration =  33 , (sigma) = ( 0.3373923584628692 ), overall correlation =  0.0 , anisotropic correlation (target) =  0.473749
anisolt tmp_sym.lat tmp_sym_aniso.lat 56.295,59.717,69.504,90.0,110.88,90.0
corrlt tmp_sym_aniso.lat data.lat
Function iteration =  34 , (sigma) = ( 0.33742825582431196 ), overall correlation =  0.0 , anisotropic correlation (target) =  0.473748
anisolt tmp_sym.lat tmp_sym_aniso.lat 56.295,59.717,69.504,90.0,110.88,90.0
corrlt tmp_sym_aniso.lat data.lat
Function iteration =  35 , (sigma) = ( 0.3374159918211923 ), overall correlation =  0.0 , anisotropic correlation (target) =  0.473751
anisolt tmp_sym.lat tmp_sym_aniso.lat 56.295,59.717,69.504,90.0,110.88,90.0
corrlt tmp_sym_aniso.lat data.lat
Function iteration =  36 , (sigma) = ( 0.3374206762534079 ), overall correlation =  0.0 , anisotropic correlation (target) =  0.473748
anisolt tmp_sym.lat tmp_sym_aniso.lat 56.295,59.717,69.504,90.0,110.88,90.0
corrlt tmp_sym_aniso.lat data.lat
Function iteration =  37 , (sigma) = ( 0.337413096683003 ), overall correlation =  0.0 , anisotropic correlation (target) =  0.47375
anisolt tmp_sym.lat tmp_sym_aniso.lat 56.295,59.717,69.504,90.0,110.88,90.0
corrlt tmp_sym_aniso.lat data.lat
Function iteration =  38 , (sigma) = ( 0.33741778111502796 ), overall correlation =  0.0 , anisotropic correlation (target) =  0.47375
anisolt tmp_sym.lat tmp_sym_aniso.lat 56.295,59.717,69.504,90.0,110.88,90.0
corrlt tmp_sym_aniso.lat data.lat
Function iteration =  39 , (sigma) = ( 0.3374159918211923 ), overall correlation =  0.0 , anisotropic correlation (target) =  0.473751
anisolt tmp_sym.lat tmp_sym_aniso.lat 56.295,59.717,69.504,90.0,110.88,90.0
corrlt tmp_sym_aniso.lat data.lat
Function iteration =  40 , (sigma) = ( 0.33757246404629815 ), overall correlation =  0.0 , anisotropic correlation (target) =  0.473741
anisolt tmp_sym.lat tmp_sym_aniso.lat 56.295,59.717,69.504,90.0,110.88,90.0
corrlt tmp_sym_aniso.lat data.lat
Function iteration =  41 , (sigma) = ( 0.33716281444091545 ), overall correlation =  0.0 , anisotropic correlation (target) =  0.473744
anisolt tmp_sym.lat tmp_sym_aniso.lat 56.295,59.717,69.504,90.0,110.88,90.0
corrlt tmp_sym_aniso.lat data.lat
Function iteration =  42 , (sigma) = ( 0.3374159918211923 ), overall correlation =  0.0 , anisotropic correlation (target) =  0.473751
anisolt tmp_sym.lat tmp_sym_aniso.lat 56.295,59.717,69.504,90.0,110.88,90.0
corrlt tmp_sym_aniso.lat data.lat
Function iteration =  43 , (sigma) = ( 0.3373192866699575 ), overall correlation =  0.0 , anisotropic correlation (target) =  0.473746
anisolt tmp_sym.lat tmp_sym_aniso.lat 56.295,59.717,69.504,90.0,110.88,90.0
corrlt tmp_sym_aniso.lat data.lat
Function iteration =  44 , (sigma) = ( 0.3374757588911271 ), overall correlation =  0.0 , anisotropic correlation (target) =  0.473743
anisolt tmp_sym.lat tmp_sym_aniso.lat 56.295,59.717,69.504,90.0,110.88,90.0
corrlt tmp_sym_aniso.lat data.lat
Function iteration =  45 , (sigma) = ( 0.3373894389905255 ), overall correlation =  0.0 , anisotropic correlation (target) =  0.47375
anisolt tmp_sym.lat tmp_sym_aniso.lat 56.295,59.717,69.504,90.0,110.88,90.0
corrlt tmp_sym_aniso.lat data.lat
Function iteration =  46 , (sigma) = ( 0.337438820809827 ), overall correlation =  0.0 , anisotropic correlation (target) =  0.473748
anisolt tmp_sym.lat tmp_sym_aniso.lat 56.295,59.717,69.504,90.0,110.88,90.0
corrlt tmp_sym_aniso.lat data.lat
Function iteration =  47 , (sigma) = ( 0.3374082152824516 ), overall correlation =  0.0 , anisotropic correlation (target) =  0.47375
anisolt tmp_sym.lat tmp_sym_aniso.lat 56.295,59.717,69.504,90.0,110.88,90.0
corrlt tmp_sym_aniso.lat data.lat
Function iteration =  48 , (sigma) = ( 0.33742471171866517 ), overall correlation =  0.0 , anisotropic correlation (target) =  0.473749
anisolt tmp_sym.lat tmp_sym_aniso.lat 56.295,59.717,69.504,90.0,110.88,90.0
corrlt tmp_sym_aniso.lat data.lat
Function iteration =  49 , (sigma) = ( 0.3374193225255504 ), overall correlation =  0.0 , anisotropic correlation (target) =  0.473749
anisolt tmp_sym.lat tmp_sym_aniso.lat 56.295,59.717,69.504,90.0,110.88,90.0
corrlt tmp_sym_aniso.lat data.lat
Function iteration =  50 , (sigma) = ( 0.33741302144779567 ), overall correlation =  0.0 , anisotropic correlation (target) =  0.47375
anisolt tmp_sym.lat tmp_sym_aniso.lat 56.295,59.717,69.504,90.0,110.88,90.0
corrlt tmp_sym_aniso.lat data.lat
Function iteration =  51 , (sigma) = ( 0.33741726403701316 ), overall correlation =  0.0 , anisotropic correlation (target) =  0.47375
anisolt tmp_sym.lat tmp_sym_aniso.lat 56.295,59.717,69.504,90.0,110.88,90.0
corrlt tmp_sym_aniso.lat data.lat
Function iteration =  52 , (sigma) = ( 0.3374151427424044 ), overall correlation =  0.0 , anisotropic correlation (target) =  0.47375
anisolt tmp_sym.lat tmp_sym_aniso.lat 56.295,59.717,69.504,90.0,110.88,90.0
corrlt tmp_sym_aniso.lat data.lat
Function iteration =  53 , (sigma) = ( 0.3374162033897088 ), overall correlation =  0.0 , anisotropic correlation (target) =  0.47375
anisolt tmp_sym.lat tmp_sym_aniso.lat 56.295,59.717,69.504,90.0,110.88,90.0
corrlt tmp_sym_aniso.lat data.lat
Function iteration =  54 , (sigma) = ( 0.3374156730660566 ), overall correlation =  0.0 , anisotropic correlation (target) =  0.473751
anisolt tmp_sym.lat tmp_sym_aniso.lat 56.295,59.717,69.504,90.0,110.88,90.0
corrlt tmp_sym_aniso.lat data.lat
Function iteration =  55 , (sigma) = ( 0.33741547050045245 ), overall correlation =  0.0 , anisotropic correlation (target) =  0.47375
anisolt tmp_sym.lat tmp_sym_aniso.lat 56.295,59.717,69.504,90.0,110.88,90.0
corrlt tmp_sym_aniso.lat data.lat
Function iteration =  56 , (sigma) = ( 0.33741583244362444 ), overall correlation =  0.0 , anisotropic correlation (target) =  0.473751
anisolt tmp_sym.lat tmp_sym_aniso.lat 56.295,59.717,69.504,90.0,110.88,90.0
corrlt tmp_sym_aniso.lat data.lat
Function iteration =  57 , (sigma) = ( 0.33741577156681235 ), overall correlation =  0.0 , anisotropic correlation (target) =  0.47375
anisolt tmp_sym.lat tmp_sym_aniso.lat 56.295,59.717,69.504,90.0,110.88,90.0
corrlt tmp_sym_aniso.lat data.lat
Function iteration =  58 , (sigma) = ( 0.33741589332043653 ), overall correlation =  0.0 , anisotropic correlation (target) =  0.47375
anisolt tmp_sym.lat tmp_sym_aniso.lat 56.295,59.717,69.504,90.0,110.88,90.0
corrlt tmp_sym_aniso.lat data.lat
Function iteration =  59 , (sigma) = ( 0.33741580919075204 ), overall correlation =  0.0 , anisotropic correlation (target) =  0.473751
anisolt tmp_sym.lat tmp_sym_aniso.lat 56.295,59.717,69.504,90.0,110.88,90.0
corrlt tmp_sym_aniso.lat data.lat
Function iteration =  60 , (sigma) = ( 0.3374157948196863 ), overall correlation =  0.0 , anisotropic correlation (target) =  0.47375
anisolt tmp_sym.lat tmp_sym_aniso.lat 56.295,59.717,69.504,90.0,110.88,90.0
corrlt tmp_sym_aniso.lat data.lat
Function iteration =  61 , (sigma) = ( 0.3374158180725587 ), overall correlation =  0.0 , anisotropic correlation (target) =  0.473751
anisolt tmp_sym.lat tmp_sym_aniso.lat 56.295,59.717,69.504,90.0,110.88,90.0
corrlt tmp_sym_aniso.lat data.lat
Function iteration =  62 , (sigma) = ( 0.3374158235618172 ), overall correlation =  0.0 , anisotropic correlation (target) =  0.473751
anisolt tmp_sym.lat tmp_sym_aniso.lat 56.295,59.717,69.504,90.0,110.88,90.0
corrlt tmp_sym_aniso.lat data.lat
Function iteration =  63 , (sigma) = ( 0.3374158269543656 ), overall correlation =  0.0 , anisotropic correlation (target) =  0.473751
anisolt tmp_sym.lat tmp_sym_aniso.lat 56.295,59.717,69.504,90.0,110.88,90.0
corrlt tmp_sym_aniso.lat data.lat
Function iteration =  64 , (sigma) = ( 0.33741582905107587 ), overall correlation =  0.0 , anisotropic correlation (target) =  0.473751
anisolt tmp_sym.lat tmp_sym_aniso.lat 56.295,59.717,69.504,90.0,110.88,90.0
corrlt tmp_sym_aniso.lat data.lat
Function iteration =  65 , (sigma) = ( 0.33741583067877856 ), overall correlation =  0.0 , anisotropic correlation (target) =  0.473751
Optimization terminated successfully.
         Current function value: -0.473751
         Iterations: 2
         Function evaluations: 65
Refined sigma =  0.33741583067877856
