origin: 40 41 49
82 84 100 688800
Initializing the hkl file data...
Reading the hkl file data...
...done
Writing file
Done writing file
anisolt tmp_sym.lat tmp_sym_aniso.lat 57.318,58.245,69.095,90.0,112.74,90.0
corrlt tmp_sym_aniso.lat data.lat
Function iteration =  1 , (sigma) = ( 0.36 ), overall correlation =  0.0 , anisotropic correlation (target) =  0.46941
anisolt tmp_sym.lat tmp_sym_aniso.lat 57.318,58.245,69.095,90.0,112.74,90.0
corrlt tmp_sym_aniso.lat data.lat
Function iteration =  2 , (sigma) = ( 0.36 ), overall correlation =  0.0 , anisotropic correlation (target) =  0.46941
anisolt tmp_sym.lat tmp_sym_aniso.lat 57.318,58.245,69.095,90.0,112.74,90.0
corrlt tmp_sym_aniso.lat data.lat
Function iteration =  3 , (sigma) = ( 1.3599999999999999 ), overall correlation =  0.0 , anisotropic correlation (target) =  0.0625533
Function iteration =  4 , (sigma) = ( -1.2580339999999999 ), overall correlation =  0 , anisotropic correlation (target) =  0
anisolt tmp_sym.lat tmp_sym_aniso.lat 57.318,58.245,69.095,90.0,112.74,90.0
corrlt tmp_sym_aniso.lat data.lat
Function iteration =  5 , (sigma) = ( 0.36 ), overall correlation =  0.0 , anisotropic correlation (target) =  0.46941
Function iteration =  6 , (sigma) = ( -0.25803397484400004 ), overall correlation =  0 , anisotropic correlation (target) =  0
anisolt tmp_sym.lat tmp_sym_aniso.lat 57.318,58.245,69.095,90.0,112.74,90.0
corrlt tmp_sym_aniso.lat data.lat
Function iteration =  7 , (sigma) = ( 0.741966 ), overall correlation =  0.0 , anisotropic correlation (target) =  0.259958
anisolt tmp_sym.lat tmp_sym_aniso.lat 57.318,58.245,69.095,90.0,112.74,90.0
corrlt tmp_sym_aniso.lat data.lat
Function iteration =  8 , (sigma) = ( 0.34134792367911515 ), overall correlation =  0.0 , anisotropic correlation (target) =  0.477259
anisolt tmp_sym.lat tmp_sym_aniso.lat 57.318,58.245,69.095,90.0,112.74,90.0
corrlt tmp_sym_aniso.lat data.lat
Function iteration =  9 , (sigma) = ( 0.11240441742783489 ), overall correlation =  0.0 , anisotropic correlation (target) =  0.527703
anisolt tmp_sym.lat tmp_sym_aniso.lat 57.318,58.245,69.095,90.0,112.74,90.0
corrlt tmp_sym_aniso.lat data.lat
Function iteration =  10 , (sigma) = ( 0.09081661892071397 ), overall correlation =  0.0 , anisotropic correlation (target) =  0.52846
anisolt tmp_sym.lat tmp_sym_aniso.lat 57.318,58.245,69.095,90.0,112.74,90.0
corrlt tmp_sym_aniso.lat data.lat
Function iteration =  11 , (sigma) = ( 0.077901162359234 ), overall correlation =  0.0 , anisotropic correlation (target) =  0.528796
Function iteration =  12 , (sigma) = ( -0.05041463825773651 ), overall correlation =  0 , anisotropic correlation (target) =  0
anisolt tmp_sym.lat tmp_sym_aniso.lat 57.318,58.245,69.095,90.0,112.74,90.0
corrlt tmp_sym_aniso.lat data.lat
Function iteration =  13 , (sigma) = ( 0.03477114755822819 ), overall correlation =  0.0 , anisotropic correlation (target) =  0.529272
anisolt tmp_sym.lat tmp_sym_aniso.lat 57.318,58.245,69.095,90.0,112.74,90.0
corrlt tmp_sym_aniso.lat data.lat
Function iteration =  14 , (sigma) = ( 0.03802343609264591 ), overall correlation =  0.0 , anisotropic correlation (target) =  0.529263
anisolt tmp_sym.lat tmp_sym_aniso.lat 57.318,58.245,69.095,90.0,112.74,90.0
corrlt tmp_sym_aniso.lat data.lat
Function iteration =  15 , (sigma) = ( 0.029724696788479887 ), overall correlation =  0.0 , anisotropic correlation (target) =  0.529288
Function iteration =  16 , (sigma) = ( -0.0008858044617832128 ), overall correlation =  0 , anisotropic correlation (target) =  0
anisolt tmp_sym.lat tmp_sym_aniso.lat 57.318,58.245,69.095,90.0,112.74,90.0
corrlt tmp_sym_aniso.lat data.lat
Function iteration =  17 , (sigma) = ( 0.018032526067921884 ), overall correlation =  0.0 , anisotropic correlation (target) =  0.529326
anisolt tmp_sym.lat tmp_sym_aniso.lat 57.318,58.245,69.095,90.0,112.74,90.0
corrlt tmp_sym_aniso.lat data.lat
Function iteration =  18 , (sigma) = ( 0.010806367028812547 ), overall correlation =  0.0 , anisotropic correlation (target) =  0.529332
anisolt tmp_sym.lat tmp_sym_aniso.lat 57.318,58.245,69.095,90.0,112.74,90.0
corrlt tmp_sym_aniso.lat data.lat
Function iteration =  19 , (sigma) = ( 0.007314430689100648 ), overall correlation =  0.0 , anisotropic correlation (target) =  0.529356
anisolt tmp_sym.lat tmp_sym_aniso.lat 57.318,58.245,69.095,90.0,112.74,90.0
corrlt tmp_sym_aniso.lat data.lat
Function iteration =  20 , (sigma) = ( 0.0037875749859916374 ), overall correlation =  0.0 , anisotropic correlation (target) =  0.52934
Function iteration =  21 , (sigma) = ( -0.3453711386217987 ), overall correlation =  0 , anisotropic correlation (target) =  0
anisolt tmp_sym.lat tmp_sym_aniso.lat 57.318,58.245,69.095,90.0,112.74,90.0
corrlt tmp_sym_aniso.lat data.lat
Function iteration =  22 , (sigma) = ( 0.007314430689100648 ), overall correlation =  0.0 , anisotropic correlation (target) =  0.529356
anisolt tmp_sym.lat tmp_sym_aniso.lat 57.318,58.245,69.095,90.0,112.74,90.0
corrlt tmp_sym_aniso.lat data.lat
Function iteration =  23 , (sigma) = ( 1.0073144306891006 ), overall correlation =  0.0 , anisotropic correlation (target) =  0.134464
Function iteration =  24 , (sigma) = ( -1.6107195693108993 ), overall correlation =  0 , anisotropic correlation (target) =  0
anisolt tmp_sym.lat tmp_sym_aniso.lat 57.318,58.245,69.095,90.0,112.74,90.0
corrlt tmp_sym_aniso.lat data.lat
Function iteration =  25 , (sigma) = ( 0.007314430689100648 ), overall correlation =  0.0 , anisotropic correlation (target) =  0.529356
Function iteration =  26 , (sigma) = ( -0.6107195441548994 ), overall correlation =  0 , anisotropic correlation (target) =  0
anisolt tmp_sym.lat tmp_sym_aniso.lat 57.318,58.245,69.095,90.0,112.74,90.0
corrlt tmp_sym_aniso.lat data.lat
Function iteration =  27 , (sigma) = ( 0.3892804306891007 ), overall correlation =  0.0 , anisotropic correlation (target) =  0.456218
anisolt tmp_sym.lat tmp_sym_aniso.lat 57.318,58.245,69.095,90.0,112.74,90.0
corrlt tmp_sym_aniso.lat data.lat
Function iteration =  28 , (sigma) = ( 0.10694299156051855 ), overall correlation =  0.0 , anisotropic correlation (target) =  0.527902
anisolt tmp_sym.lat tmp_sym_aniso.lat 57.318,58.245,69.095,90.0,112.74,90.0
corrlt tmp_sym_aniso.lat data.lat
Function iteration =  29 , (sigma) = ( 0.04548124280815326 ), overall correlation =  0.0 , anisotropic correlation (target) =  0.529229
anisolt tmp_sym.lat tmp_sym_aniso.lat 57.318,58.245,69.095,90.0,112.74,90.0
corrlt tmp_sym_aniso.lat data.lat
Function iteration =  30 , (sigma) = ( 0.017321813050257047 ), overall correlation =  0.0 , anisotropic correlation (target) =  0.529335
Function iteration =  31 , (sigma) = ( -0.011721300782471303 ), overall correlation =  0 , anisotropic correlation (target) =  0
anisolt tmp_sym.lat tmp_sym_aniso.lat 57.318,58.245,69.095,90.0,112.74,90.0
corrlt tmp_sym_aniso.lat data.lat
Function iteration =  32 , (sigma) = ( 4.3428481830195403e-05 ), overall correlation =  0.0 , anisotropic correlation (target) =  0.0620392
anisolt tmp_sym.lat tmp_sym_aniso.lat 57.318,58.245,69.095,90.0,112.74,90.0
corrlt tmp_sym_aniso.lat data.lat
Function iteration =  33 , (sigma) = ( 0.011136910500062113 ), overall correlation =  0.0 , anisotropic correlation (target) =  0.529331
anisolt tmp_sym.lat tmp_sym_aniso.lat 57.318,58.245,69.095,90.0,112.74,90.0
corrlt tmp_sym_aniso.lat data.lat
Function iteration =  34 , (sigma) = ( 0.004537155059998382 ), overall correlation =  0.0 , anisotropic correlation (target) =  0.529343
anisolt tmp_sym.lat tmp_sym_aniso.lat 57.318,58.245,69.095,90.0,112.74,90.0
corrlt tmp_sym_aniso.lat data.lat
Function iteration =  35 , (sigma) = ( 0.010339452376667625 ), overall correlation =  0.0 , anisotropic correlation (target) =  0.529327
anisolt tmp_sym.lat tmp_sym_aniso.lat 57.318,58.245,69.095,90.0,112.74,90.0
corrlt tmp_sym_aniso.lat data.lat
Function iteration =  36 , (sigma) = ( 0.008469886123013855 ), overall correlation =  0.0 , anisotropic correlation (target) =  0.529343
anisolt tmp_sym.lat tmp_sym_aniso.lat 57.318,58.245,69.095,90.0,112.74,90.0
corrlt tmp_sym_aniso.lat data.lat
Function iteration =  37 , (sigma) = ( 0.006503520591506119 ), overall correlation =  0.0 , anisotropic correlation (target) =  0.529344
anisolt tmp_sym.lat tmp_sym_aniso.lat 57.318,58.245,69.095,90.0,112.74,90.0
corrlt tmp_sym_aniso.lat data.lat
Function iteration =  38 , (sigma) = ( 0.007467508882369268 ), overall correlation =  0.0 , anisotropic correlation (target) =  0.529341
anisolt tmp_sym.lat tmp_sym_aniso.lat 57.318,58.245,69.095,90.0,112.74,90.0
corrlt tmp_sym_aniso.lat data.lat
Function iteration =  39 , (sigma) = ( 0.007004690602762856 ), overall correlation =  0.0 , anisotropic correlation (target) =  0.529331
anisolt tmp_sym.lat tmp_sym_aniso.lat 57.318,58.245,69.095,90.0,112.74,90.0
corrlt tmp_sym_aniso.lat data.lat
Function iteration =  40 , (sigma) = ( 0.007196120507282547 ), overall correlation =  0.0 , anisotropic correlation (target) =  0.52934
anisolt tmp_sym.lat tmp_sym_aniso.lat 57.318,58.245,69.095,90.0,112.74,90.0
corrlt tmp_sym_aniso.lat data.lat
Function iteration =  41 , (sigma) = ( 0.00737290135427069 ), overall correlation =  0.0 , anisotropic correlation (target) =  0.529334
anisolt tmp_sym.lat tmp_sym_aniso.lat 57.318,58.245,69.095,90.0,112.74,90.0
corrlt tmp_sym_aniso.lat data.lat
Function iteration =  42 , (sigma) = ( 0.0072692402221923155 ), overall correlation =  0.0 , anisotropic correlation (target) =  0.529346
anisolt tmp_sym.lat tmp_sym_aniso.lat 57.318,58.245,69.095,90.0,112.74,90.0
corrlt tmp_sym_aniso.lat data.lat
Function iteration =  43 , (sigma) = ( 0.007336764495192988 ), overall correlation =  0.0 , anisotropic correlation (target) =  0.529331
anisolt tmp_sym.lat tmp_sym_aniso.lat 57.318,58.245,69.095,90.0,112.74,90.0
corrlt tmp_sym_aniso.lat data.lat
Function iteration =  44 , (sigma) = ( 0.00729716946721754 ), overall correlation =  0.0 , anisotropic correlation (target) =  0.529352
anisolt tmp_sym.lat tmp_sym_aniso.lat 57.318,58.245,69.095,90.0,112.74,90.0
corrlt tmp_sym_aniso.lat data.lat
Function iteration =  45 , (sigma) = ( 0.007322961443678515 ), overall correlation =  0.0 , anisotropic correlation (target) =  0.529358
anisolt tmp_sym.lat tmp_sym_aniso.lat 57.318,58.245,69.095,90.0,112.74,90.0
corrlt tmp_sym_aniso.lat data.lat
Function iteration =  46 , (sigma) = ( 0.007328233740053292 ), overall correlation =  0.0 , anisotropic correlation (target) =  0.529354
anisolt tmp_sym.lat tmp_sym_aniso.lat 57.318,58.245,69.095,90.0,112.74,90.0
corrlt tmp_sym_aniso.lat data.lat
Function iteration =  47 , (sigma) = ( 0.007320325295573062 ), overall correlation =  0.0 , anisotropic correlation (target) =  0.529367
anisolt tmp_sym.lat tmp_sym_aniso.lat 57.318,58.245,69.095,90.0,112.74,90.0
corrlt tmp_sym_aniso.lat data.lat
Function iteration =  48 , (sigma) = ( 0.007318885453696308 ), overall correlation =  0.0 , anisotropic correlation (target) =  0.529352
anisolt tmp_sym.lat tmp_sym_aniso.lat 57.318,58.245,69.095,90.0,112.74,90.0
corrlt tmp_sym_aniso.lat data.lat
Function iteration =  49 , (sigma) = ( 0.007321332214520309 ), overall correlation =  0.0 , anisotropic correlation (target) =  0.529358
anisolt tmp_sym.lat tmp_sym_aniso.lat 57.318,58.245,69.095,90.0,112.74,90.0
corrlt tmp_sym_aniso.lat data.lat
Function iteration =  50 , (sigma) = ( 0.007319775324930765 ), overall correlation =  0.0 , anisotropic correlation (target) =  0.52936
anisolt tmp_sym.lat tmp_sym_aniso.lat 57.318,58.245,69.095,90.0,112.74,90.0
corrlt tmp_sym_aniso.lat data.lat
Function iteration =  51 , (sigma) = ( 0.007320507614692437 ), overall correlation =  0.0 , anisotropic correlation (target) =  0.529368
anisolt tmp_sym.lat tmp_sym_aniso.lat 57.318,58.245,69.095,90.0,112.74,90.0
corrlt tmp_sym_aniso.lat data.lat
Function iteration =  52 , (sigma) = ( 0.007320693722295822 ), overall correlation =  0.0 , anisotropic correlation (target) =  0.529367
anisolt tmp_sym.lat tmp_sym_aniso.lat 57.318,58.245,69.095,90.0,112.74,90.0
corrlt tmp_sym_aniso.lat data.lat
Function iteration =  53 , (sigma) = ( 0.007320568393948354 ), overall correlation =  0.0 , anisotropic correlation (target) =  0.529367
anisolt tmp_sym.lat tmp_sym_aniso.lat 57.318,58.245,69.095,90.0,112.74,90.0
corrlt tmp_sym_aniso.lat data.lat
Function iteration =  54 , (sigma) = ( 0.007320437974987685 ), overall correlation =  0.0 , anisotropic correlation (target) =  0.529366
Optimization terminated successfully.
         Current function value: -0.529368
         Iterations: 2
         Function evaluations: 54
Refined sigma =  0.007320507614692437
