origin: 40 41 49
82 84 100 688800
Initializing the hkl file data...
Reading the hkl file data...
...done
Writing file
Done writing file
anisolt tmp_sym.lat tmp_sym_aniso.lat 57.318,58.245,69.095,90.0,112.74,90.0
corrlt tmp_sym_aniso.lat data.lat
Function iteration =  1 , (sigma) = ( 0.36 ), overall correlation =  0.0 , anisotropic correlation (target) =  0.519406
anisolt tmp_sym.lat tmp_sym_aniso.lat 57.318,58.245,69.095,90.0,112.74,90.0
corrlt tmp_sym_aniso.lat data.lat
Function iteration =  2 , (sigma) = ( 0.36 ), overall correlation =  0.0 , anisotropic correlation (target) =  0.519406
anisolt tmp_sym.lat tmp_sym_aniso.lat 57.318,58.245,69.095,90.0,112.74,90.0
corrlt tmp_sym_aniso.lat data.lat
Function iteration =  3 , (sigma) = ( 1.3599999999999999 ), overall correlation =  0.0 , anisotropic correlation (target) =  0.0712723
Function iteration =  4 , (sigma) = ( -1.2580339999999999 ), overall correlation =  0 , anisotropic correlation (target) =  0
anisolt tmp_sym.lat tmp_sym_aniso.lat 57.318,58.245,69.095,90.0,112.74,90.0
corrlt tmp_sym_aniso.lat data.lat
Function iteration =  5 , (sigma) = ( 0.36 ), overall correlation =  0.0 , anisotropic correlation (target) =  0.519406
Function iteration =  6 , (sigma) = ( -0.25803397484400004 ), overall correlation =  0 , anisotropic correlation (target) =  0
anisolt tmp_sym.lat tmp_sym_aniso.lat 57.318,58.245,69.095,90.0,112.74,90.0
corrlt tmp_sym_aniso.lat data.lat
Function iteration =  7 , (sigma) = ( 0.741966 ), overall correlation =  0.0 , anisotropic correlation (target) =  0.335082
anisolt tmp_sym.lat tmp_sym_aniso.lat 57.318,58.245,69.095,90.0,112.74,90.0
corrlt tmp_sym_aniso.lat data.lat
Function iteration =  8 , (sigma) = ( 0.36860481923385663 ), overall correlation =  0.0 , anisotropic correlation (target) =  0.519935
anisolt tmp_sym.lat tmp_sym_aniso.lat 57.318,58.245,69.095,90.0,112.74,90.0
corrlt tmp_sym_aniso.lat data.lat
Function iteration =  9 , (sigma) = ( 0.3853973989380734 ), overall correlation =  0.0 , anisotropic correlation (target) =  0.519789
anisolt tmp_sym.lat tmp_sym_aniso.lat 57.318,58.245,69.095,90.0,112.74,90.0
corrlt tmp_sym_aniso.lat data.lat
Function iteration =  10 , (sigma) = ( 0.3750190137331575 ), overall correlation =  0.0 , anisotropic correlation (target) =  0.520067
anisolt tmp_sym.lat tmp_sym_aniso.lat 57.318,58.245,69.095,90.0,112.74,90.0
corrlt tmp_sym_aniso.lat data.lat
Function iteration =  11 , (sigma) = ( 0.37545991262871004 ), overall correlation =  0.0 , anisotropic correlation (target) =  0.520065
anisolt tmp_sym.lat tmp_sym_aniso.lat 57.318,58.245,69.095,90.0,112.74,90.0
corrlt tmp_sym_aniso.lat data.lat
Function iteration =  12 , (sigma) = ( 0.37462040457513524 ), overall correlation =  0.0 , anisotropic correlation (target) =  0.520068
anisolt tmp_sym.lat tmp_sym_aniso.lat 57.318,58.245,69.095,90.0,112.74,90.0
corrlt tmp_sym_aniso.lat data.lat
Function iteration =  13 , (sigma) = ( 0.3723226555046684 ), overall correlation =  0.0 , anisotropic correlation (target) =  0.520039
anisolt tmp_sym.lat tmp_sym_aniso.lat 57.318,58.245,69.095,90.0,112.74,90.0
corrlt tmp_sym_aniso.lat data.lat
Function iteration =  14 , (sigma) = ( 0.3743003181914485 ), overall correlation =  0.0 , anisotropic correlation (target) =  0.520064
anisolt tmp_sym.lat tmp_sym_aniso.lat 57.318,58.245,69.095,90.0,112.74,90.0
corrlt tmp_sym_aniso.lat data.lat
Function iteration =  15 , (sigma) = ( 0.3747726597207884 ), overall correlation =  0.0 , anisotropic correlation (target) =  0.520071
anisolt tmp_sym.lat tmp_sym_aniso.lat 57.318,58.245,69.095,90.0,112.74,90.0
corrlt tmp_sym_aniso.lat data.lat
Function iteration =  16 , (sigma) = ( 0.3895453194415768 ), overall correlation =  0.0 , anisotropic correlation (target) =  0.519535
anisolt tmp_sym.lat tmp_sym_aniso.lat 57.318,58.245,69.095,90.0,112.74,90.0
corrlt tmp_sym_aniso.lat data.lat
Function iteration =  17 , (sigma) = ( 0.3747726597207884 ), overall correlation =  0.0 , anisotropic correlation (target) =  0.520071
anisolt tmp_sym.lat tmp_sym_aniso.lat 57.318,58.245,69.095,90.0,112.74,90.0
corrlt tmp_sym_aniso.lat data.lat
Function iteration =  18 , (sigma) = ( 0.3895453194415768 ), overall correlation =  0.0 , anisotropic correlation (target) =  0.519535
anisolt tmp_sym.lat tmp_sym_aniso.lat 57.318,58.245,69.095,90.0,112.74,90.0
corrlt tmp_sym_aniso.lat data.lat
Function iteration =  19 , (sigma) = ( 0.35086999402212227 ), overall correlation =  0.0 , anisotropic correlation (target) =  0.518422
anisolt tmp_sym.lat tmp_sym_aniso.lat 57.318,58.245,69.095,90.0,112.74,90.0
corrlt tmp_sym_aniso.lat data.lat
Function iteration =  20 , (sigma) = ( 0.3747726597207884 ), overall correlation =  0.0 , anisotropic correlation (target) =  0.520071
anisolt tmp_sym.lat tmp_sym_aniso.lat 57.318,58.245,69.095,90.0,112.74,90.0
corrlt tmp_sym_aniso.lat data.lat
Function iteration =  21 , (sigma) = ( 0.3656426541145317 ), overall correlation =  0.0 , anisotropic correlation (target) =  0.519799
anisolt tmp_sym.lat tmp_sym_aniso.lat 57.318,58.245,69.095,90.0,112.74,90.0
corrlt tmp_sym_aniso.lat data.lat
Function iteration =  22 , (sigma) = ( 0.38041531346369906 ), overall correlation =  0.0 , anisotropic correlation (target) =  0.519982
anisolt tmp_sym.lat tmp_sym_aniso.lat 57.318,58.245,69.095,90.0,112.74,90.0
corrlt tmp_sym_aniso.lat data.lat
Function iteration =  23 , (sigma) = ( 0.3750371218181332 ), overall correlation =  0.0 , anisotropic correlation (target) =  0.520069
anisolt tmp_sym.lat tmp_sym_aniso.lat 57.318,58.245,69.095,90.0,112.74,90.0
corrlt tmp_sym_aniso.lat data.lat
Function iteration =  24 , (sigma) = ( 0.3724279301828833 ), overall correlation =  0.0 , anisotropic correlation (target) =  0.520046
anisolt tmp_sym.lat tmp_sym_aniso.lat 57.318,58.245,69.095,90.0,112.74,90.0
corrlt tmp_sym_aniso.lat data.lat
Function iteration =  25 , (sigma) = ( 0.3738770527581129 ), overall correlation =  0.0 , anisotropic correlation (target) =  0.520058
anisolt tmp_sym.lat tmp_sym_aniso.lat 57.318,58.245,69.095,90.0,112.74,90.0
corrlt tmp_sym_aniso.lat data.lat
Function iteration =  26 , (sigma) = ( 0.37470620612993066 ), overall correlation =  0.0 , anisotropic correlation (target) =  0.520067
anisolt tmp_sym.lat tmp_sym_aniso.lat 57.318,58.245,69.095,90.0,112.74,90.0
corrlt tmp_sym_aniso.lat data.lat
Function iteration =  27 , (sigma) = ( 0.3748864230534278 ), overall correlation =  0.0 , anisotropic correlation (target) =  0.520068
anisolt tmp_sym.lat tmp_sym_aniso.lat 57.318,58.245,69.095,90.0,112.74,90.0
corrlt tmp_sym_aniso.lat data.lat
Function iteration =  28 , (sigma) = ( 0.3748161134459033 ), overall correlation =  0.0 , anisotropic correlation (target) =  0.520069
anisolt tmp_sym.lat tmp_sym_aniso.lat 57.318,58.245,69.095,90.0,112.74,90.0
corrlt tmp_sym_aniso.lat data.lat
Function iteration =  29 , (sigma) = ( 0.37474727670850283 ), overall correlation =  0.0 , anisotropic correlation (target) =  0.52007
anisolt tmp_sym.lat tmp_sym_aniso.lat 57.318,58.245,69.095,90.0,112.74,90.0
corrlt tmp_sym_aniso.lat data.lat
Function iteration =  30 , (sigma) = ( 0.37477584181160745 ), overall correlation =  0.0 , anisotropic correlation (target) =  0.52007
anisolt tmp_sym.lat tmp_sym_aniso.lat 57.318,58.245,69.095,90.0,112.74,90.0
corrlt tmp_sym_aniso.lat data.lat
Function iteration =  31 , (sigma) = ( 0.3747615592600551 ), overall correlation =  0.0 , anisotropic correlation (target) =  0.520071
anisolt tmp_sym.lat tmp_sym_aniso.lat 57.318,58.245,69.095,90.0,112.74,90.0
corrlt tmp_sym_aniso.lat data.lat
Function iteration =  32 , (sigma) = ( 0.3747561038109689 ), overall correlation =  0.0 , anisotropic correlation (target) =  0.520071
anisolt tmp_sym.lat tmp_sym_aniso.lat 57.318,58.245,69.095,90.0,112.74,90.0
corrlt tmp_sym_aniso.lat data.lat
Function iteration =  33 , (sigma) = ( 0.37475273215794835 ), overall correlation =  0.0 , anisotropic correlation (target) =  0.52007
anisolt tmp_sym.lat tmp_sym_aniso.lat 57.318,58.245,69.095,90.0,112.74,90.0
corrlt tmp_sym_aniso.lat data.lat
Function iteration =  34 , (sigma) = ( 0.37475818760703455 ), overall correlation =  0.0 , anisotropic correlation (target) =  0.520071
anisolt tmp_sym.lat tmp_sym_aniso.lat 57.318,58.245,69.095,90.0,112.74,90.0
corrlt tmp_sym_aniso.lat data.lat
Function iteration =  35 , (sigma) = ( 0.37475947546385224 ), overall correlation =  0.0 , anisotropic correlation (target) =  0.520071
anisolt tmp_sym.lat tmp_sym_aniso.lat 57.318,58.245,69.095,90.0,112.74,90.0
corrlt tmp_sym_aniso.lat data.lat
Function iteration =  36 , (sigma) = ( 0.37476027140315266 ), overall correlation =  0.0 , anisotropic correlation (target) =  0.520071
anisolt tmp_sym.lat tmp_sym_aniso.lat 57.318,58.245,69.095,90.0,112.74,90.0
corrlt tmp_sym_aniso.lat data.lat
Function iteration =  37 , (sigma) = ( 0.3747607633207023 ), overall correlation =  0.0 , anisotropic correlation (target) =  0.520071
anisolt tmp_sym.lat tmp_sym_aniso.lat 57.318,58.245,69.095,90.0,112.74,90.0
corrlt tmp_sym_aniso.lat data.lat
Function iteration =  38 , (sigma) = ( 0.3747610673424731 ), overall correlation =  0.0 , anisotropic correlation (target) =  0.520071
anisolt tmp_sym.lat tmp_sym_aniso.lat 57.318,58.245,69.095,90.0,112.74,90.0
corrlt tmp_sym_aniso.lat data.lat
Function iteration =  39 , (sigma) = ( 0.37476125523826426 ), overall correlation =  0.0 , anisotropic correlation (target) =  0.520071
anisolt tmp_sym.lat tmp_sym_aniso.lat 57.318,58.245,69.095,90.0,112.74,90.0
corrlt tmp_sym_aniso.lat data.lat
Function iteration =  40 , (sigma) = ( 0.37476137136425164 ), overall correlation =  0.0 , anisotropic correlation (target) =  0.520071
anisolt tmp_sym.lat tmp_sym_aniso.lat 57.318,58.245,69.095,90.0,112.74,90.0
corrlt tmp_sym_aniso.lat data.lat
Function iteration =  41 , (sigma) = ( 0.37476137136425164 ), overall correlation =  0.0 , anisotropic correlation (target) =  0.520071
anisolt tmp_sym.lat tmp_sym_aniso.lat 57.318,58.245,69.095,90.0,112.74,90.0
corrlt tmp_sym_aniso.lat data.lat
Function iteration =  42 , (sigma) = ( 0.3747500830077149 ), overall correlation =  0.0 , anisotropic correlation (target) =  0.52007
anisolt tmp_sym.lat tmp_sym_aniso.lat 57.318,58.245,69.095,90.0,112.74,90.0
corrlt tmp_sym_aniso.lat data.lat
Function iteration =  43 , (sigma) = ( 0.37477963630893224 ), overall correlation =  0.0 , anisotropic correlation (target) =  0.520071
anisolt tmp_sym.lat tmp_sym_aniso.lat 57.318,58.245,69.095,90.0,112.74,90.0
corrlt tmp_sym_aniso.lat data.lat
Function iteration =  44 , (sigma) = ( 0.37476137136425164 ), overall correlation =  0.0 , anisotropic correlation (target) =  0.520071
anisolt tmp_sym.lat tmp_sym_aniso.lat 57.318,58.245,69.095,90.0,112.74,90.0
corrlt tmp_sym_aniso.lat data.lat
Function iteration =  45 , (sigma) = ( 0.3747683479521115 ), overall correlation =  0.0 , anisotropic correlation (target) =  0.520071
anisolt tmp_sym.lat tmp_sym_aniso.lat 57.318,58.245,69.095,90.0,112.74,90.0
corrlt tmp_sym_aniso.lat data.lat
Function iteration =  46 , (sigma) = ( 0.3747726597206129 ), overall correlation =  0.0 , anisotropic correlation (target) =  0.520071
anisolt tmp_sym.lat tmp_sym_aniso.lat 57.318,58.245,69.095,90.0,112.74,90.0
corrlt tmp_sym_aniso.lat data.lat
Function iteration =  47 , (sigma) = ( 0.3747753245401469 ), overall correlation =  0.0 , anisotropic correlation (target) =  0.520071
anisolt tmp_sym.lat tmp_sym_aniso.lat 57.318,58.245,69.095,90.0,112.74,90.0
corrlt tmp_sym_aniso.lat data.lat
Function iteration =  48 , (sigma) = ( 0.37477697148922273 ), overall correlation =  0.0 , anisotropic correlation (target) =  0.52007
anisolt tmp_sym.lat tmp_sym_aniso.lat 57.318,58.245,69.095,90.0,112.74,90.0
corrlt tmp_sym_aniso.lat data.lat
Function iteration =  49 , (sigma) = ( 0.37477430666968875 ), overall correlation =  0.0 , anisotropic correlation (target) =  0.520071
anisolt tmp_sym.lat tmp_sym_aniso.lat 57.318,58.245,69.095,90.0,112.74,90.0
corrlt tmp_sym_aniso.lat data.lat
Function iteration =  50 , (sigma) = ( 0.37477367759113805 ), overall correlation =  0.0 , anisotropic correlation (target) =  0.520071
anisolt tmp_sym.lat tmp_sym_aniso.lat 57.318,58.245,69.095,90.0,112.74,90.0
corrlt tmp_sym_aniso.lat data.lat
Function iteration =  51 , (sigma) = ( 0.374773288799205 ), overall correlation =  0.0 , anisotropic correlation (target) =  0.520071
anisolt tmp_sym.lat tmp_sym_aniso.lat 57.318,58.245,69.095,90.0,112.74,90.0
corrlt tmp_sym_aniso.lat data.lat
Function iteration =  52 , (sigma) = ( 0.3747730485125715 ), overall correlation =  0.0 , anisotropic correlation (target) =  0.520071
anisolt tmp_sym.lat tmp_sym_aniso.lat 57.318,58.245,69.095,90.0,112.74,90.0
corrlt tmp_sym_aniso.lat data.lat
Function iteration =  53 , (sigma) = ( 0.3747729000072622 ), overall correlation =  0.0 , anisotropic correlation (target) =  0.520071
anisolt tmp_sym.lat tmp_sym_aniso.lat 57.318,58.245,69.095,90.0,112.74,90.0
corrlt tmp_sym_aniso.lat data.lat
Function iteration =  54 , (sigma) = ( 0.37477278472083203 ), overall correlation =  0.0 , anisotropic correlation (target) =  0.520071
Optimization terminated successfully.
         Current function value: -0.520071
         Iterations: 2
         Function evaluations: 54
Refined sigma =  0.37477278472083203
