origin: 40 42 49
82 86 100 705200
Initializing the hkl file data...
Reading the hkl file data...
...done
Writing file
Done writing file
anisolt tmp_sym.lat tmp_sym_aniso.lat 56.295,59.716,69.505,90.0,110.88,90.0
corrlt tmp_sym_aniso.lat data.lat
Function iteration =  1 , (sigma) = ( 0.36 ), overall correlation =  0.0 , anisotropic correlation (target) =  0.431543
anisolt tmp_sym.lat tmp_sym_aniso.lat 56.295,59.716,69.505,90.0,110.88,90.0
corrlt tmp_sym_aniso.lat data.lat
Function iteration =  2 , (sigma) = ( 0.36 ), overall correlation =  0.0 , anisotropic correlation (target) =  0.431543
anisolt tmp_sym.lat tmp_sym_aniso.lat 56.295,59.716,69.505,90.0,110.88,90.0
corrlt tmp_sym_aniso.lat data.lat
Function iteration =  3 , (sigma) = ( 1.3599999999999999 ), overall correlation =  0.0 , anisotropic correlation (target) =  0.0360586
Function iteration =  4 , (sigma) = ( -1.2580339999999999 ), overall correlation =  0 , anisotropic correlation (target) =  0
anisolt tmp_sym.lat tmp_sym_aniso.lat 56.295,59.716,69.505,90.0,110.88,90.0
corrlt tmp_sym_aniso.lat data.lat
Function iteration =  5 , (sigma) = ( 0.36 ), overall correlation =  0.0 , anisotropic correlation (target) =  0.431543
Function iteration =  6 , (sigma) = ( -0.25803397484400004 ), overall correlation =  0 , anisotropic correlation (target) =  0
anisolt tmp_sym.lat tmp_sym_aniso.lat 56.295,59.716,69.505,90.0,110.88,90.0
corrlt tmp_sym_aniso.lat data.lat
Function iteration =  7 , (sigma) = ( 0.741966 ), overall correlation =  0.0 , anisotropic correlation (target) =  0.229258
anisolt tmp_sym.lat tmp_sym_aniso.lat 56.295,59.716,69.505,90.0,110.88,90.0
corrlt tmp_sym_aniso.lat data.lat
Function iteration =  8 , (sigma) = ( 0.3353242465625424 ), overall correlation =  0.0 , anisotropic correlation (target) =  0.442759
anisolt tmp_sym.lat tmp_sym_aniso.lat 56.295,59.716,69.505,90.0,110.88,90.0
corrlt tmp_sym_aniso.lat data.lat
Function iteration =  9 , (sigma) = ( 0.10868158016477097 ), overall correlation =  0.0 , anisotropic correlation (target) =  0.503317
anisolt tmp_sym.lat tmp_sym_aniso.lat 56.295,59.716,69.505,90.0,110.88,90.0
corrlt tmp_sym_aniso.lat data.lat
Function iteration =  10 , (sigma) = ( 0.04277929734789576 ), overall correlation =  0.0 , anisotropic correlation (target) =  0.506751
anisolt tmp_sym.lat tmp_sym_aniso.lat 56.295,59.716,69.505,90.0,110.88,90.0
corrlt tmp_sym_aniso.lat data.lat
Function iteration =  11 , (sigma) = ( 0.039607090311374715 ), overall correlation =  0.0 , anisotropic correlation (target) =  0.50681
anisolt tmp_sym.lat tmp_sym_aniso.lat 56.295,59.716,69.505,90.0,110.88,90.0
corrlt tmp_sym_aniso.lat data.lat
Function iteration =  12 , (sigma) = ( 0.02202309657290613 ), overall correlation =  0.0 , anisotropic correlation (target) =  0.50714
Function iteration =  13 , (sigma) = ( -0.08494918276792385 ), overall correlation =  0 , anisotropic correlation (target) =  0
Function iteration =  14 , (sigma) = ( -0.01883667707779335 ), overall correlation =  0 , anisotropic correlation (target) =  0
anisolt tmp_sym.lat tmp_sym_aniso.lat 56.295,59.716,69.505,90.0,110.88,90.0
corrlt tmp_sym_aniso.lat data.lat
Function iteration =  15 , (sigma) = ( 0.006416052270643069 ), overall correlation =  0.0 , anisotropic correlation (target) =  0.507239
anisolt tmp_sym.lat tmp_sym_aniso.lat 56.295,59.716,69.505,90.0,110.88,90.0
corrlt tmp_sym_aniso.lat data.lat
Function iteration =  16 , (sigma) = ( 0.0028802127833494895 ), overall correlation =  0.0 , anisotropic correlation (target) =  0.507187
anisolt tmp_sym.lat tmp_sym_aniso.lat 56.295,59.716,69.505,90.0,110.88,90.0
corrlt tmp_sym_aniso.lat data.lat
Function iteration =  17 , (sigma) = ( 0.011335256613206501 ), overall correlation =  0.0 , anisotropic correlation (target) =  0.507216
Function iteration =  18 , (sigma) = ( -0.34716789545871385 ), overall correlation =  0 , anisotropic correlation (target) =  0
anisolt tmp_sym.lat tmp_sym_aniso.lat 56.295,59.716,69.505,90.0,110.88,90.0
corrlt tmp_sym_aniso.lat data.lat
Function iteration =  19 , (sigma) = ( 0.006416052270643069 ), overall correlation =  0.0 , anisotropic correlation (target) =  0.507239
anisolt tmp_sym.lat tmp_sym_aniso.lat 56.295,59.716,69.505,90.0,110.88,90.0
corrlt tmp_sym_aniso.lat data.lat
Function iteration =  20 , (sigma) = ( 1.0064160522706431 ), overall correlation =  0.0 , anisotropic correlation (target) =  0.10693
Function iteration =  21 , (sigma) = ( -1.6116179477293568 ), overall correlation =  0 , anisotropic correlation (target) =  0
anisolt tmp_sym.lat tmp_sym_aniso.lat 56.295,59.716,69.505,90.0,110.88,90.0
corrlt tmp_sym_aniso.lat data.lat
Function iteration =  22 , (sigma) = ( 0.006416052270643069 ), overall correlation =  0.0 , anisotropic correlation (target) =  0.507239
Function iteration =  23 , (sigma) = ( -0.6116179225733569 ), overall correlation =  0 , anisotropic correlation (target) =  0
anisolt tmp_sym.lat tmp_sym_aniso.lat 56.295,59.716,69.505,90.0,110.88,90.0
corrlt tmp_sym_aniso.lat data.lat
Function iteration =  24 , (sigma) = ( 0.3883820522706431 ), overall correlation =  0.0 , anisotropic correlation (target) =  0.417948
anisolt tmp_sym.lat tmp_sym_aniso.lat 56.295,59.716,69.505,90.0,110.88,90.0
corrlt tmp_sym_aniso.lat data.lat
Function iteration =  25 , (sigma) = ( 0.08655620055212941 ), overall correlation =  0.0 , anisotropic correlation (target) =  0.504899
anisolt tmp_sym.lat tmp_sym_aniso.lat 56.295,59.716,69.505,90.0,110.88,90.0
corrlt tmp_sym_aniso.lat data.lat
Function iteration =  26 , (sigma) = ( 0.024945695449789262 ), overall correlation =  0.0 , anisotropic correlation (target) =  0.507077
anisolt tmp_sym.lat tmp_sym_aniso.lat 56.295,59.716,69.505,90.0,110.88,90.0
corrlt tmp_sym_aniso.lat data.lat
Function iteration =  27 , (sigma) = ( 0.00251499378041579 ), overall correlation =  0.0 , anisotropic correlation (target) =  0.50722
anisolt tmp_sym.lat tmp_sym_aniso.lat 56.295,59.716,69.505,90.0,110.88,90.0
corrlt tmp_sym_aniso.lat data.lat
Function iteration =  28 , (sigma) = ( 0.008478097530866566 ), overall correlation =  0.0 , anisotropic correlation (target) =  0.507222
anisolt tmp_sym.lat tmp_sym_aniso.lat 56.295,59.716,69.505,90.0,110.88,90.0
corrlt tmp_sym_aniso.lat data.lat
Function iteration =  29 , (sigma) = ( 0.005572795883427067 ), overall correlation =  0.0 , anisotropic correlation (target) =  0.507263
anisolt tmp_sym.lat tmp_sym_aniso.lat 56.295,59.716,69.505,90.0,110.88,90.0
corrlt tmp_sym_aniso.lat data.lat
Function iteration =  30 , (sigma) = ( 0.004404819445348261 ), overall correlation =  0.0 , anisotropic correlation (target) =  0.507216
anisolt tmp_sym.lat tmp_sym_aniso.lat 56.295,59.716,69.505,90.0,110.88,90.0
corrlt tmp_sym_aniso.lat data.lat
Function iteration =  31 , (sigma) = ( 0.0051266685952798575 ), overall correlation =  0.0 , anisotropic correlation (target) =  0.507243
anisolt tmp_sym.lat tmp_sym_aniso.lat 56.295,59.716,69.505,90.0,110.88,90.0
corrlt tmp_sym_aniso.lat data.lat
Function iteration =  32 , (sigma) = ( 0.0057440720829688265 ), overall correlation =  0.0 , anisotropic correlation (target) =  0.507246
anisolt tmp_sym.lat tmp_sym_aniso.lat 56.295,59.716,69.505,90.0,110.88,90.0
corrlt tmp_sym_aniso.lat data.lat
Function iteration =  33 , (sigma) = ( 0.005445780850374929 ), overall correlation =  0.0 , anisotropic correlation (target) =  0.507276
anisolt tmp_sym.lat tmp_sym_aniso.lat 56.295,59.716,69.505,90.0,110.88,90.0
corrlt tmp_sym_aniso.lat data.lat
Function iteration =  34 , (sigma) = ( 0.005323890818745285 ), overall correlation =  0.0 , anisotropic correlation (target) =  0.507248
anisolt tmp_sym.lat tmp_sym_aniso.lat 56.295,59.716,69.505,90.0,110.88,90.0
corrlt tmp_sym_aniso.lat data.lat
Function iteration =  35 , (sigma) = ( 0.005470929266986073 ), overall correlation =  0.0 , anisotropic correlation (target) =  0.507265
anisolt tmp_sym.lat tmp_sym_aniso.lat 56.295,59.716,69.505,90.0,110.88,90.0
corrlt tmp_sym_aniso.lat data.lat
Function iteration =  36 , (sigma) = ( 0.00539922300255348 ), overall correlation =  0.0 , anisotropic correlation (target) =  0.507265
anisolt tmp_sym.lat tmp_sym_aniso.lat 56.295,59.716,69.505,90.0,110.88,90.0
corrlt tmp_sym_aniso.lat data.lat
Function iteration =  37 , (sigma) = ( 0.005435076134769777 ), overall correlation =  0.0 , anisotropic correlation (target) =  0.507273
anisolt tmp_sym.lat tmp_sym_aniso.lat 56.295,59.716,69.505,90.0,110.88,90.0
corrlt tmp_sym_aniso.lat data.lat
Function iteration =  38 , (sigma) = ( 0.00545548357457761 ), overall correlation =  0.0 , anisotropic correlation (target) =  0.507272
Optimization terminated successfully.
         Current function value: -0.507276
         Iterations: 2
         Function evaluations: 38
Refined sigma =  0.005445780850374929
