origin: 40 41 49
82 84 100 688800
Initializing the hkl file data...
Reading the hkl file data...
...done
Writing file
Done writing file
anisolt tmp_sym.lat tmp_sym_aniso.lat 57.155,57.87,68.988,90.0,112.74,90.0
corrlt tmp_sym_aniso.lat data.lat
Function iteration =  1 , (sigma) = ( 0.36 ), overall correlation =  0.0 , anisotropic correlation (target) =  0.467136
anisolt tmp_sym.lat tmp_sym_aniso.lat 57.155,57.87,68.988,90.0,112.74,90.0
corrlt tmp_sym_aniso.lat data.lat
Function iteration =  2 , (sigma) = ( 0.36 ), overall correlation =  0.0 , anisotropic correlation (target) =  0.467136
anisolt tmp_sym.lat tmp_sym_aniso.lat 57.155,57.87,68.988,90.0,112.74,90.0
corrlt tmp_sym_aniso.lat data.lat
Function iteration =  3 , (sigma) = ( 1.3599999999999999 ), overall correlation =  0.0 , anisotropic correlation (target) =  0.0579107
Function iteration =  4 , (sigma) = ( -1.2580339999999999 ), overall correlation =  0 , anisotropic correlation (target) =  0
anisolt tmp_sym.lat tmp_sym_aniso.lat 57.155,57.87,68.988,90.0,112.74,90.0
corrlt tmp_sym_aniso.lat data.lat
Function iteration =  5 , (sigma) = ( 0.36 ), overall correlation =  0.0 , anisotropic correlation (target) =  0.467136
Function iteration =  6 , (sigma) = ( -0.25803397484400004 ), overall correlation =  0 , anisotropic correlation (target) =  0
anisolt tmp_sym.lat tmp_sym_aniso.lat 57.155,57.87,68.988,90.0,112.74,90.0
corrlt tmp_sym_aniso.lat data.lat
Function iteration =  7 , (sigma) = ( 0.741966 ), overall correlation =  0.0 , anisotropic correlation (target) =  0.261202
anisolt tmp_sym.lat tmp_sym_aniso.lat 57.155,57.87,68.988,90.0,112.74,90.0
corrlt tmp_sym_aniso.lat data.lat
Function iteration =  8 , (sigma) = ( 0.3428174384536283 ), overall correlation =  0.0 , anisotropic correlation (target) =  0.474553
anisolt tmp_sym.lat tmp_sym_aniso.lat 57.155,57.87,68.988,90.0,112.74,90.0
corrlt tmp_sym_aniso.lat data.lat
Function iteration =  9 , (sigma) = ( 0.11331262752198637 ), overall correlation =  0.0 , anisotropic correlation (target) =  0.530965
anisolt tmp_sym.lat tmp_sym_aniso.lat 57.155,57.87,68.988,90.0,112.74,90.0
corrlt tmp_sym_aniso.lat data.lat
Function iteration =  10 , (sigma) = ( 0.06494355347523006 ), overall correlation =  0.0 , anisotropic correlation (target) =  0.533166
anisolt tmp_sym.lat tmp_sym_aniso.lat 57.155,57.87,68.988,90.0,112.74,90.0
corrlt tmp_sym_aniso.lat data.lat
Function iteration =  11 , (sigma) = ( 0.05756343808131731 ), overall correlation =  0.0 , anisotropic correlation (target) =  0.533334
Function iteration =  12 , (sigma) = ( -0.06298404334411445 ), overall correlation =  0 , anisotropic correlation (target) =  0
anisolt tmp_sym.lat tmp_sym_aniso.lat 57.155,57.87,68.988,90.0,112.74,90.0
corrlt tmp_sym_aniso.lat data.lat
Function iteration =  13 , (sigma) = ( 0.03335014304698547 ), overall correlation =  0.0 , anisotropic correlation (target) =  0.533744
Function iteration =  14 , (sigma) = ( -0.00041561687622382326 ), overall correlation =  0 , anisotropic correlation (target) =  0
anisolt tmp_sym.lat tmp_sym_aniso.lat 57.155,57.87,68.988,90.0,112.74,90.0
corrlt tmp_sym_aniso.lat data.lat
Function iteration =  15 , (sigma) = ( 0.020452770792156905 ), overall correlation =  0.0 , anisotropic correlation (target) =  0.533854
anisolt tmp_sym.lat tmp_sym_aniso.lat 57.155,57.87,68.988,90.0,112.74,90.0
corrlt tmp_sym_aniso.lat data.lat
Function iteration =  16 , (sigma) = ( 0.008070371185685876 ), overall correlation =  0.0 , anisotropic correlation (target) =  0.533906
anisolt tmp_sym.lat tmp_sym_aniso.lat 57.155,57.87,68.988,90.0,112.74,90.0
corrlt tmp_sym_aniso.lat data.lat
Function iteration =  17 , (sigma) = ( 0.011589667483829003 ), overall correlation =  0.0 , anisotropic correlation (target) =  0.533911
anisolt tmp_sym.lat tmp_sym_aniso.lat 57.155,57.87,68.988,90.0,112.74,90.0
corrlt tmp_sym_aniso.lat data.lat
Function iteration =  18 , (sigma) = ( 0.015073770818990695 ), overall correlation =  0.0 , anisotropic correlation (target) =  0.533895
Function iteration =  19 , (sigma) = ( -0.336820665032342 ), overall correlation =  0 , anisotropic correlation (target) =  0
anisolt tmp_sym.lat tmp_sym_aniso.lat 57.155,57.87,68.988,90.0,112.74,90.0
corrlt tmp_sym_aniso.lat data.lat
Function iteration =  20 , (sigma) = ( 0.011589667483829003 ), overall correlation =  0.0 , anisotropic correlation (target) =  0.533911
anisolt tmp_sym.lat tmp_sym_aniso.lat 57.155,57.87,68.988,90.0,112.74,90.0
corrlt tmp_sym_aniso.lat data.lat
Function iteration =  21 , (sigma) = ( 1.011589667483829 ), overall correlation =  0.0 , anisotropic correlation (target) =  0.131569
Function iteration =  22 , (sigma) = ( -1.606444332516171 ), overall correlation =  0 , anisotropic correlation (target) =  0
anisolt tmp_sym.lat tmp_sym_aniso.lat 57.155,57.87,68.988,90.0,112.74,90.0
corrlt tmp_sym_aniso.lat data.lat
Function iteration =  23 , (sigma) = ( 0.011589667483829003 ), overall correlation =  0.0 , anisotropic correlation (target) =  0.533911
Function iteration =  24 , (sigma) = ( -0.6064443073601711 ), overall correlation =  0 , anisotropic correlation (target) =  0
anisolt tmp_sym.lat tmp_sym_aniso.lat 57.155,57.87,68.988,90.0,112.74,90.0
corrlt tmp_sym_aniso.lat data.lat
Function iteration =  25 , (sigma) = ( 0.39355566748382903 ), overall correlation =  0.0 , anisotropic correlation (target) =  0.451855
anisolt tmp_sym.lat tmp_sym_aniso.lat 57.155,57.87,68.988,90.0,112.74,90.0
corrlt tmp_sym_aniso.lat data.lat
Function iteration =  26 , (sigma) = ( 0.10299767249262227 ), overall correlation =  0.0 , anisotropic correlation (target) =  0.531592
anisolt tmp_sym.lat tmp_sym_aniso.lat 57.155,57.87,68.988,90.0,112.74,90.0
corrlt tmp_sym_aniso.lat data.lat
Function iteration =  27 , (sigma) = ( 0.03783953936153445 ), overall correlation =  0.0 , anisotropic correlation (target) =  0.533677
anisolt tmp_sym.lat tmp_sym_aniso.lat 57.155,57.87,68.988,90.0,112.74,90.0
corrlt tmp_sym_aniso.lat data.lat
Function iteration =  28 , (sigma) = ( 0.00706569681925624 ), overall correlation =  0.0 , anisotropic correlation (target) =  0.533918
anisolt tmp_sym.lat tmp_sym_aniso.lat 57.155,57.87,68.988,90.0,112.74,90.0
corrlt tmp_sym_aniso.lat data.lat
Function iteration =  29 , (sigma) = ( 0.006095927494674315 ), overall correlation =  0.0 , anisotropic correlation (target) =  0.533917
anisolt tmp_sym.lat tmp_sym_aniso.lat 57.155,57.87,68.988,90.0,112.74,90.0
corrlt tmp_sym_aniso.lat data.lat
Function iteration =  30 , (sigma) = ( 0.007679324203854048 ), overall correlation =  0.0 , anisotropic correlation (target) =  0.533917
anisolt tmp_sym.lat tmp_sym_aniso.lat 57.155,57.87,68.988,90.0,112.74,90.0
corrlt tmp_sym_aniso.lat data.lat
Function iteration =  31 , (sigma) = ( 0.006887625849264181 ), overall correlation =  0.0 , anisotropic correlation (target) =  0.533929
anisolt tmp_sym.lat tmp_sym_aniso.lat 57.155,57.87,68.988,90.0,112.74,90.0
corrlt tmp_sym_aniso.lat data.lat
Function iteration =  32 , (sigma) = ( 0.006585223995554908 ), overall correlation =  0.0 , anisotropic correlation (target) =  0.533887
anisolt tmp_sym.lat tmp_sym_aniso.lat 57.155,57.87,68.988,90.0,112.74,90.0
corrlt tmp_sym_aniso.lat data.lat
Function iteration =  33 , (sigma) = ( 0.006772118622810265 ), overall correlation =  0.0 , anisotropic correlation (target) =  0.533925
anisolt tmp_sym.lat tmp_sym_aniso.lat 57.155,57.87,68.988,90.0,112.74,90.0
corrlt tmp_sym_aniso.lat data.lat
Function iteration =  34 , (sigma) = ( 0.006840605422918533 ), overall correlation =  0.0 , anisotropic correlation (target) =  0.533919
anisolt tmp_sym.lat tmp_sym_aniso.lat 57.155,57.87,68.988,90.0,112.74,90.0
corrlt tmp_sym_aniso.lat data.lat
Function iteration =  35 , (sigma) = ( 0.006955642905388168 ), overall correlation =  0.0 , anisotropic correlation (target) =  0.533908
Optimization terminated successfully.
         Current function value: -0.533929
         Iterations: 2
         Function evaluations: 35
Refined sigma =  0.006887625849264181
