origin: 40 41 49
82 84 100 688800
Initializing the hkl file data...
Reading the hkl file data...
...done
Writing file
Done writing file
anisolt tmp_sym.lat tmp_sym_aniso.lat 57.249,58.133,69.087,90.0,112.78,90.0
corrlt tmp_sym_aniso.lat data.lat
Function iteration =  1 , (sigma) = ( 0.36 ), overall correlation =  0.0 , anisotropic correlation (target) =  0.467834
anisolt tmp_sym.lat tmp_sym_aniso.lat 57.249,58.133,69.087,90.0,112.78,90.0
corrlt tmp_sym_aniso.lat data.lat
Function iteration =  2 , (sigma) = ( 0.36 ), overall correlation =  0.0 , anisotropic correlation (target) =  0.467834
anisolt tmp_sym.lat tmp_sym_aniso.lat 57.249,58.133,69.087,90.0,112.78,90.0
corrlt tmp_sym_aniso.lat data.lat
Function iteration =  3 , (sigma) = ( 1.3599999999999999 ), overall correlation =  0.0 , anisotropic correlation (target) =  0.0510037
Function iteration =  4 , (sigma) = ( -1.2580339999999999 ), overall correlation =  0 , anisotropic correlation (target) =  0
anisolt tmp_sym.lat tmp_sym_aniso.lat 57.249,58.133,69.087,90.0,112.78,90.0
corrlt tmp_sym_aniso.lat data.lat
Function iteration =  5 , (sigma) = ( 0.36 ), overall correlation =  0.0 , anisotropic correlation (target) =  0.467834
Function iteration =  6 , (sigma) = ( -0.25803397484400004 ), overall correlation =  0 , anisotropic correlation (target) =  0
anisolt tmp_sym.lat tmp_sym_aniso.lat 57.249,58.133,69.087,90.0,112.78,90.0
corrlt tmp_sym_aniso.lat data.lat
Function iteration =  7 , (sigma) = ( 0.741966 ), overall correlation =  0.0 , anisotropic correlation (target) =  0.2425
anisolt tmp_sym.lat tmp_sym_aniso.lat 57.249,58.133,69.087,90.0,112.78,90.0
corrlt tmp_sym_aniso.lat data.lat
Function iteration =  8 , (sigma) = ( 0.3319873150342154 ), overall correlation =  0.0 , anisotropic correlation (target) =  0.481719
anisolt tmp_sym.lat tmp_sym_aniso.lat 57.249,58.133,69.087,90.0,112.78,90.0
corrlt tmp_sym_aniso.lat data.lat
Function iteration =  9 , (sigma) = ( 0.10661924302459297 ), overall correlation =  0.0 , anisotropic correlation (target) =  0.548498
anisolt tmp_sym.lat tmp_sym_aniso.lat 57.249,58.133,69.087,90.0,112.78,90.0
corrlt tmp_sym_aniso.lat data.lat
Function iteration =  10 , (sigma) = ( 0.030999674915708764 ), overall correlation =  0.0 , anisotropic correlation (target) =  0.553383
anisolt tmp_sym.lat tmp_sym_aniso.lat 57.249,58.133,69.087,90.0,112.78,90.0
corrlt tmp_sym_aniso.lat data.lat
Function iteration =  11 , (sigma) = ( 0.026852682370062053 ), overall correlation =  0.0 , anisotropic correlation (target) =  0.553488
anisolt tmp_sym.lat tmp_sym_aniso.lat 57.249,58.133,69.087,90.0,112.78,90.0
corrlt tmp_sym_aniso.lat data.lat
Function iteration =  12 , (sigma) = ( 0.00321783927455499 ), overall correlation =  0.0 , anisotropic correlation (target) =  0.553831
Function iteration =  13 , (sigma) = ( -0.096571471157053 ), overall correlation =  0 , anisotropic correlation (target) =  0
Function iteration =  14 , (sigma) = ( -0.0036183929040907725 ), overall correlation =  0 , anisotropic correlation (target) =  0
anisolt tmp_sym.lat tmp_sym_aniso.lat 57.249,58.133,69.087,90.0,112.78,90.0
corrlt tmp_sym_aniso.lat data.lat
Function iteration =  15 , (sigma) = ( 0.012245545752373466 ), overall correlation =  0.0 , anisotropic correlation (target) =  0.55375
anisolt tmp_sym.lat tmp_sym_aniso.lat 57.249,58.133,69.087,90.0,112.78,90.0
corrlt tmp_sym_aniso.lat data.lat
Function iteration =  16 , (sigma) = ( 0.006785660891809431 ), overall correlation =  0.0 , anisotropic correlation (target) =  0.553771
Function iteration =  17 , (sigma) = ( -0.35356432145089 ), overall correlation =  0 , anisotropic correlation (target) =  0
anisolt tmp_sym.lat tmp_sym_aniso.lat 57.249,58.133,69.087,90.0,112.78,90.0
corrlt tmp_sym_aniso.lat data.lat
Function iteration =  18 , (sigma) = ( 0.00321783927455499 ), overall correlation =  0.0 , anisotropic correlation (target) =  0.553831
anisolt tmp_sym.lat tmp_sym_aniso.lat 57.249,58.133,69.087,90.0,112.78,90.0
corrlt tmp_sym_aniso.lat data.lat
Function iteration =  19 , (sigma) = ( 1.003217839274555 ), overall correlation =  0.0 , anisotropic correlation (target) =  0.120226
Function iteration =  20 , (sigma) = ( -1.614816160725445 ), overall correlation =  0 , anisotropic correlation (target) =  0
anisolt tmp_sym.lat tmp_sym_aniso.lat 57.249,58.133,69.087,90.0,112.78,90.0
corrlt tmp_sym_aniso.lat data.lat
Function iteration =  21 , (sigma) = ( 0.00321783927455499 ), overall correlation =  0.0 , anisotropic correlation (target) =  0.553831
Function iteration =  22 , (sigma) = ( -0.614816135569445 ), overall correlation =  0 , anisotropic correlation (target) =  0
anisolt tmp_sym.lat tmp_sym_aniso.lat 57.249,58.133,69.087,90.0,112.78,90.0
corrlt tmp_sym_aniso.lat data.lat
Function iteration =  23 , (sigma) = ( 0.385183839274555 ), overall correlation =  0.0 , anisotropic correlation (target) =  0.45467
anisolt tmp_sym.lat tmp_sym_aniso.lat 57.249,58.133,69.087,90.0,112.78,90.0
corrlt tmp_sym_aniso.lat data.lat
Function iteration =  24 , (sigma) = ( 0.08188734271965648 ), overall correlation =  0.0 , anisotropic correlation (target) =  0.550813
anisolt tmp_sym.lat tmp_sym_aniso.lat 57.249,58.133,69.087,90.0,112.78,90.0
corrlt tmp_sym_aniso.lat data.lat
Function iteration =  25 , (sigma) = ( 0.016257237588261003 ), overall correlation =  0.0 , anisotropic correlation (target) =  0.553661
Function iteration =  26 , (sigma) = ( -0.007155373766942226 ), overall correlation =  0 , anisotropic correlation (target) =  0
anisolt tmp_sym.lat tmp_sym_aniso.lat 57.249,58.133,69.087,90.0,112.78,90.0
corrlt tmp_sym_aniso.lat data.lat
Function iteration =  27 , (sigma) = ( 0.008198446090848022 ), overall correlation =  0.0 , anisotropic correlation (target) =  0.553759
Function iteration =  28 , (sigma) = ( -0.0007443754180535356 ), overall correlation =  0 , anisotropic correlation (target) =  0
anisolt tmp_sym.lat tmp_sym_aniso.lat 57.249,58.133,69.087,90.0,112.78,90.0
corrlt tmp_sym_aniso.lat data.lat
Function iteration =  29 , (sigma) = ( 0.005120261737747174 ), overall correlation =  0.0 , anisotropic correlation (target) =  0.553818
anisolt tmp_sym.lat tmp_sym_aniso.lat 57.249,58.133,69.087,90.0,112.78,90.0
corrlt tmp_sym_aniso.lat data.lat
Function iteration =  30 , (sigma) = ( 0.002789322440150217 ), overall correlation =  0.0 , anisotropic correlation (target) =  0.553657
anisolt tmp_sym.lat tmp_sym_aniso.lat 57.249,58.133,69.087,90.0,112.78,90.0
corrlt tmp_sym_aniso.lat data.lat
Function iteration =  31 , (sigma) = ( 0.003944499973130656 ), overall correlation =  0.0 , anisotropic correlation (target) =  0.553807
anisolt tmp_sym.lat tmp_sym_aniso.lat 57.249,58.133,69.087,90.0,112.78,90.0
corrlt tmp_sym_aniso.lat data.lat
Function iteration =  32 , (sigma) = ( 0.003495398954947143 ), overall correlation =  0.0 , anisotropic correlation (target) =  0.553797
anisolt tmp_sym.lat tmp_sym_aniso.lat 57.249,58.133,69.087,90.0,112.78,90.0
corrlt tmp_sym_aniso.lat data.lat
Function iteration =  33 , (sigma) = ( 0.0030541604133847364 ), overall correlation =  0.0 , anisotropic correlation (target) =  0.553867
anisolt tmp_sym.lat tmp_sym_aniso.lat 57.249,58.133,69.087,90.0,112.78,90.0
corrlt tmp_sym_aniso.lat data.lat
Function iteration =  34 , (sigma) = ( 0.00295300131210024 ), overall correlation =  0.0 , anisotropic correlation (target) =  0.55372
anisolt tmp_sym.lat tmp_sym_aniso.lat 57.249,58.133,69.087,90.0,112.78,90.0
corrlt tmp_sym_aniso.lat data.lat
Function iteration =  35 , (sigma) = ( 0.0031166801732704936 ), overall correlation =  0.0 , anisotropic correlation (target) =  0.553903
anisolt tmp_sym.lat tmp_sym_aniso.lat 57.249,58.133,69.087,90.0,112.78,90.0
corrlt tmp_sym_aniso.lat data.lat
Function iteration =  36 , (sigma) = ( 0.0031220200002974306 ), overall correlation =  0.0 , anisotropic correlation (target) =  0.553875
anisolt tmp_sym.lat tmp_sym_aniso.lat 57.249,58.133,69.087,90.0,112.78,90.0
corrlt tmp_sym_aniso.lat data.lat
Function iteration =  37 , (sigma) = ( 0.0030887775589697585 ), overall correlation =  0.0 , anisotropic correlation (target) =  0.553852
anisolt tmp_sym.lat tmp_sym_aniso.lat 57.249,58.133,69.087,90.0,112.78,90.0
corrlt tmp_sym_aniso.lat data.lat
Function iteration =  38 , (sigma) = ( 0.003106022323296499 ), overall correlation =  0.0 , anisotropic correlation (target) =  0.553882
anisolt tmp_sym.lat tmp_sym_aniso.lat 57.249,58.133,69.087,90.0,112.78,90.0
corrlt tmp_sym_aniso.lat data.lat
Function iteration =  39 , (sigma) = ( 0.0031135359936767925 ), overall correlation =  0.0 , anisotropic correlation (target) =  0.553906
anisolt tmp_sym.lat tmp_sym_aniso.lat 57.249,58.133,69.087,90.0,112.78,90.0
corrlt tmp_sym_aniso.lat data.lat
Function iteration =  40 , (sigma) = ( 0.0031145790364855742 ), overall correlation =  0.0 , anisotropic correlation (target) =  0.553893
anisolt tmp_sym.lat tmp_sym_aniso.lat 57.249,58.133,69.087,90.0,112.78,90.0
corrlt tmp_sym_aniso.lat data.lat
Function iteration =  41 , (sigma) = ( 0.003110666027056313 ), overall correlation =  0.0 , anisotropic correlation (target) =  0.553884
anisolt tmp_sym.lat tmp_sym_aniso.lat 57.249,58.133,69.087,90.0,112.78,90.0
corrlt tmp_sym_aniso.lat data.lat
Function iteration =  42 , (sigma) = ( 0.0031124397640066343 ), overall correlation =  0.0 , anisotropic correlation (target) =  0.553868
anisolt tmp_sym.lat tmp_sym_aniso.lat 57.249,58.133,69.087,90.0,112.78,90.0
corrlt tmp_sym_aniso.lat data.lat
Function iteration =  43 , (sigma) = ( 0.003009232712798595 ), overall correlation =  0.0 , anisotropic correlation (target) =  0.553772
anisolt tmp_sym.lat tmp_sym_aniso.lat 57.249,58.133,69.087,90.0,112.78,90.0
corrlt tmp_sym_aniso.lat data.lat
Function iteration =  44 , (sigma) = ( 0.0031135359936767925 ), overall correlation =  0.0 , anisotropic correlation (target) =  0.553906
anisolt tmp_sym.lat tmp_sym_aniso.lat 57.249,58.133,69.087,90.0,112.78,90.0
corrlt tmp_sym_aniso.lat data.lat
Function iteration =  45 , (sigma) = ( 1.0031135359936767 ), overall correlation =  0.0 , anisotropic correlation (target) =  0.120261
Function iteration =  46 , (sigma) = ( -1.6149204640063233 ), overall correlation =  0 , anisotropic correlation (target) =  0
anisolt tmp_sym.lat tmp_sym_aniso.lat 57.249,58.133,69.087,90.0,112.78,90.0
corrlt tmp_sym_aniso.lat data.lat
Function iteration =  47 , (sigma) = ( 0.0031135359936767925 ), overall correlation =  0.0 , anisotropic correlation (target) =  0.553906
Function iteration =  48 , (sigma) = ( -0.6149204388503232 ), overall correlation =  0 , anisotropic correlation (target) =  0
anisolt tmp_sym.lat tmp_sym_aniso.lat 57.249,58.133,69.087,90.0,112.78,90.0
corrlt tmp_sym_aniso.lat data.lat
Function iteration =  49 , (sigma) = ( 0.38507953599367684 ), overall correlation =  0.0 , anisotropic correlation (target) =  0.454724
anisolt tmp_sym.lat tmp_sym_aniso.lat 57.249,58.133,69.087,90.0,112.78,90.0
corrlt tmp_sym_aniso.lat data.lat
Function iteration =  50 , (sigma) = ( 0.08177639096419652 ), overall correlation =  0.0 , anisotropic correlation (target) =  0.550819
anisolt tmp_sym.lat tmp_sym_aniso.lat 57.249,58.133,69.087,90.0,112.78,90.0
corrlt tmp_sym_aniso.lat data.lat
Function iteration =  51 , (sigma) = ( 0.015444828046160151 ), overall correlation =  0.0 , anisotropic correlation (target) =  0.553691
Function iteration =  52 , (sigma) = ( -0.017236457506314126 ), overall correlation =  0 , anisotropic correlation (target) =  0
Function iteration =  53 , (sigma) = ( -0.00465946962354074 ), overall correlation =  0 , anisotropic correlation (target) =  0
anisolt tmp_sym.lat tmp_sym_aniso.lat 57.249,58.133,69.087,90.0,112.78,90.0
corrlt tmp_sym_aniso.lat data.lat
Function iteration =  54 , (sigma) = ( 0.007823670293795652 ), overall correlation =  0.0 , anisotropic correlation (target) =  0.553761
anisolt tmp_sym.lat tmp_sym_aniso.lat 57.249,58.133,69.087,90.0,112.78,90.0
corrlt tmp_sym_aniso.lat data.lat
Function iteration =  55 , (sigma) = ( 0.00014451213009068027 ), overall correlation =  0.0 , anisotropic correlation (target) =  0.50958
anisolt tmp_sym.lat tmp_sym_aniso.lat 57.249,58.133,69.087,90.0,112.78,90.0
corrlt tmp_sym_aniso.lat data.lat
Function iteration =  56 , (sigma) = ( 0.004912647151755992 ), overall correlation =  0.0 , anisotropic correlation (target) =  0.553777
anisolt tmp_sym.lat tmp_sym_aniso.lat 57.249,58.133,69.087,90.0,112.78,90.0
corrlt tmp_sym_aniso.lat data.lat
Function iteration =  57 , (sigma) = ( 0.0019794698245982597 ), overall correlation =  0.0 , anisotropic correlation (target) =  0.553846
anisolt tmp_sym.lat tmp_sym_aniso.lat 57.249,58.133,69.087,90.0,112.78,90.0
corrlt tmp_sym_aniso.lat data.lat
Function iteration =  58 , (sigma) = ( 0.0031691925378829833 ), overall correlation =  0.0 , anisotropic correlation (target) =  0.553827
anisolt tmp_sym.lat tmp_sym_aniso.lat 57.249,58.133,69.087,90.0,112.78,90.0
corrlt tmp_sym_aniso.lat data.lat
Function iteration =  59 , (sigma) = ( 0.0025678788091729205 ), overall correlation =  0.0 , anisotropic correlation (target) =  0.553795
anisolt tmp_sym.lat tmp_sym_aniso.lat 57.249,58.133,69.087,90.0,112.78,90.0
corrlt tmp_sym_aniso.lat data.lat
Function iteration =  60 , (sigma) = ( 0.0029051135015405864 ), overall correlation =  0.0 , anisotropic correlation (target) =  0.553665
anisolt tmp_sym.lat tmp_sym_aniso.lat 57.249,58.133,69.087,90.0,112.78,90.0
corrlt tmp_sym_aniso.lat data.lat
Function iteration =  61 , (sigma) = ( 0.0030339256880454945 ), overall correlation =  0.0 , anisotropic correlation (target) =  0.553845
anisolt tmp_sym.lat tmp_sym_aniso.lat 57.249,58.133,69.087,90.0,112.78,90.0
corrlt tmp_sym_aniso.lat data.lat
Function iteration =  62 , (sigma) = ( 0.003083127563676028 ), overall correlation =  0.0 , anisotropic correlation (target) =  0.553843
anisolt tmp_sym.lat tmp_sym_aniso.lat 57.249,58.133,69.087,90.0,112.78,90.0
corrlt tmp_sym_aniso.lat data.lat
Function iteration =  63 , (sigma) = ( 0.0031347949012410547 ), overall correlation =  0.0 , anisotropic correlation (target) =  0.553885
anisolt tmp_sym.lat tmp_sym_aniso.lat 57.249,58.133,69.087,90.0,112.78,90.0
corrlt tmp_sym_aniso.lat data.lat
Function iteration =  64 , (sigma) = ( 0.0031019210073031205 ), overall correlation =  0.0 , anisotropic correlation (target) =  0.553857
anisolt tmp_sym.lat tmp_sym_aniso.lat 57.249,58.133,69.087,90.0,112.78,90.0
corrlt tmp_sym_aniso.lat data.lat
Function iteration =  65 , (sigma) = ( 0.003121046896181268 ), overall correlation =  0.0 , anisotropic correlation (target) =  0.553895
anisolt tmp_sym.lat tmp_sym_aniso.lat 57.249,58.133,69.087,90.0,112.78,90.0
corrlt tmp_sym_aniso.lat data.lat
Function iteration =  66 , (sigma) = ( 0.0031090994637915864 ), overall correlation =  0.0 , anisotropic correlation (target) =  0.553888
anisolt tmp_sym.lat tmp_sym_aniso.lat 57.249,58.133,69.087,90.0,112.78,90.0
corrlt tmp_sym_aniso.lat data.lat
Function iteration =  67 , (sigma) = ( 0.003115707035545732 ), overall correlation =  0.0 , anisotropic correlation (target) =  0.553893
anisolt tmp_sym.lat tmp_sym_aniso.lat 57.249,58.133,69.087,90.0,112.78,90.0
corrlt tmp_sym_aniso.lat data.lat
Function iteration =  68 , (sigma) = ( 0.00311184139010266 ), overall correlation =  0.0 , anisotropic correlation (target) =  0.553891
anisolt tmp_sym.lat tmp_sym_aniso.lat 57.249,58.133,69.087,90.0,112.78,90.0
corrlt tmp_sym_aniso.lat data.lat
Function iteration =  69 , (sigma) = ( 0.003114365257855304 ), overall correlation =  0.0 , anisotropic correlation (target) =  0.553904
anisolt tmp_sym.lat tmp_sym_aniso.lat 57.249,58.133,69.087,90.0,112.78,90.0
corrlt tmp_sym_aniso.lat data.lat
Function iteration =  70 , (sigma) = ( 0.0031128887127279954 ), overall correlation =  0.0 , anisotropic correlation (target) =  0.553889
anisolt tmp_sym.lat tmp_sym_aniso.lat 57.249,58.133,69.087,90.0,112.78,90.0
corrlt tmp_sym_aniso.lat data.lat
Function iteration =  71 , (sigma) = ( 0.003113852744398002 ), overall correlation =  0.0 , anisotropic correlation (target) =  0.553901
anisolt tmp_sym.lat tmp_sym_aniso.lat 57.249,58.133,69.087,90.0,112.78,90.0
corrlt tmp_sym_aniso.lat data.lat
Function iteration =  72 , (sigma) = ( 0.003113288754361904 ), overall correlation =  0.0 , anisotropic correlation (target) =  0.553894
anisolt tmp_sym.lat tmp_sym_aniso.lat 57.249,58.133,69.087,90.0,112.78,90.0
corrlt tmp_sym_aniso.lat data.lat
Function iteration =  73 , (sigma) = ( 0.00311365698168277 ), overall correlation =  0.0 , anisotropic correlation (target) =  0.553909
anisolt tmp_sym.lat tmp_sym_aniso.lat 57.249,58.133,69.087,90.0,112.78,90.0
corrlt tmp_sym_aniso.lat data.lat
Function iteration =  74 , (sigma) = ( 0.0031137317563840563 ), overall correlation =  0.0 , anisotropic correlation (target) =  0.553905
anisolt tmp_sym.lat tmp_sym_aniso.lat 57.249,58.133,69.087,90.0,112.78,90.0
corrlt tmp_sym_aniso.lat data.lat
Function iteration =  75 , (sigma) = ( 0.0031136274885085217 ), overall correlation =  0.0 , anisotropic correlation (target) =  0.55391
anisolt tmp_sym.lat tmp_sym_aniso.lat 57.249,58.133,69.087,90.0,112.78,90.0
corrlt tmp_sym_aniso.lat data.lat
Function iteration =  76 , (sigma) = ( 0.003113615811484034 ), overall correlation =  0.0 , anisotropic correlation (target) =  0.553909
anisolt tmp_sym.lat tmp_sym_aniso.lat 57.249,58.133,69.087,90.0,112.78,90.0
corrlt tmp_sym_aniso.lat data.lat
Function iteration =  77 , (sigma) = ( 0.0031136363965834023 ), overall correlation =  0.0 , anisotropic correlation (target) =  0.553912
anisolt tmp_sym.lat tmp_sym_aniso.lat 57.249,58.133,69.087,90.0,112.78,90.0
corrlt tmp_sym_aniso.lat data.lat
Function iteration =  78 , (sigma) = ( 0.003113644259391467 ), overall correlation =  0.0 , anisotropic correlation (target) =  0.55391
anisolt tmp_sym.lat tmp_sym_aniso.lat 57.249,58.133,69.087,90.0,112.78,90.0
corrlt tmp_sym_aniso.lat data.lat
Function iteration =  79 , (sigma) = ( 0.003113635382554336 ), overall correlation =  0.0 , anisotropic correlation (target) =  0.553912
anisolt tmp_sym.lat tmp_sym_aniso.lat 57.249,58.133,69.087,90.0,112.78,90.0
corrlt tmp_sym_aniso.lat data.lat
Function iteration =  80 , (sigma) = ( 0.003113634378665561 ), overall correlation =  0.0 , anisotropic correlation (target) =  0.553911
Optimization terminated successfully.
         Current function value: -0.553912
         Iterations: 3
         Function evaluations: 80
Refined sigma =  0.003113635382554336
