origin: 40 42 49
82 86 100 705200
Initializing the hkl file data...
Reading the hkl file data...
...done
Writing file
Done writing file
anisolt tmp_sym.lat tmp_sym_aniso.lat 56.295,59.716,69.505,90.0,110.88,90.0
corrlt tmp_sym_aniso.lat data.lat
Function iteration =  1 , (sigma) = ( 0.36 ), overall correlation =  0.0 , anisotropic correlation (target) =  0.466145
anisolt tmp_sym.lat tmp_sym_aniso.lat 56.295,59.716,69.505,90.0,110.88,90.0
corrlt tmp_sym_aniso.lat data.lat
Function iteration =  2 , (sigma) = ( 0.36 ), overall correlation =  0.0 , anisotropic correlation (target) =  0.466145
anisolt tmp_sym.lat tmp_sym_aniso.lat 56.295,59.716,69.505,90.0,110.88,90.0
corrlt tmp_sym_aniso.lat data.lat
Function iteration =  3 , (sigma) = ( 1.3599999999999999 ), overall correlation =  0.0 , anisotropic correlation (target) =  0.0460234
Function iteration =  4 , (sigma) = ( -1.2580339999999999 ), overall correlation =  0 , anisotropic correlation (target) =  0
anisolt tmp_sym.lat tmp_sym_aniso.lat 56.295,59.716,69.505,90.0,110.88,90.0
corrlt tmp_sym_aniso.lat data.lat
Function iteration =  5 , (sigma) = ( 0.36 ), overall correlation =  0.0 , anisotropic correlation (target) =  0.466145
Function iteration =  6 , (sigma) = ( -0.25803397484400004 ), overall correlation =  0 , anisotropic correlation (target) =  0
anisolt tmp_sym.lat tmp_sym_aniso.lat 56.295,59.716,69.505,90.0,110.88,90.0
corrlt tmp_sym_aniso.lat data.lat
Function iteration =  7 , (sigma) = ( 0.741966 ), overall correlation =  0.0 , anisotropic correlation (target) =  0.262134
anisolt tmp_sym.lat tmp_sym_aniso.lat 56.295,59.716,69.505,90.0,110.88,90.0
corrlt tmp_sym_aniso.lat data.lat
Function iteration =  8 , (sigma) = ( 0.3436987596621041 ), overall correlation =  0.0 , anisotropic correlation (target) =  0.473532
anisolt tmp_sym.lat tmp_sym_aniso.lat 56.295,59.716,69.505,90.0,110.88,90.0
corrlt tmp_sym_aniso.lat data.lat
Function iteration =  9 , (sigma) = ( 0.11385731399374555 ), overall correlation =  0.0 , anisotropic correlation (target) =  0.535668
anisolt tmp_sym.lat tmp_sym_aniso.lat 56.295,59.716,69.505,90.0,110.88,90.0
corrlt tmp_sym_aniso.lat data.lat
Function iteration =  10 , (sigma) = ( 0.04678060789077415 ), overall correlation =  0.0 , anisotropic correlation (target) =  0.539187
anisolt tmp_sym.lat tmp_sym_aniso.lat 56.295,59.716,69.505,90.0,110.88,90.0
corrlt tmp_sym_aniso.lat data.lat
Function iteration =  11 , (sigma) = ( 0.04364841395968189 ), overall correlation =  0.0 , anisotropic correlation (target) =  0.539265
anisolt tmp_sym.lat tmp_sym_aniso.lat 56.295,59.716,69.505,90.0,110.88,90.0
corrlt tmp_sym_aniso.lat data.lat
Function iteration =  12 , (sigma) = ( 0.013494422726988808 ), overall correlation =  0.0 , anisotropic correlation (target) =  0.539709
Function iteration =  13 , (sigma) = ( -0.0902201931796115 ), overall correlation =  0 , anisotropic correlation (target) =  0
anisolt tmp_sym.lat tmp_sym_aniso.lat 56.295,59.716,69.505,90.0,110.88,90.0
corrlt tmp_sym_aniso.lat data.lat
Function iteration =  14 , (sigma) = ( 0.004494609470443778 ), overall correlation =  0.0 , anisotropic correlation (target) =  0.539738
anisolt tmp_sym.lat tmp_sym_aniso.lat 56.295,59.716,69.505,90.0,110.88,90.0
corrlt tmp_sym_aniso.lat data.lat
Function iteration =  15 , (sigma) = ( 0.0009395555551482415 ), overall correlation =  0.0 , anisotropic correlation (target) =  0.539648
anisolt tmp_sym.lat tmp_sym_aniso.lat 56.295,59.716,69.505,90.0,110.88,90.0
corrlt tmp_sym_aniso.lat data.lat
Function iteration =  16 , (sigma) = ( 0.008049663385739314 ), overall correlation =  0.0 , anisotropic correlation (target) =  0.539725
Function iteration =  17 , (sigma) = ( -0.35101078105911243 ), overall correlation =  0 , anisotropic correlation (target) =  0
anisolt tmp_sym.lat tmp_sym_aniso.lat 56.295,59.716,69.505,90.0,110.88,90.0
corrlt tmp_sym_aniso.lat data.lat
Function iteration =  18 , (sigma) = ( 0.004494609470443778 ), overall correlation =  0.0 , anisotropic correlation (target) =  0.539738
anisolt tmp_sym.lat tmp_sym_aniso.lat 56.295,59.716,69.505,90.0,110.88,90.0
corrlt tmp_sym_aniso.lat data.lat
Function iteration =  19 , (sigma) = ( 1.0044946094704437 ), overall correlation =  0.0 , anisotropic correlation (target) =  0.13004
Function iteration =  20 , (sigma) = ( -1.613539390529556 ), overall correlation =  0 , anisotropic correlation (target) =  0
anisolt tmp_sym.lat tmp_sym_aniso.lat 56.295,59.716,69.505,90.0,110.88,90.0
corrlt tmp_sym_aniso.lat data.lat
Function iteration =  21 , (sigma) = ( 0.004494609470443778 ), overall correlation =  0.0 , anisotropic correlation (target) =  0.539738
Function iteration =  22 , (sigma) = ( -0.6135393653735562 ), overall correlation =  0 , anisotropic correlation (target) =  0
anisolt tmp_sym.lat tmp_sym_aniso.lat 56.295,59.716,69.505,90.0,110.88,90.0
corrlt tmp_sym_aniso.lat data.lat
Function iteration =  23 , (sigma) = ( 0.3864606094704438 ), overall correlation =  0.0 , anisotropic correlation (target) =  0.453615
anisolt tmp_sym.lat tmp_sym_aniso.lat 56.295,59.716,69.505,90.0,110.88,90.0
corrlt tmp_sym_aniso.lat data.lat
Function iteration =  24 , (sigma) = ( 0.09287680475819768 ), overall correlation =  0.0 , anisotropic correlation (target) =  0.537234
anisolt tmp_sym.lat tmp_sym_aniso.lat 56.295,59.716,69.505,90.0,110.88,90.0
corrlt tmp_sym_aniso.lat data.lat
Function iteration =  25 , (sigma) = ( 0.02759001916064134 ), overall correlation =  0.0 , anisotropic correlation (target) =  0.539559
anisolt tmp_sym.lat tmp_sym_aniso.lat 56.295,59.716,69.505,90.0,110.88,90.0
corrlt tmp_sym_aniso.lat data.lat
Function iteration =  26 , (sigma) = ( 0.003749386557889889 ), overall correlation =  0.0 , anisotropic correlation (target) =  0.539733
anisolt tmp_sym.lat tmp_sym_aniso.lat 56.295,59.716,69.505,90.0,110.88,90.0
corrlt tmp_sym_aniso.lat data.lat
Function iteration =  27 , (sigma) = ( 0.009653046990181463 ), overall correlation =  0.0 , anisotropic correlation (target) =  0.539736
anisolt tmp_sym.lat tmp_sym_aniso.lat 56.295,59.716,69.505,90.0,110.88,90.0
corrlt tmp_sym_aniso.lat data.lat
Function iteration =  28 , (sigma) = ( 0.006464957216107903 ), overall correlation =  0.0 , anisotropic correlation (target) =  0.539742
anisolt tmp_sym.lat tmp_sym_aniso.lat 56.295,59.716,69.505,90.0,110.88,90.0
corrlt tmp_sym_aniso.lat data.lat
Function iteration =  29 , (sigma) = ( 0.006818211252851111 ), overall correlation =  0.0 , anisotropic correlation (target) =  0.539724
anisolt tmp_sym.lat tmp_sym_aniso.lat 56.295,59.716,69.505,90.0,110.88,90.0
corrlt tmp_sym_aniso.lat data.lat
Function iteration =  30 , (sigma) = ( 0.005712351369087559 ), overall correlation =  0.0 , anisotropic correlation (target) =  0.539741
anisolt tmp_sym.lat tmp_sym_aniso.lat 56.295,59.716,69.505,90.0,110.88,90.0
corrlt tmp_sym_aniso.lat data.lat
Function iteration =  31 , (sigma) = ( 0.00617748737114493 ), overall correlation =  0.0 , anisotropic correlation (target) =  0.539729
anisolt tmp_sym.lat tmp_sym_aniso.lat 56.295,59.716,69.505,90.0,110.88,90.0
corrlt tmp_sym_aniso.lat data.lat
Function iteration =  32 , (sigma) = ( 0.006599888247506559 ), overall correlation =  0.0 , anisotropic correlation (target) =  0.539768
anisolt tmp_sym.lat tmp_sym_aniso.lat 56.295,59.716,69.505,90.0,110.88,90.0
corrlt tmp_sym_aniso.lat data.lat
Function iteration =  33 , (sigma) = ( 0.006683280212565996 ), overall correlation =  0.0 , anisotropic correlation (target) =  0.539739
anisolt tmp_sym.lat tmp_sym_aniso.lat 56.295,59.716,69.505,90.0,110.88,90.0
corrlt tmp_sym_aniso.lat data.lat
Function iteration =  34 , (sigma) = ( 0.00654834918116734 ), overall correlation =  0.0 , anisotropic correlation (target) =  0.539752
anisolt tmp_sym.lat tmp_sym_aniso.lat 56.295,59.716,69.505,90.0,110.88,90.0
corrlt tmp_sym_aniso.lat data.lat
Function iteration =  35 , (sigma) = ( 0.006631741142832452 ), overall correlation =  0.0 , anisotropic correlation (target) =  0.539735
anisolt tmp_sym.lat tmp_sym_aniso.lat 56.295,59.716,69.505,90.0,110.88,90.0
corrlt tmp_sym_aniso.lat data.lat
Function iteration =  36 , (sigma) = ( 0.006578835449735931 ), overall correlation =  0.0 , anisotropic correlation (target) =  0.539756
Optimization terminated successfully.
         Current function value: -0.539768
         Iterations: 2
         Function evaluations: 36
Refined sigma =  0.006599888247506559
