origin: 40 42 49
82 86 100 705200
Initializing the hkl file data...
Reading the hkl file data...
...done
Writing file
Done writing file
anisolt tmp_sym.lat tmp_sym_aniso.lat 56.295,59.716,69.505,90.0,110.88,90.0
corrlt tmp_sym_aniso.lat data.lat
Function iteration =  1 , (sigma) = ( 0.36 ), overall correlation =  0.0 , anisotropic correlation (target) =  0.447549
anisolt tmp_sym.lat tmp_sym_aniso.lat 56.295,59.716,69.505,90.0,110.88,90.0
corrlt tmp_sym_aniso.lat data.lat
Function iteration =  2 , (sigma) = ( 0.36 ), overall correlation =  0.0 , anisotropic correlation (target) =  0.447549
anisolt tmp_sym.lat tmp_sym_aniso.lat 56.295,59.716,69.505,90.0,110.88,90.0
corrlt tmp_sym_aniso.lat data.lat
Function iteration =  3 , (sigma) = ( 1.3599999999999999 ), overall correlation =  0.0 , anisotropic correlation (target) =  0.0543365
Function iteration =  4 , (sigma) = ( -1.2580339999999999 ), overall correlation =  0 , anisotropic correlation (target) =  0
anisolt tmp_sym.lat tmp_sym_aniso.lat 56.295,59.716,69.505,90.0,110.88,90.0
corrlt tmp_sym_aniso.lat data.lat
Function iteration =  5 , (sigma) = ( 0.36 ), overall correlation =  0.0 , anisotropic correlation (target) =  0.447549
Function iteration =  6 , (sigma) = ( -0.25803397484400004 ), overall correlation =  0 , anisotropic correlation (target) =  0
anisolt tmp_sym.lat tmp_sym_aniso.lat 56.295,59.716,69.505,90.0,110.88,90.0
corrlt tmp_sym_aniso.lat data.lat
Function iteration =  7 , (sigma) = ( 0.741966 ), overall correlation =  0.0 , anisotropic correlation (target) =  0.255685
anisolt tmp_sym.lat tmp_sym_aniso.lat 56.295,59.716,69.505,90.0,110.88,90.0
corrlt tmp_sym_aniso.lat data.lat
Function iteration =  8 , (sigma) = ( 0.34620334372977957 ), overall correlation =  0.0 , anisotropic correlation (target) =  0.453445
anisolt tmp_sym.lat tmp_sym_aniso.lat 56.295,59.716,69.505,90.0,110.88,90.0
corrlt tmp_sym_aniso.lat data.lat
Function iteration =  9 , (sigma) = ( 0.11540523210342724 ), overall correlation =  0.0 , anisotropic correlation (target) =  0.515776
anisolt tmp_sym.lat tmp_sym_aniso.lat 56.295,59.716,69.505,90.0,110.88,90.0
corrlt tmp_sym_aniso.lat data.lat
Function iteration =  10 , (sigma) = ( 0.020809752801191073 ), overall correlation =  0.0 , anisotropic correlation (target) =  0.520835
anisolt tmp_sym.lat tmp_sym_aniso.lat 56.295,59.716,69.505,90.0,110.88,90.0
corrlt tmp_sym_aniso.lat data.lat
Function iteration =  11 , (sigma) = ( 0.027933848771342307 ), overall correlation =  0.0 , anisotropic correlation (target) =  0.520726
anisolt tmp_sym.lat tmp_sym_aniso.lat 56.295,59.716,69.505,90.0,110.88,90.0
corrlt tmp_sym_aniso.lat data.lat
Function iteration =  12 , (sigma) = ( 0.006845313685196364 ), overall correlation =  0.0 , anisotropic correlation (target) =  0.520971
Function iteration =  13 , (sigma) = ( -0.0943295686371467 ), overall correlation =  0 , anisotropic correlation (target) =  0
Function iteration =  14 , (sigma) = ( -0.0046381833879357015 ), overall correlation =  0 , anisotropic correlation (target) =  0
anisolt tmp_sym.lat tmp_sym_aniso.lat 56.295,59.716,69.505,90.0,110.88,90.0
corrlt tmp_sym_aniso.lat data.lat
Function iteration =  15 , (sigma) = ( 0.010376860558344414 ), overall correlation =  0.0 , anisotropic correlation (target) =  0.520937
anisolt tmp_sym.lat tmp_sym_aniso.lat 56.295,59.716,69.505,90.0,110.88,90.0
corrlt tmp_sym_aniso.lat data.lat
Function iteration =  16 , (sigma) = ( 0.0024590082421603876 ), overall correlation =  0.0 , anisotropic correlation (target) =  0.520924
Function iteration =  17 , (sigma) = ( -0.34630937262960726 ), overall correlation =  0 , anisotropic correlation (target) =  0
anisolt tmp_sym.lat tmp_sym_aniso.lat 56.295,59.716,69.505,90.0,110.88,90.0
corrlt tmp_sym_aniso.lat data.lat
Function iteration =  18 , (sigma) = ( 0.006845313685196364 ), overall correlation =  0.0 , anisotropic correlation (target) =  0.520971
anisolt tmp_sym.lat tmp_sym_aniso.lat 56.295,59.716,69.505,90.0,110.88,90.0
corrlt tmp_sym_aniso.lat data.lat
Function iteration =  19 , (sigma) = ( 1.0068453136851963 ), overall correlation =  0.0 , anisotropic correlation (target) =  0.131669
Function iteration =  20 , (sigma) = ( -1.6111886863148035 ), overall correlation =  0 , anisotropic correlation (target) =  0
anisolt tmp_sym.lat tmp_sym_aniso.lat 56.295,59.716,69.505,90.0,110.88,90.0
corrlt tmp_sym_aniso.lat data.lat
Function iteration =  21 , (sigma) = ( 0.006845313685196364 ), overall correlation =  0.0 , anisotropic correlation (target) =  0.520971
Function iteration =  22 , (sigma) = ( -0.6111886611588037 ), overall correlation =  0 , anisotropic correlation (target) =  0
anisolt tmp_sym.lat tmp_sym_aniso.lat 56.295,59.716,69.505,90.0,110.88,90.0
corrlt tmp_sym_aniso.lat data.lat
Function iteration =  23 , (sigma) = ( 0.3888113136851964 ), overall correlation =  0.0 , anisotropic correlation (target) =  0.434685
anisolt tmp_sym.lat tmp_sym_aniso.lat 56.295,59.716,69.505,90.0,110.88,90.0
corrlt tmp_sym_aniso.lat data.lat
Function iteration =  24 , (sigma) = ( 0.09215399056320608 ), overall correlation =  0.0 , anisotropic correlation (target) =  0.517841
anisolt tmp_sym.lat tmp_sym_aniso.lat 56.295,59.716,69.505,90.0,110.88,90.0
corrlt tmp_sym_aniso.lat data.lat
Function iteration =  25 , (sigma) = ( 0.020736696969293558 ), overall correlation =  0.0 , anisotropic correlation (target) =  0.520826
Function iteration =  26 , (sigma) = ( -0.0004071132649637347 ), overall correlation =  0 , anisotropic correlation (target) =  0
anisolt tmp_sym.lat tmp_sym_aniso.lat 56.295,59.716,69.505,90.0,110.88,90.0
corrlt tmp_sym_aniso.lat data.lat
Function iteration =  27 , (sigma) = ( 0.012151349792689833 ), overall correlation =  0.0 , anisotropic correlation (target) =  0.520937
anisolt tmp_sym.lat tmp_sym_aniso.lat 56.295,59.716,69.505,90.0,110.88,90.0
corrlt tmp_sym_aniso.lat data.lat
Function iteration =  28 , (sigma) = ( 0.002673434649424447 ), overall correlation =  0.0 , anisotropic correlation (target) =  0.520997
anisolt tmp_sym.lat tmp_sym_aniso.lat 56.295,59.716,69.505,90.0,110.88,90.0
corrlt tmp_sym_aniso.lat data.lat
Function iteration =  29 , (sigma) = ( 0.004266950597202103 ), overall correlation =  0.0 , anisotropic correlation (target) =  0.52098
anisolt tmp_sym.lat tmp_sym_aniso.lat 56.295,59.716,69.505,90.0,110.88,90.0
corrlt tmp_sym_aniso.lat data.lat
Function iteration =  30 , (sigma) = ( 0.0014967700847572513 ), overall correlation =  0.0 , anisotropic correlation (target) =  0.520753
anisolt tmp_sym.lat tmp_sym_aniso.lat 56.295,59.716,69.505,90.0,110.88,90.0
corrlt tmp_sym_aniso.lat data.lat
Function iteration =  31 , (sigma) = ( 0.0032821035619332874 ), overall correlation =  0.0 , anisotropic correlation (target) =  0.520999
anisolt tmp_sym.lat tmp_sym_aniso.lat 56.295,59.716,69.505,90.0,110.88,90.0
corrlt tmp_sym_aniso.lat data.lat
Function iteration =  32 , (sigma) = ( 0.003093723197592196 ), overall correlation =  0.0 , anisotropic correlation (target) =  0.521047
anisolt tmp_sym.lat tmp_sym_aniso.lat 56.295,59.716,69.505,90.0,110.88,90.0
corrlt tmp_sym_aniso.lat data.lat
Function iteration =  33 , (sigma) = ( 0.0029804445512765856 ), overall correlation =  0.0 , anisotropic correlation (target) =  0.520953
anisolt tmp_sym.lat tmp_sym_aniso.lat 56.295,59.716,69.505,90.0,110.88,90.0
corrlt tmp_sym_aniso.lat data.lat
Function iteration =  34 , (sigma) = ( 0.0031656780918381056 ), overall correlation =  0.0 , anisotropic correlation (target) =  0.52104
anisolt tmp_sym.lat tmp_sym_aniso.lat 56.295,59.716,69.505,90.0,110.88,90.0
corrlt tmp_sym_aniso.lat data.lat
Function iteration =  35 , (sigma) = ( 0.0030562072827161543 ), overall correlation =  0.0 , anisotropic correlation (target) =  0.520913
Function iteration =  36 , (sigma) = ( -0.0006578672900119714 ), overall correlation =  0 , anisotropic correlation (target) =  0
anisolt tmp_sym.lat tmp_sym_aniso.lat 56.295,59.716,69.505,90.0,110.88,90.0
corrlt tmp_sym_aniso.lat data.lat
Function iteration =  37 , (sigma) = ( 0.003093723197592196 ), overall correlation =  0.0 , anisotropic correlation (target) =  0.521047
anisolt tmp_sym.lat tmp_sym_aniso.lat 56.295,59.716,69.505,90.0,110.88,90.0
corrlt tmp_sym_aniso.lat data.lat
Function iteration =  38 , (sigma) = ( 1.0030937231975923 ), overall correlation =  0.0 , anisotropic correlation (target) =  0.13305
Function iteration =  39 , (sigma) = ( -1.6149402768024077 ), overall correlation =  0 , anisotropic correlation (target) =  0
anisolt tmp_sym.lat tmp_sym_aniso.lat 56.295,59.716,69.505,90.0,110.88,90.0
corrlt tmp_sym_aniso.lat data.lat
Function iteration =  40 , (sigma) = ( 0.003093723197592196 ), overall correlation =  0.0 , anisotropic correlation (target) =  0.521047
Function iteration =  41 , (sigma) = ( -0.6149402516464079 ), overall correlation =  0 , anisotropic correlation (target) =  0
anisolt tmp_sym.lat tmp_sym_aniso.lat 56.295,59.716,69.505,90.0,110.88,90.0
corrlt tmp_sym_aniso.lat data.lat
Function iteration =  42 , (sigma) = ( 0.38505972319759224 ), overall correlation =  0.0 , anisotropic correlation (target) =  0.436396
anisolt tmp_sym.lat tmp_sym_aniso.lat 56.295,59.716,69.505,90.0,110.88,90.0
corrlt tmp_sym_aniso.lat data.lat
Function iteration =  43 , (sigma) = ( 0.08999995301572583 ), overall correlation =  0.0 , anisotropic correlation (target) =  0.517961
anisolt tmp_sym.lat tmp_sym_aniso.lat 56.295,59.716,69.505,90.0,110.88,90.0
corrlt tmp_sym_aniso.lat data.lat
Function iteration =  44 , (sigma) = ( 0.018398284106110496 ), overall correlation =  0.0 , anisotropic correlation (target) =  0.520848
Function iteration =  45 , (sigma) = ( -0.009936833286289956 ), overall correlation =  0 , anisotropic correlation (target) =  0
anisolt tmp_sym.lat tmp_sym_aniso.lat 56.295,59.716,69.505,90.0,110.88,90.0
corrlt tmp_sym_aniso.lat data.lat
Function iteration =  46 , (sigma) = ( 0.008939545109575297 ), overall correlation =  0.0 , anisotropic correlation (target) =  0.520964
Function iteration =  47 , (sigma) = ( -0.0018835063403303339 ), overall correlation =  0 , anisotropic correlation (target) =  0
anisolt tmp_sym.lat tmp_sym_aniso.lat 56.295,59.716,69.505,90.0,110.88,90.0
corrlt tmp_sym_aniso.lat data.lat
Function iteration =  48 , (sigma) = ( 0.005326628410024734 ), overall correlation =  0.0 , anisotropic correlation (target) =  0.520963
anisolt tmp_sym.lat tmp_sym_aniso.lat 56.295,59.716,69.505,90.0,110.88,90.0
corrlt tmp_sym_aniso.lat data.lat
Function iteration =  49 , (sigma) = ( 0.0011925907399100788 ), overall correlation =  0.0 , anisotropic correlation (target) =  0.521018
anisolt tmp_sym.lat tmp_sym_aniso.lat 56.295,59.716,69.505,90.0,110.88,90.0
corrlt tmp_sym_aniso.lat data.lat
Function iteration =  50 , (sigma) = ( 0.004149329521428919 ), overall correlation =  0.0 , anisotropic correlation (target) =  0.521012
anisolt tmp_sym.lat tmp_sym_aniso.lat 56.295,59.716,69.505,90.0,110.88,90.0
corrlt tmp_sym_aniso.lat data.lat
Function iteration =  51 , (sigma) = ( 0.0026089899320385157 ), overall correlation =  0.0 , anisotropic correlation (target) =  0.520937
anisolt tmp_sym.lat tmp_sym_aniso.lat 56.295,59.716,69.505,90.0,110.88,90.0
corrlt tmp_sym_aniso.lat data.lat
Function iteration =  52 , (sigma) = ( 0.003496928922682814 ), overall correlation =  0.0 , anisotropic correlation (target) =  0.521034
anisolt tmp_sym.lat tmp_sym_aniso.lat 56.295,59.716,69.505,90.0,110.88,90.0
corrlt tmp_sym_aniso.lat data.lat
Function iteration =  53 , (sigma) = ( 0.002908571571081719 ), overall correlation =  0.0 , anisotropic correlation (target) =  0.520904
anisolt tmp_sym.lat tmp_sym_aniso.lat 56.295,59.716,69.505,90.0,110.88,90.0
corrlt tmp_sym_aniso.lat data.lat
Function iteration =  54 , (sigma) = ( 0.003247734075582159 ), overall correlation =  0.0 , anisotropic correlation (target) =  0.520969
anisolt tmp_sym.lat tmp_sym_aniso.lat 56.295,59.716,69.505,90.0,110.88,90.0
corrlt tmp_sym_aniso.lat data.lat
Function iteration =  55 , (sigma) = ( 0.003023001571420495 ), overall correlation =  0.0 , anisotropic correlation (target) =  0.520937
anisolt tmp_sym.lat tmp_sym_aniso.lat 56.295,59.716,69.505,90.0,110.88,90.0
corrlt tmp_sym_aniso.lat data.lat
Function iteration =  56 , (sigma) = ( 0.00315255011661451 ), overall correlation =  0.0 , anisotropic correlation (target) =  0.521019
anisolt tmp_sym.lat tmp_sym_aniso.lat 56.295,59.716,69.505,90.0,110.88,90.0
corrlt tmp_sym_aniso.lat data.lat
Function iteration =  57 , (sigma) = ( 0.003066709940929896 ), overall correlation =  0.0 , anisotropic correlation (target) =  0.520968
anisolt tmp_sym.lat tmp_sym_aniso.lat 56.295,59.716,69.505,90.0,110.88,90.0
corrlt tmp_sym_aniso.lat data.lat
Function iteration =  58 , (sigma) = ( 0.0031161930805434735 ), overall correlation =  0.0 , anisotropic correlation (target) =  0.521007
anisolt tmp_sym.lat tmp_sym_aniso.lat 56.295,59.716,69.505,90.0,110.88,90.0
corrlt tmp_sym_aniso.lat data.lat
Function iteration =  59 , (sigma) = ( 0.003083405051997924 ), overall correlation =  0.0 , anisotropic correlation (target) =  0.520944
anisolt tmp_sym.lat tmp_sym_aniso.lat 56.295,59.716,69.505,90.0,110.88,90.0
corrlt tmp_sym_aniso.lat data.lat
Function iteration =  60 , (sigma) = ( 0.0031023059289035635 ), overall correlation =  0.0 , anisotropic correlation (target) =  0.52104
anisolt tmp_sym.lat tmp_sym_aniso.lat 56.295,59.716,69.505,90.0,110.88,90.0
corrlt tmp_sym_aniso.lat data.lat
Function iteration =  61 , (sigma) = ( 0.003089782016792134 ), overall correlation =  0.0 , anisotropic correlation (target) =  0.520953
anisolt tmp_sym.lat tmp_sym_aniso.lat 56.295,59.716,69.505,90.0,110.88,90.0
corrlt tmp_sym_aniso.lat data.lat
Function iteration =  62 , (sigma) = ( 0.003097001509140274 ), overall correlation =  0.0 , anisotropic correlation (target) =  0.521049
anisolt tmp_sym.lat tmp_sym_aniso.lat 56.295,59.716,69.505,90.0,110.88,90.0
corrlt tmp_sym_aniso.lat data.lat
Function iteration =  63 , (sigma) = ( 0.0030964972891552567 ), overall correlation =  0.0 , anisotropic correlation (target) =  0.521052
anisolt tmp_sym.lat tmp_sym_aniso.lat 56.295,59.716,69.505,90.0,110.88,90.0
corrlt tmp_sym_aniso.lat data.lat
Function iteration =  64 , (sigma) = ( 0.0030954913494081592 ), overall correlation =  0.0 , anisotropic correlation (target) =  0.521039
anisolt tmp_sym.lat tmp_sym_aniso.lat 56.295,59.716,69.505,90.0,110.88,90.0
corrlt tmp_sym_aniso.lat data.lat
Function iteration =  65 , (sigma) = ( 0.003096113054373817 ), overall correlation =  0.0 , anisotropic correlation (target) =  0.521071
anisolt tmp_sym.lat tmp_sym_aniso.lat 56.295,59.716,69.505,90.0,110.88,90.0
corrlt tmp_sym_aniso.lat data.lat
Function iteration =  66 , (sigma) = ( 0.0030958755842149044 ), overall correlation =  0.0 , anisotropic correlation (target) =  0.521053
anisolt tmp_sym.lat tmp_sym_aniso.lat 56.295,59.716,69.505,90.0,110.88,90.0
corrlt tmp_sym_aniso.lat data.lat
Function iteration =  67 , (sigma) = ( 0.0030961824446031566 ), overall correlation =  0.0 , anisotropic correlation (target) =  0.521074
anisolt tmp_sym.lat tmp_sym_aniso.lat 56.295,59.716,69.505,90.0,110.88,90.0
corrlt tmp_sym_aniso.lat data.lat
Function iteration =  68 , (sigma) = ( 0.003096302704517344 ), overall correlation =  0.0 , anisotropic correlation (target) =  0.521068
anisolt tmp_sym.lat tmp_sym_aniso.lat 56.295,59.716,69.505,90.0,110.88,90.0
corrlt tmp_sym_aniso.lat data.lat
Function iteration =  69 , (sigma) = ( 0.0030962070470732664 ), overall correlation =  0.0 , anisotropic correlation (target) =  0.521072
anisolt tmp_sym.lat tmp_sym_aniso.lat 56.295,59.716,69.505,90.0,110.88,90.0
corrlt tmp_sym_aniso.lat data.lat
Function iteration =  70 , (sigma) = ( 0.0030961578421330473 ), overall correlation =  0.0 , anisotropic correlation (target) =  0.521073
Optimization terminated successfully.
         Current function value: -0.521074
         Iterations: 3
         Function evaluations: 70
Refined sigma =  0.0030961824446031566
