origin: 40 41 49
82 84 100 688800
Initializing the hkl file data...
Reading the hkl file data...
...done
Writing file
Done writing file
anisolt tmp_sym.lat tmp_sym_aniso.lat 57.318,58.245,69.095,90.0,112.74,90.0
corrlt tmp_sym_aniso.lat data.lat
Function iteration =  1 , (sigma) = ( 0.36 ), overall correlation =  0.0 , anisotropic correlation (target) =  0.516683
anisolt tmp_sym.lat tmp_sym_aniso.lat 57.318,58.245,69.095,90.0,112.74,90.0
corrlt tmp_sym_aniso.lat data.lat
Function iteration =  2 , (sigma) = ( 0.36 ), overall correlation =  0.0 , anisotropic correlation (target) =  0.516683
anisolt tmp_sym.lat tmp_sym_aniso.lat 57.318,58.245,69.095,90.0,112.74,90.0
corrlt tmp_sym_aniso.lat data.lat
Function iteration =  3 , (sigma) = ( 1.3599999999999999 ), overall correlation =  0.0 , anisotropic correlation (target) =  0.0812381
Function iteration =  4 , (sigma) = ( -1.2580339999999999 ), overall correlation =  0 , anisotropic correlation (target) =  0
anisolt tmp_sym.lat tmp_sym_aniso.lat 57.318,58.245,69.095,90.0,112.74,90.0
corrlt tmp_sym_aniso.lat data.lat
Function iteration =  5 , (sigma) = ( 0.36 ), overall correlation =  0.0 , anisotropic correlation (target) =  0.516683
Function iteration =  6 , (sigma) = ( -0.25803397484400004 ), overall correlation =  0 , anisotropic correlation (target) =  0
anisolt tmp_sym.lat tmp_sym_aniso.lat 57.318,58.245,69.095,90.0,112.74,90.0
corrlt tmp_sym_aniso.lat data.lat
Function iteration =  7 , (sigma) = ( 0.741966 ), overall correlation =  0.0 , anisotropic correlation (target) =  0.353525
anisolt tmp_sym.lat tmp_sym_aniso.lat 57.318,58.245,69.095,90.0,112.74,90.0
corrlt tmp_sym_aniso.lat data.lat
Function iteration =  8 , (sigma) = ( 0.38190232908553545 ), overall correlation =  0.0 , anisotropic correlation (target) =  0.51778
anisolt tmp_sym.lat tmp_sym_aniso.lat 57.318,58.245,69.095,90.0,112.74,90.0
corrlt tmp_sym_aniso.lat data.lat
Function iteration =  9 , (sigma) = ( 0.38984540891574976 ), overall correlation =  0.0 , anisotropic correlation (target) =  0.517596
anisolt tmp_sym.lat tmp_sym_aniso.lat 57.318,58.245,69.095,90.0,112.74,90.0
corrlt tmp_sym_aniso.lat data.lat
Function iteration =  10 , (sigma) = ( 0.38115471697207864 ), overall correlation =  0.0 , anisotropic correlation (target) =  0.517782
anisolt tmp_sym.lat tmp_sym_aniso.lat 57.318,58.245,69.095,90.0,112.74,90.0
corrlt tmp_sym_aniso.lat data.lat
Function iteration =  11 , (sigma) = ( 0.38094316979235787 ), overall correlation =  0.0 , anisotropic correlation (target) =  0.517783
anisolt tmp_sym.lat tmp_sym_aniso.lat 57.318,58.245,69.095,90.0,112.74,90.0
corrlt tmp_sym_aniso.lat data.lat
Function iteration =  12 , (sigma) = ( 0.3729435909994501 ), overall correlation =  0.0 , anisotropic correlation (target) =  0.517612
anisolt tmp_sym.lat tmp_sym_aniso.lat 57.318,58.245,69.095,90.0,112.74,90.0
corrlt tmp_sym_aniso.lat data.lat
Function iteration =  13 , (sigma) = ( 0.37788760267914606 ), overall correlation =  0.0 , anisotropic correlation (target) =  0.517758
anisolt tmp_sym.lat tmp_sym_aniso.lat 57.318,58.245,69.095,90.0,112.74,90.0
corrlt tmp_sym_aniso.lat data.lat
Function iteration =  14 , (sigma) = ( 0.37977604704439283 ), overall correlation =  0.0 , anisotropic correlation (target) =  0.517775
anisolt tmp_sym.lat tmp_sym_aniso.lat 57.318,58.245,69.095,90.0,112.74,90.0
corrlt tmp_sym_aniso.lat data.lat
Function iteration =  15 , (sigma) = ( 0.38049736858480865 ), overall correlation =  0.0 , anisotropic correlation (target) =  0.517776
anisolt tmp_sym.lat tmp_sym_aniso.lat 57.318,58.245,69.095,90.0,112.74,90.0
corrlt tmp_sym_aniso.lat data.lat
Function iteration =  16 , (sigma) = ( 0.3807337380844343 ), overall correlation =  0.0 , anisotropic correlation (target) =  0.517777
anisolt tmp_sym.lat tmp_sym_aniso.lat 57.318,58.245,69.095,90.0,112.74,90.0
corrlt tmp_sym_aniso.lat data.lat
Function iteration =  17 , (sigma) = ( 0.40188633958471576 ), overall correlation =  0.0 , anisotropic correlation (target) =  0.516717
anisolt tmp_sym.lat tmp_sym_aniso.lat 57.318,58.245,69.095,90.0,112.74,90.0
corrlt tmp_sym_aniso.lat data.lat
Function iteration =  18 , (sigma) = ( 0.38094316979235787 ), overall correlation =  0.0 , anisotropic correlation (target) =  0.517783
anisolt tmp_sym.lat tmp_sym_aniso.lat 57.318,58.245,69.095,90.0,112.74,90.0
corrlt tmp_sym_aniso.lat data.lat
Function iteration =  19 , (sigma) = ( 0.40188633958471576 ), overall correlation =  0.0 , anisotropic correlation (target) =  0.516717
anisolt tmp_sym.lat tmp_sym_aniso.lat 57.318,58.245,69.095,90.0,112.74,90.0
corrlt tmp_sym_aniso.lat data.lat
Function iteration =  20 , (sigma) = ( 0.3470564090005499 ), overall correlation =  0.0 , anisotropic correlation (target) =  0.514869
anisolt tmp_sym.lat tmp_sym_aniso.lat 57.318,58.245,69.095,90.0,112.74,90.0
corrlt tmp_sym_aniso.lat data.lat
Function iteration =  21 , (sigma) = ( 0.38094316979235787 ), overall correlation =  0.0 , anisotropic correlation (target) =  0.517783
anisolt tmp_sym.lat tmp_sym_aniso.lat 57.318,58.245,69.095,90.0,112.74,90.0
corrlt tmp_sym_aniso.lat data.lat
Function iteration =  22 , (sigma) = ( 0.36799957931975413 ), overall correlation =  0.0 , anisotropic correlation (target) =  0.517358
anisolt tmp_sym.lat tmp_sym_aniso.lat 57.318,58.245,69.095,90.0,112.74,90.0
corrlt tmp_sym_aniso.lat data.lat
Function iteration =  23 , (sigma) = ( 0.3889427485852656 ), overall correlation =  0.0 , anisotropic correlation (target) =  0.517633
anisolt tmp_sym.lat tmp_sym_aniso.lat 57.318,58.245,69.095,90.0,112.74,90.0
corrlt tmp_sym_aniso.lat data.lat
Function iteration =  24 , (sigma) = ( 0.3811366276279906 ), overall correlation =  0.0 , anisotropic correlation (target) =  0.517783
anisolt tmp_sym.lat tmp_sym_aniso.lat 57.318,58.245,69.095,90.0,112.74,90.0
corrlt tmp_sym_aniso.lat data.lat
Function iteration =  25 , (sigma) = ( 0.38103989871017424 ), overall correlation =  0.0 , anisotropic correlation (target) =  0.517783
anisolt tmp_sym.lat tmp_sym_aniso.lat 57.318,58.245,69.095,90.0,112.74,90.0
corrlt tmp_sym_aniso.lat data.lat
Function iteration =  26 , (sigma) = ( 0.3810029515523516 ), overall correlation =  0.0 , anisotropic correlation (target) =  0.517782
anisolt tmp_sym.lat tmp_sym_aniso.lat 57.318,58.245,69.095,90.0,112.74,90.0
corrlt tmp_sym_aniso.lat data.lat
Function iteration =  27 , (sigma) = ( 0.3810768458679969 ), overall correlation =  0.0 , anisotropic correlation (target) =  0.517784
anisolt tmp_sym.lat tmp_sym_aniso.lat 57.318,58.245,69.095,90.0,112.74,90.0
corrlt tmp_sym_aniso.lat data.lat
Function iteration =  28 , (sigma) = ( 0.38108826316908245 ), overall correlation =  0.0 , anisotropic correlation (target) =  0.517783
anisolt tmp_sym.lat tmp_sym_aniso.lat 57.318,58.245,69.095,90.0,112.74,90.0
corrlt tmp_sym_aniso.lat data.lat
Function iteration =  29 , (sigma) = ( 0.38106408093962835 ), overall correlation =  0.0 , anisotropic correlation (target) =  0.517785
anisolt tmp_sym.lat tmp_sym_aniso.lat 57.318,58.245,69.095,90.0,112.74,90.0
corrlt tmp_sym_aniso.lat data.lat
Function iteration =  30 , (sigma) = ( 0.38105484415017266 ), overall correlation =  0.0 , anisotropic correlation (target) =  0.517785
anisolt tmp_sym.lat tmp_sym_aniso.lat 57.318,58.245,69.095,90.0,112.74,90.0
corrlt tmp_sym_aniso.lat data.lat
Function iteration =  31 , (sigma) = ( 0.38105946254490053 ), overall correlation =  0.0 , anisotropic correlation (target) =  0.517785
anisolt tmp_sym.lat tmp_sym_aniso.lat 57.318,58.245,69.095,90.0,112.74,90.0
corrlt tmp_sym_aniso.lat data.lat
Function iteration =  32 , (sigma) = ( 0.38105769847513987 ), overall correlation =  0.0 , anisotropic correlation (target) =  0.517785
anisolt tmp_sym.lat tmp_sym_aniso.lat 57.318,58.245,69.095,90.0,112.74,90.0
corrlt tmp_sym_aniso.lat data.lat
Function iteration =  33 , (sigma) = ( 0.38105655318810266 ), overall correlation =  0.0 , anisotropic correlation (target) =  0.517785
anisolt tmp_sym.lat tmp_sym_aniso.lat 57.318,58.245,69.095,90.0,112.74,90.0
corrlt tmp_sym_aniso.lat data.lat
Function iteration =  34 , (sigma) = ( 0.38105655318810266 ), overall correlation =  0.0 , anisotropic correlation (target) =  0.517785
anisolt tmp_sym.lat tmp_sym_aniso.lat 57.318,58.245,69.095,90.0,112.74,90.0
corrlt tmp_sym_aniso.lat data.lat
Function iteration =  35 , (sigma) = ( 0.38116993658384746 ), overall correlation =  0.0 , anisotropic correlation (target) =  0.517784
anisolt tmp_sym.lat tmp_sym_aniso.lat 57.318,58.245,69.095,90.0,112.74,90.0
corrlt tmp_sym_aniso.lat data.lat
Function iteration =  36 , (sigma) = ( 0.38087309499875216 ), overall correlation =  0.0 , anisotropic correlation (target) =  0.517784
anisolt tmp_sym.lat tmp_sym_aniso.lat 57.318,58.245,69.095,90.0,112.74,90.0
corrlt tmp_sym_aniso.lat data.lat
Function iteration =  37 , (sigma) = ( 0.38105655318810266 ), overall correlation =  0.0 , anisotropic correlation (target) =  0.517785
anisolt tmp_sym.lat tmp_sym_aniso.lat 57.318,58.245,69.095,90.0,112.74,90.0
corrlt tmp_sym_aniso.lat data.lat
Function iteration =  38 , (sigma) = ( 0.3809864783973492 ), overall correlation =  0.0 , anisotropic correlation (target) =  0.517785
anisolt tmp_sym.lat tmp_sym_aniso.lat 57.318,58.245,69.095,90.0,112.74,90.0
corrlt tmp_sym_aniso.lat data.lat
Function iteration =  39 , (sigma) = ( 0.3809431697941207 ), overall correlation =  0.0 , anisotropic correlation (target) =  0.517783
anisolt tmp_sym.lat tmp_sym_aniso.lat 57.318,58.245,69.095,90.0,112.74,90.0
corrlt tmp_sym_aniso.lat data.lat
Function iteration =  40 , (sigma) = ( 0.3810215157927259 ), overall correlation =  0.0 , anisotropic correlation (target) =  0.517781
anisolt tmp_sym.lat tmp_sym_aniso.lat 57.318,58.245,69.095,90.0,112.74,90.0
corrlt tmp_sym_aniso.lat data.lat
Function iteration =  41 , (sigma) = ( 0.38096993598340845 ), overall correlation =  0.0 , anisotropic correlation (target) =  0.517784
anisolt tmp_sym.lat tmp_sym_aniso.lat 57.318,58.245,69.095,90.0,112.74,90.0
corrlt tmp_sym_aniso.lat data.lat
Function iteration =  42 , (sigma) = ( 0.3809998614911117 ), overall correlation =  0.0 , anisotropic correlation (target) =  0.517782
anisolt tmp_sym.lat tmp_sym_aniso.lat 57.318,58.245,69.095,90.0,112.74,90.0
corrlt tmp_sym_aniso.lat data.lat
Function iteration =  43 , (sigma) = ( 0.3809801597576659 ), overall correlation =  0.0 , anisotropic correlation (target) =  0.517784
anisolt tmp_sym.lat tmp_sym_aniso.lat 57.318,58.245,69.095,90.0,112.74,90.0
corrlt tmp_sym_aniso.lat data.lat
Function iteration =  44 , (sigma) = ( 0.3809915902841413 ), overall correlation =  0.0 , anisotropic correlation (target) =  0.517783
anisolt tmp_sym.lat tmp_sym_aniso.lat 57.318,58.245,69.095,90.0,112.74,90.0
corrlt tmp_sym_aniso.lat data.lat
Function iteration =  45 , (sigma) = ( 0.38098406489182396 ), overall correlation =  0.0 , anisotropic correlation (target) =  0.517785
anisolt tmp_sym.lat tmp_sym_aniso.lat 57.318,58.245,69.095,90.0,112.74,90.0
corrlt tmp_sym_aniso.lat data.lat
Function iteration =  46 , (sigma) = ( 0.3809825732633501 ), overall correlation =  0.0 , anisotropic correlation (target) =  0.517785
anisolt tmp_sym.lat tmp_sym_aniso.lat 57.318,58.245,69.095,90.0,112.74,90.0
corrlt tmp_sym_aniso.lat data.lat
Function iteration =  47 , (sigma) = ( 0.38098165138623796 ), overall correlation =  0.0 , anisotropic correlation (target) =  0.517785
Optimization terminated successfully.
         Current function value: -0.517785
         Iterations: 2
         Function evaluations: 47
Refined sigma =  0.38098165138623796
