origin: 40 41 49
82 84 100 688800
Initializing the hkl file data...
Reading the hkl file data...
...done
Writing file
Done writing file
anisolt tmp_sym.lat tmp_sym_aniso.lat 57.318,58.245,69.095,90.0,112.74,90.0
corrlt tmp_sym_aniso.lat data.lat
Function iteration =  1 , (sigma) = ( 0.36 ), overall correlation =  0.0 , anisotropic correlation (target) =  0.490732
anisolt tmp_sym.lat tmp_sym_aniso.lat 57.318,58.245,69.095,90.0,112.74,90.0
corrlt tmp_sym_aniso.lat data.lat
Function iteration =  2 , (sigma) = ( 0.36 ), overall correlation =  0.0 , anisotropic correlation (target) =  0.490732
anisolt tmp_sym.lat tmp_sym_aniso.lat 57.318,58.245,69.095,90.0,112.74,90.0
corrlt tmp_sym_aniso.lat data.lat
Function iteration =  3 , (sigma) = ( 1.3599999999999999 ), overall correlation =  0.0 , anisotropic correlation (target) =  0.0733703
Function iteration =  4 , (sigma) = ( -1.2580339999999999 ), overall correlation =  0 , anisotropic correlation (target) =  0
anisolt tmp_sym.lat tmp_sym_aniso.lat 57.318,58.245,69.095,90.0,112.74,90.0
corrlt tmp_sym_aniso.lat data.lat
Function iteration =  5 , (sigma) = ( 0.36 ), overall correlation =  0.0 , anisotropic correlation (target) =  0.490732
Function iteration =  6 , (sigma) = ( -0.25803397484400004 ), overall correlation =  0 , anisotropic correlation (target) =  0
anisolt tmp_sym.lat tmp_sym_aniso.lat 57.318,58.245,69.095,90.0,112.74,90.0
corrlt tmp_sym_aniso.lat data.lat
Function iteration =  7 , (sigma) = ( 0.741966 ), overall correlation =  0.0 , anisotropic correlation (target) =  0.287412
anisolt tmp_sym.lat tmp_sym_aniso.lat 57.318,58.245,69.095,90.0,112.74,90.0
corrlt tmp_sym_aniso.lat data.lat
Function iteration =  8 , (sigma) = ( 0.35031545016295357 ), overall correlation =  0.0 , anisotropic correlation (target) =  0.494641
anisolt tmp_sym.lat tmp_sym_aniso.lat 57.318,58.245,69.095,90.0,112.74,90.0
corrlt tmp_sym_aniso.lat data.lat
Function iteration =  9 , (sigma) = ( 0.11794665369074753 ), overall correlation =  0.0 , anisotropic correlation (target) =  0.546978
anisolt tmp_sym.lat tmp_sym_aniso.lat 57.318,58.245,69.095,90.0,112.74,90.0
corrlt tmp_sym_aniso.lat data.lat
Function iteration =  10 , (sigma) = ( 0.0813332967203072 ), overall correlation =  0.0 , anisotropic correlation (target) =  0.548554
anisolt tmp_sym.lat tmp_sym_aniso.lat 57.318,58.245,69.095,90.0,112.74,90.0
corrlt tmp_sym_aniso.lat data.lat
Function iteration =  11 , (sigma) = ( 0.06786463719984404 ), overall correlation =  0.0 , anisotropic correlation (target) =  0.548898
Function iteration =  12 , (sigma) = ( -0.05661755204809493 ), overall correlation =  0 , anisotropic correlation (target) =  0
anisolt tmp_sym.lat tmp_sym_aniso.lat 57.318,58.245,69.095,90.0,112.74,90.0
corrlt tmp_sym_aniso.lat data.lat
Function iteration =  13 , (sigma) = ( 0.03805986552387258 ), overall correlation =  0.0 , anisotropic correlation (target) =  0.549299
anisolt tmp_sym.lat tmp_sym_aniso.lat 57.318,58.245,69.095,90.0,112.74,90.0
corrlt tmp_sym_aniso.lat data.lat
Function iteration =  14 , (sigma) = ( 0.02887720771450697 ), overall correlation =  0.0 , anisotropic correlation (target) =  0.549407
Function iteration =  15 , (sigma) = ( -0.0037788836929750214 ), overall correlation =  0 , anisotropic correlation (target) =  0
anisolt tmp_sym.lat tmp_sym_aniso.lat 57.318,58.245,69.095,90.0,112.74,90.0
corrlt tmp_sym_aniso.lat data.lat
Function iteration =  16 , (sigma) = ( 0.016403691103956675 ), overall correlation =  0.0 , anisotropic correlation (target) =  0.549462
anisolt tmp_sym.lat tmp_sym_aniso.lat 57.318,58.245,69.095,90.0,112.74,90.0
corrlt tmp_sym_aniso.lat data.lat
Function iteration =  17 , (sigma) = ( 0.012967728004996237 ), overall correlation =  0.0 , anisotropic correlation (target) =  0.549458
anisolt tmp_sym.lat tmp_sym_aniso.lat 57.318,58.245,69.095,90.0,112.74,90.0
corrlt tmp_sym_aniso.lat data.lat
Function iteration =  18 , (sigma) = ( 0.019839654202917112 ), overall correlation =  0.0 , anisotropic correlation (target) =  0.54946
Function iteration =  19 , (sigma) = ( -0.32719261779208664 ), overall correlation =  0 , anisotropic correlation (target) =  0
anisolt tmp_sym.lat tmp_sym_aniso.lat 57.318,58.245,69.095,90.0,112.74,90.0
corrlt tmp_sym_aniso.lat data.lat
Function iteration =  20 , (sigma) = ( 0.016403691103956675 ), overall correlation =  0.0 , anisotropic correlation (target) =  0.549462
anisolt tmp_sym.lat tmp_sym_aniso.lat 57.318,58.245,69.095,90.0,112.74,90.0
corrlt tmp_sym_aniso.lat data.lat
Function iteration =  21 , (sigma) = ( 1.0164036911039567 ), overall correlation =  0.0 , anisotropic correlation (target) =  0.150662
Function iteration =  22 , (sigma) = ( -1.6016303088960433 ), overall correlation =  0 , anisotropic correlation (target) =  0
anisolt tmp_sym.lat tmp_sym_aniso.lat 57.318,58.245,69.095,90.0,112.74,90.0
corrlt tmp_sym_aniso.lat data.lat
Function iteration =  23 , (sigma) = ( 0.016403691103956675 ), overall correlation =  0.0 , anisotropic correlation (target) =  0.549462
Function iteration =  24 , (sigma) = ( -0.6016302837400433 ), overall correlation =  0 , anisotropic correlation (target) =  0
anisolt tmp_sym.lat tmp_sym_aniso.lat 57.318,58.245,69.095,90.0,112.74,90.0
corrlt tmp_sym_aniso.lat data.lat
Function iteration =  25 , (sigma) = ( 0.3983696911039567 ), overall correlation =  0.0 , anisotropic correlation (target) =  0.474268
anisolt tmp_sym.lat tmp_sym_aniso.lat 57.318,58.245,69.095,90.0,112.74,90.0
corrlt tmp_sym_aniso.lat data.lat
Function iteration =  26 , (sigma) = ( 0.11674350216606794 ), overall correlation =  0.0 , anisotropic correlation (target) =  0.547059
anisolt tmp_sym.lat tmp_sym_aniso.lat 57.318,58.245,69.095,90.0,112.74,90.0
corrlt tmp_sym_aniso.lat data.lat
Function iteration =  27 , (sigma) = ( 0.047070713508526936 ), overall correlation =  0.0 , anisotropic correlation (target) =  0.54924
anisolt tmp_sym.lat tmp_sym_aniso.lat 57.318,58.245,69.095,90.0,112.74,90.0
corrlt tmp_sym_aniso.lat data.lat
Function iteration =  28 , (sigma) = ( 0.0166451188738526 ), overall correlation =  0.0 , anisotropic correlation (target) =  0.549473
anisolt tmp_sym.lat tmp_sym_aniso.lat 57.318,58.245,69.095,90.0,112.74,90.0
corrlt tmp_sym_aniso.lat data.lat
Function iteration =  29 , (sigma) = ( 0.029651532287097295 ), overall correlation =  0.0 , anisotropic correlation (target) =  0.549405
anisolt tmp_sym.lat tmp_sym_aniso.lat 57.318,58.245,69.095,90.0,112.74,90.0
corrlt tmp_sym_aniso.lat data.lat
Function iteration =  30 , (sigma) = ( 0.02161312657965602 ), overall correlation =  0.0 , anisotropic correlation (target) =  0.549427
anisolt tmp_sym.lat tmp_sym_aniso.lat 57.318,58.245,69.095,90.0,112.74,90.0
corrlt tmp_sym_aniso.lat data.lat
Function iteration =  31 , (sigma) = ( 0.0186891911700549 ), overall correlation =  0.0 , anisotropic correlation (target) =  0.549436
anisolt tmp_sym.lat tmp_sym_aniso.lat 57.318,58.245,69.095,90.0,112.74,90.0
corrlt tmp_sym_aniso.lat data.lat
Function iteration =  32 , (sigma) = ( 0.017342242185992958 ), overall correlation =  0.0 , anisotropic correlation (target) =  0.549461
anisolt tmp_sym.lat tmp_sym_aniso.lat 57.318,58.245,69.095,90.0,112.74,90.0
corrlt tmp_sym_aniso.lat data.lat
Function iteration =  33 , (sigma) = ( 0.016865001802273828 ), overall correlation =  0.0 , anisotropic correlation (target) =  0.549474
anisolt tmp_sym.lat tmp_sym_aniso.lat 57.318,58.245,69.095,90.0,112.74,90.0
corrlt tmp_sym_aniso.lat data.lat
Function iteration =  34 , (sigma) = ( 0.016780636512434707 ), overall correlation =  0.0 , anisotropic correlation (target) =  0.549478
anisolt tmp_sym.lat tmp_sym_aniso.lat 57.318,58.245,69.095,90.0,112.74,90.0
corrlt tmp_sym_aniso.lat data.lat
Function iteration =  35 , (sigma) = ( 0.016760990943104927 ), overall correlation =  0.0 , anisotropic correlation (target) =  0.549463
anisolt tmp_sym.lat tmp_sym_aniso.lat 57.318,58.245,69.095,90.0,112.74,90.0
corrlt tmp_sym_aniso.lat data.lat
Function iteration =  36 , (sigma) = ( 0.016812861184733397 ), overall correlation =  0.0 , anisotropic correlation (target) =  0.549465
anisolt tmp_sym.lat tmp_sym_aniso.lat 57.318,58.245,69.095,90.0,112.74,90.0
corrlt tmp_sym_aniso.lat data.lat
Function iteration =  37 , (sigma) = ( 0.016792945241613948 ), overall correlation =  0.0 , anisotropic correlation (target) =  0.549464
anisolt tmp_sym.lat tmp_sym_aniso.lat 57.318,58.245,69.095,90.0,112.74,90.0
corrlt tmp_sym_aniso.lat data.lat
Function iteration =  38 , (sigma) = ( 0.016773132572900088 ), overall correlation =  0.0 , anisotropic correlation (target) =  0.549468
anisolt tmp_sym.lat tmp_sym_aniso.lat 57.318,58.245,69.095,90.0,112.74,90.0
corrlt tmp_sym_aniso.lat data.lat
Function iteration =  39 , (sigma) = ( 0.016785338028484385 ), overall correlation =  0.0 , anisotropic correlation (target) =  0.54948
Optimization terminated successfully.
         Current function value: -0.549480
         Iterations: 2
         Function evaluations: 39
Refined sigma =  0.016785338028484385
