origin: 40 41 49
82 84 100 688800
Initializing the hkl file data...
Reading the hkl file data...
...done
Writing file
Done writing file
anisolt tmp_sym.lat tmp_sym_aniso.lat 57.155,57.87,68.988,90.0,112.74,90.0
corrlt tmp_sym_aniso.lat data.lat
Function iteration =  1 , (sigma) = ( 0.36 ), overall correlation =  0.0 , anisotropic correlation (target) =  0.456532
anisolt tmp_sym.lat tmp_sym_aniso.lat 57.155,57.87,68.988,90.0,112.74,90.0
corrlt tmp_sym_aniso.lat data.lat
Function iteration =  2 , (sigma) = ( 0.36 ), overall correlation =  0.0 , anisotropic correlation (target) =  0.456532
anisolt tmp_sym.lat tmp_sym_aniso.lat 57.155,57.87,68.988,90.0,112.74,90.0
corrlt tmp_sym_aniso.lat data.lat
Function iteration =  3 , (sigma) = ( 1.3599999999999999 ), overall correlation =  0.0 , anisotropic correlation (target) =  0.0505121
Function iteration =  4 , (sigma) = ( -1.2580339999999999 ), overall correlation =  0 , anisotropic correlation (target) =  0
anisolt tmp_sym.lat tmp_sym_aniso.lat 57.155,57.87,68.988,90.0,112.74,90.0
corrlt tmp_sym_aniso.lat data.lat
Function iteration =  5 , (sigma) = ( 0.36 ), overall correlation =  0.0 , anisotropic correlation (target) =  0.456532
Function iteration =  6 , (sigma) = ( -0.25803397484400004 ), overall correlation =  0 , anisotropic correlation (target) =  0
anisolt tmp_sym.lat tmp_sym_aniso.lat 57.155,57.87,68.988,90.0,112.74,90.0
corrlt tmp_sym_aniso.lat data.lat
Function iteration =  7 , (sigma) = ( 0.741966 ), overall correlation =  0.0 , anisotropic correlation (target) =  0.24082
anisolt tmp_sym.lat tmp_sym_aniso.lat 57.155,57.87,68.988,90.0,112.74,90.0
corrlt tmp_sym_aniso.lat data.lat
Function iteration =  8 , (sigma) = ( 0.334345656774871 ), overall correlation =  0.0 , anisotropic correlation (target) =  0.468955
anisolt tmp_sym.lat tmp_sym_aniso.lat 57.155,57.87,68.988,90.0,112.74,90.0
corrlt tmp_sym_aniso.lat data.lat
Function iteration =  9 , (sigma) = ( 0.10807677840393726 ), overall correlation =  0.0 , anisotropic correlation (target) =  0.535993
anisolt tmp_sym.lat tmp_sym_aniso.lat 57.155,57.87,68.988,90.0,112.74,90.0
corrlt tmp_sym_aniso.lat data.lat
Function iteration =  10 , (sigma) = ( 0.02267182990017358 ), overall correlation =  0.0 , anisotropic correlation (target) =  0.541253
anisolt tmp_sym.lat tmp_sym_aniso.lat 57.155,57.87,68.988,90.0,112.74,90.0
corrlt tmp_sym_aniso.lat data.lat
Function iteration =  11 , (sigma) = ( 0.026045111611171845 ), overall correlation =  0.0 , anisotropic correlation (target) =  0.54118
anisolt tmp_sym.lat tmp_sym_aniso.lat 57.155,57.87,68.988,90.0,112.74,90.0
corrlt tmp_sym_aniso.lat data.lat
Function iteration =  12 , (sigma) = ( 0.0021395173605588957 ), overall correlation =  0.0 , anisotropic correlation (target) =  0.541547
Function iteration =  13 , (sigma) = ( -0.09723791076284766 ), overall correlation =  0 , anisotropic correlation (target) =  0
Function iteration =  14 , (sigma) = ( -0.010969987164695716 ), overall correlation =  0 , anisotropic correlation (target) =  0
anisolt tmp_sym.lat tmp_sym_aniso.lat 57.155,57.87,68.988,90.0,112.74,90.0
corrlt tmp_sym_aniso.lat data.lat
Function iteration =  15 , (sigma) = ( 0.005718122196953279 ), overall correlation =  0.0 , anisotropic correlation (target) =  0.541479
Function iteration =  16 , (sigma) = ( -0.0028678676449345186 ), overall correlation =  0 , anisotropic correlation (target) =  0
Function iteration =  17 , (sigma) = ( -0.3557209652788822 ), overall correlation =  0 , anisotropic correlation (target) =  0
anisolt tmp_sym.lat tmp_sym_aniso.lat 57.155,57.87,68.988,90.0,112.74,90.0
corrlt tmp_sym_aniso.lat data.lat
Function iteration =  18 , (sigma) = ( 0.0021395173605588957 ), overall correlation =  0.0 , anisotropic correlation (target) =  0.541547
anisolt tmp_sym.lat tmp_sym_aniso.lat 57.155,57.87,68.988,90.0,112.74,90.0
corrlt tmp_sym_aniso.lat data.lat
Function iteration =  19 , (sigma) = ( 1.002139517360559 ), overall correlation =  0.0 , anisotropic correlation (target) =  0.121206
Function iteration =  20 , (sigma) = ( -1.615894482639441 ), overall correlation =  0 , anisotropic correlation (target) =  0
anisolt tmp_sym.lat tmp_sym_aniso.lat 57.155,57.87,68.988,90.0,112.74,90.0
corrlt tmp_sym_aniso.lat data.lat
Function iteration =  21 , (sigma) = ( 0.0021395173605588957 ), overall correlation =  0.0 , anisotropic correlation (target) =  0.541547
Function iteration =  22 , (sigma) = ( -0.6158944574834411 ), overall correlation =  0 , anisotropic correlation (target) =  0
anisolt tmp_sym.lat tmp_sym_aniso.lat 57.155,57.87,68.988,90.0,112.74,90.0
corrlt tmp_sym_aniso.lat data.lat
Function iteration =  23 , (sigma) = ( 0.3841055173605589 ), overall correlation =  0.0 , anisotropic correlation (target) =  0.44427
anisolt tmp_sym.lat tmp_sym_aniso.lat 57.155,57.87,68.988,90.0,112.74,90.0
corrlt tmp_sym_aniso.lat data.lat
Function iteration =  24 , (sigma) = ( 0.08052595859177988 ), overall correlation =  0.0 , anisotropic correlation (target) =  0.538619
anisolt tmp_sym.lat tmp_sym_aniso.lat 57.155,57.87,68.988,90.0,112.74,90.0
corrlt tmp_sym_aniso.lat data.lat
Function iteration =  25 , (sigma) = ( 0.015242937506815617 ), overall correlation =  0.0 , anisotropic correlation (target) =  0.541389
Function iteration =  26 , (sigma) = ( -0.006868420828247946 ), overall correlation =  0 , anisotropic correlation (target) =  0
anisolt tmp_sym.lat tmp_sym_aniso.lat 57.155,57.87,68.988,90.0,112.74,90.0
corrlt tmp_sym_aniso.lat data.lat
Function iteration =  27 , (sigma) = ( 0.007144578340143991 ), overall correlation =  0.0 , anisotropic correlation (target) =  0.541476
Function iteration =  28 , (sigma) = ( -0.0013012087576668987 ), overall correlation =  0 , anisotropic correlation (target) =  0
anisolt tmp_sym.lat tmp_sym_aniso.lat 57.155,57.87,68.988,90.0,112.74,90.0
corrlt tmp_sym_aniso.lat data.lat
Function iteration =  29 , (sigma) = ( 0.004051280482687096 ), overall correlation =  0.0 , anisotropic correlation (target) =  0.541508
anisolt tmp_sym.lat tmp_sym_aniso.lat 57.155,57.87,68.988,90.0,112.74,90.0
corrlt tmp_sym_aniso.lat data.lat
Function iteration =  30 , (sigma) = ( 0.0008252769680846619 ), overall correlation =  0.0 , anisotropic correlation (target) =  0.540389
anisolt tmp_sym.lat tmp_sym_aniso.lat 57.155,57.87,68.988,90.0,112.74,90.0
corrlt tmp_sym_aniso.lat data.lat
Function iteration =  31 , (sigma) = ( 0.0028697458732657158 ), overall correlation =  0.0 , anisotropic correlation (target) =  0.541369
anisolt tmp_sym.lat tmp_sym_aniso.lat 57.155,57.87,68.988,90.0,112.74,90.0
corrlt tmp_sym_aniso.lat data.lat
Function iteration =  32 , (sigma) = ( 0.0016375222148070825 ), overall correlation =  0.0 , anisotropic correlation (target) =  0.540945
anisolt tmp_sym.lat tmp_sym_aniso.lat 57.155,57.87,68.988,90.0,112.74,90.0
corrlt tmp_sym_aniso.lat data.lat
Function iteration =  33 , (sigma) = ( 0.002418439824643469 ), overall correlation =  0.0 , anisotropic correlation (target) =  0.541516
anisolt tmp_sym.lat tmp_sym_aniso.lat 57.155,57.87,68.988,90.0,112.74,90.0
corrlt tmp_sym_aniso.lat data.lat
Function iteration =  34 , (sigma) = ( 0.0019477722827166586 ), overall correlation =  0.0 , anisotropic correlation (target) =  0.541467
anisolt tmp_sym.lat tmp_sym_aniso.lat 57.155,57.87,68.988,90.0,112.74,90.0
corrlt tmp_sym_aniso.lat data.lat
Function iteration =  35 , (sigma) = ( 0.002246056258475424 ), overall correlation =  0.0 , anisotropic correlation (target) =  0.541616
anisolt tmp_sym.lat tmp_sym_aniso.lat 57.155,57.87,68.988,90.0,112.74,90.0
corrlt tmp_sym_aniso.lat data.lat
Function iteration =  36 , (sigma) = ( 0.0022663538980665352 ), overall correlation =  0.0 , anisotropic correlation (target) =  0.541485
anisolt tmp_sym.lat tmp_sym_aniso.lat 57.155,57.87,68.988,90.0,112.74,90.0
corrlt tmp_sym_aniso.lat data.lat
Function iteration =  37 , (sigma) = ( 0.002205362021793839 ), overall correlation =  0.0 , anisotropic correlation (target) =  0.541509
anisolt tmp_sym.lat tmp_sym_aniso.lat 57.155,57.87,68.988,90.0,112.74,90.0
corrlt tmp_sym_aniso.lat data.lat
Function iteration =  38 , (sigma) = ( 0.0022305124436671057 ), overall correlation =  0.0 , anisotropic correlation (target) =  0.541542
anisolt tmp_sym.lat tmp_sym_aniso.lat 57.155,57.87,68.988,90.0,112.74,90.0
corrlt tmp_sym_aniso.lat data.lat
Function iteration =  39 , (sigma) = ( 0.002253809266679482 ), overall correlation =  0.0 , anisotropic correlation (target) =  0.541601
anisolt tmp_sym.lat tmp_sym_aniso.lat 57.155,57.87,68.988,90.0,112.74,90.0
corrlt tmp_sym_aniso.lat data.lat
Function iteration =  40 , (sigma) = ( 0.00224011904970835 ), overall correlation =  0.0 , anisotropic correlation (target) =  0.541564
anisolt tmp_sym.lat tmp_sym_aniso.lat 57.155,57.87,68.988,90.0,112.74,90.0
corrlt tmp_sym_aniso.lat data.lat
Function iteration =  41 , (sigma) = ( 0.0022486942527413906 ), overall correlation =  0.0 , anisotropic correlation (target) =  0.54167
anisolt tmp_sym.lat tmp_sym_aniso.lat 57.155,57.87,68.988,90.0,112.74,90.0
corrlt tmp_sym_aniso.lat data.lat
Function iteration =  42 , (sigma) = ( 0.0022497860316632156 ), overall correlation =  0.0 , anisotropic correlation (target) =  0.541604
anisolt tmp_sym.lat tmp_sym_aniso.lat 57.155,57.87,68.988,90.0,112.74,90.0
corrlt tmp_sym_aniso.lat data.lat
Function iteration =  43 , (sigma) = ( 0.0022476024738195656 ), overall correlation =  0.0 , anisotropic correlation (target) =  0.541558
anisolt tmp_sym.lat tmp_sym_aniso.lat 57.155,57.87,68.988,90.0,112.74,90.0
corrlt tmp_sym_aniso.lat data.lat
Function iteration =  44 , (sigma) = ( 0.0023578711449238855 ), overall correlation =  0.0 , anisotropic correlation (target) =  0.541456
anisolt tmp_sym.lat tmp_sym_aniso.lat 57.155,57.87,68.988,90.0,112.74,90.0
corrlt tmp_sym_aniso.lat data.lat
Function iteration =  45 , (sigma) = ( 0.0022486942527413906 ), overall correlation =  0.0 , anisotropic correlation (target) =  0.54167
anisolt tmp_sym.lat tmp_sym_aniso.lat 57.155,57.87,68.988,90.0,112.74,90.0
corrlt tmp_sym_aniso.lat data.lat
Function iteration =  46 , (sigma) = ( 1.0022486942527413 ), overall correlation =  0.0 , anisotropic correlation (target) =  0.121169
Function iteration =  47 , (sigma) = ( -1.6157853057472586 ), overall correlation =  0 , anisotropic correlation (target) =  0
anisolt tmp_sym.lat tmp_sym_aniso.lat 57.155,57.87,68.988,90.0,112.74,90.0
corrlt tmp_sym_aniso.lat data.lat
Function iteration =  48 , (sigma) = ( 0.0022486942527413906 ), overall correlation =  0.0 , anisotropic correlation (target) =  0.54167
Function iteration =  49 , (sigma) = ( -0.6157852805912586 ), overall correlation =  0 , anisotropic correlation (target) =  0
anisolt tmp_sym.lat tmp_sym_aniso.lat 57.155,57.87,68.988,90.0,112.74,90.0
corrlt tmp_sym_aniso.lat data.lat
Function iteration =  50 , (sigma) = ( 0.3842146942527414 ), overall correlation =  0.0 , anisotropic correlation (target) =  0.44421
anisolt tmp_sym.lat tmp_sym_aniso.lat 57.155,57.87,68.988,90.0,112.74,90.0
corrlt tmp_sym_aniso.lat data.lat
Function iteration =  51 , (sigma) = ( 0.08049091741854342 ), overall correlation =  0.0 , anisotropic correlation (target) =  0.538622
anisolt tmp_sym.lat tmp_sym_aniso.lat 57.155,57.87,68.988,90.0,112.74,90.0
corrlt tmp_sym_aniso.lat data.lat
Function iteration =  52 , (sigma) = ( 0.01400630847758284 ), overall correlation =  0.0 , anisotropic correlation (target) =  0.541419
Function iteration =  53 , (sigma) = ( -0.0321751516288644 ), overall correlation =  0 , anisotropic correlation (target) =  0
Function iteration =  54 , (sigma) = ( -0.010900044463272047 ), overall correlation =  0 , anisotropic correlation (target) =  0
Function iteration =  55 , (sigma) = ( -0.002773676879659399 ), overall correlation =  0 , anisotropic correlation (target) =  0
anisolt tmp_sym.lat tmp_sym_aniso.lat 57.155,57.87,68.988,90.0,112.74,90.0
corrlt tmp_sym_aniso.lat data.lat
Function iteration =  56 , (sigma) = ( 0.0067397031277471806 ), overall correlation =  0.0 , anisotropic correlation (target) =  0.541451
anisolt tmp_sym.lat tmp_sym_aniso.lat 57.155,57.87,68.988,90.0,112.74,90.0
corrlt tmp_sym_aniso.lat data.lat
Function iteration =  57 , (sigma) = ( 0.00033031924078279055 ), overall correlation =  0.0 , anisotropic correlation (target) =  0.535472
anisolt tmp_sym.lat tmp_sym_aniso.lat 57.155,57.87,68.988,90.0,112.74,90.0
corrlt tmp_sym_aniso.lat data.lat
Function iteration =  58 , (sigma) = ( 0.003964106948691852 ), overall correlation =  0.0 , anisotropic correlation (target) =  0.541522
anisolt tmp_sym.lat tmp_sym_aniso.lat 57.155,57.87,68.988,90.0,112.74,90.0
corrlt tmp_sym_aniso.lat data.lat
Function iteration =  59 , (sigma) = ( 0.0015159402229236118 ), overall correlation =  0.0 , anisotropic correlation (target) =  0.541506
anisolt tmp_sym.lat tmp_sym_aniso.lat 57.155,57.87,68.988,90.0,112.74,90.0
corrlt tmp_sym_aniso.lat data.lat
Function iteration =  60 , (sigma) = ( 0.0027658225655774215 ), overall correlation =  0.0 , anisotropic correlation (target) =  0.541341
anisolt tmp_sym.lat tmp_sym_aniso.lat 57.155,57.87,68.988,90.0,112.74,90.0
corrlt tmp_sym_aniso.lat data.lat
Function iteration =  61 , (sigma) = ( 0.001968807126988013 ), overall correlation =  0.0 , anisotropic correlation (target) =  0.541514
anisolt tmp_sym.lat tmp_sym_aniso.lat 57.155,57.87,68.988,90.0,112.74,90.0
corrlt tmp_sym_aniso.lat data.lat
Function iteration =  62 , (sigma) = ( 0.002446219685882118 ), overall correlation =  0.0 , anisotropic correlation (target) =  0.541588
anisolt tmp_sym.lat tmp_sym_aniso.lat 57.155,57.87,68.988,90.0,112.74,90.0
corrlt tmp_sym_aniso.lat data.lat
Function iteration =  63 , (sigma) = ( 0.002141786886865876 ), overall correlation =  0.0 , anisotropic correlation (target) =  0.541559
anisolt tmp_sym.lat tmp_sym_aniso.lat 57.155,57.87,68.988,90.0,112.74,90.0
corrlt tmp_sym_aniso.lat data.lat
Function iteration =  64 , (sigma) = ( 0.0023039797661458714 ), overall correlation =  0.0 , anisotropic correlation (target) =  0.541486
anisolt tmp_sym.lat tmp_sym_aniso.lat 57.155,57.87,68.988,90.0,112.74,90.0
corrlt tmp_sym_aniso.lat data.lat
Function iteration =  65 , (sigma) = ( 0.002207859273827384 ), overall correlation =  0.0 , anisotropic correlation (target) =  0.541444
anisolt tmp_sym.lat tmp_sym_aniso.lat 57.155,57.87,68.988,90.0,112.74,90.0
corrlt tmp_sym_aniso.lat data.lat
Function iteration =  66 , (sigma) = ( 0.002269811439154447 ), overall correlation =  0.0 , anisotropic correlation (target) =  0.541497
anisolt tmp_sym.lat tmp_sym_aniso.lat 57.155,57.87,68.988,90.0,112.74,90.0
corrlt tmp_sym_aniso.lat data.lat
Function iteration =  67 , (sigma) = ( 0.002233096679185523 ), overall correlation =  0.0 , anisotropic correlation (target) =  0.541545
anisolt tmp_sym.lat tmp_sym_aniso.lat 57.155,57.87,68.988,90.0,112.74,90.0
corrlt tmp_sym_aniso.lat data.lat
Function iteration =  68 , (sigma) = ( 0.00225676029996684 ), overall correlation =  0.0 , anisotropic correlation (target) =  0.541577
anisolt tmp_sym.lat tmp_sym_aniso.lat 57.155,57.87,68.988,90.0,112.74,90.0
corrlt tmp_sym_aniso.lat data.lat
Function iteration =  69 , (sigma) = ( 0.0022427365099605503 ), overall correlation =  0.0 , anisotropic correlation (target) =  0.541601
anisolt tmp_sym.lat tmp_sym_aniso.lat 57.155,57.87,68.988,90.0,112.74,90.0
corrlt tmp_sym_aniso.lat data.lat
Function iteration =  70 , (sigma) = ( 0.0022517752085359066 ), overall correlation =  0.0 , anisotropic correlation (target) =  0.541614
anisolt tmp_sym.lat tmp_sym_aniso.lat 57.155,57.87,68.988,90.0,112.74,90.0
corrlt tmp_sym_aniso.lat data.lat
Function iteration =  71 , (sigma) = ( 0.002247474289776578 ), overall correlation =  0.0 , anisotropic correlation (target) =  0.541555
anisolt tmp_sym.lat tmp_sym_aniso.lat 57.155,57.87,68.988,90.0,112.74,90.0
corrlt tmp_sym_aniso.lat data.lat
Function iteration =  72 , (sigma) = ( 0.0022498710731023988 ), overall correlation =  0.0 , anisotropic correlation (target) =  0.541607
anisolt tmp_sym.lat tmp_sym_aniso.lat 57.155,57.87,68.988,90.0,112.74,90.0
corrlt tmp_sym_aniso.lat data.lat
Function iteration =  73 , (sigma) = ( 0.002248228268367573 ), overall correlation =  0.0 , anisotropic correlation (target) =  0.541612
anisolt tmp_sym.lat tmp_sym_aniso.lat 57.155,57.87,68.988,90.0,112.74,90.0
corrlt tmp_sym_aniso.lat data.lat
Function iteration =  74 , (sigma) = ( 0.0022491437581074036 ), overall correlation =  0.0 , anisotropic correlation (target) =  0.541676
anisolt tmp_sym.lat tmp_sym_aniso.lat 57.155,57.87,68.988,90.0,112.74,90.0
corrlt tmp_sym_aniso.lat data.lat
Function iteration =  75 , (sigma) = ( 0.0022494761112856715 ), overall correlation =  0.0 , anisotropic correlation (target) =  0.541652
anisolt tmp_sym.lat tmp_sym_aniso.lat 57.155,57.87,68.988,90.0,112.74,90.0
corrlt tmp_sym_aniso.lat data.lat
Function iteration =  76 , (sigma) = ( 0.002248979993094591 ), overall correlation =  0.0 , anisotropic correlation (target) =  0.541666
anisolt tmp_sym.lat tmp_sym_aniso.lat 57.155,57.87,68.988,90.0,112.74,90.0
corrlt tmp_sym_aniso.lat data.lat
Function iteration =  77 , (sigma) = ( 0.0022492707057214937 ), overall correlation =  0.0 , anisotropic correlation (target) =  0.541672
anisolt tmp_sym.lat tmp_sym_aniso.lat 57.155,57.87,68.988,90.0,112.74,90.0
corrlt tmp_sym_aniso.lat data.lat
Function iteration =  78 , (sigma) = ( 0.002249004772263584 ), overall correlation =  0.0 , anisotropic correlation (target) =  0.541669
anisolt tmp_sym.lat tmp_sym_aniso.lat 57.155,57.87,68.988,90.0,112.74,90.0
corrlt tmp_sym_aniso.lat data.lat
Function iteration =  79 , (sigma) = ( 0.002249090670240583 ), overall correlation =  0.0 , anisotropic correlation (target) =  0.541673
anisolt tmp_sym.lat tmp_sym_aniso.lat 57.155,57.87,68.988,90.0,112.74,90.0
corrlt tmp_sym_aniso.lat data.lat
Function iteration =  80 , (sigma) = ( 0.0022491750073988744 ), overall correlation =  0.0 , anisotropic correlation (target) =  0.541679
anisolt tmp_sym.lat tmp_sym_aniso.lat 57.155,57.87,68.988,90.0,112.74,90.0
corrlt tmp_sym_aniso.lat data.lat
Function iteration =  81 , (sigma) = ( 0.002249211560904372 ), overall correlation =  0.0 , anisotropic correlation (target) =  0.54168
anisolt tmp_sym.lat tmp_sym_aniso.lat 57.155,57.87,68.988,90.0,112.74,90.0
corrlt tmp_sym_aniso.lat data.lat
Function iteration =  82 , (sigma) = ( 0.0022492063778227424 ), overall correlation =  0.0 , anisotropic correlation (target) =  0.541681
anisolt tmp_sym.lat tmp_sym_aniso.lat 57.155,57.87,68.988,90.0,112.74,90.0
corrlt tmp_sym_aniso.lat data.lat
Function iteration =  83 , (sigma) = ( 0.002249195232028521 ), overall correlation =  0.0 , anisotropic correlation (target) =  0.54168
anisolt tmp_sym.lat tmp_sym_aniso.lat 57.155,57.87,68.988,90.0,112.74,90.0
corrlt tmp_sym_aniso.lat data.lat
Function iteration =  84 , (sigma) = ( 0.002249201246571929 ), overall correlation =  0.0 , anisotropic correlation (target) =  0.541681
Optimization terminated successfully.
         Current function value: -0.541681
         Iterations: 3
         Function evaluations: 84
Refined sigma =  0.002249201246571929
