origin: 40 41 49
82 84 100 688800
Initializing the hkl file data...
Reading the hkl file data...
...done
Writing file
Done writing file
anisolt tmp_sym.lat tmp_sym_aniso.lat 57.249,58.133,69.087,90.0,112.78,90.0
corrlt tmp_sym_aniso.lat data.lat
Function iteration =  1 , (sigma) = ( 0.36 ), overall correlation =  0.0 , anisotropic correlation (target) =  0.474859
anisolt tmp_sym.lat tmp_sym_aniso.lat 57.249,58.133,69.087,90.0,112.78,90.0
corrlt tmp_sym_aniso.lat data.lat
Function iteration =  2 , (sigma) = ( 0.36 ), overall correlation =  0.0 , anisotropic correlation (target) =  0.474859
anisolt tmp_sym.lat tmp_sym_aniso.lat 57.249,58.133,69.087,90.0,112.78,90.0
corrlt tmp_sym_aniso.lat data.lat
Function iteration =  3 , (sigma) = ( 1.3599999999999999 ), overall correlation =  0.0 , anisotropic correlation (target) =  0.0580552
Function iteration =  4 , (sigma) = ( -1.2580339999999999 ), overall correlation =  0 , anisotropic correlation (target) =  0
anisolt tmp_sym.lat tmp_sym_aniso.lat 57.249,58.133,69.087,90.0,112.78,90.0
corrlt tmp_sym_aniso.lat data.lat
Function iteration =  5 , (sigma) = ( 0.36 ), overall correlation =  0.0 , anisotropic correlation (target) =  0.474859
Function iteration =  6 , (sigma) = ( -0.25803397484400004 ), overall correlation =  0 , anisotropic correlation (target) =  0
anisolt tmp_sym.lat tmp_sym_aniso.lat 57.249,58.133,69.087,90.0,112.78,90.0
corrlt tmp_sym_aniso.lat data.lat
Function iteration =  7 , (sigma) = ( 0.741966 ), overall correlation =  0.0 , anisotropic correlation (target) =  0.260585
anisolt tmp_sym.lat tmp_sym_aniso.lat 57.249,58.133,69.087,90.0,112.78,90.0
corrlt tmp_sym_aniso.lat data.lat
Function iteration =  8 , (sigma) = ( 0.3399808053459893 ), overall correlation =  0.0 , anisotropic correlation (target) =  0.483843
anisolt tmp_sym.lat tmp_sym_aniso.lat 57.249,58.133,69.087,90.0,112.78,90.0
corrlt tmp_sym_aniso.lat data.lat
Function iteration =  9 , (sigma) = ( 0.11155949181593983 ), overall correlation =  0.0 , anisotropic correlation (target) =  0.543654
anisolt tmp_sym.lat tmp_sym_aniso.lat 57.249,58.133,69.087,90.0,112.78,90.0
corrlt tmp_sym_aniso.lat data.lat
Function iteration =  10 , (sigma) = ( 0.051761312867509235 ), overall correlation =  0.0 , anisotropic correlation (target) =  0.546995
anisolt tmp_sym.lat tmp_sym_aniso.lat 57.249,58.133,69.087,90.0,112.78,90.0
corrlt tmp_sym_aniso.lat data.lat
Function iteration =  11 , (sigma) = ( 0.04257002754791578 ), overall correlation =  0.0 , anisotropic correlation (target) =  0.547252
Function iteration =  12 , (sigma) = ( -0.07225048082971475 ), overall correlation =  0 , anisotropic correlation (target) =  0
anisolt tmp_sym.lat tmp_sym_aniso.lat 57.249,58.133,69.087,90.0,112.78,90.0
corrlt tmp_sym_aniso.lat data.lat
Function iteration =  13 , (sigma) = ( 0.012607570723637218 ), overall correlation =  0.0 , anisotropic correlation (target) =  0.547712
anisolt tmp_sym.lat tmp_sym_aniso.lat 57.249,58.133,69.087,90.0,112.78,90.0
corrlt tmp_sym_aniso.lat data.lat
Function iteration =  14 , (sigma) = ( 0.003751744280345637 ), overall correlation =  0.0 , anisotropic correlation (target) =  0.547703
anisolt tmp_sym.lat tmp_sym_aniso.lat 57.249,58.133,69.087,90.0,112.78,90.0
corrlt tmp_sym_aniso.lat data.lat
Function iteration =  15 , (sigma) = ( 0.016081495026400827 ), overall correlation =  0.0 , anisotropic correlation (target) =  0.547655
anisolt tmp_sym.lat tmp_sym_aniso.lat 57.249,58.133,69.087,90.0,112.78,90.0
corrlt tmp_sym_aniso.lat data.lat
Function iteration =  16 , (sigma) = ( 0.009133646420873609 ), overall correlation =  0.0 , anisotropic correlation (target) =  0.547713
Function iteration =  17 , (sigma) = ( -0.34173270715825277 ), overall correlation =  0 , anisotropic correlation (target) =  0
anisolt tmp_sym.lat tmp_sym_aniso.lat 57.249,58.133,69.087,90.0,112.78,90.0
corrlt tmp_sym_aniso.lat data.lat
Function iteration =  18 , (sigma) = ( 0.009133646420873609 ), overall correlation =  0.0 , anisotropic correlation (target) =  0.547713
anisolt tmp_sym.lat tmp_sym_aniso.lat 57.249,58.133,69.087,90.0,112.78,90.0
corrlt tmp_sym_aniso.lat data.lat
Function iteration =  19 , (sigma) = ( 1.0091336464208736 ), overall correlation =  0.0 , anisotropic correlation (target) =  0.130787
Function iteration =  20 , (sigma) = ( -1.6089003535791264 ), overall correlation =  0 , anisotropic correlation (target) =  0
anisolt tmp_sym.lat tmp_sym_aniso.lat 57.249,58.133,69.087,90.0,112.78,90.0
corrlt tmp_sym_aniso.lat data.lat
Function iteration =  21 , (sigma) = ( 0.009133646420873609 ), overall correlation =  0.0 , anisotropic correlation (target) =  0.547713
Function iteration =  22 , (sigma) = ( -0.6089003284231265 ), overall correlation =  0 , anisotropic correlation (target) =  0
anisolt tmp_sym.lat tmp_sym_aniso.lat 57.249,58.133,69.087,90.0,112.78,90.0
corrlt tmp_sym_aniso.lat data.lat
Function iteration =  23 , (sigma) = ( 0.39109964642087364 ), overall correlation =  0.0 , anisotropic correlation (target) =  0.460121
anisolt tmp_sym.lat tmp_sym_aniso.lat 57.249,58.133,69.087,90.0,112.78,90.0
corrlt tmp_sym_aniso.lat data.lat
Function iteration =  24 , (sigma) = ( 0.09733260091966241 ), overall correlation =  0.0 , anisotropic correlation (target) =  0.544739
anisolt tmp_sym.lat tmp_sym_aniso.lat 57.249,58.133,69.087,90.0,112.78,90.0
corrlt tmp_sym_aniso.lat data.lat
Function iteration =  25 , (sigma) = ( 0.02791202173134158 ), overall correlation =  0.0 , anisotropic correlation (target) =  0.547499
anisolt tmp_sym.lat tmp_sym_aniso.lat 57.249,58.133,69.087,90.0,112.78,90.0
corrlt tmp_sym_aniso.lat data.lat
Function iteration =  26 , (sigma) = ( 0.0008030331171813895 ), overall correlation =  0.0 , anisotropic correlation (target) =  0.547185
anisolt tmp_sym.lat tmp_sym_aniso.lat 57.249,58.133,69.087,90.0,112.78,90.0
corrlt tmp_sym_aniso.lat data.lat
Function iteration =  27 , (sigma) = ( 0.016457109821721584 ), overall correlation =  0.0 , anisotropic correlation (target) =  0.547628
anisolt tmp_sym.lat tmp_sym_aniso.lat 57.249,58.133,69.087,90.0,112.78,90.0
corrlt tmp_sym_aniso.lat data.lat
Function iteration =  28 , (sigma) = ( 0.005951635379715506 ), overall correlation =  0.0 , anisotropic correlation (target) =  0.547745
anisolt tmp_sym.lat tmp_sym_aniso.lat 57.249,58.133,69.087,90.0,112.78,90.0
corrlt tmp_sym_aniso.lat data.lat
Function iteration =  29 , (sigma) = ( 0.0039850443679044 ), overall correlation =  0.0 , anisotropic correlation (target) =  0.547752
anisolt tmp_sym.lat tmp_sym_aniso.lat 57.249,58.133,69.087,90.0,112.78,90.0
corrlt tmp_sym_aniso.lat data.lat
Function iteration =  30 , (sigma) = ( 0.003557994481707962 ), overall correlation =  0.0 , anisotropic correlation (target) =  0.547757
anisolt tmp_sym.lat tmp_sym_aniso.lat 57.249,58.133,69.087,90.0,112.78,90.0
corrlt tmp_sym_aniso.lat data.lat
Function iteration =  31 , (sigma) = ( 0.0025056929091452048 ), overall correlation =  0.0 , anisotropic correlation (target) =  0.547788
anisolt tmp_sym.lat tmp_sym_aniso.lat 57.249,58.133,69.087,90.0,112.78,90.0
corrlt tmp_sym_aniso.lat data.lat
Function iteration =  32 , (sigma) = ( 0.001855334759047954 ), overall correlation =  0.0 , anisotropic correlation (target) =  0.547708
anisolt tmp_sym.lat tmp_sym_aniso.lat 57.249,58.133,69.087,90.0,112.78,90.0
corrlt tmp_sym_aniso.lat data.lat
Function iteration =  33 , (sigma) = ( 0.002907636331610711 ), overall correlation =  0.0 , anisotropic correlation (target) =  0.547639
anisolt tmp_sym.lat tmp_sym_aniso.lat 57.249,58.133,69.087,90.0,112.78,90.0
corrlt tmp_sym_aniso.lat data.lat
Function iteration =  34 , (sigma) = ( 0.0022572782079851583 ), overall correlation =  0.0 , anisotropic correlation (target) =  0.54787
anisolt tmp_sym.lat tmp_sym_aniso.lat 57.249,58.133,69.087,90.0,112.78,90.0
corrlt tmp_sym_aniso.lat data.lat
Function iteration =  35 , (sigma) = ( 0.00210374947656841 ), overall correlation =  0.0 , anisotropic correlation (target) =  0.54773
anisolt tmp_sym.lat tmp_sym_aniso.lat 57.249,58.133,69.087,90.0,112.78,90.0
corrlt tmp_sym_aniso.lat data.lat
Function iteration =  36 , (sigma) = ( 0.0023521641777284564 ), overall correlation =  0.0 , anisotropic correlation (target) =  0.547772
anisolt tmp_sym.lat tmp_sym_aniso.lat 57.249,58.133,69.087,90.0,112.78,90.0
corrlt tmp_sym_aniso.lat data.lat
Function iteration =  37 , (sigma) = ( 0.0021885145158562734 ), overall correlation =  0.0 , anisotropic correlation (target) =  0.547765
Function iteration =  38 , (sigma) = ( -0.004619090004903292 ), overall correlation =  0 , anisotropic correlation (target) =  0
anisolt tmp_sym.lat tmp_sym_aniso.lat 57.249,58.133,69.087,90.0,112.78,90.0
corrlt tmp_sym_aniso.lat data.lat
Function iteration =  39 , (sigma) = ( 0.0022572782079851583 ), overall correlation =  0.0 , anisotropic correlation (target) =  0.54787
anisolt tmp_sym.lat tmp_sym_aniso.lat 57.249,58.133,69.087,90.0,112.78,90.0
corrlt tmp_sym_aniso.lat data.lat
Function iteration =  40 , (sigma) = ( 1.0022572782079853 ), overall correlation =  0.0 , anisotropic correlation (target) =  0.133242
Function iteration =  41 , (sigma) = ( -1.615776721792015 ), overall correlation =  0 , anisotropic correlation (target) =  0
anisolt tmp_sym.lat tmp_sym_aniso.lat 57.249,58.133,69.087,90.0,112.78,90.0
corrlt tmp_sym_aniso.lat data.lat
Function iteration =  42 , (sigma) = ( 0.0022572782079851583 ), overall correlation =  0.0 , anisotropic correlation (target) =  0.54787
Function iteration =  43 , (sigma) = ( -0.6157766966360149 ), overall correlation =  0 , anisotropic correlation (target) =  0
anisolt tmp_sym.lat tmp_sym_aniso.lat 57.249,58.133,69.087,90.0,112.78,90.0
corrlt tmp_sym_aniso.lat data.lat
Function iteration =  44 , (sigma) = ( 0.3842232782079852 ), overall correlation =  0.0 , anisotropic correlation (target) =  0.463458
anisolt tmp_sym.lat tmp_sym_aniso.lat 57.249,58.133,69.087,90.0,112.78,90.0
corrlt tmp_sym_aniso.lat data.lat
Function iteration =  45 , (sigma) = ( 0.09346587098976508 ), overall correlation =  0.0 , anisotropic correlation (target) =  0.545003
anisolt tmp_sym.lat tmp_sym_aniso.lat 57.249,58.133,69.087,90.0,112.78,90.0
corrlt tmp_sym_aniso.lat data.lat
Function iteration =  46 , (sigma) = ( 0.02375442207532197 ), overall correlation =  0.0 , anisotropic correlation (target) =  0.547578
Function iteration =  47 , (sigma) = ( -0.013517726771410419 ), overall correlation =  0 , anisotropic correlation (target) =  0
anisolt tmp_sym.lat tmp_sym_aniso.lat 57.249,58.133,69.087,90.0,112.78,90.0
corrlt tmp_sym_aniso.lat data.lat
Function iteration =  48 , (sigma) = ( 0.010468456262416333 ), overall correlation =  0.0 , anisotropic correlation (target) =  0.547715
Function iteration =  49 , (sigma) = ( -0.0037682373439746533 ), overall correlation =  0 , anisotropic correlation (target) =  0
anisolt tmp_sym.lat tmp_sym_aniso.lat 57.249,58.133,69.087,90.0,112.78,90.0
corrlt tmp_sym_aniso.lat data.lat
Function iteration =  50 , (sigma) = ( 0.005393669044724016 ), overall correlation =  0.0 , anisotropic correlation (target) =  0.547727
Function iteration =  51 , (sigma) = ( -4.426386533472326e-05 ), overall correlation =  0 , anisotropic correlation (target) =  0
anisolt tmp_sym.lat tmp_sym_aniso.lat 57.249,58.133,69.087,90.0,112.78,90.0
corrlt tmp_sym_aniso.lat data.lat
Function iteration =  52 , (sigma) = ( 0.003455272870330953 ), overall correlation =  0.0 , anisotropic correlation (target) =  0.547715
anisolt tmp_sym.lat tmp_sym_aniso.lat 57.249,58.133,69.087,90.0,112.78,90.0
corrlt tmp_sym_aniso.lat data.lat
Function iteration =  53 , (sigma) = ( 0.0013781673884074564 ), overall correlation =  0.0 , anisotropic correlation (target) =  0.547468
anisolt tmp_sym.lat tmp_sym_aniso.lat 57.249,58.133,69.087,90.0,112.78,90.0
corrlt tmp_sym_aniso.lat data.lat
Function iteration =  54 , (sigma) = ( 0.002714871437182732 ), overall correlation =  0.0 , anisotropic correlation (target) =  0.547738
anisolt tmp_sym.lat tmp_sym_aniso.lat 57.249,58.133,69.087,90.0,112.78,90.0
corrlt tmp_sym_aniso.lat data.lat
Function iteration =  55 , (sigma) = ( 0.0019214877646743418 ), overall correlation =  0.0 , anisotropic correlation (target) =  0.547708
anisolt tmp_sym.lat tmp_sym_aniso.lat 57.249,58.133,69.087,90.0,112.78,90.0
corrlt tmp_sym_aniso.lat data.lat
Function iteration =  56 , (sigma) = ( 0.002432063263368839 ), overall correlation =  0.0 , anisotropic correlation (target) =  0.547765
anisolt tmp_sym.lat tmp_sym_aniso.lat 57.249,58.133,69.087,90.0,112.78,90.0
corrlt tmp_sym_aniso.lat data.lat
Function iteration =  57 , (sigma) = ( 0.002129017675515499 ), overall correlation =  0.0 , anisotropic correlation (target) =  0.547725
anisolt tmp_sym.lat tmp_sym_aniso.lat 57.249,58.133,69.087,90.0,112.78,90.0
corrlt tmp_sym_aniso.lat data.lat
Function iteration =  58 , (sigma) = ( 0.0023240401564498412 ), overall correlation =  0.0 , anisotropic correlation (target) =  0.547736
anisolt tmp_sym.lat tmp_sym_aniso.lat 57.249,58.133,69.087,90.0,112.78,90.0
corrlt tmp_sym_aniso.lat data.lat
Function iteration =  59 , (sigma) = ( 0.0022082870454398526 ), overall correlation =  0.0 , anisotropic correlation (target) =  0.547792
anisolt tmp_sym.lat tmp_sym_aniso.lat 57.249,58.133,69.087,90.0,112.78,90.0
corrlt tmp_sym_aniso.lat data.lat
Function iteration =  60 , (sigma) = ( 0.002314018815528576 ), overall correlation =  0.0 , anisotropic correlation (target) =  0.547709
anisolt tmp_sym.lat tmp_sym_aniso.lat 57.249,58.133,69.087,90.0,112.78,90.0
corrlt tmp_sym_aniso.lat data.lat
Function iteration =  61 , (sigma) = ( 0.0022789511908860873 ), overall correlation =  0.0 , anisotropic correlation (target) =  0.54776
anisolt tmp_sym.lat tmp_sym_aniso.lat 57.249,58.133,69.087,90.0,112.78,90.0
corrlt tmp_sym_aniso.lat data.lat
Function iteration =  62 , (sigma) = ( 0.002238565249592378 ), overall correlation =  0.0 , anisotropic correlation (target) =  0.547769
anisolt tmp_sym.lat tmp_sym_aniso.lat 57.249,58.133,69.087,90.0,112.78,90.0
corrlt tmp_sym_aniso.lat data.lat
Function iteration =  63 , (sigma) = ( 0.0022655565505718947 ), overall correlation =  0.0 , anisotropic correlation (target) =  0.547804
anisolt tmp_sym.lat tmp_sym_aniso.lat 57.249,58.133,69.087,90.0,112.78,90.0
corrlt tmp_sym_aniso.lat data.lat
Function iteration =  64 , (sigma) = ( 0.0022501304941197017 ), overall correlation =  0.0 , anisotropic correlation (target) =  0.547856
anisolt tmp_sym.lat tmp_sym_aniso.lat 57.249,58.133,69.087,90.0,112.78,90.0
corrlt tmp_sym_aniso.lat data.lat
Function iteration =  65 , (sigma) = ( 0.002255225531142806 ), overall correlation =  0.0 , anisotropic correlation (target) =  0.547877
anisolt tmp_sym.lat tmp_sym_aniso.lat 57.249,58.133,69.087,90.0,112.78,90.0
corrlt tmp_sym_aniso.lat data.lat
Function iteration =  66 , (sigma) = ( 0.0022546337389248152 ), overall correlation =  0.0 , anisotropic correlation (target) =  0.547866
anisolt tmp_sym.lat tmp_sym_aniso.lat 57.249,58.133,69.087,90.0,112.78,90.0
corrlt tmp_sym_aniso.lat data.lat
Function iteration =  67 , (sigma) = ( 0.002256046891694636 ), overall correlation =  0.0 , anisotropic correlation (target) =  0.547867
anisolt tmp_sym.lat tmp_sym_aniso.lat 57.249,58.133,69.087,90.0,112.78,90.0
corrlt tmp_sym_aniso.lat data.lat
Function iteration =  68 , (sigma) = ( 0.002255539262947346 ), overall correlation =  0.0 , anisotropic correlation (target) =  0.547849
anisolt tmp_sym.lat tmp_sym_aniso.lat 57.249,58.133,69.087,90.0,112.78,90.0
corrlt tmp_sym_aniso.lat data.lat
Function iteration =  69 , (sigma) = ( 0.002254999486636469 ), overall correlation =  0.0 , anisotropic correlation (target) =  0.547871
anisolt tmp_sym.lat tmp_sym_aniso.lat 57.249,58.133,69.087,90.0,112.78,90.0
corrlt tmp_sym_aniso.lat data.lat
Function iteration =  70 , (sigma) = ( 0.002255345366025259 ), overall correlation =  0.0 , anisotropic correlation (target) =  0.547874
anisolt tmp_sym.lat tmp_sym_aniso.lat 57.249,58.133,69.087,90.0,112.78,90.0
corrlt tmp_sym_aniso.lat data.lat
Function iteration =  71 , (sigma) = ( 0.002255201508558443 ), overall correlation =  0.0 , anisotropic correlation (target) =  0.547874
anisolt tmp_sym.lat tmp_sym_aniso.lat 57.249,58.133,69.087,90.0,112.78,90.0
corrlt tmp_sym_aniso.lat data.lat
Function iteration =  72 , (sigma) = ( 0.002255273437291851 ), overall correlation =  0.0 , anisotropic correlation (target) =  0.547868
anisolt tmp_sym.lat tmp_sym_aniso.lat 57.249,58.133,69.087,90.0,112.78,90.0
corrlt tmp_sym_aniso.lat data.lat
Function iteration =  73 , (sigma) = ( 0.0022552460679112294 ), overall correlation =  0.0 , anisotropic correlation (target) =  0.547874
Optimization terminated successfully.
         Current function value: -0.547877
         Iterations: 3
         Function evaluations: 73
Refined sigma =  0.002255225531142806
