origin: 40 41 49
82 84 100 688800
Initializing the hkl file data...
Reading the hkl file data...
...done
Writing file
Done writing file
anisolt tmp_sym.lat tmp_sym_aniso.lat 57.318,58.245,69.095,90.0,112.74,90.0
corrlt tmp_sym_aniso.lat data.lat
Function iteration =  1 , (sigma) = ( 0.36 ), overall correlation =  0.0 , anisotropic correlation (target) =  0.489033
anisolt tmp_sym.lat tmp_sym_aniso.lat 57.318,58.245,69.095,90.0,112.74,90.0
corrlt tmp_sym_aniso.lat data.lat
Function iteration =  2 , (sigma) = ( 0.36 ), overall correlation =  0.0 , anisotropic correlation (target) =  0.489033
anisolt tmp_sym.lat tmp_sym_aniso.lat 57.318,58.245,69.095,90.0,112.74,90.0
corrlt tmp_sym_aniso.lat data.lat
Function iteration =  3 , (sigma) = ( 1.3599999999999999 ), overall correlation =  0.0 , anisotropic correlation (target) =  0.0722492
Function iteration =  4 , (sigma) = ( -1.2580339999999999 ), overall correlation =  0 , anisotropic correlation (target) =  0
anisolt tmp_sym.lat tmp_sym_aniso.lat 57.318,58.245,69.095,90.0,112.74,90.0
corrlt tmp_sym_aniso.lat data.lat
Function iteration =  5 , (sigma) = ( 0.36 ), overall correlation =  0.0 , anisotropic correlation (target) =  0.489033
Function iteration =  6 , (sigma) = ( -0.25803397484400004 ), overall correlation =  0 , anisotropic correlation (target) =  0
anisolt tmp_sym.lat tmp_sym_aniso.lat 57.318,58.245,69.095,90.0,112.74,90.0
corrlt tmp_sym_aniso.lat data.lat
Function iteration =  7 , (sigma) = ( 0.741966 ), overall correlation =  0.0 , anisotropic correlation (target) =  0.285793
anisolt tmp_sym.lat tmp_sym_aniso.lat 57.318,58.245,69.095,90.0,112.74,90.0
corrlt tmp_sym_aniso.lat data.lat
Function iteration =  8 , (sigma) = ( 0.34994597427617613 ), overall correlation =  0.0 , anisotropic correlation (target) =  0.493044
anisolt tmp_sym.lat tmp_sym_aniso.lat 57.318,58.245,69.095,90.0,112.74,90.0
corrlt tmp_sym_aniso.lat data.lat
Function iteration =  9 , (sigma) = ( 0.11771830503053887 ), overall correlation =  0.0 , anisotropic correlation (target) =  0.542637
anisolt tmp_sym.lat tmp_sym_aniso.lat 57.318,58.245,69.095,90.0,112.74,90.0
corrlt tmp_sym_aniso.lat data.lat
Function iteration =  10 , (sigma) = ( 0.09428926828414819 ), overall correlation =  0.0 , anisotropic correlation (target) =  0.543383
anisolt tmp_sym.lat tmp_sym_aniso.lat 57.318,58.245,69.095,90.0,112.74,90.0
corrlt tmp_sym_aniso.lat data.lat
Function iteration =  11 , (sigma) = ( 0.08360488593907095 ), overall correlation =  0.0 , anisotropic correlation (target) =  0.543601
Function iteration =  12 , (sigma) = ( -0.046889543158795566 ), overall correlation =  0 , anisotropic correlation (target) =  0
anisolt tmp_sym.lat tmp_sym_aniso.lat 57.318,58.245,69.095,90.0,112.74,90.0
corrlt tmp_sym_aniso.lat data.lat
Function iteration =  13 , (sigma) = ( 0.05851848085228828 ), overall correlation =  0.0 , anisotropic correlation (target) =  0.543878
anisolt tmp_sym.lat tmp_sym_aniso.lat 57.318,58.245,69.095,90.0,112.74,90.0
corrlt tmp_sym_aniso.lat data.lat
Function iteration =  14 , (sigma) = ( 0.049966582054985054 ), overall correlation =  0.0 , anisotropic correlation (target) =  0.54393
anisolt tmp_sym.lat tmp_sym_aniso.lat 57.318,58.245,69.095,90.0,112.74,90.0
corrlt tmp_sym_aniso.lat data.lat
Function iteration =  15 , (sigma) = ( 0.012970835331578112 ), overall correlation =  0.0 , anisotropic correlation (target) =  0.54398
anisolt tmp_sym.lat tmp_sym_aniso.lat 57.318,58.245,69.095,90.0,112.74,90.0
corrlt tmp_sym_aniso.lat data.lat
Function iteration =  16 , (sigma) = ( 0.02496016957559727 ), overall correlation =  0.0 , anisotropic correlation (target) =  0.543983
anisolt tmp_sym.lat tmp_sym_aniso.lat 57.318,58.245,69.095,90.0,112.74,90.0
corrlt tmp_sym_aniso.lat data.lat
Function iteration =  17 , (sigma) = ( 0.020918755509864828 ), overall correlation =  0.0 , anisotropic correlation (target) =  0.543992
anisolt tmp_sym.lat tmp_sym_aniso.lat 57.318,58.245,69.095,90.0,112.74,90.0
corrlt tmp_sym_aniso.lat data.lat
Function iteration =  18 , (sigma) = ( 0.01752794305496347 ), overall correlation =  0.0 , anisotropic correlation (target) =  0.543975
Function iteration =  19 , (sigma) = ( -0.31816248898027033 ), overall correlation =  0 , anisotropic correlation (target) =  0
anisolt tmp_sym.lat tmp_sym_aniso.lat 57.318,58.245,69.095,90.0,112.74,90.0
corrlt tmp_sym_aniso.lat data.lat
Function iteration =  20 , (sigma) = ( 0.020918755509864828 ), overall correlation =  0.0 , anisotropic correlation (target) =  0.543992
anisolt tmp_sym.lat tmp_sym_aniso.lat 57.318,58.245,69.095,90.0,112.74,90.0
corrlt tmp_sym_aniso.lat data.lat
Function iteration =  21 , (sigma) = ( 1.0209187555098649 ), overall correlation =  0.0 , anisotropic correlation (target) =  0.147211
Function iteration =  22 , (sigma) = ( -1.597115244490135 ), overall correlation =  0 , anisotropic correlation (target) =  0
anisolt tmp_sym.lat tmp_sym_aniso.lat 57.318,58.245,69.095,90.0,112.74,90.0
corrlt tmp_sym_aniso.lat data.lat
Function iteration =  23 , (sigma) = ( 0.020918755509864828 ), overall correlation =  0.0 , anisotropic correlation (target) =  0.543992
Function iteration =  24 , (sigma) = ( -0.5971152193341351 ), overall correlation =  0 , anisotropic correlation (target) =  0
anisolt tmp_sym.lat tmp_sym_aniso.lat 57.318,58.245,69.095,90.0,112.74,90.0
corrlt tmp_sym_aniso.lat data.lat
Function iteration =  25 , (sigma) = ( 0.40288475550986486 ), overall correlation =  0.0 , anisotropic correlation (target) =  0.470666
anisolt tmp_sym.lat tmp_sym_aniso.lat 57.318,58.245,69.095,90.0,112.74,90.0
corrlt tmp_sym_aniso.lat data.lat
Function iteration =  26 , (sigma) = ( 0.12237751817047862 ), overall correlation =  0.0 , anisotropic correlation (target) =  0.542399
anisolt tmp_sym.lat tmp_sym_aniso.lat 57.318,58.245,69.095,90.0,112.74,90.0
corrlt tmp_sym_aniso.lat data.lat
Function iteration =  27 , (sigma) = ( 0.05915520602657746 ), overall correlation =  0.0 , anisotropic correlation (target) =  0.543867
anisolt tmp_sym.lat tmp_sym_aniso.lat 57.318,58.245,69.095,90.0,112.74,90.0
corrlt tmp_sym_aniso.lat data.lat
Function iteration =  28 , (sigma) = ( 0.03172436289482701 ), overall correlation =  0.0 , anisotropic correlation (target) =  0.543952
Function iteration =  29 , (sigma) = ( -0.2151492097253985 ), overall correlation =  0 , anisotropic correlation (target) =  0
Function iteration =  30 , (sigma) = ( -0.06925118089918778 ), overall correlation =  0 , anisotropic correlation (target) =  0
Function iteration =  31 , (sigma) = ( -0.01352309442055536 ), overall correlation =  0 , anisotropic correlation (target) =  0
anisolt tmp_sym.lat tmp_sym_aniso.lat 57.318,58.245,69.095,90.0,112.74,90.0
corrlt tmp_sym_aniso.lat data.lat
Function iteration =  32 , (sigma) = ( 0.007763139859341949 ), overall correlation =  0.0 , anisotropic correlation (target) =  0.543973
anisolt tmp_sym.lat tmp_sym_aniso.lat 57.318,58.245,69.095,90.0,112.74,90.0
corrlt tmp_sym_aniso.lat data.lat
Function iteration =  33 , (sigma) = ( 0.017703344277871024 ), overall correlation =  0.0 , anisotropic correlation (target) =  0.543982
anisolt tmp_sym.lat tmp_sym_aniso.lat 57.318,58.245,69.095,90.0,112.74,90.0
corrlt tmp_sym_aniso.lat data.lat
Function iteration =  34 , (sigma) = ( 0.025046130140269292 ), overall correlation =  0.0 , anisotropic correlation (target) =  0.54398
anisolt tmp_sym.lat tmp_sym_aniso.lat 57.318,58.245,69.095,90.0,112.74,90.0
corrlt tmp_sym_aniso.lat data.lat
Function iteration =  35 , (sigma) = ( 0.02120855356360996 ), overall correlation =  0.0 , anisotropic correlation (target) =  0.543984
anisolt tmp_sym.lat tmp_sym_aniso.lat 57.318,58.245,69.095,90.0,112.74,90.0
corrlt tmp_sym_aniso.lat data.lat
Function iteration =  36 , (sigma) = ( 0.019488505823499855 ), overall correlation =  0.0 , anisotropic correlation (target) =  0.543999
anisolt tmp_sym.lat tmp_sym_aniso.lat 57.318,58.245,69.095,90.0,112.74,90.0
corrlt tmp_sym_aniso.lat data.lat
Function iteration =  37 , (sigma) = ( 0.018806634808562192 ), overall correlation =  0.0 , anisotropic correlation (target) =  0.543971
anisolt tmp_sym.lat tmp_sym_aniso.lat 57.318,58.245,69.095,90.0,112.74,90.0
corrlt tmp_sym_aniso.lat data.lat
Function iteration =  38 , (sigma) = ( 0.020018295862460244 ), overall correlation =  0.0 , anisotropic correlation (target) =  0.543987
anisolt tmp_sym.lat tmp_sym_aniso.lat 57.318,58.245,69.095,90.0,112.74,90.0
corrlt tmp_sym_aniso.lat data.lat
Function iteration =  39 , (sigma) = ( 0.019228054279408175 ), overall correlation =  0.0 , anisotropic correlation (target) =  0.543996
anisolt tmp_sym.lat tmp_sym_aniso.lat 57.318,58.245,69.095,90.0,112.74,90.0
corrlt tmp_sym_aniso.lat data.lat
Function iteration =  40 , (sigma) = ( 0.019690867605521398 ), overall correlation =  0.0 , anisotropic correlation (target) =  0.544008
anisolt tmp_sym.lat tmp_sym_aniso.lat 57.318,58.245,69.095,90.0,112.74,90.0
corrlt tmp_sym_aniso.lat data.lat
Function iteration =  41 , (sigma) = ( 0.019815934067111303 ), overall correlation =  0.0 , anisotropic correlation (target) =  0.544005
anisolt tmp_sym.lat tmp_sym_aniso.lat 57.318,58.245,69.095,90.0,112.74,90.0
corrlt tmp_sym_aniso.lat data.lat
Function iteration =  42 , (sigma) = ( 0.01970314649456483 ), overall correlation =  0.0 , anisotropic correlation (target) =  0.544004
anisolt tmp_sym.lat tmp_sym_aniso.lat 57.318,58.245,69.095,90.0,112.74,90.0
corrlt tmp_sym_aniso.lat data.lat
Function iteration =  43 , (sigma) = ( 0.019613572285089757 ), overall correlation =  0.0 , anisotropic correlation (target) =  0.543999
anisolt tmp_sym.lat tmp_sym_aniso.lat 57.318,58.245,69.095,90.0,112.74,90.0
corrlt tmp_sym_aniso.lat data.lat
Function iteration =  44 , (sigma) = ( 0.019661343421157405 ), overall correlation =  0.0 , anisotropic correlation (target) =  0.543998
anisolt tmp_sym.lat tmp_sym_aniso.lat 57.318,58.245,69.095,90.0,112.74,90.0
corrlt tmp_sym_aniso.lat data.lat
Function iteration =  45 , (sigma) = ( 0.019678588716477964 ), overall correlation =  0.0 , anisotropic correlation (target) =  0.544003
Optimization terminated successfully.
         Current function value: -0.544008
         Iterations: 2
         Function evaluations: 45
Refined sigma =  0.019690867605521398
