origin: 40 41 49
82 84 100 688800
Initializing the hkl file data...
Reading the hkl file data...
...done
Writing file
Done writing file
anisolt tmp_sym.lat tmp_sym_aniso.lat 57.249,58.133,69.087,90.0,112.78,90.0
corrlt tmp_sym_aniso.lat data.lat
Function iteration =  1 , (sigma) = ( 0.36 ), overall correlation =  0.0 , anisotropic correlation (target) =  0.475724
anisolt tmp_sym.lat tmp_sym_aniso.lat 57.249,58.133,69.087,90.0,112.78,90.0
corrlt tmp_sym_aniso.lat data.lat
Function iteration =  2 , (sigma) = ( 0.36 ), overall correlation =  0.0 , anisotropic correlation (target) =  0.475724
anisolt tmp_sym.lat tmp_sym_aniso.lat 57.249,58.133,69.087,90.0,112.78,90.0
corrlt tmp_sym_aniso.lat data.lat
Function iteration =  3 , (sigma) = ( 1.3599999999999999 ), overall correlation =  0.0 , anisotropic correlation (target) =  0.0503316
Function iteration =  4 , (sigma) = ( -1.2580339999999999 ), overall correlation =  0 , anisotropic correlation (target) =  0
anisolt tmp_sym.lat tmp_sym_aniso.lat 57.249,58.133,69.087,90.0,112.78,90.0
corrlt tmp_sym_aniso.lat data.lat
Function iteration =  5 , (sigma) = ( 0.36 ), overall correlation =  0.0 , anisotropic correlation (target) =  0.475724
Function iteration =  6 , (sigma) = ( -0.25803397484400004 ), overall correlation =  0 , anisotropic correlation (target) =  0
anisolt tmp_sym.lat tmp_sym_aniso.lat 57.249,58.133,69.087,90.0,112.78,90.0
corrlt tmp_sym_aniso.lat data.lat
Function iteration =  7 , (sigma) = ( 0.741966 ), overall correlation =  0.0 , anisotropic correlation (target) =  0.244908
anisolt tmp_sym.lat tmp_sym_aniso.lat 57.249,58.133,69.087,90.0,112.78,90.0
corrlt tmp_sym_aniso.lat data.lat
Function iteration =  8 , (sigma) = ( 0.3310868712977304 ), overall correlation =  0.0 , anisotropic correlation (target) =  0.48979
anisolt tmp_sym.lat tmp_sym_aniso.lat 57.249,58.133,69.087,90.0,112.78,90.0
corrlt tmp_sym_aniso.lat data.lat
Function iteration =  9 , (sigma) = ( 0.10606273818035816 ), overall correlation =  0.0 , anisotropic correlation (target) =  0.547652
anisolt tmp_sym.lat tmp_sym_aniso.lat 57.249,58.133,69.087,90.0,112.78,90.0
corrlt tmp_sym_aniso.lat data.lat
Function iteration =  10 , (sigma) = ( 0.07622637143866101 ), overall correlation =  0.0 , anisotropic correlation (target) =  0.549123
anisolt tmp_sym.lat tmp_sym_aniso.lat 57.249,58.133,69.087,90.0,112.78,90.0
corrlt tmp_sym_aniso.lat data.lat
Function iteration =  11 , (sigma) = ( 0.06091572120610572 ), overall correlation =  0.0 , anisotropic correlation (target) =  0.549601
Function iteration =  12 , (sigma) = ( -0.06091221839536898 ), overall correlation =  0 , anisotropic correlation (target) =  0
anisolt tmp_sym.lat tmp_sym_aniso.lat 57.249,58.133,69.087,90.0,112.78,90.0
corrlt tmp_sym_aniso.lat data.lat
Function iteration =  13 , (sigma) = ( 0.02959630701778848 ), overall correlation =  0.0 , anisotropic correlation (target) =  0.550149
anisolt tmp_sym.lat tmp_sym_aniso.lat 57.249,58.133,69.087,90.0,112.78,90.0
corrlt tmp_sym_aniso.lat data.lat
Function iteration =  14 , (sigma) = ( 0.015528743353926844 ), overall correlation =  0.0 , anisotropic correlation (target) =  0.550239
anisolt tmp_sym.lat tmp_sym_aniso.lat 57.249,58.133,69.087,90.0,112.78,90.0
corrlt tmp_sym_aniso.lat data.lat
Function iteration =  15 , (sigma) = ( 0.009482038717558927 ), overall correlation =  0.0 , anisotropic correlation (target) =  0.550272
Function iteration =  16 , (sigma) = ( -0.01740617409483769 ), overall correlation =  0 , anisotropic correlation (target) =  0
Function iteration =  17 , (sigma) = ( -0.0007883443775409393 ), overall correlation =  0 , anisotropic correlation (target) =  0
anisolt tmp_sym.lat tmp_sym_aniso.lat 57.249,58.133,69.087,90.0,112.78,90.0
corrlt tmp_sym_aniso.lat data.lat
Function iteration =  18 , (sigma) = ( 0.0055591015682560085 ), overall correlation =  0.0 , anisotropic correlation (target) =  0.55029
Function iteration =  19 , (sigma) = ( -0.34888179686348797 ), overall correlation =  0 , anisotropic correlation (target) =  0
anisolt tmp_sym.lat tmp_sym_aniso.lat 57.249,58.133,69.087,90.0,112.78,90.0
corrlt tmp_sym_aniso.lat data.lat
Function iteration =  20 , (sigma) = ( 0.0055591015682560085 ), overall correlation =  0.0 , anisotropic correlation (target) =  0.55029
anisolt tmp_sym.lat tmp_sym_aniso.lat 57.249,58.133,69.087,90.0,112.78,90.0
corrlt tmp_sym_aniso.lat data.lat
Function iteration =  21 , (sigma) = ( 1.005559101568256 ), overall correlation =  0.0 , anisotropic correlation (target) =  0.11898
Function iteration =  22 , (sigma) = ( -1.6124748984317439 ), overall correlation =  0 , anisotropic correlation (target) =  0
anisolt tmp_sym.lat tmp_sym_aniso.lat 57.249,58.133,69.087,90.0,112.78,90.0
corrlt tmp_sym_aniso.lat data.lat
Function iteration =  23 , (sigma) = ( 0.0055591015682560085 ), overall correlation =  0.0 , anisotropic correlation (target) =  0.55029
Function iteration =  24 , (sigma) = ( -0.612474873275744 ), overall correlation =  0 , anisotropic correlation (target) =  0
anisolt tmp_sym.lat tmp_sym_aniso.lat 57.249,58.133,69.087,90.0,112.78,90.0
corrlt tmp_sym_aniso.lat data.lat
Function iteration =  25 , (sigma) = ( 0.38752510156825604 ), overall correlation =  0.0 , anisotropic correlation (target) =  0.461369
anisolt tmp_sym.lat tmp_sym_aniso.lat 57.249,58.133,69.087,90.0,112.78,90.0
corrlt tmp_sym_aniso.lat data.lat
Function iteration =  26 , (sigma) = ( 0.09290914583203158 ), overall correlation =  0.0 , anisotropic correlation (target) =  0.548386
anisolt tmp_sym.lat tmp_sym_aniso.lat 57.249,58.133,69.087,90.0,112.78,90.0
corrlt tmp_sym_aniso.lat data.lat
Function iteration =  27 , (sigma) = ( 0.03401653383664584 ), overall correlation =  0.0 , anisotropic correlation (target) =  0.550127
anisolt tmp_sym.lat tmp_sym_aniso.lat 57.249,58.133,69.087,90.0,112.78,90.0
corrlt tmp_sym_aniso.lat data.lat
Function iteration =  28 , (sigma) = ( 0.009291903220559379 ), overall correlation =  0.0 , anisotropic correlation (target) =  0.550272
Function iteration =  29 , (sigma) = ( -0.23050886366700732 ), overall correlation =  0 , anisotropic correlation (target) =  0
Function iteration =  30 , (sigma) = ( -0.05839099692385623 ), overall correlation =  0 , anisotropic correlation (target) =  0
Function iteration =  31 , (sigma) = ( -0.018867661752382137 ), overall correlation =  0 , anisotropic correlation (target) =  0
Function iteration =  32 , (sigma) = ( -0.0037710915102748613 ), overall correlation =  0 , anisotropic correlation (target) =  0
anisolt tmp_sym.lat tmp_sym_aniso.lat 57.249,58.133,69.087,90.0,112.78,90.0
corrlt tmp_sym_aniso.lat data.lat
Function iteration =  33 , (sigma) = ( 0.001995285038821886 ), overall correlation =  0.0 , anisotropic correlation (target) =  0.550386
Function iteration =  34 , (sigma) = ( -0.0002072747461304026 ), overall correlation =  0 , anisotropic correlation (target) =  0
anisolt tmp_sym.lat tmp_sym_aniso.lat 57.249,58.133,69.087,90.0,112.78,90.0
corrlt tmp_sym_aniso.lat data.lat
Function iteration =  35 , (sigma) = ( 0.0033565417833037203 ), overall correlation =  0.0 , anisotropic correlation (target) =  0.550276
anisolt tmp_sym.lat tmp_sym_aniso.lat 57.249,58.133,69.087,90.0,112.78,90.0
corrlt tmp_sym_aniso.lat data.lat
Function iteration =  36 , (sigma) = ( 0.0011539820880028 ), overall correlation =  0.0 , anisotropic correlation (target) =  0.550236
anisolt tmp_sym.lat tmp_sym_aniso.lat 57.249,58.133,69.087,90.0,112.78,90.0
corrlt tmp_sym_aniso.lat data.lat
Function iteration =  37 , (sigma) = ( 0.0025152388324846345 ), overall correlation =  0.0 , anisotropic correlation (target) =  0.550372
anisolt tmp_sym.lat tmp_sym_aniso.lat 57.249,58.133,69.087,90.0,112.78,90.0
corrlt tmp_sym_aniso.lat data.lat
Function iteration =  38 , (sigma) = ( 0.0016739359159093229 ), overall correlation =  0.0 , anisotropic correlation (target) =  0.549867
anisolt tmp_sym.lat tmp_sym_aniso.lat 57.249,58.133,69.087,90.0,112.78,90.0
corrlt tmp_sym_aniso.lat data.lat
Function iteration =  39 , (sigma) = ( 0.0021938897095720713 ), overall correlation =  0.0 , anisotropic correlation (target) =  0.550303
anisolt tmp_sym.lat tmp_sym_aniso.lat 57.249,58.133,69.087,90.0,112.78,90.0
corrlt tmp_sym_aniso.lat data.lat
Function iteration =  40 , (sigma) = ( 0.0018725405997394658 ), overall correlation =  0.0 , anisotropic correlation (target) =  0.55027
anisolt tmp_sym.lat tmp_sym_aniso.lat 57.249,58.133,69.087,90.0,112.78,90.0
corrlt tmp_sym_aniso.lat data.lat
Function iteration =  41 , (sigma) = ( 0.0020711452704896514 ), overall correlation =  0.0 , anisotropic correlation (target) =  0.550171
anisolt tmp_sym.lat tmp_sym_aniso.lat 57.249,58.133,69.087,90.0,112.78,90.0
corrlt tmp_sym_aniso.lat data.lat
Function iteration =  42 , (sigma) = ( 0.0019484008364033301 ), overall correlation =  0.0 , anisotropic correlation (target) =  0.550306
anisolt tmp_sym.lat tmp_sym_aniso.lat 57.249,58.133,69.087,90.0,112.78,90.0
corrlt tmp_sym_aniso.lat data.lat
Function iteration =  43 , (sigma) = ( 0.0020309232141162274 ), overall correlation =  0.0 , anisotropic correlation (target) =  0.550282
Function iteration =  44 , (sigma) = ( -0.0015685314906122363 ), overall correlation =  0 , anisotropic correlation (target) =  0
anisolt tmp_sym.lat tmp_sym_aniso.lat 57.249,58.133,69.087,90.0,112.78,90.0
corrlt tmp_sym_aniso.lat data.lat
Function iteration =  45 , (sigma) = ( 0.001995285038821886 ), overall correlation =  0.0 , anisotropic correlation (target) =  0.550386
anisolt tmp_sym.lat tmp_sym_aniso.lat 57.249,58.133,69.087,90.0,112.78,90.0
corrlt tmp_sym_aniso.lat data.lat
Function iteration =  46 , (sigma) = ( 1.0019952850388218 ), overall correlation =  0.0 , anisotropic correlation (target) =  0.120191
Function iteration =  47 , (sigma) = ( -1.6160387149611781 ), overall correlation =  0 , anisotropic correlation (target) =  0
anisolt tmp_sym.lat tmp_sym_aniso.lat 57.249,58.133,69.087,90.0,112.78,90.0
corrlt tmp_sym_aniso.lat data.lat
Function iteration =  48 , (sigma) = ( 0.001995285038821886 ), overall correlation =  0.0 , anisotropic correlation (target) =  0.550386
Function iteration =  49 , (sigma) = ( -0.6160386898051782 ), overall correlation =  0 , anisotropic correlation (target) =  0
anisolt tmp_sym.lat tmp_sym_aniso.lat 57.249,58.133,69.087,90.0,112.78,90.0
corrlt tmp_sym_aniso.lat data.lat
Function iteration =  50 , (sigma) = ( 0.38396128503882193 ), overall correlation =  0.0 , anisotropic correlation (target) =  0.463279
anisolt tmp_sym.lat tmp_sym_aniso.lat 57.249,58.133,69.087,90.0,112.78,90.0
corrlt tmp_sym_aniso.lat data.lat
Function iteration =  51 , (sigma) = ( 0.09104254236271761 ), overall correlation =  0.0 , anisotropic correlation (target) =  0.548474
anisolt tmp_sym.lat tmp_sym_aniso.lat 57.249,58.133,69.087,90.0,112.78,90.0
corrlt tmp_sym_aniso.lat data.lat
Function iteration =  52 , (sigma) = ( 0.03129585901949761 ), overall correlation =  0.0 , anisotropic correlation (target) =  0.550123
Function iteration =  53 , (sigma) = ( -0.00481290808302198 ), overall correlation =  0 , anisotropic correlation (target) =  0
anisolt tmp_sym.lat tmp_sym_aniso.lat 57.249,58.133,69.087,90.0,112.78,90.0
corrlt tmp_sym_aniso.lat data.lat
Function iteration =  54 , (sigma) = ( 0.001995285048821886 ), overall correlation =  0.0 , anisotropic correlation (target) =  0.550386
anisolt tmp_sym.lat tmp_sym_aniso.lat 57.249,58.133,69.087,90.0,112.78,90.0
corrlt tmp_sym_aniso.lat data.lat
Function iteration =  55 , (sigma) = ( 0.001995285058921886 ), overall correlation =  0.0 , anisotropic correlation (target) =  0.550386
anisolt tmp_sym.lat tmp_sym_aniso.lat 57.249,58.133,69.087,90.0,112.78,90.0
corrlt tmp_sym_aniso.lat data.lat
Function iteration =  56 , (sigma) = ( 0.013187108092347152 ), overall correlation =  0.0 , anisotropic correlation (target) =  0.550256
anisolt tmp_sym.lat tmp_sym_aniso.lat 57.249,58.133,69.087,90.0,112.78,90.0
corrlt tmp_sym_aniso.lat data.lat
Function iteration =  57 , (sigma) = ( 0.006270180935707201 ), overall correlation =  0.0 , anisotropic correlation (target) =  0.550274
anisolt tmp_sym.lat tmp_sym_aniso.lat 57.249,58.133,69.087,90.0,112.78,90.0
corrlt tmp_sym_aniso.lat data.lat
Function iteration =  58 , (sigma) = ( 0.003628149937394066 ), overall correlation =  0.0 , anisotropic correlation (target) =  0.550246
anisolt tmp_sym.lat tmp_sym_aniso.lat 57.249,58.133,69.087,90.0,112.78,90.0
corrlt tmp_sym_aniso.lat data.lat
Function iteration =  59 , (sigma) = ( 0.002618983925092391 ), overall correlation =  0.0 , anisotropic correlation (target) =  0.550342
anisolt tmp_sym.lat tmp_sym_aniso.lat 57.249,58.133,69.087,90.0,112.78,90.0
corrlt tmp_sym_aniso.lat data.lat
Function iteration =  60 , (sigma) = ( 0.002233516820037569 ), overall correlation =  0.0 , anisotropic correlation (target) =  0.550327
anisolt tmp_sym.lat tmp_sym_aniso.lat 57.249,58.133,69.087,90.0,112.78,90.0
corrlt tmp_sym_aniso.lat data.lat
Function iteration =  61 , (sigma) = ( 0.0020862814917881993 ), overall correlation =  0.0 , anisotropic correlation (target) =  0.550283
anisolt tmp_sym.lat tmp_sym_aniso.lat 57.249,58.133,69.087,90.0,112.78,90.0
corrlt tmp_sym_aniso.lat data.lat
Function iteration =  62 , (sigma) = ( 0.0020300426023981003 ), overall correlation =  0.0 , anisotropic correlation (target) =  0.550402
anisolt tmp_sym.lat tmp_sym_aniso.lat 57.249,58.133,69.087,90.0,112.78,90.0
corrlt tmp_sym_aniso.lat data.lat
Function iteration =  63 , (sigma) = ( 0.0020515239460228785 ), overall correlation =  0.0 , anisotropic correlation (target) =  0.550215
anisolt tmp_sym.lat tmp_sym_aniso.lat 57.249,58.133,69.087,90.0,112.78,90.0
corrlt tmp_sym_aniso.lat data.lat
Function iteration =  64 , (sigma) = ( 0.0020167664025466645 ), overall correlation =  0.0 , anisotropic correlation (target) =  0.550389
anisolt tmp_sym.lat tmp_sym_aniso.lat 57.249,58.133,69.087,90.0,112.78,90.0
corrlt tmp_sym_aniso.lat data.lat
Function iteration =  65 , (sigma) = ( 0.0020382477452970823 ), overall correlation =  0.0 , anisotropic correlation (target) =  0.550252
anisolt tmp_sym.lat tmp_sym_aniso.lat 57.249,58.133,69.087,90.0,112.78,90.0
corrlt tmp_sym_aniso.lat data.lat
Function iteration =  66 , (sigma) = ( 0.002024971545445647 ), overall correlation =  0.0 , anisotropic correlation (target) =  0.550417
anisolt tmp_sym.lat tmp_sym_aniso.lat 57.249,58.133,69.087,90.0,112.78,90.0
corrlt tmp_sym_aniso.lat data.lat
Function iteration =  67 , (sigma) = ( 0.002024424837415258 ), overall correlation =  0.0 , anisotropic correlation (target) =  0.550419
anisolt tmp_sym.lat tmp_sym_aniso.lat 57.249,58.133,69.087,90.0,112.78,90.0
corrlt tmp_sym_aniso.lat data.lat
Function iteration =  68 , (sigma) = ( 0.002021499575682241 ), overall correlation =  0.0 , anisotropic correlation (target) =  0.550375
anisolt tmp_sym.lat tmp_sym_aniso.lat 57.249,58.133,69.087,90.0,112.78,90.0
corrlt tmp_sym_aniso.lat data.lat
Function iteration =  69 , (sigma) = ( 0.0020233074868921445 ), overall correlation =  0.0 , anisotropic correlation (target) =  0.550378
anisolt tmp_sym.lat tmp_sym_aniso.lat 57.249,58.133,69.087,90.0,112.78,90.0
corrlt tmp_sym_aniso.lat data.lat
Function iteration =  70 , (sigma) = ( 0.0020239980475053464 ), overall correlation =  0.0 , anisotropic correlation (target) =  0.550421
anisolt tmp_sym.lat tmp_sym_aniso.lat 57.249,58.133,69.087,90.0,112.78,90.0
corrlt tmp_sym_aniso.lat data.lat
Function iteration =  71 , (sigma) = ( 0.0020237109074185116 ), overall correlation =  0.0 , anisotropic correlation (target) =  0.550402
Optimization terminated successfully.
         Current function value: -0.550421
         Iterations: 3
         Function evaluations: 71
Refined sigma =  0.0020239980475053464
