origin: 40 42 49
82 86 100 705200
Initializing the hkl file data...
Reading the hkl file data...
...done
Writing file
Done writing file
anisolt tmp_sym.lat tmp_sym_aniso.lat 56.295,59.716,69.505,90.0,110.88,90.0
corrlt tmp_sym_aniso.lat data.lat
Function iteration =  1 , (sigma) = ( 0.36 ), overall correlation =  0.0 , anisotropic correlation (target) =  0.43484
anisolt tmp_sym.lat tmp_sym_aniso.lat 56.295,59.716,69.505,90.0,110.88,90.0
corrlt tmp_sym_aniso.lat data.lat
Function iteration =  2 , (sigma) = ( 0.36 ), overall correlation =  0.0 , anisotropic correlation (target) =  0.43484
anisolt tmp_sym.lat tmp_sym_aniso.lat 56.295,59.716,69.505,90.0,110.88,90.0
corrlt tmp_sym_aniso.lat data.lat
Function iteration =  3 , (sigma) = ( 1.3599999999999999 ), overall correlation =  0.0 , anisotropic correlation (target) =  0.0367735
Function iteration =  4 , (sigma) = ( -1.2580339999999999 ), overall correlation =  0 , anisotropic correlation (target) =  0
anisolt tmp_sym.lat tmp_sym_aniso.lat 56.295,59.716,69.505,90.0,110.88,90.0
corrlt tmp_sym_aniso.lat data.lat
Function iteration =  5 , (sigma) = ( 0.36 ), overall correlation =  0.0 , anisotropic correlation (target) =  0.43484
Function iteration =  6 , (sigma) = ( -0.25803397484400004 ), overall correlation =  0 , anisotropic correlation (target) =  0
anisolt tmp_sym.lat tmp_sym_aniso.lat 56.295,59.716,69.505,90.0,110.88,90.0
corrlt tmp_sym_aniso.lat data.lat
Function iteration =  7 , (sigma) = ( 0.741966 ), overall correlation =  0.0 , anisotropic correlation (target) =  0.232002
anisolt tmp_sym.lat tmp_sym_aniso.lat 56.295,59.716,69.505,90.0,110.88,90.0
corrlt tmp_sym_aniso.lat data.lat
Function iteration =  8 , (sigma) = ( 0.33592265141312205 ), overall correlation =  0.0 , anisotropic correlation (target) =  0.446087
anisolt tmp_sym.lat tmp_sym_aniso.lat 56.295,59.716,69.505,90.0,110.88,90.0
corrlt tmp_sym_aniso.lat data.lat
Function iteration =  9 , (sigma) = ( 0.10905141470819413 ), overall correlation =  0.0 , anisotropic correlation (target) =  0.513051
anisolt tmp_sym.lat tmp_sym_aniso.lat 56.295,59.716,69.505,90.0,110.88,90.0
corrlt tmp_sym_aniso.lat data.lat
Function iteration =  10 , (sigma) = ( 0.00711065737638733 ), overall correlation =  0.0 , anisotropic correlation (target) =  0.518776
anisolt tmp_sym.lat tmp_sym_aniso.lat 56.295,59.716,69.505,90.0,110.88,90.0
corrlt tmp_sym_aniso.lat data.lat
Function iteration =  11 , (sigma) = ( 0.019449495886716628 ), overall correlation =  0.0 , anisotropic correlation (target) =  0.518626
anisolt tmp_sym.lat tmp_sym_aniso.lat 56.295,59.716,69.505,90.0,110.88,90.0
corrlt tmp_sym_aniso.lat data.lat
Function iteration =  12 , (sigma) = ( 0.0009029818965051173 ), overall correlation =  0.0 , anisotropic correlation (target) =  0.518517
anisolt tmp_sym.lat tmp_sym_aniso.lat 56.295,59.716,69.505,90.0,110.88,90.0
corrlt tmp_sym_aniso.lat data.lat
Function iteration =  13 , (sigma) = ( 0.011187759505189965 ), overall correlation =  0.0 , anisotropic correlation (target) =  0.518763
Function iteration =  14 , (sigma) = ( -0.3457786852472253 ), overall correlation =  0 , anisotropic correlation (target) =  0
anisolt tmp_sym.lat tmp_sym_aniso.lat 56.295,59.716,69.505,90.0,110.88,90.0
corrlt tmp_sym_aniso.lat data.lat
Function iteration =  15 , (sigma) = ( 0.00711065737638733 ), overall correlation =  0.0 , anisotropic correlation (target) =  0.518776
anisolt tmp_sym.lat tmp_sym_aniso.lat 56.295,59.716,69.505,90.0,110.88,90.0
corrlt tmp_sym_aniso.lat data.lat
Function iteration =  16 , (sigma) = ( 1.0071106573763873 ), overall correlation =  0.0 , anisotropic correlation (target) =  0.108716
Function iteration =  17 , (sigma) = ( -1.6109233426236127 ), overall correlation =  0 , anisotropic correlation (target) =  0
anisolt tmp_sym.lat tmp_sym_aniso.lat 56.295,59.716,69.505,90.0,110.88,90.0
corrlt tmp_sym_aniso.lat data.lat
Function iteration =  18 , (sigma) = ( 0.00711065737638733 ), overall correlation =  0.0 , anisotropic correlation (target) =  0.518776
Function iteration =  19 , (sigma) = ( -0.6109233174676127 ), overall correlation =  0 , anisotropic correlation (target) =  0
anisolt tmp_sym.lat tmp_sym_aniso.lat 56.295,59.716,69.505,90.0,110.88,90.0
corrlt tmp_sym_aniso.lat data.lat
Function iteration =  20 , (sigma) = ( 0.38907665737638736 ), overall correlation =  0.0 , anisotropic correlation (target) =  0.420616
anisolt tmp_sym.lat tmp_sym_aniso.lat 56.295,59.716,69.505,90.0,110.88,90.0
corrlt tmp_sym_aniso.lat data.lat
Function iteration =  21 , (sigma) = ( 0.08089642177360437 ), overall correlation =  0.0 , anisotropic correlation (target) =  0.515773
anisolt tmp_sym.lat tmp_sym_aniso.lat 56.295,59.716,69.505,90.0,110.88,90.0
corrlt tmp_sym_aniso.lat data.lat
Function iteration =  22 , (sigma) = ( 0.015008314356704607 ), overall correlation =  0.0 , anisotropic correlation (target) =  0.518677
Function iteration =  23 , (sigma) = ( -0.0036036432514959006 ), overall correlation =  0 , anisotropic correlation (target) =  0
anisolt tmp_sym.lat tmp_sym_aniso.lat 56.295,59.716,69.505,90.0,110.88,90.0
corrlt tmp_sym_aniso.lat data.lat
Function iteration =  24 , (sigma) = ( 0.003018158822757284 ), overall correlation =  0.0 , anisotropic correlation (target) =  0.518772
anisolt tmp_sym.lat tmp_sym_aniso.lat 56.295,59.716,69.505,90.0,110.88,90.0
corrlt tmp_sym_aniso.lat data.lat
Function iteration =  25 , (sigma) = ( 0.005498040944409784 ), overall correlation =  0.0 , anisotropic correlation (target) =  0.518798
anisolt tmp_sym.lat tmp_sym_aniso.lat 56.295,59.716,69.505,90.0,110.88,90.0
corrlt tmp_sym_aniso.lat data.lat
Function iteration =  26 , (sigma) = ( 0.005147303485886811 ), overall correlation =  0.0 , anisotropic correlation (target) =  0.518763
anisolt tmp_sym.lat tmp_sym_aniso.lat 56.295,59.716,69.505,90.0,110.88,90.0
corrlt tmp_sym_aniso.lat data.lat
Function iteration =  27 , (sigma) = ( 0.00611400559246652 ), overall correlation =  0.0 , anisotropic correlation (target) =  0.518775
anisolt tmp_sym.lat tmp_sym_aniso.lat 56.295,59.716,69.505,90.0,110.88,90.0
corrlt tmp_sym_aniso.lat data.lat
Function iteration =  28 , (sigma) = ( 0.005733318497169423 ), overall correlation =  0.0 , anisotropic correlation (target) =  0.518797
anisolt tmp_sym.lat tmp_sym_aniso.lat 56.295,59.716,69.505,90.0,110.88,90.0
corrlt tmp_sym_aniso.lat data.lat
Function iteration =  29 , (sigma) = ( 0.005304030259418097 ), overall correlation =  0.0 , anisotropic correlation (target) =  0.518769
anisolt tmp_sym.lat tmp_sym_aniso.lat 56.295,59.716,69.505,90.0,110.88,90.0
corrlt tmp_sym_aniso.lat data.lat
Function iteration =  30 , (sigma) = ( 0.005587908970127173 ), overall correlation =  0.0 , anisotropic correlation (target) =  0.518803
anisolt tmp_sym.lat tmp_sym_aniso.lat 56.295,59.716,69.505,90.0,110.88,90.0
corrlt tmp_sym_aniso.lat data.lat
Function iteration =  31 , (sigma) = ( 0.005610519757366631 ), overall correlation =  0.0 , anisotropic correlation (target) =  0.518799
anisolt tmp_sym.lat tmp_sym_aniso.lat 56.295,59.716,69.505,90.0,110.88,90.0
corrlt tmp_sym_aniso.lat data.lat
Function iteration =  32 , (sigma) = ( 0.00555643048298801 ), overall correlation =  0.0 , anisotropic correlation (target) =  0.518789
anisolt tmp_sym.lat tmp_sym_aniso.lat 56.295,59.716,69.505,90.0,110.88,90.0
corrlt tmp_sym_aniso.lat data.lat
Function iteration =  33 , (sigma) = ( 0.005572681476064571 ), overall correlation =  0.0 , anisotropic correlation (target) =  0.518795
Optimization terminated successfully.
         Current function value: -0.518803
         Iterations: 2
         Function evaluations: 33
Refined sigma =  0.005587908970127173
