origin: 40 41 49
82 84 100 688800
Initializing the hkl file data...
Reading the hkl file data...
...done
Writing file
Done writing file
anisolt tmp_sym.lat tmp_sym_aniso.lat 57.155,57.87,68.988,90.0,112.74,90.0
corrlt tmp_sym_aniso.lat data.lat
Function iteration =  1 , (sigma) = ( 0.36 ), overall correlation =  0.0 , anisotropic correlation (target) =  0.507517
anisolt tmp_sym.lat tmp_sym_aniso.lat 57.155,57.87,68.988,90.0,112.74,90.0
corrlt tmp_sym_aniso.lat data.lat
Function iteration =  2 , (sigma) = ( 0.36 ), overall correlation =  0.0 , anisotropic correlation (target) =  0.507517
anisolt tmp_sym.lat tmp_sym_aniso.lat 57.155,57.87,68.988,90.0,112.74,90.0
corrlt tmp_sym_aniso.lat data.lat
Function iteration =  3 , (sigma) = ( 1.3599999999999999 ), overall correlation =  0.0 , anisotropic correlation (target) =  0.0661631
Function iteration =  4 , (sigma) = ( -1.2580339999999999 ), overall correlation =  0 , anisotropic correlation (target) =  0
anisolt tmp_sym.lat tmp_sym_aniso.lat 57.155,57.87,68.988,90.0,112.74,90.0
corrlt tmp_sym_aniso.lat data.lat
Function iteration =  5 , (sigma) = ( 0.36 ), overall correlation =  0.0 , anisotropic correlation (target) =  0.507517
Function iteration =  6 , (sigma) = ( -0.25803397484400004 ), overall correlation =  0 , anisotropic correlation (target) =  0
anisolt tmp_sym.lat tmp_sym_aniso.lat 57.155,57.87,68.988,90.0,112.74,90.0
corrlt tmp_sym_aniso.lat data.lat
Function iteration =  7 , (sigma) = ( 0.741966 ), overall correlation =  0.0 , anisotropic correlation (target) =  0.327158
anisolt tmp_sym.lat tmp_sym_aniso.lat 57.155,57.87,68.988,90.0,112.74,90.0
corrlt tmp_sym_aniso.lat data.lat
Function iteration =  8 , (sigma) = ( 0.36844144781465077 ), overall correlation =  0.0 , anisotropic correlation (target) =  0.507229
anisolt tmp_sym.lat tmp_sym_aniso.lat 57.155,57.87,68.988,90.0,112.74,90.0
corrlt tmp_sym_aniso.lat data.lat
Function iteration =  9 , (sigma) = ( 0.34967542851723565 ), overall correlation =  0.0 , anisotropic correlation (target) =  0.507419
anisolt tmp_sym.lat tmp_sym_aniso.lat 57.155,57.87,68.988,90.0,112.74,90.0
corrlt tmp_sym_aniso.lat data.lat
Function iteration =  10 , (sigma) = ( 0.3568800032275148 ), overall correlation =  0.0 , anisotropic correlation (target) =  0.507556
anisolt tmp_sym.lat tmp_sym_aniso.lat 57.155,57.87,68.988,90.0,112.74,90.0
corrlt tmp_sym_aniso.lat data.lat
Function iteration =  11 , (sigma) = ( 0.35639249446829535 ), overall correlation =  0.0 , anisotropic correlation (target) =  0.507546
anisolt tmp_sym.lat tmp_sym_aniso.lat 57.155,57.87,68.988,90.0,112.74,90.0
corrlt tmp_sym_aniso.lat data.lat
Function iteration =  12 , (sigma) = ( 0.35775701920160713 ), overall correlation =  0.0 , anisotropic correlation (target) =  0.507548
anisolt tmp_sym.lat tmp_sym_aniso.lat 57.155,57.87,68.988,90.0,112.74,90.0
corrlt tmp_sym_aniso.lat data.lat
Function iteration =  13 , (sigma) = ( 0.35710850152432067 ), overall correlation =  0.0 , anisotropic correlation (target) =  0.507551
anisolt tmp_sym.lat tmp_sym_aniso.lat 57.155,57.87,68.988,90.0,112.74,90.0
corrlt tmp_sym_aniso.lat data.lat
Function iteration =  14 , (sigma) = ( 0.35669379145679075 ), overall correlation =  0.0 , anisotropic correlation (target) =  0.50755
anisolt tmp_sym.lat tmp_sym_aniso.lat 57.155,57.87,68.988,90.0,112.74,90.0
corrlt tmp_sym_aniso.lat data.lat
Function iteration =  15 , (sigma) = ( 0.35691120320523967 ), overall correlation =  0.0 , anisotropic correlation (target) =  0.507556
anisolt tmp_sym.lat tmp_sym_aniso.lat 57.155,57.87,68.988,90.0,112.74,90.0
corrlt tmp_sym_aniso.lat data.lat
Function iteration =  16 , (sigma) = ( 0.35694209118318726 ), overall correlation =  0.0 , anisotropic correlation (target) =  0.507553
Optimization terminated successfully.
         Current function value: -0.507556
         Iterations: 1
         Function evaluations: 16
Refined sigma =  0.35691120320523967
