origin: 40 41 49
82 84 100 688800
Initializing the hkl file data...
Reading the hkl file data...
...done
Writing file
Done writing file
anisolt tmp_sym.lat tmp_sym_aniso.lat 57.249,58.133,69.087,90.0,112.78,90.0
corrlt tmp_sym_aniso.lat data.lat
Function iteration =  1 , (sigma) = ( 0.36 ), overall correlation =  0.0 , anisotropic correlation (target) =  0.516067
anisolt tmp_sym.lat tmp_sym_aniso.lat 57.249,58.133,69.087,90.0,112.78,90.0
corrlt tmp_sym_aniso.lat data.lat
Function iteration =  2 , (sigma) = ( 0.36 ), overall correlation =  0.0 , anisotropic correlation (target) =  0.516067
anisolt tmp_sym.lat tmp_sym_aniso.lat 57.249,58.133,69.087,90.0,112.78,90.0
corrlt tmp_sym_aniso.lat data.lat
Function iteration =  3 , (sigma) = ( 1.3599999999999999 ), overall correlation =  0.0 , anisotropic correlation (target) =  0.0672935
Function iteration =  4 , (sigma) = ( -1.2580339999999999 ), overall correlation =  0 , anisotropic correlation (target) =  0
anisolt tmp_sym.lat tmp_sym_aniso.lat 57.249,58.133,69.087,90.0,112.78,90.0
corrlt tmp_sym_aniso.lat data.lat
Function iteration =  5 , (sigma) = ( 0.36 ), overall correlation =  0.0 , anisotropic correlation (target) =  0.516067
Function iteration =  6 , (sigma) = ( -0.25803397484400004 ), overall correlation =  0 , anisotropic correlation (target) =  0
anisolt tmp_sym.lat tmp_sym_aniso.lat 57.249,58.133,69.087,90.0,112.78,90.0
corrlt tmp_sym_aniso.lat data.lat
Function iteration =  7 , (sigma) = ( 0.741966 ), overall correlation =  0.0 , anisotropic correlation (target) =  0.33584
anisolt tmp_sym.lat tmp_sym_aniso.lat 57.249,58.133,69.087,90.0,112.78,90.0
corrlt tmp_sym_aniso.lat data.lat
Function iteration =  8 , (sigma) = ( 0.3704577567049526 ), overall correlation =  0.0 , anisotropic correlation (target) =  0.51622
anisolt tmp_sym.lat tmp_sym_aniso.lat 57.249,58.133,69.087,90.0,112.78,90.0
corrlt tmp_sym_aniso.lat data.lat
Function iteration =  9 , (sigma) = ( 0.37081531213244556 ), overall correlation =  0.0 , anisotropic correlation (target) =  0.516213
anisolt tmp_sym.lat tmp_sym_aniso.lat 57.249,58.133,69.087,90.0,112.78,90.0
corrlt tmp_sym_aniso.lat data.lat
Function iteration =  10 , (sigma) = ( 0.36754168020822575 ), overall correlation =  0.0 , anisotropic correlation (target) =  0.516236
anisolt tmp_sym.lat tmp_sym_aniso.lat 57.249,58.133,69.087,90.0,112.78,90.0
corrlt tmp_sym_aniso.lat data.lat
Function iteration =  11 , (sigma) = ( 0.3646610147858106 ), overall correlation =  0.0 , anisotropic correlation (target) =  0.51621
anisolt tmp_sym.lat tmp_sym_aniso.lat 57.249,58.133,69.087,90.0,112.78,90.0
corrlt tmp_sym_aniso.lat data.lat
Function iteration =  12 , (sigma) = ( 0.3683623469043393 ), overall correlation =  0.0 , anisotropic correlation (target) =  0.516232
anisolt tmp_sym.lat tmp_sym_aniso.lat 57.249,58.133,69.087,90.0,112.78,90.0
corrlt tmp_sym_aniso.lat data.lat
Function iteration =  13 , (sigma) = ( 0.3664413639594875 ), overall correlation =  0.0 , anisotropic correlation (target) =  0.516221
anisolt tmp_sym.lat tmp_sym_aniso.lat 57.249,58.133,69.087,90.0,112.78,90.0
corrlt tmp_sym_aniso.lat data.lat
Function iteration =  14 , (sigma) = ( 0.3676990478241799 ), overall correlation =  0.0 , anisotropic correlation (target) =  0.516225
anisolt tmp_sym.lat tmp_sym_aniso.lat 57.249,58.133,69.087,90.0,112.78,90.0
corrlt tmp_sym_aniso.lat data.lat
Function iteration =  15 , (sigma) = ( 0.3671213968119602 ), overall correlation =  0.0 , anisotropic correlation (target) =  0.516235
anisolt tmp_sym.lat tmp_sym_aniso.lat 57.249,58.133,69.087,90.0,112.78,90.0
corrlt tmp_sym_aniso.lat data.lat
Function iteration =  16 , (sigma) = ( 0.3674662633961435 ), overall correlation =  0.0 , anisotropic correlation (target) =  0.516233
anisolt tmp_sym.lat tmp_sym_aniso.lat 57.249,58.133,69.087,90.0,112.78,90.0
corrlt tmp_sym_aniso.lat data.lat
Function iteration =  17 , (sigma) = ( 0.36761709702030804 ), overall correlation =  0.0 , anisotropic correlation (target) =  0.516228
anisolt tmp_sym.lat tmp_sym_aniso.lat 57.249,58.133,69.087,90.0,112.78,90.0
corrlt tmp_sym_aniso.lat data.lat
Function iteration =  18 , (sigma) = ( 0.3750833604164515 ), overall correlation =  0.0 , anisotropic correlation (target) =  0.516101
anisolt tmp_sym.lat tmp_sym_aniso.lat 57.249,58.133,69.087,90.0,112.78,90.0
corrlt tmp_sym_aniso.lat data.lat
Function iteration =  19 , (sigma) = ( 0.36754168020822575 ), overall correlation =  0.0 , anisotropic correlation (target) =  0.516236
anisolt tmp_sym.lat tmp_sym_aniso.lat 57.249,58.133,69.087,90.0,112.78,90.0
corrlt tmp_sym_aniso.lat data.lat
Function iteration =  20 , (sigma) = ( 0.3750833604164515 ), overall correlation =  0.0 , anisotropic correlation (target) =  0.516101
anisolt tmp_sym.lat tmp_sym_aniso.lat 57.249,58.133,69.087,90.0,112.78,90.0
corrlt tmp_sym_aniso.lat data.lat
Function iteration =  21 , (sigma) = ( 0.3553389852141894 ), overall correlation =  0.0 , anisotropic correlation (target) =  0.515814
anisolt tmp_sym.lat tmp_sym_aniso.lat 57.249,58.133,69.087,90.0,112.78,90.0
corrlt tmp_sym_aniso.lat data.lat
Function iteration =  22 , (sigma) = ( 0.36754168020822575 ), overall correlation =  0.0 , anisotropic correlation (target) =  0.516236
anisolt tmp_sym.lat tmp_sym_aniso.lat 57.249,58.133,69.087,90.0,112.78,90.0
corrlt tmp_sym_aniso.lat data.lat
Function iteration =  23 , (sigma) = ( 0.36288066561213367 ), overall correlation =  0.0 , anisotropic correlation (target) =  0.516171
anisolt tmp_sym.lat tmp_sym_aniso.lat 57.249,58.133,69.087,90.0,112.78,90.0
corrlt tmp_sym_aniso.lat data.lat
Function iteration =  24 , (sigma) = ( 0.3704223456306409 ), overall correlation =  0.0 , anisotropic correlation (target) =  0.516221
anisolt tmp_sym.lat tmp_sym_aniso.lat 57.249,58.133,69.087,90.0,112.78,90.0
corrlt tmp_sym_aniso.lat data.lat
Function iteration =  25 , (sigma) = ( 0.36795681198630376 ), overall correlation =  0.0 , anisotropic correlation (target) =  0.516226
anisolt tmp_sym.lat tmp_sym_aniso.lat 57.249,58.133,69.087,90.0,112.78,90.0
corrlt tmp_sym_aniso.lat data.lat
Function iteration =  26 , (sigma) = ( 0.36576133110701486 ), overall correlation =  0.0 , anisotropic correlation (target) =  0.516224
anisolt tmp_sym.lat tmp_sym_aniso.lat 57.249,58.133,69.087,90.0,112.78,90.0
corrlt tmp_sym_aniso.lat data.lat
Function iteration =  27 , (sigma) = ( 0.3668915085508803 ), overall correlation =  0.0 , anisotropic correlation (target) =  0.516237
anisolt tmp_sym.lat tmp_sym_aniso.lat 57.249,58.133,69.087,90.0,112.78,90.0
corrlt tmp_sym_aniso.lat data.lat
Function iteration =  28 , (sigma) = ( 0.3671802651962618 ), overall correlation =  0.0 , anisotropic correlation (target) =  0.516239
anisolt tmp_sym.lat tmp_sym_aniso.lat 57.249,58.133,69.087,90.0,112.78,90.0
corrlt tmp_sym_aniso.lat data.lat
Function iteration =  29 , (sigma) = ( 0.3671838793464568 ), overall correlation =  0.0 , anisotropic correlation (target) =  0.516239
anisolt tmp_sym.lat tmp_sym_aniso.lat 57.249,58.133,69.087,90.0,112.78,90.0
corrlt tmp_sym_aniso.lat data.lat
Function iteration =  30 , (sigma) = ( 0.3671874573551499 ), overall correlation =  0.0 , anisotropic correlation (target) =  0.516238
anisolt tmp_sym.lat tmp_sym_aniso.lat 57.249,58.133,69.087,90.0,112.78,90.0
corrlt tmp_sym_aniso.lat data.lat
Function iteration =  31 , (sigma) = ( 0.3671838793464568 ), overall correlation =  0.0 , anisotropic correlation (target) =  0.516239
anisolt tmp_sym.lat tmp_sym_aniso.lat 57.249,58.133,69.087,90.0,112.78,90.0
corrlt tmp_sym_aniso.lat data.lat
Function iteration =  32 , (sigma) = ( 0.36682607848468785 ), overall correlation =  0.0 , anisotropic correlation (target) =  0.516232
anisolt tmp_sym.lat tmp_sym_aniso.lat 57.249,58.133,69.087,90.0,112.78,90.0
corrlt tmp_sym_aniso.lat data.lat
Function iteration =  33 , (sigma) = ( 0.3677628133060282 ), overall correlation =  0.0 , anisotropic correlation (target) =  0.516221
anisolt tmp_sym.lat tmp_sym_aniso.lat 57.249,58.133,69.087,90.0,112.78,90.0
corrlt tmp_sym_aniso.lat data.lat
Function iteration =  34 , (sigma) = ( 0.3671838793464568 ), overall correlation =  0.0 , anisotropic correlation (target) =  0.516239
anisolt tmp_sym.lat tmp_sym_aniso.lat 57.249,58.133,69.087,90.0,112.78,90.0
corrlt tmp_sym_aniso.lat data.lat
Function iteration =  35 , (sigma) = ( 0.36740501243525847 ), overall correlation =  0.0 , anisotropic correlation (target) =  0.516234
anisolt tmp_sym.lat tmp_sym_aniso.lat 57.249,58.133,69.087,90.0,112.78,90.0
corrlt tmp_sym_aniso.lat data.lat
Function iteration =  36 , (sigma) = ( 0.3670472115824904 ), overall correlation =  0.0 , anisotropic correlation (target) =  0.516234
anisolt tmp_sym.lat tmp_sym_aniso.lat 57.249,58.133,69.087,90.0,112.78,90.0
corrlt tmp_sym_aniso.lat data.lat
Function iteration =  37 , (sigma) = ( 0.3672261120088744 ), overall correlation =  0.0 , anisotropic correlation (target) =  0.516236
anisolt tmp_sym.lat tmp_sym_aniso.lat 57.249,58.133,69.087,90.0,112.78,90.0
corrlt tmp_sym_aniso.lat data.lat
Function iteration =  38 , (sigma) = ( 0.3671459537368494 ), overall correlation =  0.0 , anisotropic correlation (target) =  0.516235
anisolt tmp_sym.lat tmp_sym_aniso.lat 57.249,58.133,69.087,90.0,112.78,90.0
corrlt tmp_sym_aniso.lat data.lat
Function iteration =  39 , (sigma) = ( 0.3671888656586731 ), overall correlation =  0.0 , anisotropic correlation (target) =  0.516238
anisolt tmp_sym.lat tmp_sym_aniso.lat 57.249,58.133,69.087,90.0,112.78,90.0
corrlt tmp_sym_aniso.lat data.lat
Function iteration =  40 , (sigma) = ( 0.3671693930530575 ), overall correlation =  0.0 , anisotropic correlation (target) =  0.516237
anisolt tmp_sym.lat tmp_sym_aniso.lat 57.249,58.133,69.087,90.0,112.78,90.0
corrlt tmp_sym_aniso.lat data.lat
Function iteration =  41 , (sigma) = ( 0.3671806059784665 ), overall correlation =  0.0 , anisotropic correlation (target) =  0.516239
anisolt tmp_sym.lat tmp_sym_aniso.lat 57.249,58.133,69.087,90.0,112.78,90.0
corrlt tmp_sym_aniso.lat data.lat
Function iteration =  42 , (sigma) = ( 0.3671822426624617 ), overall correlation =  0.0 , anisotropic correlation (target) =  0.516239
anisolt tmp_sym.lat tmp_sym_aniso.lat 57.249,58.133,69.087,90.0,112.78,90.0
corrlt tmp_sym_aniso.lat data.lat
Function iteration =  43 , (sigma) = ( 0.36718286782010057 ), overall correlation =  0.0 , anisotropic correlation (target) =  0.516239
anisolt tmp_sym.lat tmp_sym_aniso.lat 57.249,58.133,69.087,90.0,112.78,90.0
corrlt tmp_sym_aniso.lat data.lat
Function iteration =  44 , (sigma) = ( 0.36718325418877673 ), overall correlation =  0.0 , anisotropic correlation (target) =  0.516239
anisolt tmp_sym.lat tmp_sym_aniso.lat 57.249,58.133,69.087,90.0,112.78,90.0
corrlt tmp_sym_aniso.lat data.lat
Function iteration =  45 , (sigma) = ( 0.36718349297775515 ), overall correlation =  0.0 , anisotropic correlation (target) =  0.516239
anisolt tmp_sym.lat tmp_sym_aniso.lat 57.249,58.133,69.087,90.0,112.78,90.0
corrlt tmp_sym_aniso.lat data.lat
Function iteration =  46 , (sigma) = ( 0.36718364055746266 ), overall correlation =  0.0 , anisotropic correlation (target) =  0.516239
anisolt tmp_sym.lat tmp_sym_aniso.lat 57.249,58.133,69.087,90.0,112.78,90.0
corrlt tmp_sym_aniso.lat data.lat
Function iteration =  47 , (sigma) = ( 0.3671837317667396 ), overall correlation =  0.0 , anisotropic correlation (target) =  0.516239
anisolt tmp_sym.lat tmp_sym_aniso.lat 57.249,58.133,69.087,90.0,112.78,90.0
corrlt tmp_sym_aniso.lat data.lat
Function iteration =  48 , (sigma) = ( 0.36718378813717384 ), overall correlation =  0.0 , anisotropic correlation (target) =  0.516239
anisolt tmp_sym.lat tmp_sym_aniso.lat 57.249,58.133,69.087,90.0,112.78,90.0
corrlt tmp_sym_aniso.lat data.lat
Function iteration =  49 , (sigma) = ( 0.3671838229760188 ), overall correlation =  0.0 , anisotropic correlation (target) =  0.516239
anisolt tmp_sym.lat tmp_sym_aniso.lat 57.249,58.133,69.087,90.0,112.78,90.0
corrlt tmp_sym_aniso.lat data.lat
Function iteration =  50 , (sigma) = ( 0.36718384450760955 ), overall correlation =  0.0 , anisotropic correlation (target) =  0.516239
anisolt tmp_sym.lat tmp_sym_aniso.lat 57.249,58.133,69.087,90.0,112.78,90.0
corrlt tmp_sym_aniso.lat data.lat
Function iteration =  51 , (sigma) = ( 0.3671838578148647 ), overall correlation =  0.0 , anisotropic correlation (target) =  0.516239
anisolt tmp_sym.lat tmp_sym_aniso.lat 57.249,58.133,69.087,90.0,112.78,90.0
corrlt tmp_sym_aniso.lat data.lat
Function iteration =  52 , (sigma) = ( 0.3671838660392008 ), overall correlation =  0.0 , anisotropic correlation (target) =  0.516239
anisolt tmp_sym.lat tmp_sym_aniso.lat 57.249,58.133,69.087,90.0,112.78,90.0
corrlt tmp_sym_aniso.lat data.lat
Function iteration =  53 , (sigma) = ( 0.36718387112212014 ), overall correlation =  0.0 , anisotropic correlation (target) =  0.516239
anisolt tmp_sym.lat tmp_sym_aniso.lat 57.249,58.133,69.087,90.0,112.78,90.0
corrlt tmp_sym_aniso.lat data.lat
Function iteration =  54 , (sigma) = ( 0.3671838742635371 ), overall correlation =  0.0 , anisotropic correlation (target) =  0.516239
anisolt tmp_sym.lat tmp_sym_aniso.lat 57.249,58.133,69.087,90.0,112.78,90.0
corrlt tmp_sym_aniso.lat data.lat
Function iteration =  55 , (sigma) = ( 0.3671838762050396 ), overall correlation =  0.0 , anisotropic correlation (target) =  0.516239
anisolt tmp_sym.lat tmp_sym_aniso.lat 57.249,58.133,69.087,90.0,112.78,90.0
corrlt tmp_sym_aniso.lat data.lat
Function iteration =  56 , (sigma) = ( 0.3671838774049542 ), overall correlation =  0.0 , anisotropic correlation (target) =  0.516239
anisolt tmp_sym.lat tmp_sym_aniso.lat 57.249,58.133,69.087,90.0,112.78,90.0
corrlt tmp_sym_aniso.lat data.lat
Function iteration =  57 , (sigma) = ( 0.3671838781465422 ), overall correlation =  0.0 , anisotropic correlation (target) =  0.516239
anisolt tmp_sym.lat tmp_sym_aniso.lat 57.249,58.133,69.087,90.0,112.78,90.0
corrlt tmp_sym_aniso.lat data.lat
Function iteration =  58 , (sigma) = ( 0.36718387860486873 ), overall correlation =  0.0 , anisotropic correlation (target) =  0.516239
anisolt tmp_sym.lat tmp_sym_aniso.lat 57.249,58.133,69.087,90.0,112.78,90.0
corrlt tmp_sym_aniso.lat data.lat
Function iteration =  59 , (sigma) = ( 0.3671838788881302 ), overall correlation =  0.0 , anisotropic correlation (target) =  0.516239
anisolt tmp_sym.lat tmp_sym_aniso.lat 57.249,58.133,69.087,90.0,112.78,90.0
corrlt tmp_sym_aniso.lat data.lat
Function iteration =  60 , (sigma) = ( 0.3671838790631954 ), overall correlation =  0.0 , anisotropic correlation (target) =  0.516239
anisolt tmp_sym.lat tmp_sym_aniso.lat 57.249,58.133,69.087,90.0,112.78,90.0
corrlt tmp_sym_aniso.lat data.lat
Function iteration =  61 , (sigma) = ( 0.3671838791713916 ), overall correlation =  0.0 , anisotropic correlation (target) =  0.516239
anisolt tmp_sym.lat tmp_sym_aniso.lat 57.249,58.133,69.087,90.0,112.78,90.0
corrlt tmp_sym_aniso.lat data.lat
Function iteration =  62 , (sigma) = ( 0.36718387923826057 ), overall correlation =  0.0 , anisotropic correlation (target) =  0.516239
anisolt tmp_sym.lat tmp_sym_aniso.lat 57.249,58.133,69.087,90.0,112.78,90.0
corrlt tmp_sym_aniso.lat data.lat
Function iteration =  63 , (sigma) = ( 0.36718387927958784 ), overall correlation =  0.0 , anisotropic correlation (target) =  0.516239
anisolt tmp_sym.lat tmp_sym_aniso.lat 57.249,58.133,69.087,90.0,112.78,90.0
corrlt tmp_sym_aniso.lat data.lat
Function iteration =  64 , (sigma) = ( 0.3671838793051295 ), overall correlation =  0.0 , anisotropic correlation (target) =  0.516239
anisolt tmp_sym.lat tmp_sym_aniso.lat 57.249,58.133,69.087,90.0,112.78,90.0
corrlt tmp_sym_aniso.lat data.lat
Function iteration =  65 , (sigma) = ( 0.3671838793209151 ), overall correlation =  0.0 , anisotropic correlation (target) =  0.516239
anisolt tmp_sym.lat tmp_sym_aniso.lat 57.249,58.133,69.087,90.0,112.78,90.0
corrlt tmp_sym_aniso.lat data.lat
Function iteration =  66 , (sigma) = ( 0.3671838793306712 ), overall correlation =  0.0 , anisotropic correlation (target) =  0.516239
anisolt tmp_sym.lat tmp_sym_aniso.lat 57.249,58.133,69.087,90.0,112.78,90.0
corrlt tmp_sym_aniso.lat data.lat
Function iteration =  67 , (sigma) = ( 0.36718387933670077 ), overall correlation =  0.0 , anisotropic correlation (target) =  0.516239
anisolt tmp_sym.lat tmp_sym_aniso.lat 57.249,58.133,69.087,90.0,112.78,90.0
corrlt tmp_sym_aniso.lat data.lat
Function iteration =  68 , (sigma) = ( 0.36718387934042723 ), overall correlation =  0.0 , anisotropic correlation (target) =  0.516239
anisolt tmp_sym.lat tmp_sym_aniso.lat 57.249,58.133,69.087,90.0,112.78,90.0
corrlt tmp_sym_aniso.lat data.lat
Function iteration =  69 , (sigma) = ( 0.36718387934273033 ), overall correlation =  0.0 , anisotropic correlation (target) =  0.516239
anisolt tmp_sym.lat tmp_sym_aniso.lat 57.249,58.133,69.087,90.0,112.78,90.0
corrlt tmp_sym_aniso.lat data.lat
Function iteration =  70 , (sigma) = ( 0.3671838793441537 ), overall correlation =  0.0 , anisotropic correlation (target) =  0.516239
anisolt tmp_sym.lat tmp_sym_aniso.lat 57.249,58.133,69.087,90.0,112.78,90.0
corrlt tmp_sym_aniso.lat data.lat
Function iteration =  71 , (sigma) = ( 0.36718387934503344 ), overall correlation =  0.0 , anisotropic correlation (target) =  0.516239
anisolt tmp_sym.lat tmp_sym_aniso.lat 57.249,58.133,69.087,90.0,112.78,90.0
corrlt tmp_sym_aniso.lat data.lat
Function iteration =  72 , (sigma) = ( 0.3671838793455771 ), overall correlation =  0.0 , anisotropic correlation (target) =  0.516239
anisolt tmp_sym.lat tmp_sym_aniso.lat 57.249,58.133,69.087,90.0,112.78,90.0
corrlt tmp_sym_aniso.lat data.lat
Function iteration =  73 , (sigma) = ( 0.3671838793459131 ), overall correlation =  0.0 , anisotropic correlation (target) =  0.516239
anisolt tmp_sym.lat tmp_sym_aniso.lat 57.249,58.133,69.087,90.0,112.78,90.0
corrlt tmp_sym_aniso.lat data.lat
Function iteration =  74 , (sigma) = ( 0.3671838793461208 ), overall correlation =  0.0 , anisotropic correlation (target) =  0.516239
anisolt tmp_sym.lat tmp_sym_aniso.lat 57.249,58.133,69.087,90.0,112.78,90.0
corrlt tmp_sym_aniso.lat data.lat
Function iteration =  75 , (sigma) = ( 0.36718387934624913 ), overall correlation =  0.0 , anisotropic correlation (target) =  0.516239
anisolt tmp_sym.lat tmp_sym_aniso.lat 57.249,58.133,69.087,90.0,112.78,90.0
corrlt tmp_sym_aniso.lat data.lat
Function iteration =  76 , (sigma) = ( 0.36718387934632846 ), overall correlation =  0.0 , anisotropic correlation (target) =  0.516239
anisolt tmp_sym.lat tmp_sym_aniso.lat 57.249,58.133,69.087,90.0,112.78,90.0
corrlt tmp_sym_aniso.lat data.lat
Function iteration =  77 , (sigma) = ( 0.3671838793463775 ), overall correlation =  0.0 , anisotropic correlation (target) =  0.516239
anisolt tmp_sym.lat tmp_sym_aniso.lat 57.249,58.133,69.087,90.0,112.78,90.0
corrlt tmp_sym_aniso.lat data.lat
Function iteration =  78 , (sigma) = ( 0.3671838793464078 ), overall correlation =  0.0 , anisotropic correlation (target) =  0.516239
anisolt tmp_sym.lat tmp_sym_aniso.lat 57.249,58.133,69.087,90.0,112.78,90.0
corrlt tmp_sym_aniso.lat data.lat
Function iteration =  79 , (sigma) = ( 0.3671838793464265 ), overall correlation =  0.0 , anisotropic correlation (target) =  0.516239
anisolt tmp_sym.lat tmp_sym_aniso.lat 57.249,58.133,69.087,90.0,112.78,90.0
corrlt tmp_sym_aniso.lat data.lat
Function iteration =  80 , (sigma) = ( 0.3671838793464381 ), overall correlation =  0.0 , anisotropic correlation (target) =  0.516239
anisolt tmp_sym.lat tmp_sym_aniso.lat 57.249,58.133,69.087,90.0,112.78,90.0
corrlt tmp_sym_aniso.lat data.lat
Function iteration =  81 , (sigma) = ( 0.36718387934644525 ), overall correlation =  0.0 , anisotropic correlation (target) =  0.516239
anisolt tmp_sym.lat tmp_sym_aniso.lat 57.249,58.133,69.087,90.0,112.78,90.0
corrlt tmp_sym_aniso.lat data.lat
Function iteration =  82 , (sigma) = ( 0.36718387934644964 ), overall correlation =  0.0 , anisotropic correlation (target) =  0.516239
Optimization terminated successfully.
         Current function value: -0.516239
         Iterations: 2
         Function evaluations: 82
Refined sigma =  0.36718387934644964
