origin: 40 42 49
82 86 100 705200
Initializing the hkl file data...
Reading the hkl file data...
...done
Writing file
Done writing file
anisolt tmp_sym.lat tmp_sym_aniso.lat 56.295,59.717,69.504,90.0,110.88,90.0
corrlt tmp_sym_aniso.lat data.lat
Function iteration =  1 , (sigma) = ( 0.36 ), overall correlation =  0.0 , anisotropic correlation (target) =  0.489442
anisolt tmp_sym.lat tmp_sym_aniso.lat 56.295,59.717,69.504,90.0,110.88,90.0
corrlt tmp_sym_aniso.lat data.lat
Function iteration =  2 , (sigma) = ( 0.36 ), overall correlation =  0.0 , anisotropic correlation (target) =  0.489442
anisolt tmp_sym.lat tmp_sym_aniso.lat 56.295,59.717,69.504,90.0,110.88,90.0
corrlt tmp_sym_aniso.lat data.lat
Function iteration =  3 , (sigma) = ( 1.3599999999999999 ), overall correlation =  0.0 , anisotropic correlation (target) =  0.0447781
Function iteration =  4 , (sigma) = ( -1.2580339999999999 ), overall correlation =  0 , anisotropic correlation (target) =  0
anisolt tmp_sym.lat tmp_sym_aniso.lat 56.295,59.717,69.504,90.0,110.88,90.0
corrlt tmp_sym_aniso.lat data.lat
Function iteration =  5 , (sigma) = ( 0.36 ), overall correlation =  0.0 , anisotropic correlation (target) =  0.489442
Function iteration =  6 , (sigma) = ( -0.25803397484400004 ), overall correlation =  0 , anisotropic correlation (target) =  0
anisolt tmp_sym.lat tmp_sym_aniso.lat 56.295,59.717,69.504,90.0,110.88,90.0
corrlt tmp_sym_aniso.lat data.lat
Function iteration =  7 , (sigma) = ( 0.741966 ), overall correlation =  0.0 , anisotropic correlation (target) =  0.299034
anisolt tmp_sym.lat tmp_sym_aniso.lat 56.295,59.717,69.504,90.0,110.88,90.0
corrlt tmp_sym_aniso.lat data.lat
Function iteration =  8 , (sigma) = ( 0.3578321818238304 ), overall correlation =  0.0 , anisotropic correlation (target) =  0.489524
anisolt tmp_sym.lat tmp_sym_aniso.lat 56.295,59.717,69.504,90.0,110.88,90.0
corrlt tmp_sym_aniso.lat data.lat
Function iteration =  9 , (sigma) = ( 0.34314524623552234 ), overall correlation =  0.0 , anisotropic correlation (target) =  0.489524
anisolt tmp_sym.lat tmp_sym_aniso.lat 56.295,59.717,69.504,90.0,110.88,90.0
corrlt tmp_sym_aniso.lat data.lat
Function iteration =  10 , (sigma) = ( 0.11351522387666152 ), overall correlation =  0.0 , anisotropic correlation (target) =  0.402008
anisolt tmp_sym.lat tmp_sym_aniso.lat 56.295,59.717,69.504,90.0,110.88,90.0
corrlt tmp_sym_aniso.lat data.lat
Function iteration =  11 , (sigma) = ( 0.3504887140296764 ), overall correlation =  0.0 , anisotropic correlation (target) =  0.489656
anisolt tmp_sym.lat tmp_sym_aniso.lat 56.295,59.717,69.504,90.0,110.88,90.0
corrlt tmp_sym_aniso.lat data.lat
Function iteration =  12 , (sigma) = ( 0.35039360115997314 ), overall correlation =  0.0 , anisotropic correlation (target) =  0.489653
anisolt tmp_sym.lat tmp_sym_aniso.lat 56.295,59.717,69.504,90.0,110.88,90.0
corrlt tmp_sym_aniso.lat data.lat
Function iteration =  13 , (sigma) = ( 0.3532936690491382 ), overall correlation =  0.0 , anisotropic correlation (target) =  0.489635
anisolt tmp_sym.lat tmp_sym_aniso.lat 56.295,59.717,69.504,90.0,110.88,90.0
corrlt tmp_sym_aniso.lat data.lat
Function iteration =  14 , (sigma) = ( 0.3516130327586295 ), overall correlation =  0.0 , anisotropic correlation (target) =  0.48966
anisolt tmp_sym.lat tmp_sym_aniso.lat 56.295,59.717,69.504,90.0,110.88,90.0
corrlt tmp_sym_aniso.lat data.lat
Function iteration =  15 , (sigma) = ( 0.3511283894885767 ), overall correlation =  0.0 , anisotropic correlation (target) =  0.489656
anisolt tmp_sym.lat tmp_sym_aniso.lat 56.295,59.717,69.504,90.0,110.88,90.0
corrlt tmp_sym_aniso.lat data.lat
Function iteration =  16 , (sigma) = ( 0.35225497867996997 ), overall correlation =  0.0 , anisotropic correlation (target) =  0.489651
anisolt tmp_sym.lat tmp_sym_aniso.lat 56.295,59.717,69.504,90.0,110.88,90.0
corrlt tmp_sym_aniso.lat data.lat
Function iteration =  17 , (sigma) = ( 0.35185823427442026 ), overall correlation =  0.0 , anisotropic correlation (target) =  0.489651
anisolt tmp_sym.lat tmp_sym_aniso.lat 56.295,59.717,69.504,90.0,110.88,90.0
corrlt tmp_sym_aniso.lat data.lat
Function iteration =  18 , (sigma) = ( 0.35142791550734054 ), overall correlation =  0.0 , anisotropic correlation (target) =  0.489666
anisolt tmp_sym.lat tmp_sym_aniso.lat 56.295,59.717,69.504,90.0,110.88,90.0
corrlt tmp_sym_aniso.lat data.lat
Function iteration =  19 , (sigma) = ( 0.3513421946524139 ), overall correlation =  0.0 , anisotropic correlation (target) =  0.489668
anisolt tmp_sym.lat tmp_sym_aniso.lat 56.295,59.717,69.504,90.0,110.88,90.0
corrlt tmp_sym_aniso.lat data.lat
Function iteration =  20 , (sigma) = ( 0.35125561658893806 ), overall correlation =  0.0 , anisotropic correlation (target) =  0.489667
anisolt tmp_sym.lat tmp_sym_aniso.lat 56.295,59.717,69.504,90.0,110.88,90.0
corrlt tmp_sym_aniso.lat data.lat
Function iteration =  21 , (sigma) = ( 0.3426843893048278 ), overall correlation =  0.0 , anisotropic correlation (target) =  0.489506
anisolt tmp_sym.lat tmp_sym_aniso.lat 56.295,59.717,69.504,90.0,110.88,90.0
corrlt tmp_sym_aniso.lat data.lat
Function iteration =  22 , (sigma) = ( 0.3513421946524139 ), overall correlation =  0.0 , anisotropic correlation (target) =  0.489668
anisolt tmp_sym.lat tmp_sym_aniso.lat 56.295,59.717,69.504,90.0,110.88,90.0
corrlt tmp_sym_aniso.lat data.lat
Function iteration =  23 , (sigma) = ( 0.3426843893048278 ), overall correlation =  0.0 , anisotropic correlation (target) =  0.489506
anisolt tmp_sym.lat tmp_sym_aniso.lat 56.295,59.717,69.504,90.0,110.88,90.0
corrlt tmp_sym_aniso.lat data.lat
Function iteration =  24 , (sigma) = ( 0.36535081807019 ), overall correlation =  0.0 , anisotropic correlation (target) =  0.489121
anisolt tmp_sym.lat tmp_sym_aniso.lat 56.295,59.717,69.504,90.0,110.88,90.0
corrlt tmp_sym_aniso.lat data.lat
Function iteration =  25 , (sigma) = ( 0.3513421946524139 ), overall correlation =  0.0 , anisotropic correlation (target) =  0.489668
anisolt tmp_sym.lat tmp_sym_aniso.lat 56.295,59.717,69.504,90.0,110.88,90.0
corrlt tmp_sym_aniso.lat data.lat
Function iteration =  26 , (sigma) = ( 0.35669301250480817 ), overall correlation =  0.0 , anisotropic correlation (target) =  0.489565
anisolt tmp_sym.lat tmp_sym_aniso.lat 56.295,59.717,69.504,90.0,110.88,90.0
corrlt tmp_sym_aniso.lat data.lat
Function iteration =  27 , (sigma) = ( 0.3480352073750178 ), overall correlation =  0.0 , anisotropic correlation (target) =  0.489641
anisolt tmp_sym.lat tmp_sym_aniso.lat 56.295,59.717,69.504,90.0,110.88,90.0
corrlt tmp_sym_aniso.lat data.lat
Function iteration =  28 , (sigma) = ( 0.3509779530749156 ), overall correlation =  0.0 , anisotropic correlation (target) =  0.489655
anisolt tmp_sym.lat tmp_sym_aniso.lat 56.295,59.717,69.504,90.0,110.88,90.0
corrlt tmp_sym_aniso.lat data.lat
Function iteration =  29 , (sigma) = ( 0.3533860251442215 ), overall correlation =  0.0 , anisotropic correlation (target) =  0.489636
anisolt tmp_sym.lat tmp_sym_aniso.lat 56.295,59.717,69.504,90.0,110.88,90.0
corrlt tmp_sym_aniso.lat data.lat
Function iteration =  30 , (sigma) = ( 0.3521228684100477 ), overall correlation =  0.0 , anisotropic correlation (target) =  0.489653
anisolt tmp_sym.lat tmp_sym_aniso.lat 56.295,59.717,69.504,90.0,110.88,90.0
corrlt tmp_sym_aniso.lat data.lat
Function iteration =  31 , (sigma) = ( 0.3515321973890246 ), overall correlation =  0.0 , anisotropic correlation (target) =  0.489661
anisolt tmp_sym.lat tmp_sym_aniso.lat 56.295,59.717,69.504,90.0,110.88,90.0
corrlt tmp_sym_aniso.lat data.lat
Function iteration =  32 , (sigma) = ( 0.3512964361875199 ), overall correlation =  0.0 , anisotropic correlation (target) =  0.489665
anisolt tmp_sym.lat tmp_sym_aniso.lat 56.295,59.717,69.504,90.0,110.88,90.0
corrlt tmp_sym_aniso.lat data.lat
Function iteration =  33 , (sigma) = ( 0.35139478615138436 ), overall correlation =  0.0 , anisotropic correlation (target) =  0.489669
anisolt tmp_sym.lat tmp_sym_aniso.lat 56.295,59.717,69.504,90.0,110.88,90.0
corrlt tmp_sym_aniso.lat data.lat
Function iteration =  34 , (sigma) = ( 0.3513885783450623 ), overall correlation =  0.0 , anisotropic correlation (target) =  0.489668
anisolt tmp_sym.lat tmp_sym_aniso.lat 56.295,59.717,69.504,90.0,110.88,90.0
corrlt tmp_sym_aniso.lat data.lat
Function iteration =  35 , (sigma) = ( 0.35144727257218084 ), overall correlation =  0.0 , anisotropic correlation (target) =  0.489665
anisolt tmp_sym.lat tmp_sym_aniso.lat 56.295,59.717,69.504,90.0,110.88,90.0
corrlt tmp_sym_aniso.lat data.lat
Function iteration =  36 , (sigma) = ( 0.3514148341795903 ), overall correlation =  0.0 , anisotropic correlation (target) =  0.489667
anisolt tmp_sym.lat tmp_sym_aniso.lat 56.295,59.717,69.504,90.0,110.88,90.0
corrlt tmp_sym_aniso.lat data.lat
Function iteration =  37 , (sigma) = ( 0.3514024438165261 ), overall correlation =  0.0 , anisotropic correlation (target) =  0.489668
anisolt tmp_sym.lat tmp_sym_aniso.lat 56.295,59.717,69.504,90.0,110.88,90.0
corrlt tmp_sym_aniso.lat data.lat
Function iteration =  38 , (sigma) = ( 0.3513955110807942 ), overall correlation =  0.0 , anisotropic correlation (target) =  0.489669
anisolt tmp_sym.lat tmp_sym_aniso.lat 56.295,59.717,69.504,90.0,110.88,90.0
corrlt tmp_sym_aniso.lat data.lat
Function iteration =  39 , (sigma) = ( 0.3513960442451646 ), overall correlation =  0.0 , anisotropic correlation (target) =  0.48967
anisolt tmp_sym.lat tmp_sym_aniso.lat 56.295,59.717,69.504,90.0,110.88,90.0
corrlt tmp_sym_aniso.lat data.lat
Function iteration =  40 , (sigma) = ( 0.35139848866383927 ), overall correlation =  0.0 , anisotropic correlation (target) =  0.48967
anisolt tmp_sym.lat tmp_sym_aniso.lat 56.295,59.717,69.504,90.0,110.88,90.0
corrlt tmp_sym_aniso.lat data.lat
Function iteration =  41 , (sigma) = ( 0.3513972664545019 ), overall correlation =  0.0 , anisotropic correlation (target) =  0.48967
anisolt tmp_sym.lat tmp_sym_aniso.lat 56.295,59.717,69.504,90.0,110.88,90.0
corrlt tmp_sym_aniso.lat data.lat
Function iteration =  42 , (sigma) = ( 0.3513978171726094 ), overall correlation =  0.0 , anisotropic correlation (target) =  0.489669
anisolt tmp_sym.lat tmp_sym_aniso.lat 56.295,59.717,69.504,90.0,110.88,90.0
corrlt tmp_sym_aniso.lat data.lat
Function iteration =  43 , (sigma) = ( 0.35139671573639447 ), overall correlation =  0.0 , anisotropic correlation (target) =  0.48967
anisolt tmp_sym.lat tmp_sym_aniso.lat 56.295,59.717,69.504,90.0,110.88,90.0
corrlt tmp_sym_aniso.lat data.lat
Function iteration =  44 , (sigma) = ( 0.35139671573639447 ), overall correlation =  0.0 , anisotropic correlation (target) =  0.48967
anisolt tmp_sym.lat tmp_sym_aniso.lat 56.295,59.717,69.504,90.0,110.88,90.0
corrlt tmp_sym_aniso.lat data.lat
Function iteration =  45 , (sigma) = ( 0.35145123682037505 ), overall correlation =  0.0 , anisotropic correlation (target) =  0.489664
anisolt tmp_sym.lat tmp_sym_aniso.lat 56.295,59.717,69.504,90.0,110.88,90.0
corrlt tmp_sym_aniso.lat data.lat
Function iteration =  46 , (sigma) = ( 0.3513084987687971 ), overall correlation =  0.0 , anisotropic correlation (target) =  0.489666
anisolt tmp_sym.lat tmp_sym_aniso.lat 56.295,59.717,69.504,90.0,110.88,90.0
corrlt tmp_sym_aniso.lat data.lat
Function iteration =  47 , (sigma) = ( 0.35139671573639447 ), overall correlation =  0.0 , anisotropic correlation (target) =  0.48967
anisolt tmp_sym.lat tmp_sym_aniso.lat 56.295,59.717,69.504,90.0,110.88,90.0
corrlt tmp_sym_aniso.lat data.lat
Function iteration =  48 , (sigma) = ( 0.3513630198541492 ), overall correlation =  0.0 , anisotropic correlation (target) =  0.489666
anisolt tmp_sym.lat tmp_sym_aniso.lat 56.295,59.717,69.504,90.0,110.88,90.0
corrlt tmp_sym_aniso.lat data.lat
Function iteration =  49 , (sigma) = ( 0.3514175409367582 ), overall correlation =  0.0 , anisotropic correlation (target) =  0.489668
anisolt tmp_sym.lat tmp_sym_aniso.lat 56.295,59.717,69.504,90.0,110.88,90.0
corrlt tmp_sym_aniso.lat data.lat
Function iteration =  50 , (sigma) = ( 0.3513949370518374 ), overall correlation =  0.0 , anisotropic correlation (target) =  0.489669
anisolt tmp_sym.lat tmp_sym_aniso.lat 56.295,59.717,69.504,90.0,110.88,90.0
corrlt tmp_sym_aniso.lat data.lat
Function iteration =  51 , (sigma) = ( 0.3514054794053152 ), overall correlation =  0.0 , anisotropic correlation (target) =  0.489669
anisolt tmp_sym.lat tmp_sym_aniso.lat 56.295,59.717,69.504,90.0,110.88,90.0
corrlt tmp_sym_aniso.lat data.lat
Function iteration =  52 , (sigma) = ( 0.3514000631599574 ), overall correlation =  0.0 , anisotropic correlation (target) =  0.489669
anisolt tmp_sym.lat tmp_sym_aniso.lat 56.295,59.717,69.504,90.0,110.88,90.0
corrlt tmp_sym_aniso.lat data.lat
Function iteration =  53 , (sigma) = ( 0.35139799433838315 ), overall correlation =  0.0 , anisotropic correlation (target) =  0.48967
anisolt tmp_sym.lat tmp_sym_aniso.lat 56.295,59.717,69.504,90.0,110.88,90.0
corrlt tmp_sym_aniso.lat data.lat
Function iteration =  54 , (sigma) = ( 0.3513973550373888 ), overall correlation =  0.0 , anisotropic correlation (target) =  0.48967
anisolt tmp_sym.lat tmp_sym_aniso.lat 56.295,59.717,69.504,90.0,110.88,90.0
corrlt tmp_sym_aniso.lat data.lat
Function iteration =  55 , (sigma) = ( 0.3513971108461452 ), overall correlation =  0.0 , anisotropic correlation (target) =  0.48967
anisolt tmp_sym.lat tmp_sym_aniso.lat 56.295,59.717,69.504,90.0,110.88,90.0
corrlt tmp_sym_aniso.lat data.lat
Function iteration =  56 , (sigma) = ( 0.35139695992765413 ), overall correlation =  0.0 , anisotropic correlation (target) =  0.48967
anisolt tmp_sym.lat tmp_sym_aniso.lat 56.295,59.717,69.504,90.0,110.88,90.0
corrlt tmp_sym_aniso.lat data.lat
Function iteration =  57 , (sigma) = ( 0.35139686665489545 ), overall correlation =  0.0 , anisotropic correlation (target) =  0.48967
anisolt tmp_sym.lat tmp_sym_aniso.lat 56.295,59.717,69.504,90.0,110.88,90.0
corrlt tmp_sym_aniso.lat data.lat
Function iteration =  58 , (sigma) = ( 0.3513968090091593 ), overall correlation =  0.0 , anisotropic correlation (target) =  0.48967
anisolt tmp_sym.lat tmp_sym_aniso.lat 56.295,59.717,69.504,90.0,110.88,90.0
corrlt tmp_sym_aniso.lat data.lat
Function iteration =  59 , (sigma) = ( 0.35139677338213443 ), overall correlation =  0.0 , anisotropic correlation (target) =  0.48967
anisolt tmp_sym.lat tmp_sym_aniso.lat 56.295,59.717,69.504,90.0,110.88,90.0
corrlt tmp_sym_aniso.lat data.lat
Function iteration =  60 , (sigma) = ( 0.3513967513634217 ), overall correlation =  0.0 , anisotropic correlation (target) =  0.48967
anisolt tmp_sym.lat tmp_sym_aniso.lat 56.295,59.717,69.504,90.0,110.88,90.0
corrlt tmp_sym_aniso.lat data.lat
Function iteration =  61 , (sigma) = ( 0.3513967377551086 ), overall correlation =  0.0 , anisotropic correlation (target) =  0.48967
anisolt tmp_sym.lat tmp_sym_aniso.lat 56.295,59.717,69.504,90.0,110.88,90.0
corrlt tmp_sym_aniso.lat data.lat
Function iteration =  62 , (sigma) = ( 0.35139672934470845 ), overall correlation =  0.0 , anisotropic correlation (target) =  0.48967
anisolt tmp_sym.lat tmp_sym_aniso.lat 56.295,59.717,69.504,90.0,110.88,90.0
corrlt tmp_sym_aniso.lat data.lat
Function iteration =  63 , (sigma) = ( 0.3513967241467952 ), overall correlation =  0.0 , anisotropic correlation (target) =  0.48967
anisolt tmp_sym.lat tmp_sym_aniso.lat 56.295,59.717,69.504,90.0,110.88,90.0
corrlt tmp_sym_aniso.lat data.lat
Function iteration =  64 , (sigma) = ( 0.35139672093430807 ), overall correlation =  0.0 , anisotropic correlation (target) =  0.48967
anisolt tmp_sym.lat tmp_sym_aniso.lat 56.295,59.717,69.504,90.0,110.88,90.0
corrlt tmp_sym_aniso.lat data.lat
Function iteration =  65 , (sigma) = ( 0.3513967189488818 ), overall correlation =  0.0 , anisotropic correlation (target) =  0.48967
anisolt tmp_sym.lat tmp_sym_aniso.lat 56.295,59.717,69.504,90.0,110.88,90.0
corrlt tmp_sym_aniso.lat data.lat
Function iteration =  66 , (sigma) = ( 0.35139671772182085 ), overall correlation =  0.0 , anisotropic correlation (target) =  0.48967
anisolt tmp_sym.lat tmp_sym_aniso.lat 56.295,59.717,69.504,90.0,110.88,90.0
corrlt tmp_sym_aniso.lat data.lat
Function iteration =  67 , (sigma) = ( 0.3513967169634555 ), overall correlation =  0.0 , anisotropic correlation (target) =  0.48967
anisolt tmp_sym.lat tmp_sym_aniso.lat 56.295,59.717,69.504,90.0,110.88,90.0
corrlt tmp_sym_aniso.lat data.lat
Function iteration =  68 , (sigma) = ( 0.3513967164947599 ), overall correlation =  0.0 , anisotropic correlation (target) =  0.48967
anisolt tmp_sym.lat tmp_sym_aniso.lat 56.295,59.717,69.504,90.0,110.88,90.0
corrlt tmp_sym_aniso.lat data.lat
Function iteration =  69 , (sigma) = ( 0.3513967162050901 ), overall correlation =  0.0 , anisotropic correlation (target) =  0.48967
anisolt tmp_sym.lat tmp_sym_aniso.lat 56.295,59.717,69.504,90.0,110.88,90.0
corrlt tmp_sym_aniso.lat data.lat
Function iteration =  70 , (sigma) = ( 0.3513967160260643 ), overall correlation =  0.0 , anisotropic correlation (target) =  0.48967
anisolt tmp_sym.lat tmp_sym_aniso.lat 56.295,59.717,69.504,90.0,110.88,90.0
corrlt tmp_sym_aniso.lat data.lat
Function iteration =  71 , (sigma) = ( 0.35139671591542027 ), overall correlation =  0.0 , anisotropic correlation (target) =  0.48967
anisolt tmp_sym.lat tmp_sym_aniso.lat 56.295,59.717,69.504,90.0,110.88,90.0
corrlt tmp_sym_aniso.lat data.lat
Function iteration =  72 , (sigma) = ( 0.3513967158470385 ), overall correlation =  0.0 , anisotropic correlation (target) =  0.48967
anisolt tmp_sym.lat tmp_sym_aniso.lat 56.295,59.717,69.504,90.0,110.88,90.0
corrlt tmp_sym_aniso.lat data.lat
Function iteration =  73 , (sigma) = ( 0.35139671580477627 ), overall correlation =  0.0 , anisotropic correlation (target) =  0.48967
anisolt tmp_sym.lat tmp_sym_aniso.lat 56.295,59.717,69.504,90.0,110.88,90.0
corrlt tmp_sym_aniso.lat data.lat
Function iteration =  74 , (sigma) = ( 0.3513967157786567 ), overall correlation =  0.0 , anisotropic correlation (target) =  0.48967
anisolt tmp_sym.lat tmp_sym_aniso.lat 56.295,59.717,69.504,90.0,110.88,90.0
corrlt tmp_sym_aniso.lat data.lat
Function iteration =  75 , (sigma) = ( 0.35139671576251397 ), overall correlation =  0.0 , anisotropic correlation (target) =  0.48967
anisolt tmp_sym.lat tmp_sym_aniso.lat 56.295,59.717,69.504,90.0,110.88,90.0
corrlt tmp_sym_aniso.lat data.lat
Function iteration =  76 , (sigma) = ( 0.3513967157525372 ), overall correlation =  0.0 , anisotropic correlation (target) =  0.48967
anisolt tmp_sym.lat tmp_sym_aniso.lat 56.295,59.717,69.504,90.0,110.88,90.0
corrlt tmp_sym_aniso.lat data.lat
Function iteration =  77 , (sigma) = ( 0.3513967157463712 ), overall correlation =  0.0 , anisotropic correlation (target) =  0.48967
anisolt tmp_sym.lat tmp_sym_aniso.lat 56.295,59.717,69.504,90.0,110.88,90.0
corrlt tmp_sym_aniso.lat data.lat
Function iteration =  78 , (sigma) = ( 0.35139671574256043 ), overall correlation =  0.0 , anisotropic correlation (target) =  0.48967
anisolt tmp_sym.lat tmp_sym_aniso.lat 56.295,59.717,69.504,90.0,110.88,90.0
corrlt tmp_sym_aniso.lat data.lat
Function iteration =  79 , (sigma) = ( 0.35139671574020526 ), overall correlation =  0.0 , anisotropic correlation (target) =  0.48967
anisolt tmp_sym.lat tmp_sym_aniso.lat 56.295,59.717,69.504,90.0,110.88,90.0
corrlt tmp_sym_aniso.lat data.lat
Function iteration =  80 , (sigma) = ( 0.35139671573874964 ), overall correlation =  0.0 , anisotropic correlation (target) =  0.48967
anisolt tmp_sym.lat tmp_sym_aniso.lat 56.295,59.717,69.504,90.0,110.88,90.0
corrlt tmp_sym_aniso.lat data.lat
Function iteration =  81 , (sigma) = ( 0.3513967157378501 ), overall correlation =  0.0 , anisotropic correlation (target) =  0.48967
anisolt tmp_sym.lat tmp_sym_aniso.lat 56.295,59.717,69.504,90.0,110.88,90.0
corrlt tmp_sym_aniso.lat data.lat
Function iteration =  82 , (sigma) = ( 0.3513967157372941 ), overall correlation =  0.0 , anisotropic correlation (target) =  0.48967
anisolt tmp_sym.lat tmp_sym_aniso.lat 56.295,59.717,69.504,90.0,110.88,90.0
corrlt tmp_sym_aniso.lat data.lat
Function iteration =  83 , (sigma) = ( 0.35139671573695047 ), overall correlation =  0.0 , anisotropic correlation (target) =  0.48967
anisolt tmp_sym.lat tmp_sym_aniso.lat 56.295,59.717,69.504,90.0,110.88,90.0
corrlt tmp_sym_aniso.lat data.lat
Function iteration =  84 , (sigma) = ( 0.3513967157367381 ), overall correlation =  0.0 , anisotropic correlation (target) =  0.48967
anisolt tmp_sym.lat tmp_sym_aniso.lat 56.295,59.717,69.504,90.0,110.88,90.0
corrlt tmp_sym_aniso.lat data.lat
Function iteration =  85 , (sigma) = ( 0.35139671573660686 ), overall correlation =  0.0 , anisotropic correlation (target) =  0.48967
anisolt tmp_sym.lat tmp_sym_aniso.lat 56.295,59.717,69.504,90.0,110.88,90.0
corrlt tmp_sym_aniso.lat data.lat
Function iteration =  86 , (sigma) = ( 0.3513967157365257 ), overall correlation =  0.0 , anisotropic correlation (target) =  0.48967
anisolt tmp_sym.lat tmp_sym_aniso.lat 56.295,59.717,69.504,90.0,110.88,90.0
corrlt tmp_sym_aniso.lat data.lat
Function iteration =  87 , (sigma) = ( 0.3513967157364756 ), overall correlation =  0.0 , anisotropic correlation (target) =  0.48967
anisolt tmp_sym.lat tmp_sym_aniso.lat 56.295,59.717,69.504,90.0,110.88,90.0
corrlt tmp_sym_aniso.lat data.lat
Function iteration =  88 , (sigma) = ( 0.3513967157364446 ), overall correlation =  0.0 , anisotropic correlation (target) =  0.48967
anisolt tmp_sym.lat tmp_sym_aniso.lat 56.295,59.717,69.504,90.0,110.88,90.0
corrlt tmp_sym_aniso.lat data.lat
Function iteration =  89 , (sigma) = ( 0.35139671573642545 ), overall correlation =  0.0 , anisotropic correlation (target) =  0.48967
anisolt tmp_sym.lat tmp_sym_aniso.lat 56.295,59.717,69.504,90.0,110.88,90.0
corrlt tmp_sym_aniso.lat data.lat
Function iteration =  90 , (sigma) = ( 0.3513967157364136 ), overall correlation =  0.0 , anisotropic correlation (target) =  0.48967
anisolt tmp_sym.lat tmp_sym_aniso.lat 56.295,59.717,69.504,90.0,110.88,90.0
corrlt tmp_sym_aniso.lat data.lat
Function iteration =  91 , (sigma) = ( 0.3513967157364063 ), overall correlation =  0.0 , anisotropic correlation (target) =  0.48967
anisolt tmp_sym.lat tmp_sym_aniso.lat 56.295,59.717,69.504,90.0,110.88,90.0
corrlt tmp_sym_aniso.lat data.lat
Function iteration =  92 , (sigma) = ( 0.3513967157364018 ), overall correlation =  0.0 , anisotropic correlation (target) =  0.48967
anisolt tmp_sym.lat tmp_sym_aniso.lat 56.295,59.717,69.504,90.0,110.88,90.0
corrlt tmp_sym_aniso.lat data.lat
Function iteration =  93 , (sigma) = ( 0.35139671573639897 ), overall correlation =  0.0 , anisotropic correlation (target) =  0.48967
anisolt tmp_sym.lat tmp_sym_aniso.lat 56.295,59.717,69.504,90.0,110.88,90.0
corrlt tmp_sym_aniso.lat data.lat
Function iteration =  94 , (sigma) = ( 0.35139671573639725 ), overall correlation =  0.0 , anisotropic correlation (target) =  0.48967
anisolt tmp_sym.lat tmp_sym_aniso.lat 56.295,59.717,69.504,90.0,110.88,90.0
corrlt tmp_sym_aniso.lat data.lat
Function iteration =  95 , (sigma) = ( 0.3513967157363962 ), overall correlation =  0.0 , anisotropic correlation (target) =  0.48967
anisolt tmp_sym.lat tmp_sym_aniso.lat 56.295,59.717,69.504,90.0,110.88,90.0
corrlt tmp_sym_aniso.lat data.lat
Function iteration =  96 , (sigma) = ( 0.3513967157363955 ), overall correlation =  0.0 , anisotropic correlation (target) =  0.48967
Optimization terminated successfully.
         Current function value: -0.489670
         Iterations: 2
         Function evaluations: 96
Refined sigma =  0.3513967157363955
