origin: 40 41 49
82 84 100 688800
Initializing the hkl file data...
Reading the hkl file data...
...done
Writing file
Done writing file
anisolt tmp_sym.lat tmp_sym_aniso.lat 57.305,58.188,69.015,90.0,112.81,90.0
corrlt tmp_sym_aniso.lat data.lat
Function iteration =  1 , (sigma) = ( 0.36 ), overall correlation =  0.0 , anisotropic correlation (target) =  0.507581
anisolt tmp_sym.lat tmp_sym_aniso.lat 57.305,58.188,69.015,90.0,112.81,90.0
corrlt tmp_sym_aniso.lat data.lat
Function iteration =  2 , (sigma) = ( 0.36 ), overall correlation =  0.0 , anisotropic correlation (target) =  0.507581
anisolt tmp_sym.lat tmp_sym_aniso.lat 57.305,58.188,69.015,90.0,112.81,90.0
corrlt tmp_sym_aniso.lat data.lat
Function iteration =  3 , (sigma) = ( 1.3599999999999999 ), overall correlation =  0.0 , anisotropic correlation (target) =  0.0577767
Function iteration =  4 , (sigma) = ( -1.2580339999999999 ), overall correlation =  0 , anisotropic correlation (target) =  0
anisolt tmp_sym.lat tmp_sym_aniso.lat 57.305,58.188,69.015,90.0,112.81,90.0
corrlt tmp_sym_aniso.lat data.lat
Function iteration =  5 , (sigma) = ( 0.36 ), overall correlation =  0.0 , anisotropic correlation (target) =  0.507581
Function iteration =  6 , (sigma) = ( -0.25803397484400004 ), overall correlation =  0 , anisotropic correlation (target) =  0
anisolt tmp_sym.lat tmp_sym_aniso.lat 57.305,58.188,69.015,90.0,112.81,90.0
corrlt tmp_sym_aniso.lat data.lat
Function iteration =  7 , (sigma) = ( 0.741966 ), overall correlation =  0.0 , anisotropic correlation (target) =  0.32161
anisolt tmp_sym.lat tmp_sym_aniso.lat 57.305,58.188,69.015,90.0,112.81,90.0
corrlt tmp_sym_aniso.lat data.lat
Function iteration =  8 , (sigma) = ( 0.36489041470936523 ), overall correlation =  0.0 , anisotropic correlation (target) =  0.507378
anisolt tmp_sym.lat tmp_sym_aniso.lat 57.305,58.188,69.015,90.0,112.81,90.0
corrlt tmp_sym_aniso.lat data.lat
Function iteration =  9 , (sigma) = ( 0.34487288618275225 ), overall correlation =  0.0 , anisotropic correlation (target) =  0.507426
anisolt tmp_sym.lat tmp_sym_aniso.lat 57.305,58.188,69.015,90.0,112.81,90.0
corrlt tmp_sym_aniso.lat data.lat
Function iteration =  10 , (sigma) = ( 0.35422195684368113 ), overall correlation =  0.0 , anisotropic correlation (target) =  0.507666
anisolt tmp_sym.lat tmp_sym_aniso.lat 57.305,58.188,69.015,90.0,112.81,90.0
corrlt tmp_sym_aniso.lat data.lat
Function iteration =  11 , (sigma) = ( 0.35435562148528527 ), overall correlation =  0.0 , anisotropic correlation (target) =  0.507662
anisolt tmp_sym.lat tmp_sym_aniso.lat 57.305,58.188,69.015,90.0,112.81,90.0
corrlt tmp_sym_aniso.lat data.lat
Function iteration =  12 , (sigma) = ( 0.35065092971960876 ), overall correlation =  0.0 , anisotropic correlation (target) =  0.507633
anisolt tmp_sym.lat tmp_sym_aniso.lat 57.305,58.188,69.015,90.0,112.81,90.0
corrlt tmp_sym_aniso.lat data.lat
Function iteration =  13 , (sigma) = ( 0.3528734882504079 ), overall correlation =  0.0 , anisotropic correlation (target) =  0.507655
anisolt tmp_sym.lat tmp_sym_aniso.lat 57.305,58.188,69.015,90.0,112.81,90.0
corrlt tmp_sym_aniso.lat data.lat
Function iteration =  14 , (sigma) = ( 0.3537064592905466 ), overall correlation =  0.0 , anisotropic correlation (target) =  0.507656
anisolt tmp_sym.lat tmp_sym_aniso.lat 57.305,58.188,69.015,90.0,112.81,90.0
corrlt tmp_sym_aniso.lat data.lat
Function iteration =  15 , (sigma) = ( 0.35409186224375155 ), overall correlation =  0.0 , anisotropic correlation (target) =  0.50766
anisolt tmp_sym.lat tmp_sym_aniso.lat 57.305,58.188,69.015,90.0,112.81,90.0
corrlt tmp_sym_aniso.lat data.lat
Function iteration =  16 , (sigma) = ( 0.3542797372852443 ), overall correlation =  0.0 , anisotropic correlation (target) =  0.507666
anisolt tmp_sym.lat tmp_sym_aniso.lat 57.305,58.188,69.015,90.0,112.81,90.0
corrlt tmp_sym_aniso.lat data.lat
Function iteration =  17 , (sigma) = ( 0.34855947457048864 ), overall correlation =  0.0 , anisotropic correlation (target) =  0.507577
anisolt tmp_sym.lat tmp_sym_aniso.lat 57.305,58.188,69.015,90.0,112.81,90.0
corrlt tmp_sym_aniso.lat data.lat
Function iteration =  18 , (sigma) = ( 0.3542797372852443 ), overall correlation =  0.0 , anisotropic correlation (target) =  0.507666
anisolt tmp_sym.lat tmp_sym_aniso.lat 57.305,58.188,69.015,90.0,112.81,90.0
corrlt tmp_sym_aniso.lat data.lat
Function iteration =  19 , (sigma) = ( 1.3542797372852444 ), overall correlation =  0.0 , anisotropic correlation (target) =  0.0585881
Function iteration =  20 , (sigma) = ( -1.2637542627147558 ), overall correlation =  0 , anisotropic correlation (target) =  0
anisolt tmp_sym.lat tmp_sym_aniso.lat 57.305,58.188,69.015,90.0,112.81,90.0
corrlt tmp_sym_aniso.lat data.lat
Function iteration =  21 , (sigma) = ( 0.3542797372852443 ), overall correlation =  0.0 , anisotropic correlation (target) =  0.507666
Function iteration =  22 , (sigma) = ( -0.2637542375587557 ), overall correlation =  0 , anisotropic correlation (target) =  0
anisolt tmp_sym.lat tmp_sym_aniso.lat 57.305,58.188,69.015,90.0,112.81,90.0
corrlt tmp_sym_aniso.lat data.lat
Function iteration =  23 , (sigma) = ( 0.7362457372852443 ), overall correlation =  0.0 , anisotropic correlation (target) =  0.325279
anisolt tmp_sym.lat tmp_sym_aniso.lat 57.305,58.188,69.015,90.0,112.81,90.0
corrlt tmp_sym_aniso.lat data.lat
Function iteration =  24 , (sigma) = ( 0.3614574416708594 ), overall correlation =  0.0 , anisotropic correlation (target) =  0.507541
anisolt tmp_sym.lat tmp_sym_aniso.lat 57.305,58.188,69.015,90.0,112.81,90.0
corrlt tmp_sym_aniso.lat data.lat
Function iteration =  25 , (sigma) = ( 0.3507753145463457 ), overall correlation =  0.0 , anisotropic correlation (target) =  0.507636
anisolt tmp_sym.lat tmp_sym_aniso.lat 57.305,58.188,69.015,90.0,112.81,90.0
corrlt tmp_sym_aniso.lat data.lat
Function iteration =  26 , (sigma) = ( 0.3542877424294027 ), overall correlation =  0.0 , anisotropic correlation (target) =  0.507665
anisolt tmp_sym.lat tmp_sym_aniso.lat 57.305,58.188,69.015,90.0,112.81,90.0
corrlt tmp_sym_aniso.lat data.lat
Function iteration =  27 , (sigma) = ( 0.35264015876220445 ), overall correlation =  0.0 , anisotropic correlation (target) =  0.507649
anisolt tmp_sym.lat tmp_sym_aniso.lat 57.305,58.188,69.015,90.0,112.81,90.0
corrlt tmp_sym_aniso.lat data.lat
Function iteration =  28 , (sigma) = ( 0.3536534740351129 ), overall correlation =  0.0 , anisotropic correlation (target) =  0.507656
anisolt tmp_sym.lat tmp_sym_aniso.lat 57.305,58.188,69.015,90.0,112.81,90.0
corrlt tmp_sym_aniso.lat data.lat
Function iteration =  29 , (sigma) = ( 0.3540025486328457 ), overall correlation =  0.0 , anisotropic correlation (target) =  0.50766
anisolt tmp_sym.lat tmp_sym_aniso.lat 57.305,58.188,69.015,90.0,112.81,90.0
corrlt tmp_sym_aniso.lat data.lat
Function iteration =  30 , (sigma) = ( 0.3541622027417413 ), overall correlation =  0.0 , anisotropic correlation (target) =  0.507664
anisolt tmp_sym.lat tmp_sym_aniso.lat 57.305,58.188,69.015,90.0,112.81,90.0
corrlt tmp_sym_aniso.lat data.lat
Function iteration =  31 , (sigma) = ( 0.3542284953013207 ), overall correlation =  0.0 , anisotropic correlation (target) =  0.507666
anisolt tmp_sym.lat tmp_sym_aniso.lat 57.305,58.188,69.015,90.0,112.81,90.0
corrlt tmp_sym_aniso.lat data.lat
Function iteration =  32 , (sigma) = ( 0.3542541162932825 ), overall correlation =  0.0 , anisotropic correlation (target) =  0.507667
anisolt tmp_sym.lat tmp_sym_aniso.lat 57.305,58.188,69.015,90.0,112.81,90.0
corrlt tmp_sym_aniso.lat data.lat
Function iteration =  33 , (sigma) = ( 0.35425437251320213 ), overall correlation =  0.0 , anisotropic correlation (target) =  0.507667
anisolt tmp_sym.lat tmp_sym_aniso.lat 57.305,58.188,69.015,90.0,112.81,90.0
corrlt tmp_sym_aniso.lat data.lat
Function iteration =  34 , (sigma) = ( 0.35425462617092257 ), overall correlation =  0.0 , anisotropic correlation (target) =  0.507668
anisolt tmp_sym.lat tmp_sym_aniso.lat 57.305,58.188,69.015,90.0,112.81,90.0
corrlt tmp_sym_aniso.lat data.lat
Function iteration =  35 , (sigma) = ( 0.3542642177628156 ), overall correlation =  0.0 , anisotropic correlation (target) =  0.507667
anisolt tmp_sym.lat tmp_sym_aniso.lat 57.305,58.188,69.015,90.0,112.81,90.0
corrlt tmp_sym_aniso.lat data.lat
Function iteration =  36 , (sigma) = ( 0.35425929513800886 ), overall correlation =  0.0 , anisotropic correlation (target) =  0.507668
anisolt tmp_sym.lat tmp_sym_aniso.lat 57.305,58.188,69.015,90.0,112.81,90.0
corrlt tmp_sym_aniso.lat data.lat
Function iteration =  37 , (sigma) = ( 0.3542569606544657 ), overall correlation =  0.0 , anisotropic correlation (target) =  0.507668
anisolt tmp_sym.lat tmp_sym_aniso.lat 57.305,58.188,69.015,90.0,112.81,90.0
corrlt tmp_sym_aniso.lat data.lat
Function iteration =  38 , (sigma) = ( 0.35425606896112466 ), overall correlation =  0.0 , anisotropic correlation (target) =  0.507668
anisolt tmp_sym.lat tmp_sym_aniso.lat 57.305,58.188,69.015,90.0,112.81,90.0
corrlt tmp_sym_aniso.lat data.lat
Function iteration =  39 , (sigma) = ( 0.35425551786432236 ), overall correlation =  0.0 , anisotropic correlation (target) =  0.507668
anisolt tmp_sym.lat tmp_sym_aniso.lat 57.305,58.188,69.015,90.0,112.81,90.0
corrlt tmp_sym_aniso.lat data.lat
Function iteration =  40 , (sigma) = ( 0.3542551772677612 ), overall correlation =  0.0 , anisotropic correlation (target) =  0.507668
anisolt tmp_sym.lat tmp_sym_aniso.lat 57.305,58.188,69.015,90.0,112.81,90.0
corrlt tmp_sym_aniso.lat data.lat
Function iteration =  41 , (sigma) = ( 0.35425493165758637 ), overall correlation =  0.0 , anisotropic correlation (target) =  0.507668
Optimization terminated successfully.
         Current function value: -0.507668
         Iterations: 2
         Function evaluations: 41
Refined sigma =  0.35425493165758637
