origin: 40 41 49
82 84 100 688800
Initializing the hkl file data...
Reading the hkl file data...
...done
Writing file
Done writing file
anisolt tmp_sym.lat tmp_sym_aniso.lat 57.305,58.188,69.015,90.0,112.81,90.0
corrlt tmp_sym_aniso.lat data.lat
Function iteration =  1 , (sigma) = ( 0.36 ), overall correlation =  0.0 , anisotropic correlation (target) =  0.475314
anisolt tmp_sym.lat tmp_sym_aniso.lat 57.305,58.188,69.015,90.0,112.81,90.0
corrlt tmp_sym_aniso.lat data.lat
Function iteration =  2 , (sigma) = ( 0.36 ), overall correlation =  0.0 , anisotropic correlation (target) =  0.475314
anisolt tmp_sym.lat tmp_sym_aniso.lat 57.305,58.188,69.015,90.0,112.81,90.0
corrlt tmp_sym_aniso.lat data.lat
Function iteration =  3 , (sigma) = ( 1.3599999999999999 ), overall correlation =  0.0 , anisotropic correlation (target) =  0.0510784
Function iteration =  4 , (sigma) = ( -1.2580339999999999 ), overall correlation =  0 , anisotropic correlation (target) =  0
anisolt tmp_sym.lat tmp_sym_aniso.lat 57.305,58.188,69.015,90.0,112.81,90.0
corrlt tmp_sym_aniso.lat data.lat
Function iteration =  5 , (sigma) = ( 0.36 ), overall correlation =  0.0 , anisotropic correlation (target) =  0.475314
Function iteration =  6 , (sigma) = ( -0.25803397484400004 ), overall correlation =  0 , anisotropic correlation (target) =  0
anisolt tmp_sym.lat tmp_sym_aniso.lat 57.305,58.188,69.015,90.0,112.81,90.0
corrlt tmp_sym_aniso.lat data.lat
Function iteration =  7 , (sigma) = ( 0.741966 ), overall correlation =  0.0 , anisotropic correlation (target) =  0.259923
anisolt tmp_sym.lat tmp_sym_aniso.lat 57.305,58.188,69.015,90.0,112.81,90.0
corrlt tmp_sym_aniso.lat data.lat
Function iteration =  8 , (sigma) = ( 0.33946332534798423 ), overall correlation =  0.0 , anisotropic correlation (target) =  0.484909
anisolt tmp_sym.lat tmp_sym_aniso.lat 57.305,58.188,69.015,90.0,112.81,90.0
corrlt tmp_sym_aniso.lat data.lat
Function iteration =  9 , (sigma) = ( 0.11123967158285278 ), overall correlation =  0.0 , anisotropic correlation (target) =  0.549019
anisolt tmp_sym.lat tmp_sym_aniso.lat 57.305,58.188,69.015,90.0,112.81,90.0
corrlt tmp_sym_aniso.lat data.lat
Function iteration =  10 , (sigma) = ( 0.03781170862760125 ), overall correlation =  0.0 , anisotropic correlation (target) =  0.553216
anisolt tmp_sym.lat tmp_sym_aniso.lat 57.305,58.188,69.015,90.0,112.81,90.0
corrlt tmp_sym_aniso.lat data.lat
Function iteration =  11 , (sigma) = ( 0.03458982570387725 ), overall correlation =  0.0 , anisotropic correlation (target) =  0.553295
anisolt tmp_sym.lat tmp_sym_aniso.lat 57.305,58.188,69.015,90.0,112.81,90.0
corrlt tmp_sym_aniso.lat data.lat
Function iteration =  12 , (sigma) = ( 0.007408761241692929 ), overall correlation =  0.0 , anisotropic correlation (target) =  0.553666
Function iteration =  13 , (sigma) = ( -0.09398133889001486 ), overall correlation =  0 , anisotropic correlation (target) =  0
anisolt tmp_sym.lat tmp_sym_aniso.lat 57.305,58.188,69.015,90.0,112.81,90.0
corrlt tmp_sym_aniso.lat data.lat
Function iteration =  14 , (sigma) = ( 0.001912234704333382 ), overall correlation =  0.0 , anisotropic correlation (target) =  0.553663
anisolt tmp_sym.lat tmp_sym_aniso.lat 57.305,58.188,69.015,90.0,112.81,90.0
corrlt tmp_sym_aniso.lat data.lat
Function iteration =  15 , (sigma) = ( 0.010934673639276027 ), overall correlation =  0.0 , anisotropic correlation (target) =  0.553655
Function iteration =  16 , (sigma) = ( -0.34518247751661413 ), overall correlation =  0 , anisotropic correlation (target) =  0
anisolt tmp_sym.lat tmp_sym_aniso.lat 57.305,58.188,69.015,90.0,112.81,90.0
corrlt tmp_sym_aniso.lat data.lat
Function iteration =  17 , (sigma) = ( 0.007408761241692929 ), overall correlation =  0.0 , anisotropic correlation (target) =  0.553666
anisolt tmp_sym.lat tmp_sym_aniso.lat 57.305,58.188,69.015,90.0,112.81,90.0
corrlt tmp_sym_aniso.lat data.lat
Function iteration =  18 , (sigma) = ( 1.0074087612416929 ), overall correlation =  0.0 , anisotropic correlation (target) =  0.127288
Function iteration =  19 , (sigma) = ( -1.610625238758307 ), overall correlation =  0 , anisotropic correlation (target) =  0
anisolt tmp_sym.lat tmp_sym_aniso.lat 57.305,58.188,69.015,90.0,112.81,90.0
corrlt tmp_sym_aniso.lat data.lat
Function iteration =  20 , (sigma) = ( 0.007408761241692929 ), overall correlation =  0.0 , anisotropic correlation (target) =  0.553666
Function iteration =  21 , (sigma) = ( -0.6106252136023071 ), overall correlation =  0 , anisotropic correlation (target) =  0
anisolt tmp_sym.lat tmp_sym_aniso.lat 57.305,58.188,69.015,90.0,112.81,90.0
corrlt tmp_sym_aniso.lat data.lat
Function iteration =  22 , (sigma) = ( 0.38937476124169296 ), overall correlation =  0.0 , anisotropic correlation (target) =  0.460887
anisolt tmp_sym.lat tmp_sym_aniso.lat 57.305,58.188,69.015,90.0,112.81,90.0
corrlt tmp_sym_aniso.lat data.lat
Function iteration =  23 , (sigma) = ( 0.0917402627418667 ), overall correlation =  0.0 , anisotropic correlation (target) =  0.550673
anisolt tmp_sym.lat tmp_sym_aniso.lat 57.305,58.188,69.015,90.0,112.81,90.0
corrlt tmp_sym_aniso.lat data.lat
Function iteration =  24 , (sigma) = ( 0.02410941729024742 ), overall correlation =  0.0 , anisotropic correlation (target) =  0.553452
Function iteration =  25 , (sigma) = ( -0.0033486386473992255 ), overall correlation =  0 , anisotropic correlation (target) =  0
anisolt tmp_sym.lat tmp_sym_aniso.lat 57.305,58.188,69.015,90.0,112.81,90.0
corrlt tmp_sym_aniso.lat data.lat
Function iteration =  26 , (sigma) = ( 0.013787844029935095 ), overall correlation =  0.0 , anisotropic correlation (target) =  0.553598
anisolt tmp_sym.lat tmp_sym_aniso.lat 57.305,58.188,69.015,90.0,112.81,90.0
corrlt tmp_sym_aniso.lat data.lat
Function iteration =  27 , (sigma) = ( 0.003299800235655955 ), overall correlation =  0.0 , anisotropic correlation (target) =  0.553684
anisolt tmp_sym.lat tmp_sym_aniso.lat 57.305,58.188,69.015,90.0,112.81,90.0
corrlt tmp_sym_aniso.lat data.lat
Function iteration =  28 , (sigma) = ( 0.0016957835667029183 ), overall correlation =  0.0 , anisotropic correlation (target) =  0.553477
anisolt tmp_sym.lat tmp_sym_aniso.lat 57.305,58.188,69.015,90.0,112.81,90.0
corrlt tmp_sym_aniso.lat data.lat
Function iteration =  29 , (sigma) = ( 0.004869283635287875 ), overall correlation =  0.0 , anisotropic correlation (target) =  0.553646
anisolt tmp_sym.lat tmp_sym_aniso.lat 57.305,58.188,69.015,90.0,112.81,90.0
corrlt tmp_sym_aniso.lat data.lat
Function iteration =  30 , (sigma) = ( 0.0026871204046826393 ), overall correlation =  0.0 , anisotropic correlation (target) =  0.553701
anisolt tmp_sym.lat tmp_sym_aniso.lat 57.305,58.188,69.015,90.0,112.81,90.0
corrlt tmp_sym_aniso.lat data.lat
Function iteration =  31 , (sigma) = ( 0.002308463438026877 ), overall correlation =  0.0 , anisotropic correlation (target) =  0.553762
anisolt tmp_sym.lat tmp_sym_aniso.lat 57.305,58.188,69.015,90.0,112.81,90.0
corrlt tmp_sym_aniso.lat data.lat
Function iteration =  32 , (sigma) = ( 0.0020744405582967494 ), overall correlation =  0.0 , anisotropic correlation (target) =  0.553625
anisolt tmp_sym.lat tmp_sym_aniso.lat 57.305,58.188,69.015,90.0,112.81,90.0
corrlt tmp_sym_aniso.lat data.lat
Function iteration =  33 , (sigma) = ( 0.0024530975249525116 ), overall correlation =  0.0 , anisotropic correlation (target) =  0.553669
anisolt tmp_sym.lat tmp_sym_aniso.lat 57.305,58.188,69.015,90.0,112.81,90.0
corrlt tmp_sym_aniso.lat data.lat
Function iteration =  34 , (sigma) = ( 0.002219074654747879 ), overall correlation =  0.0 , anisotropic correlation (target) =  0.553667
anisolt tmp_sym.lat tmp_sym_aniso.lat 57.305,58.188,69.015,90.0,112.81,90.0
corrlt tmp_sym_aniso.lat data.lat
Function iteration =  35 , (sigma) = ( 0.0023637087416735142 ), overall correlation =  0.0 , anisotropic correlation (target) =  0.553646
Function iteration =  36 , (sigma) = ( -0.002791834365639175 ), overall correlation =  0 , anisotropic correlation (target) =  0
anisolt tmp_sym.lat tmp_sym_aniso.lat 57.305,58.188,69.015,90.0,112.81,90.0
corrlt tmp_sym_aniso.lat data.lat
Function iteration =  37 , (sigma) = ( 0.002308463438026877 ), overall correlation =  0.0 , anisotropic correlation (target) =  0.553762
anisolt tmp_sym.lat tmp_sym_aniso.lat 57.305,58.188,69.015,90.0,112.81,90.0
corrlt tmp_sym_aniso.lat data.lat
Function iteration =  38 , (sigma) = ( 1.0023084634380268 ), overall correlation =  0.0 , anisotropic correlation (target) =  0.129193
Function iteration =  39 , (sigma) = ( -1.6157255365619732 ), overall correlation =  0 , anisotropic correlation (target) =  0
anisolt tmp_sym.lat tmp_sym_aniso.lat 57.305,58.188,69.015,90.0,112.81,90.0
corrlt tmp_sym_aniso.lat data.lat
Function iteration =  40 , (sigma) = ( 0.002308463438026877 ), overall correlation =  0.0 , anisotropic correlation (target) =  0.553762
Function iteration =  41 , (sigma) = ( -0.6157255114059731 ), overall correlation =  0 , anisotropic correlation (target) =  0
anisolt tmp_sym.lat tmp_sym_aniso.lat 57.305,58.188,69.015,90.0,112.81,90.0
corrlt tmp_sym_aniso.lat data.lat
Function iteration =  42 , (sigma) = ( 0.3842744634380269 ), overall correlation =  0.0 , anisotropic correlation (target) =  0.463448
anisolt tmp_sym.lat tmp_sym_aniso.lat 57.305,58.188,69.015,90.0,112.81,90.0
corrlt tmp_sym_aniso.lat data.lat
Function iteration =  43 , (sigma) = ( 0.08889615345040926 ), overall correlation =  0.0 , anisotropic correlation (target) =  0.550891
anisolt tmp_sym.lat tmp_sym_aniso.lat 57.305,58.188,69.015,90.0,112.81,90.0
corrlt tmp_sym_aniso.lat data.lat
Function iteration =  44 , (sigma) = ( 0.02151357745570571 ), overall correlation =  0.0 , anisotropic correlation (target) =  0.55354
Function iteration =  45 , (sigma) = ( -0.006121060623394996 ), overall correlation =  0 , anisotropic correlation (target) =  0
anisolt tmp_sym.lat tmp_sym_aniso.lat 57.305,58.188,69.015,90.0,112.81,90.0
corrlt tmp_sym_aniso.lat data.lat
Function iteration =  46 , (sigma) = ( 0.009644164018903589 ), overall correlation =  0.0 , anisotropic correlation (target) =  0.553623
Function iteration =  47 , (sigma) = ( -0.0009113281496181905 ), overall correlation =  0 , anisotropic correlation (target) =  0
anisolt tmp_sym.lat tmp_sym_aniso.lat 57.305,58.188,69.015,90.0,112.81,90.0
corrlt tmp_sym_aniso.lat data.lat
Function iteration =  48 , (sigma) = ( 0.0051104516461020315 ), overall correlation =  0.0 , anisotropic correlation (target) =  0.553683
anisolt tmp_sym.lat tmp_sym_aniso.lat 57.305,58.188,69.015,90.0,112.81,90.0
corrlt tmp_sym_aniso.lat data.lat
Function iteration =  49 , (sigma) = ( 0.001078612524460441 ), overall correlation =  0.0 , anisotropic correlation (target) =  0.553595
anisolt tmp_sym.lat tmp_sym_aniso.lat 57.305,58.188,69.015,90.0,112.81,90.0
corrlt tmp_sym_aniso.lat data.lat
Function iteration =  50 , (sigma) = ( 0.0033787276659125115 ), overall correlation =  0.0 , anisotropic correlation (target) =  0.553663
anisolt tmp_sym.lat tmp_sym_aniso.lat 57.305,58.188,69.015,90.0,112.81,90.0
corrlt tmp_sym_aniso.lat data.lat
Function iteration =  51 , (sigma) = ( 0.0018387022039755598 ), overall correlation =  0.0 , anisotropic correlation (target) =  0.553675
anisolt tmp_sym.lat tmp_sym_aniso.lat 57.305,58.188,69.015,90.0,112.81,90.0
corrlt tmp_sym_aniso.lat data.lat
Function iteration =  52 , (sigma) = ( 0.002717267984095441 ), overall correlation =  0.0 , anisotropic correlation (target) =  0.553676
anisolt tmp_sym.lat tmp_sym_aniso.lat 57.305,58.188,69.015,90.0,112.81,90.0
corrlt tmp_sym_aniso.lat data.lat
Function iteration =  53 , (sigma) = ( 0.0021290306185012316 ), overall correlation =  0.0 , anisotropic correlation (target) =  0.553619
anisolt tmp_sym.lat tmp_sym_aniso.lat 57.305,58.188,69.015,90.0,112.81,90.0
corrlt tmp_sym_aniso.lat data.lat
Function iteration =  54 , (sigma) = ( 0.0024646128752705025 ), overall correlation =  0.0 , anisotropic correlation (target) =  0.553646
anisolt tmp_sym.lat tmp_sym_aniso.lat 57.305,58.188,69.015,90.0,112.81,90.0
corrlt tmp_sym_aniso.lat data.lat
Function iteration =  55 , (sigma) = ( 0.0022399262016839444 ), overall correlation =  0.0 , anisotropic correlation (target) =  0.553691
anisolt tmp_sym.lat tmp_sym_aniso.lat 57.305,58.188,69.015,90.0,112.81,90.0
corrlt tmp_sym_aniso.lat data.lat
Function iteration =  56 , (sigma) = ( 0.0023681072139730757 ), overall correlation =  0.0 , anisotropic correlation (target) =  0.553698
anisolt tmp_sym.lat tmp_sym_aniso.lat 57.305,58.188,69.015,90.0,112.81,90.0
corrlt tmp_sym_aniso.lat data.lat
Function iteration =  57 , (sigma) = ( 0.0023056762852680015 ), overall correlation =  0.0 , anisotropic correlation (target) =  0.553702
anisolt tmp_sym.lat tmp_sym_aniso.lat 57.305,58.188,69.015,90.0,112.81,90.0
corrlt tmp_sym_aniso.lat data.lat
Function iteration =  58 , (sigma) = ( 0.002336803255543913 ), overall correlation =  0.0 , anisotropic correlation (target) =  0.55365
anisolt tmp_sym.lat tmp_sym_aniso.lat 57.305,58.188,69.015,90.0,112.81,90.0
corrlt tmp_sym_aniso.lat data.lat
Function iteration =  59 , (sigma) = ( 0.002319288284764589 ), overall correlation =  0.0 , anisotropic correlation (target) =  0.55365
anisolt tmp_sym.lat tmp_sym_aniso.lat 57.305,58.188,69.015,90.0,112.81,90.0
corrlt tmp_sym_aniso.lat data.lat
Function iteration =  60 , (sigma) = ( 0.002312598161435894 ), overall correlation =  0.0 , anisotropic correlation (target) =  0.553696
anisolt tmp_sym.lat tmp_sym_aniso.lat 57.305,58.188,69.015,90.0,112.81,90.0
corrlt tmp_sym_aniso.lat data.lat
Function iteration =  61 , (sigma) = ( 0.0023100427617885255 ), overall correlation =  0.0 , anisotropic correlation (target) =  0.55368
anisolt tmp_sym.lat tmp_sym_aniso.lat 57.305,58.188,69.015,90.0,112.81,90.0
corrlt tmp_sym_aniso.lat data.lat
Function iteration =  62 , (sigma) = ( 0.0023073988404361803 ), overall correlation =  0.0 , anisotropic correlation (target) =  0.553706
anisolt tmp_sym.lat tmp_sym_aniso.lat 57.305,58.188,69.015,90.0,112.81,90.0
corrlt tmp_sym_aniso.lat data.lat
Function iteration =  63 , (sigma) = ( 0.002309066686006819 ), overall correlation =  0.0 , anisotropic correlation (target) =  0.553747
anisolt tmp_sym.lat tmp_sym_aniso.lat 57.305,58.188,69.015,90.0,112.81,90.0
corrlt tmp_sym_aniso.lat data.lat
Function iteration =  64 , (sigma) = ( 0.002308497390557489 ), overall correlation =  0.0 , anisotropic correlation (target) =  0.553761
anisolt tmp_sym.lat tmp_sym_aniso.lat 57.305,58.188,69.015,90.0,112.81,90.0
corrlt tmp_sym_aniso.lat data.lat
Function iteration =  65 , (sigma) = ( 0.002308056797943549 ), overall correlation =  0.0 , anisotropic correlation (target) =  0.553714
anisolt tmp_sym.lat tmp_sym_aniso.lat 57.305,58.188,69.015,90.0,112.81,90.0
corrlt tmp_sym_aniso.lat data.lat
Function iteration =  66 , (sigma) = ( 0.0023083081153408088 ), overall correlation =  0.0 , anisotropic correlation (target) =  0.553738
anisolt tmp_sym.lat tmp_sym_aniso.lat 57.305,58.188,69.015,90.0,112.81,90.0
corrlt tmp_sym_aniso.lat data.lat
Function iteration =  67 , (sigma) = ( 0.0023084041100417704 ), overall correlation =  0.0 , anisotropic correlation (target) =  0.553757
anisolt tmp_sym.lat tmp_sym_aniso.lat 57.305,58.188,69.015,90.0,112.81,90.0
corrlt tmp_sym_aniso.lat data.lat
Function iteration =  68 , (sigma) = ( 0.002308468335786724 ), overall correlation =  0.0 , anisotropic correlation (target) =  0.553764
anisolt tmp_sym.lat tmp_sym_aniso.lat 57.305,58.188,69.015,90.0,112.81,90.0
corrlt tmp_sym_aniso.lat data.lat
Function iteration =  69 , (sigma) = ( 0.002308479436972297 ), overall correlation =  0.0 , anisotropic correlation (target) =  0.553763
anisolt tmp_sym.lat tmp_sym_aniso.lat 57.305,58.188,69.015,90.0,112.81,90.0
corrlt tmp_sym_aniso.lat data.lat
Function iteration =  70 , (sigma) = ( 0.0023084725760621726 ), overall correlation =  0.0 , anisotropic correlation (target) =  0.553763
anisolt tmp_sym.lat tmp_sym_aniso.lat 57.305,58.188,69.015,90.0,112.81,90.0
corrlt tmp_sym_aniso.lat data.lat
Function iteration =  71 , (sigma) = ( 0.002308466465008986 ), overall correlation =  0.0 , anisotropic correlation (target) =  0.553764
anisolt tmp_sym.lat tmp_sym_aniso.lat 57.305,58.188,69.015,90.0,112.81,90.0
corrlt tmp_sym_aniso.lat data.lat
Function iteration =  72 , (sigma) = ( 0.0023084674003978553 ), overall correlation =  0.0 , anisotropic correlation (target) =  0.553764
anisolt tmp_sym.lat tmp_sym_aniso.lat 57.305,58.188,69.015,90.0,112.81,90.0
corrlt tmp_sym_aniso.lat data.lat
Function iteration =  73 , (sigma) = ( 0.0023084670431111104 ), overall correlation =  0.0 , anisotropic correlation (target) =  0.553764
anisolt tmp_sym.lat tmp_sym_aniso.lat 57.305,58.188,69.015,90.0,112.81,90.0
corrlt tmp_sym_aniso.lat data.lat
Function iteration =  74 , (sigma) = ( 0.0023084668222957544 ), overall correlation =  0.0 , anisotropic correlation (target) =  0.553764
anisolt tmp_sym.lat tmp_sym_aniso.lat 57.305,58.188,69.015,90.0,112.81,90.0
corrlt tmp_sym_aniso.lat data.lat
Function iteration =  75 , (sigma) = ( 0.002308466685824357 ), overall correlation =  0.0 , anisotropic correlation (target) =  0.553764
anisolt tmp_sym.lat tmp_sym_aniso.lat 57.305,58.188,69.015,90.0,112.81,90.0
corrlt tmp_sym_aniso.lat data.lat
Function iteration =  76 , (sigma) = ( 0.002308466601480393 ), overall correlation =  0.0 , anisotropic correlation (target) =  0.553764
anisolt tmp_sym.lat tmp_sym_aniso.lat 57.305,58.188,69.015,90.0,112.81,90.0
corrlt tmp_sym_aniso.lat data.lat
Function iteration =  77 , (sigma) = ( 0.002308466549352956 ), overall correlation =  0.0 , anisotropic correlation (target) =  0.553764
anisolt tmp_sym.lat tmp_sym_aniso.lat 57.305,58.188,69.015,90.0,112.81,90.0
corrlt tmp_sym_aniso.lat data.lat
Function iteration =  78 , (sigma) = ( 0.002308466508239695 ), overall correlation =  0.0 , anisotropic correlation (target) =  0.553764
Optimization terminated successfully.
         Current function value: -0.553764
         Iterations: 3
         Function evaluations: 78
Refined sigma =  0.002308466508239695
