origin: 40 41 49
82 84 100 688800
Initializing the hkl file data...
Reading the hkl file data...
...done
Writing file
Done writing file
anisolt tmp_sym.lat tmp_sym_aniso.lat 57.305,58.188,69.015,90.0,112.81,90.0
corrlt tmp_sym_aniso.lat data.lat
Function iteration =  1 , (sigma) = ( 0.36 ), overall correlation =  0.0 , anisotropic correlation (target) =  0.510679
anisolt tmp_sym.lat tmp_sym_aniso.lat 57.305,58.188,69.015,90.0,112.81,90.0
corrlt tmp_sym_aniso.lat data.lat
Function iteration =  2 , (sigma) = ( 0.36 ), overall correlation =  0.0 , anisotropic correlation (target) =  0.510679
anisolt tmp_sym.lat tmp_sym_aniso.lat 57.305,58.188,69.015,90.0,112.81,90.0
corrlt tmp_sym_aniso.lat data.lat
Function iteration =  3 , (sigma) = ( 1.3599999999999999 ), overall correlation =  0.0 , anisotropic correlation (target) =  0.0501722
Function iteration =  4 , (sigma) = ( -1.2580339999999999 ), overall correlation =  0 , anisotropic correlation (target) =  0
anisolt tmp_sym.lat tmp_sym_aniso.lat 57.305,58.188,69.015,90.0,112.81,90.0
corrlt tmp_sym_aniso.lat data.lat
Function iteration =  5 , (sigma) = ( 0.36 ), overall correlation =  0.0 , anisotropic correlation (target) =  0.510679
Function iteration =  6 , (sigma) = ( -0.25803397484400004 ), overall correlation =  0 , anisotropic correlation (target) =  0
anisolt tmp_sym.lat tmp_sym_aniso.lat 57.305,58.188,69.015,90.0,112.81,90.0
corrlt tmp_sym_aniso.lat data.lat
Function iteration =  7 , (sigma) = ( 0.741966 ), overall correlation =  0.0 , anisotropic correlation (target) =  0.306181
anisolt tmp_sym.lat tmp_sym_aniso.lat 57.305,58.188,69.015,90.0,112.81,90.0
corrlt tmp_sym_aniso.lat data.lat
Function iteration =  8 , (sigma) = ( 0.35439378046084524 ), overall correlation =  0.0 , anisotropic correlation (target) =  0.510858
anisolt tmp_sym.lat tmp_sym_aniso.lat 57.305,58.188,69.015,90.0,112.81,90.0
corrlt tmp_sym_aniso.lat data.lat
Function iteration =  9 , (sigma) = ( 0.3449070606647699 ), overall correlation =  0.0 , anisotropic correlation (target) =  0.510772
anisolt tmp_sym.lat tmp_sym_aniso.lat 57.305,58.188,69.015,90.0,112.81,90.0
corrlt tmp_sym_aniso.lat data.lat
Function iteration =  10 , (sigma) = ( 0.35077017604721755 ), overall correlation =  0.0 , anisotropic correlation (target) =  0.510874
anisolt tmp_sym.lat tmp_sym_aniso.lat 57.305,58.188,69.015,90.0,112.81,90.0
corrlt tmp_sym_aniso.lat data.lat
Function iteration =  11 , (sigma) = ( 0.35162177742936074 ), overall correlation =  0.0 , anisotropic correlation (target) =  0.510883
anisolt tmp_sym.lat tmp_sym_aniso.lat 57.305,58.188,69.015,90.0,112.81,90.0
corrlt tmp_sym_aniso.lat data.lat
Function iteration =  12 , (sigma) = ( 0.3521735456304915 ), overall correlation =  0.0 , anisotropic correlation (target) =  0.510888
anisolt tmp_sym.lat tmp_sym_aniso.lat 57.305,58.188,69.015,90.0,112.81,90.0
corrlt tmp_sym_aniso.lat data.lat
Function iteration =  13 , (sigma) = ( 0.3530215998477024 ), overall correlation =  0.0 , anisotropic correlation (target) =  0.51088
anisolt tmp_sym.lat tmp_sym_aniso.lat 57.305,58.188,69.015,90.0,112.81,90.0
corrlt tmp_sym_aniso.lat data.lat
Function iteration =  14 , (sigma) = ( 0.3522518101841866 ), overall correlation =  0.0 , anisotropic correlation (target) =  0.510888
anisolt tmp_sym.lat tmp_sym_aniso.lat 57.305,58.188,69.015,90.0,112.81,90.0
corrlt tmp_sym_aniso.lat data.lat
Function iteration =  15 , (sigma) = ( 0.3523292920923447 ), overall correlation =  0.0 , anisotropic correlation (target) =  0.510888
anisolt tmp_sym.lat tmp_sym_aniso.lat 57.305,58.188,69.015,90.0,112.81,90.0
corrlt tmp_sym_aniso.lat data.lat
Function iteration =  16 , (sigma) = ( 0.3525937301164277 ), overall correlation =  0.0 , anisotropic correlation (target) =  0.510884
anisolt tmp_sym.lat tmp_sym_aniso.lat 57.305,58.188,69.015,90.0,112.81,90.0
corrlt tmp_sym_aniso.lat data.lat
Function iteration =  17 , (sigma) = ( 0.3524302984266516 ), overall correlation =  0.0 , anisotropic correlation (target) =  0.510886
anisolt tmp_sym.lat tmp_sym_aniso.lat 57.305,58.188,69.015,90.0,112.81,90.0
corrlt tmp_sym_aniso.lat data.lat
Function iteration =  18 , (sigma) = ( 0.3446585841846894 ), overall correlation =  0.0 , anisotropic correlation (target) =  0.510767
anisolt tmp_sym.lat tmp_sym_aniso.lat 57.305,58.188,69.015,90.0,112.81,90.0
corrlt tmp_sym_aniso.lat data.lat
Function iteration =  19 , (sigma) = ( 0.3523292920923447 ), overall correlation =  0.0 , anisotropic correlation (target) =  0.510888
anisolt tmp_sym.lat tmp_sym_aniso.lat 57.305,58.188,69.015,90.0,112.81,90.0
corrlt tmp_sym_aniso.lat data.lat
Function iteration =  20 , (sigma) = ( 0.3446585841846894 ), overall correlation =  0.0 , anisotropic correlation (target) =  0.510767
anisolt tmp_sym.lat tmp_sym_aniso.lat 57.305,58.188,69.015,90.0,112.81,90.0
corrlt tmp_sym_aniso.lat data.lat
Function iteration =  21 , (sigma) = ( 0.36474075829099983 ), overall correlation =  0.0 , anisotropic correlation (target) =  0.510388
anisolt tmp_sym.lat tmp_sym_aniso.lat 57.305,58.188,69.015,90.0,112.81,90.0
corrlt tmp_sym_aniso.lat data.lat
Function iteration =  22 , (sigma) = ( 0.3523292920923447 ), overall correlation =  0.0 , anisotropic correlation (target) =  0.510888
anisolt tmp_sym.lat tmp_sym_aniso.lat 57.305,58.188,69.015,90.0,112.81,90.0
corrlt tmp_sym_aniso.lat data.lat
Function iteration =  23 , (sigma) = ( 0.3570700501903802 ), overall correlation =  0.0 , anisotropic correlation (target) =  0.510792
anisolt tmp_sym.lat tmp_sym_aniso.lat 57.305,58.188,69.015,90.0,112.81,90.0
corrlt tmp_sym_aniso.lat data.lat
Function iteration =  24 , (sigma) = ( 0.34939934247568927 ), overall correlation =  0.0 , anisotropic correlation (target) =  0.510864
anisolt tmp_sym.lat tmp_sym_aniso.lat 57.305,58.188,69.015,90.0,112.81,90.0
corrlt tmp_sym_aniso.lat data.lat
Function iteration =  25 , (sigma) = ( 0.35196892664437707 ), overall correlation =  0.0 , anisotropic correlation (target) =  0.510883
anisolt tmp_sym.lat tmp_sym_aniso.lat 57.305,58.188,69.015,90.0,112.81,90.0
corrlt tmp_sym_aniso.lat data.lat
Function iteration =  26 , (sigma) = ( 0.35414010050001893 ), overall correlation =  0.0 , anisotropic correlation (target) =  0.510863
anisolt tmp_sym.lat tmp_sym_aniso.lat 57.305,58.188,69.015,90.0,112.81,90.0
corrlt tmp_sym_aniso.lat data.lat
Function iteration =  27 , (sigma) = ( 0.3530209593365904 ), overall correlation =  0.0 , anisotropic correlation (target) =  0.51088
anisolt tmp_sym.lat tmp_sym_aniso.lat 57.305,58.188,69.015,90.0,112.81,90.0
corrlt tmp_sym_aniso.lat data.lat
Function iteration =  28 , (sigma) = ( 0.35243598318186997 ), overall correlation =  0.0 , anisotropic correlation (target) =  0.510886
anisolt tmp_sym.lat tmp_sym_aniso.lat 57.305,58.188,69.015,90.0,112.81,90.0
corrlt tmp_sym_aniso.lat data.lat
Function iteration =  29 , (sigma) = ( 0.35224843825020963 ), overall correlation =  0.0 , anisotropic correlation (target) =  0.510889
anisolt tmp_sym.lat tmp_sym_aniso.lat 57.305,58.188,69.015,90.0,112.81,90.0
corrlt tmp_sym_aniso.lat data.lat
Function iteration =  30 , (sigma) = ( 0.3521416743201762 ), overall correlation =  0.0 , anisotropic correlation (target) =  0.51089
anisolt tmp_sym.lat tmp_sym_aniso.lat 57.305,58.188,69.015,90.0,112.81,90.0
corrlt tmp_sym_aniso.lat data.lat
Function iteration =  31 , (sigma) = ( 0.3520756905814419 ), overall correlation =  0.0 , anisotropic correlation (target) =  0.510884
anisolt tmp_sym.lat tmp_sym_aniso.lat 57.305,58.188,69.015,90.0,112.81,90.0
corrlt tmp_sym_aniso.lat data.lat
Function iteration =  32 , (sigma) = ( 0.35218245451147534 ), overall correlation =  0.0 , anisotropic correlation (target) =  0.510888
anisolt tmp_sym.lat tmp_sym_aniso.lat 57.305,58.188,69.015,90.0,112.81,90.0
corrlt tmp_sym_aniso.lat data.lat
Function iteration =  33 , (sigma) = ( 0.3521164707754268 ), overall correlation =  0.0 , anisotropic correlation (target) =  0.510888
anisolt tmp_sym.lat tmp_sym_aniso.lat 57.305,58.188,69.015,90.0,112.81,90.0
corrlt tmp_sym_aniso.lat data.lat
Function iteration =  34 , (sigma) = ( 0.35215725096672595 ), overall correlation =  0.0 , anisotropic correlation (target) =  0.510888
anisolt tmp_sym.lat tmp_sym_aniso.lat 57.305,58.188,69.015,90.0,112.81,90.0
corrlt tmp_sym_aniso.lat data.lat
Function iteration =  35 , (sigma) = ( 0.35213204742300247 ), overall correlation =  0.0 , anisotropic correlation (target) =  0.510891
anisolt tmp_sym.lat tmp_sym_aniso.lat 57.305,58.188,69.015,90.0,112.81,90.0
corrlt tmp_sym_aniso.lat data.lat
Function iteration =  36 , (sigma) = ( 0.35212609767323455 ), overall correlation =  0.0 , anisotropic correlation (target) =  0.510891
anisolt tmp_sym.lat tmp_sym_aniso.lat 57.305,58.188,69.015,90.0,112.81,90.0
corrlt tmp_sym_aniso.lat data.lat
Function iteration =  37 , (sigma) = ( 0.35212406572896676 ), overall correlation =  0.0 , anisotropic correlation (target) =  0.51089
anisolt tmp_sym.lat tmp_sym_aniso.lat 57.305,58.188,69.015,90.0,112.81,90.0
corrlt tmp_sym_aniso.lat data.lat
Function iteration =  38 , (sigma) = ( 0.35212837027535443 ), overall correlation =  0.0 , anisotropic correlation (target) =  0.510891
anisolt tmp_sym.lat tmp_sym_aniso.lat 57.305,58.188,69.015,90.0,112.81,90.0
corrlt tmp_sym_aniso.lat data.lat
Function iteration =  39 , (sigma) = ( 0.35212837027535443 ), overall correlation =  0.0 , anisotropic correlation (target) =  0.510891
anisolt tmp_sym.lat tmp_sym_aniso.lat 57.305,58.188,69.015,90.0,112.81,90.0
corrlt tmp_sym_aniso.lat data.lat
Function iteration =  40 , (sigma) = ( 0.35192744845836416 ), overall correlation =  0.0 , anisotropic correlation (target) =  0.510881
anisolt tmp_sym.lat tmp_sym_aniso.lat 57.305,58.188,69.015,90.0,112.81,90.0
corrlt tmp_sym_aniso.lat data.lat
Function iteration =  41 , (sigma) = ( 0.3524534686065865 ), overall correlation =  0.0 , anisotropic correlation (target) =  0.510885
anisolt tmp_sym.lat tmp_sym_aniso.lat 57.305,58.188,69.015,90.0,112.81,90.0
corrlt tmp_sym_aniso.lat data.lat
Function iteration =  42 , (sigma) = ( 0.35212837027535443 ), overall correlation =  0.0 , anisotropic correlation (target) =  0.510891
anisolt tmp_sym.lat tmp_sym_aniso.lat 57.305,58.188,69.015,90.0,112.81,90.0
corrlt tmp_sym_aniso.lat data.lat
Function iteration =  43 , (sigma) = ( 0.3522525467845418 ), overall correlation =  0.0 , anisotropic correlation (target) =  0.510888
anisolt tmp_sym.lat tmp_sym_aniso.lat 57.305,58.188,69.015,90.0,112.81,90.0
corrlt tmp_sym_aniso.lat data.lat
Function iteration =  44 , (sigma) = ( 0.3520516249726059 ), overall correlation =  0.0 , anisotropic correlation (target) =  0.510885
anisolt tmp_sym.lat tmp_sym_aniso.lat 57.305,58.188,69.015,90.0,112.81,90.0
corrlt tmp_sym_aniso.lat data.lat
Function iteration =  45 , (sigma) = ( 0.3521667429271844 ), overall correlation =  0.0 , anisotropic correlation (target) =  0.510887
anisolt tmp_sym.lat tmp_sym_aniso.lat 57.305,58.188,69.015,90.0,112.81,90.0
corrlt tmp_sym_aniso.lat data.lat
Function iteration =  46 , (sigma) = ( 0.3520990561790448 ), overall correlation =  0.0 , anisotropic correlation (target) =  0.510886
anisolt tmp_sym.lat tmp_sym_aniso.lat 57.305,58.188,69.015,90.0,112.81,90.0
corrlt tmp_sym_aniso.lat data.lat
Function iteration =  47 , (sigma) = ( 0.35214302732368336 ), overall correlation =  0.0 , anisotropic correlation (target) =  0.51089
anisolt tmp_sym.lat tmp_sym_aniso.lat 57.305,58.188,69.015,90.0,112.81,90.0
corrlt tmp_sym_aniso.lat data.lat
Function iteration =  48 , (sigma) = ( 0.3521171732872434 ), overall correlation =  0.0 , anisotropic correlation (target) =  0.510889
anisolt tmp_sym.lat tmp_sym_aniso.lat 57.305,58.188,69.015,90.0,112.81,90.0
corrlt tmp_sym_aniso.lat data.lat
Function iteration =  49 , (sigma) = ( 0.35213212585966425 ), overall correlation =  0.0 , anisotropic correlation (target) =  0.510891
anisolt tmp_sym.lat tmp_sym_aniso.lat 57.305,58.188,69.015,90.0,112.81,90.0
corrlt tmp_sym_aniso.lat data.lat
Function iteration =  50 , (sigma) = ( 0.3521302480675093 ), overall correlation =  0.0 , anisotropic correlation (target) =  0.510891
anisolt tmp_sym.lat tmp_sym_aniso.lat 57.305,58.188,69.015,90.0,112.81,90.0
corrlt tmp_sym_aniso.lat data.lat
Function iteration =  51 , (sigma) = ( 0.35213096532026755 ), overall correlation =  0.0 , anisotropic correlation (target) =  0.510891
anisolt tmp_sym.lat tmp_sym_aniso.lat 57.305,58.188,69.015,90.0,112.81,90.0
corrlt tmp_sym_aniso.lat data.lat
Function iteration =  52 , (sigma) = ( 0.35213140860685876 ), overall correlation =  0.0 , anisotropic correlation (target) =  0.510891
anisolt tmp_sym.lat tmp_sym_aniso.lat 57.305,58.188,69.015,90.0,112.81,90.0
corrlt tmp_sym_aniso.lat data.lat
Function iteration =  53 , (sigma) = ( 0.35213168257304384 ), overall correlation =  0.0 , anisotropic correlation (target) =  0.510891
anisolt tmp_sym.lat tmp_sym_aniso.lat 57.305,58.188,69.015,90.0,112.81,90.0
corrlt tmp_sym_aniso.lat data.lat
Function iteration =  54 , (sigma) = ( 0.3521318518934611 ), overall correlation =  0.0 , anisotropic correlation (target) =  0.510891
anisolt tmp_sym.lat tmp_sym_aniso.lat 57.305,58.188,69.015,90.0,112.81,90.0
corrlt tmp_sym_aniso.lat data.lat
Function iteration =  55 , (sigma) = ( 0.35213195653923585 ), overall correlation =  0.0 , anisotropic correlation (target) =  0.510891
anisolt tmp_sym.lat tmp_sym_aniso.lat 57.305,58.188,69.015,90.0,112.81,90.0
corrlt tmp_sym_aniso.lat data.lat
Function iteration =  56 , (sigma) = ( 0.3521320212138826 ), overall correlation =  0.0 , anisotropic correlation (target) =  0.510891
anisolt tmp_sym.lat tmp_sym_aniso.lat 57.305,58.188,69.015,90.0,112.81,90.0
corrlt tmp_sym_aniso.lat data.lat
Function iteration =  57 , (sigma) = ( 0.3521320611850132 ), overall correlation =  0.0 , anisotropic correlation (target) =  0.510891
Optimization terminated successfully.
         Current function value: -0.510891
         Iterations: 2
         Function evaluations: 57
Refined sigma =  0.3521320611850132
