origin: 40 41 49
82 84 100 688800
Initializing the hkl file data...
Reading the hkl file data...
...done
Writing file
Done writing file
anisolt tmp_sym.lat tmp_sym_aniso.lat 57.305,58.188,69.015,90.0,112.81,90.0
corrlt tmp_sym_aniso.lat data.lat
Function iteration =  1 , (sigma) = ( 0.36 ), overall correlation =  0.0 , anisotropic correlation (target) =  0.47448
anisolt tmp_sym.lat tmp_sym_aniso.lat 57.305,58.188,69.015,90.0,112.81,90.0
corrlt tmp_sym_aniso.lat data.lat
Function iteration =  2 , (sigma) = ( 0.36 ), overall correlation =  0.0 , anisotropic correlation (target) =  0.47448
anisolt tmp_sym.lat tmp_sym_aniso.lat 57.305,58.188,69.015,90.0,112.81,90.0
corrlt tmp_sym_aniso.lat data.lat
Function iteration =  3 , (sigma) = ( 1.3599999999999999 ), overall correlation =  0.0 , anisotropic correlation (target) =  0.0499491
Function iteration =  4 , (sigma) = ( -1.2580339999999999 ), overall correlation =  0 , anisotropic correlation (target) =  0
anisolt tmp_sym.lat tmp_sym_aniso.lat 57.305,58.188,69.015,90.0,112.81,90.0
corrlt tmp_sym_aniso.lat data.lat
Function iteration =  5 , (sigma) = ( 0.36 ), overall correlation =  0.0 , anisotropic correlation (target) =  0.47448
Function iteration =  6 , (sigma) = ( -0.25803397484400004 ), overall correlation =  0 , anisotropic correlation (target) =  0
anisolt tmp_sym.lat tmp_sym_aniso.lat 57.305,58.188,69.015,90.0,112.81,90.0
corrlt tmp_sym_aniso.lat data.lat
Function iteration =  7 , (sigma) = ( 0.741966 ), overall correlation =  0.0 , anisotropic correlation (target) =  0.257029
anisolt tmp_sym.lat tmp_sym_aniso.lat 57.305,58.188,69.015,90.0,112.81,90.0
corrlt tmp_sym_aniso.lat data.lat
Function iteration =  8 , (sigma) = ( 0.3380861938614025 ), overall correlation =  0.0 , anisotropic correlation (target) =  0.484798
anisolt tmp_sym.lat tmp_sym_aniso.lat 57.305,58.188,69.015,90.0,112.81,90.0
corrlt tmp_sym_aniso.lat data.lat
Function iteration =  9 , (sigma) = ( 0.1103885575016747 ), overall correlation =  0.0 , anisotropic correlation (target) =  0.547083
anisolt tmp_sym.lat tmp_sym_aniso.lat 57.305,58.188,69.015,90.0,112.81,90.0
corrlt tmp_sym_aniso.lat data.lat
Function iteration =  10 , (sigma) = ( 0.051204889830920974 ), overall correlation =  0.0 , anisotropic correlation (target) =  0.550236
anisolt tmp_sym.lat tmp_sym_aniso.lat 57.305,58.188,69.015,90.0,112.81,90.0
corrlt tmp_sym_aniso.lat data.lat
Function iteration =  11 , (sigma) = ( 0.04610359820916021 ), overall correlation =  0.0 , anisotropic correlation (target) =  0.550344
anisolt tmp_sym.lat tmp_sym_aniso.lat 57.305,58.188,69.015,90.0,112.81,90.0
corrlt tmp_sym_aniso.lat data.lat
Function iteration =  12 , (sigma) = ( 0.027457577423185553 ), overall correlation =  0.0 , anisotropic correlation (target) =  0.550683
Function iteration =  13 , (sigma) = ( -0.08159048883010228 ), overall correlation =  0 , anisotropic correlation (target) =  0
Function iteration =  14 , (sigma) = ( -0.03541078096676492 ), overall correlation =  0 , anisotropic correlation (target) =  0
anisolt tmp_sym.lat tmp_sym_aniso.lat 57.305,58.188,69.015,90.0,112.81,90.0
corrlt tmp_sym_aniso.lat data.lat
Function iteration =  15 , (sigma) = ( 0.003444002042409744 ), overall correlation =  0.0 , anisotropic correlation (target) =  0.550871
Function iteration =  16 , (sigma) = ( -0.0006804204811635128 ), overall correlation =  0 , anisotropic correlation (target) =  0
anisolt tmp_sym.lat tmp_sym_aniso.lat 57.305,58.188,69.015,90.0,112.81,90.0
corrlt tmp_sym_aniso.lat data.lat
Function iteration =  17 , (sigma) = ( 0.01261637137630317 ), overall correlation =  0.0 , anisotropic correlation (target) =  0.550857
anisolt tmp_sym.lat tmp_sym_aniso.lat 57.305,58.188,69.015,90.0,112.81,90.0
corrlt tmp_sym_aniso.lat data.lat
Function iteration =  18 , (sigma) = ( 0.007009562031985661 ), overall correlation =  0.0 , anisotropic correlation (target) =  0.550852
Function iteration =  19 , (sigma) = ( -0.3531119959151805 ), overall correlation =  0 , anisotropic correlation (target) =  0
anisolt tmp_sym.lat tmp_sym_aniso.lat 57.305,58.188,69.015,90.0,112.81,90.0
corrlt tmp_sym_aniso.lat data.lat
Function iteration =  20 , (sigma) = ( 0.003444002042409744 ), overall correlation =  0.0 , anisotropic correlation (target) =  0.550871
anisolt tmp_sym.lat tmp_sym_aniso.lat 57.305,58.188,69.015,90.0,112.81,90.0
corrlt tmp_sym_aniso.lat data.lat
Function iteration =  21 , (sigma) = ( 1.0034440020424098 ), overall correlation =  0.0 , anisotropic correlation (target) =  0.12637
Function iteration =  22 , (sigma) = ( -1.6145899979575902 ), overall correlation =  0 , anisotropic correlation (target) =  0
anisolt tmp_sym.lat tmp_sym_aniso.lat 57.305,58.188,69.015,90.0,112.81,90.0
corrlt tmp_sym_aniso.lat data.lat
Function iteration =  23 , (sigma) = ( 0.003444002042409744 ), overall correlation =  0.0 , anisotropic correlation (target) =  0.550871
Function iteration =  24 , (sigma) = ( -0.6145899728015902 ), overall correlation =  0 , anisotropic correlation (target) =  0
anisolt tmp_sym.lat tmp_sym_aniso.lat 57.305,58.188,69.015,90.0,112.81,90.0
corrlt tmp_sym_aniso.lat data.lat
Function iteration =  25 , (sigma) = ( 0.38541000204240977 ), overall correlation =  0.0 , anisotropic correlation (target) =  0.461925
anisolt tmp_sym.lat tmp_sym_aniso.lat 57.305,58.188,69.015,90.0,112.81,90.0
corrlt tmp_sym_aniso.lat data.lat
Function iteration =  26 , (sigma) = ( 0.09085763019432375 ), overall correlation =  0.0 , anisotropic correlation (target) =  0.54851
anisolt tmp_sym.lat tmp_sym_aniso.lat 57.305,58.188,69.015,90.0,112.81,90.0
corrlt tmp_sym_aniso.lat data.lat
Function iteration =  27 , (sigma) = ( 0.027827139340463727 ), overall correlation =  0.0 , anisotropic correlation (target) =  0.55068
anisolt tmp_sym.lat tmp_sym_aniso.lat 57.305,58.188,69.015,90.0,112.81,90.0
corrlt tmp_sym_aniso.lat data.lat
Function iteration =  28 , (sigma) = ( 0.0027619381091448154 ), overall correlation =  0.0 , anisotropic correlation (target) =  0.550893
Function iteration =  29 , (sigma) = ( -0.233045501893785 ), overall correlation =  0 , anisotropic correlation (target) =  0
Function iteration =  30 , (sigma) = ( -0.0873084865190143 ), overall correlation =  0 , anisotropic correlation (target) =  0
Function iteration =  31 , (sigma) = ( -0.03164190170437461 ), overall correlation =  0 , anisotropic correlation (target) =  0
Function iteration =  32 , (sigma) = ( -0.010379158969065947 ), overall correlation =  0 , anisotropic correlation (target) =  0
Function iteration =  33 , (sigma) = ( -0.0022575141774310364 ), overall correlation =  0 , anisotropic correlation (target) =  0
anisolt tmp_sym.lat tmp_sym_aniso.lat 57.305,58.188,69.015,90.0,112.81,90.0
corrlt tmp_sym_aniso.lat data.lat
Function iteration =  34 , (sigma) = ( 0.0008446779970505834 ), overall correlation =  0.0 , anisotropic correlation (target) =  0.55057
anisolt tmp_sym.lat tmp_sym_aniso.lat 57.305,58.188,69.015,90.0,112.81,90.0
corrlt tmp_sym_aniso.lat data.lat
Function iteration =  35 , (sigma) = ( 0.00202960993316863 ), overall correlation =  0.0 , anisotropic correlation (target) =  0.55089
anisolt tmp_sym.lat tmp_sym_aniso.lat 57.305,58.188,69.015,90.0,112.81,90.0
corrlt tmp_sym_aniso.lat data.lat
Function iteration =  36 , (sigma) = ( 0.0024754692328973226 ), overall correlation =  0.0 , anisotropic correlation (target) =  0.550915
anisolt tmp_sym.lat tmp_sym_aniso.lat 57.305,58.188,69.015,90.0,112.81,90.0
corrlt tmp_sym_aniso.lat data.lat
Function iteration =  37 , (sigma) = ( 0.002407063363882641 ), overall correlation =  0.0 , anisotropic correlation (target) =  0.550859
anisolt tmp_sym.lat tmp_sym_aniso.lat 57.305,58.188,69.015,90.0,112.81,90.0
corrlt tmp_sym_aniso.lat data.lat
Function iteration =  38 , (sigma) = ( 0.0024851545709924467 ), overall correlation =  0.0 , anisotropic correlation (target) =  0.550901
anisolt tmp_sym.lat tmp_sym_aniso.lat 57.305,58.188,69.015,90.0,112.81,90.0
corrlt tmp_sym_aniso.lat data.lat
Function iteration =  39 , (sigma) = ( 0.0024493405167332607 ), overall correlation =  0.0 , anisotropic correlation (target) =  0.550909
anisolt tmp_sym.lat tmp_sym_aniso.lat 57.305,58.188,69.015,90.0,112.81,90.0
corrlt tmp_sym_aniso.lat data.lat
Function iteration =  40 , (sigma) = ( 0.0024657838948021985 ), overall correlation =  0.0 , anisotropic correlation (target) =  0.550842
Optimization terminated successfully.
         Current function value: -0.550915
         Iterations: 2
         Function evaluations: 40
Refined sigma =  0.0024754692328973226
