origin: 40 41 49
82 84 100 688800
Initializing the hkl file data...
Reading the hkl file data...
...done
Writing file
Done writing file
anisolt tmp_sym.lat tmp_sym_aniso.lat 57.305,58.188,69.015,90.0,112.81,90.0
corrlt tmp_sym_aniso.lat data.lat
Function iteration =  1 , (sigma) = ( 0.36 ), overall correlation =  0.0 , anisotropic correlation (target) =  0.451291
anisolt tmp_sym.lat tmp_sym_aniso.lat 57.305,58.188,69.015,90.0,112.81,90.0
corrlt tmp_sym_aniso.lat data.lat
Function iteration =  2 , (sigma) = ( 0.36 ), overall correlation =  0.0 , anisotropic correlation (target) =  0.451291
anisolt tmp_sym.lat tmp_sym_aniso.lat 57.305,58.188,69.015,90.0,112.81,90.0
corrlt tmp_sym_aniso.lat data.lat
Function iteration =  3 , (sigma) = ( 1.3599999999999999 ), overall correlation =  0.0 , anisotropic correlation (target) =  0.0429602
Function iteration =  4 , (sigma) = ( -1.2580339999999999 ), overall correlation =  0 , anisotropic correlation (target) =  0
anisolt tmp_sym.lat tmp_sym_aniso.lat 57.305,58.188,69.015,90.0,112.81,90.0
corrlt tmp_sym_aniso.lat data.lat
Function iteration =  5 , (sigma) = ( 0.36 ), overall correlation =  0.0 , anisotropic correlation (target) =  0.451291
Function iteration =  6 , (sigma) = ( -0.25803397484400004 ), overall correlation =  0 , anisotropic correlation (target) =  0
anisolt tmp_sym.lat tmp_sym_aniso.lat 57.305,58.188,69.015,90.0,112.81,90.0
corrlt tmp_sym_aniso.lat data.lat
Function iteration =  7 , (sigma) = ( 0.741966 ), overall correlation =  0.0 , anisotropic correlation (target) =  0.236264
anisolt tmp_sym.lat tmp_sym_aniso.lat 57.305,58.188,69.015,90.0,112.81,90.0
corrlt tmp_sym_aniso.lat data.lat
Function iteration =  8 , (sigma) = ( 0.33331798151467534 ), overall correlation =  0.0 , anisotropic correlation (target) =  0.463266
anisolt tmp_sym.lat tmp_sym_aniso.lat 57.305,58.188,69.015,90.0,112.81,90.0
corrlt tmp_sym_aniso.lat data.lat
Function iteration =  9 , (sigma) = ( 0.1074416401521775 ), overall correlation =  0.0 , anisotropic correlation (target) =  0.514602
anisolt tmp_sym.lat tmp_sym_aniso.lat 57.305,58.188,69.015,90.0,112.81,90.0
corrlt tmp_sym_aniso.lat data.lat
Function iteration =  10 , (sigma) = ( 0.09082551902041563 ), overall correlation =  0.0 , anisotropic correlation (target) =  0.515152
anisolt tmp_sym.lat tmp_sym_aniso.lat 57.305,58.188,69.015,90.0,112.81,90.0
corrlt tmp_sym_aniso.lat data.lat
Function iteration =  11 , (sigma) = ( 0.07846506409055903 ), overall correlation =  0.0 , anisotropic correlation (target) =  0.515424
Function iteration =  12 , (sigma) = ( -0.050066127815118766 ), overall correlation =  0 , anisotropic correlation (target) =  0
anisolt tmp_sym.lat tmp_sym_aniso.lat 57.305,58.188,69.015,90.0,112.81,90.0
corrlt tmp_sym_aniso.lat data.lat
Function iteration =  13 , (sigma) = ( 0.05590871073755216 ), overall correlation =  0.0 , anisotropic correlation (target) =  0.515696
anisolt tmp_sym.lat tmp_sym_aniso.lat 57.305,58.188,69.015,90.0,112.81,90.0
corrlt tmp_sym_aniso.lat data.lat
Function iteration =  14 , (sigma) = ( 0.04602212011433304 ), overall correlation =  0.0 , anisotropic correlation (target) =  0.515752
anisolt tmp_sym.lat tmp_sym_aniso.lat 57.305,58.188,69.015,90.0,112.81,90.0
corrlt tmp_sym_aniso.lat data.lat
Function iteration =  15 , (sigma) = ( 0.036596347177954514 ), overall correlation =  0.0 , anisotropic correlation (target) =  0.515816
anisolt tmp_sym.lat tmp_sym_aniso.lat 57.305,58.188,69.015,90.0,112.81,90.0
corrlt tmp_sym_aniso.lat data.lat
Function iteration =  16 , (sigma) = ( 0.0034942282547502646 ), overall correlation =  0.0 , anisotropic correlation (target) =  0.515858
anisolt tmp_sym.lat tmp_sym_aniso.lat 57.305,58.188,69.015,90.0,112.81,90.0
corrlt tmp_sym_aniso.lat data.lat
Function iteration =  17 , (sigma) = ( 0.015158625937860715 ), overall correlation =  0.0 , anisotropic correlation (target) =  0.515841
Function iteration =  18 , (sigma) = ( -0.016964006711833346 ), overall correlation =  0 , anisotropic correlation (target) =  0
Function iteration =  19 , (sigma) = ( -0.004320121922495812 ), overall correlation =  0 , anisotropic correlation (target) =  0
anisolt tmp_sym.lat tmp_sym_aniso.lat 57.305,58.188,69.015,90.0,112.81,90.0
corrlt tmp_sym_aniso.lat data.lat
Function iteration =  20 , (sigma) = ( 0.007949631580177252 ), overall correlation =  0.0 , anisotropic correlation (target) =  0.515829
Function iteration =  21 , (sigma) = ( -7.082947270220519e-05 ), overall correlation =  0 , anisotropic correlation (target) =  0
Function iteration =  22 , (sigma) = ( -0.35301154349049946 ), overall correlation =  0 , anisotropic correlation (target) =  0
anisolt tmp_sym.lat tmp_sym_aniso.lat 57.305,58.188,69.015,90.0,112.81,90.0
corrlt tmp_sym_aniso.lat data.lat
Function iteration =  23 , (sigma) = ( 0.0034942282547502646 ), overall correlation =  0.0 , anisotropic correlation (target) =  0.515858
anisolt tmp_sym.lat tmp_sym_aniso.lat 57.305,58.188,69.015,90.0,112.81,90.0
corrlt tmp_sym_aniso.lat data.lat
Function iteration =  24 , (sigma) = ( 1.0034942282547503 ), overall correlation =  0.0 , anisotropic correlation (target) =  0.112691
Function iteration =  25 , (sigma) = ( -1.6145397717452497 ), overall correlation =  0 , anisotropic correlation (target) =  0
anisolt tmp_sym.lat tmp_sym_aniso.lat 57.305,58.188,69.015,90.0,112.81,90.0
corrlt tmp_sym_aniso.lat data.lat
Function iteration =  26 , (sigma) = ( 0.0034942282547502646 ), overall correlation =  0.0 , anisotropic correlation (target) =  0.515858
Function iteration =  27 , (sigma) = ( -0.6145397465892497 ), overall correlation =  0 , anisotropic correlation (target) =  0
anisolt tmp_sym.lat tmp_sym_aniso.lat 57.305,58.188,69.015,90.0,112.81,90.0
corrlt tmp_sym_aniso.lat data.lat
Function iteration =  28 , (sigma) = ( 0.3854602282547503 ), overall correlation =  0.0 , anisotropic correlation (target) =  0.439084
anisolt tmp_sym.lat tmp_sym_aniso.lat 57.305,58.188,69.015,90.0,112.81,90.0
corrlt tmp_sym_aniso.lat data.lat
Function iteration =  29 , (sigma) = ( 0.09744032949818614 ), overall correlation =  0.0 , anisotropic correlation (target) =  0.51497
anisolt tmp_sym.lat tmp_sym_aniso.lat 57.305,58.188,69.015,90.0,112.81,90.0
corrlt tmp_sym_aniso.lat data.lat
Function iteration =  30 , (sigma) = ( 0.0433607664617268 ), overall correlation =  0.0 , anisotropic correlation (target) =  0.515785
anisolt tmp_sym.lat tmp_sym_aniso.lat 57.305,58.188,69.015,90.0,112.81,90.0
corrlt tmp_sym_aniso.lat data.lat
Function iteration =  31 , (sigma) = ( 0.016930708034632282 ), overall correlation =  0.0 , anisotropic correlation (target) =  0.515837
Function iteration =  32 , (sigma) = ( -0.23257373698051306 ), overall correlation =  0 , anisotropic correlation (target) =  0
Function iteration =  33 , (sigma) = ( -0.06679676332783847 ), overall correlation =  0 , anisotropic correlation (target) =  0
Function iteration =  34 , (sigma) = ( -0.023354540636084827 ), overall correlation =  0 , anisotropic correlation (target) =  0
Function iteration =  35 , (sigma) = ( -0.0067610886034064534 ), overall correlation =  0 , anisotropic correlation (target) =  0
anisolt tmp_sym.lat tmp_sym_aniso.lat 57.305,58.188,69.015,90.0,112.81,90.0
corrlt tmp_sym_aniso.lat data.lat
Function iteration =  36 , (sigma) = ( 0.00862650669035268 ), overall correlation =  0.0 , anisotropic correlation (target) =  0.515839
Function iteration =  37 , (sigma) = ( -0.0004229541042924251 ), overall correlation =  0 , anisotropic correlation (target) =  0
anisolt tmp_sym.lat tmp_sym_aniso.lat 57.305,58.188,69.015,90.0,112.81,90.0
corrlt tmp_sym_aniso.lat data.lat
Function iteration =  38 , (sigma) = ( 0.005454584119683577 ), overall correlation =  0.0 , anisotropic correlation (target) =  0.515821
anisolt tmp_sym.lat tmp_sym_aniso.lat 57.305,58.188,69.015,90.0,112.81,90.0
corrlt tmp_sym_aniso.lat data.lat
Function iteration =  39 , (sigma) = ( 0.0019979977777961648 ), overall correlation =  0.0 , anisotropic correlation (target) =  0.515876
anisolt tmp_sym.lat tmp_sym_aniso.lat 57.305,58.188,69.015,90.0,112.81,90.0
corrlt tmp_sym_aniso.lat data.lat
Function iteration =  40 , (sigma) = ( 0.0010732764712023143 ), overall correlation =  0.0 , anisotropic correlation (target) =  0.515958
anisolt tmp_sym.lat tmp_sym_aniso.lat 57.305,58.188,69.015,90.0,112.81,90.0
corrlt tmp_sym_aniso.lat data.lat
Function iteration =  41 , (sigma) = ( 0.0005017672632028907 ), overall correlation =  0.0 , anisotropic correlation (target) =  0.51382
anisolt tmp_sym.lat tmp_sym_aniso.lat 57.305,58.188,69.015,90.0,112.81,90.0
corrlt tmp_sym_aniso.lat data.lat
Function iteration =  42 , (sigma) = ( 0.001426488569796741 ), overall correlation =  0.0 , anisotropic correlation (target) =  0.515738
anisolt tmp_sym.lat tmp_sym_aniso.lat 57.305,58.188,69.015,90.0,112.81,90.0
corrlt tmp_sym_aniso.lat data.lat
Function iteration =  43 , (sigma) = ( 0.0008549793850596062 ), overall correlation =  0.0 , anisotropic correlation (target) =  0.515264
anisolt tmp_sym.lat tmp_sym_aniso.lat 57.305,58.188,69.015,90.0,112.81,90.0
corrlt tmp_sym_aniso.lat data.lat
Function iteration =  44 , (sigma) = ( 0.001208191483654033 ), overall correlation =  0.0 , anisotropic correlation (target) =  0.515542
anisolt tmp_sym.lat tmp_sym_aniso.lat 57.305,58.188,69.015,90.0,112.81,90.0
corrlt tmp_sym_aniso.lat data.lat
Function iteration =  45 , (sigma) = ( 0.0009898944063967286 ), overall correlation =  0.0 , anisotropic correlation (target) =  0.515761
anisolt tmp_sym.lat tmp_sym_aniso.lat 57.305,58.188,69.015,90.0,112.81,90.0
corrlt tmp_sym_aniso.lat data.lat
Function iteration =  46 , (sigma) = ( 0.0011248094188484473 ), overall correlation =  0.0 , anisotropic correlation (target) =  0.515919
anisolt tmp_sym.lat tmp_sym_aniso.lat 57.305,58.188,69.015,90.0,112.81,90.0
corrlt tmp_sym_aniso.lat data.lat
Function iteration =  47 , (sigma) = ( 0.0010414273574367839 ), overall correlation =  0.0 , anisotropic correlation (target) =  0.515849
anisolt tmp_sym.lat tmp_sym_aniso.lat 57.305,58.188,69.015,90.0,112.81,90.0
corrlt tmp_sym_aniso.lat data.lat
Function iteration =  48 , (sigma) = ( 0.001097485999037794 ), overall correlation =  0.0 , anisotropic correlation (target) =  0.515829
Function iteration =  49 , (sigma) = ( -0.001347675312345636 ), overall correlation =  0 , anisotropic correlation (target) =  0
anisolt tmp_sym.lat tmp_sym_aniso.lat 57.305,58.188,69.015,90.0,112.81,90.0
corrlt tmp_sym_aniso.lat data.lat
Function iteration =  50 , (sigma) = ( 0.0010732764712023143 ), overall correlation =  0.0 , anisotropic correlation (target) =  0.515958
anisolt tmp_sym.lat tmp_sym_aniso.lat 57.305,58.188,69.015,90.0,112.81,90.0
corrlt tmp_sym_aniso.lat data.lat
Function iteration =  51 , (sigma) = ( 1.0010732764712023 ), overall correlation =  0.0 , anisotropic correlation (target) =  0.113524
Function iteration =  52 , (sigma) = ( -1.6169607235287977 ), overall correlation =  0 , anisotropic correlation (target) =  0
anisolt tmp_sym.lat tmp_sym_aniso.lat 57.305,58.188,69.015,90.0,112.81,90.0
corrlt tmp_sym_aniso.lat data.lat
Function iteration =  53 , (sigma) = ( 0.0010732764712023143 ), overall correlation =  0.0 , anisotropic correlation (target) =  0.515958
Function iteration =  54 , (sigma) = ( -0.6169606983727977 ), overall correlation =  0 , anisotropic correlation (target) =  0
anisolt tmp_sym.lat tmp_sym_aniso.lat 57.305,58.188,69.015,90.0,112.81,90.0
corrlt tmp_sym_aniso.lat data.lat
Function iteration =  55 , (sigma) = ( 0.38303927647120234 ), overall correlation =  0.0 , anisotropic correlation (target) =  0.440268
anisolt tmp_sym.lat tmp_sym_aniso.lat 57.305,58.188,69.015,90.0,112.81,90.0
corrlt tmp_sym_aniso.lat data.lat
Function iteration =  56 , (sigma) = ( 0.09614163655643249 ), overall correlation =  0.0 , anisotropic correlation (target) =  0.515002
anisolt tmp_sym.lat tmp_sym_aniso.lat 57.305,58.188,69.015,90.0,112.81,90.0
corrlt tmp_sym_aniso.lat data.lat
Function iteration =  57 , (sigma) = ( 0.04093873492779354 ), overall correlation =  0.0 , anisotropic correlation (target) =  0.515783
Function iteration =  58 , (sigma) = ( -0.00037778103421188484 ), overall correlation =  0 , anisotropic correlation (target) =  0
anisolt tmp_sym.lat tmp_sym_aniso.lat 57.305,58.188,69.015,90.0,112.81,90.0
corrlt tmp_sym_aniso.lat data.lat
Function iteration =  59 , (sigma) = ( 0.01630052617603264 ), overall correlation =  0.0 , anisotropic correlation (target) =  0.515826
anisolt tmp_sym.lat tmp_sym_aniso.lat 57.305,58.188,69.015,90.0,112.81,90.0
corrlt tmp_sym_aniso.lat data.lat
Function iteration =  60 , (sigma) = ( 0.006889568131957536 ), overall correlation =  0.0 , anisotropic correlation (target) =  0.51585
anisolt tmp_sym.lat tmp_sym_aniso.lat 57.305,58.188,69.015,90.0,112.81,90.0
corrlt tmp_sym_aniso.lat data.lat
Function iteration =  61 , (sigma) = ( 0.003294902131694343 ), overall correlation =  0.0 , anisotropic correlation (target) =  0.515843
anisolt tmp_sym.lat tmp_sym_aniso.lat 57.305,58.188,69.015,90.0,112.81,90.0
corrlt tmp_sym_aniso.lat data.lat
Function iteration =  62 , (sigma) = ( 0.0019218619382378125 ), overall correlation =  0.0 , anisotropic correlation (target) =  0.515786
anisolt tmp_sym.lat tmp_sym_aniso.lat 57.305,58.188,69.015,90.0,112.81,90.0
corrlt tmp_sym_aniso.lat data.lat
Function iteration =  63 , (sigma) = ( 0.0005190218400892743 ), overall correlation =  0.0 , anisotropic correlation (target) =  0.515007
anisolt tmp_sym.lat tmp_sym_aniso.lat 57.305,58.188,69.015,90.0,112.81,90.0
corrlt tmp_sym_aniso.lat data.lat
Function iteration =  64 , (sigma) = ( 0.0013974072677039955 ), overall correlation =  0.0 , anisotropic correlation (target) =  0.515822
anisolt tmp_sym.lat tmp_sym_aniso.lat 57.305,58.188,69.015,90.0,112.81,90.0
corrlt tmp_sym_aniso.lat data.lat
Function iteration =  65 , (sigma) = ( 0.0008615700467745909 ), overall correlation =  0.0 , anisotropic correlation (target) =  0.51533
anisolt tmp_sym.lat tmp_sym_aniso.lat 57.305,58.188,69.015,90.0,112.81,90.0
corrlt tmp_sym_aniso.lat data.lat
Function iteration =  66 , (sigma) = ( 0.0011970834150188754 ), overall correlation =  0.0 , anisotropic correlation (target) =  0.515722
anisolt tmp_sym.lat tmp_sym_aniso.lat 57.305,58.188,69.015,90.0,112.81,90.0
corrlt tmp_sym_aniso.lat data.lat
Function iteration =  67 , (sigma) = ( 0.0009924118150893544 ), overall correlation =  0.0 , anisotropic correlation (target) =  0.515532
anisolt tmp_sym.lat tmp_sym_aniso.lat 57.305,58.188,69.015,90.0,112.81,90.0
corrlt tmp_sym_aniso.lat data.lat
Function iteration =  68 , (sigma) = ( 0.0011205665143041508 ), overall correlation =  0.0 , anisotropic correlation (target) =  0.51584
anisolt tmp_sym.lat tmp_sym_aniso.lat 57.305,58.188,69.015,90.0,112.81,90.0
corrlt tmp_sym_aniso.lat data.lat
Function iteration =  69 , (sigma) = ( 0.0010423889219654714 ), overall correlation =  0.0 , anisotropic correlation (target) =  0.515885
anisolt tmp_sym.lat tmp_sym_aniso.lat 57.305,58.188,69.015,90.0,112.81,90.0
corrlt tmp_sym_aniso.lat data.lat
Function iteration =  70 , (sigma) = ( 0.0010913396598057504 ), overall correlation =  0.0 , anisotropic correlation (target) =  0.51583
anisolt tmp_sym.lat tmp_sym_aniso.lat 57.305,58.188,69.015,90.0,112.81,90.0
corrlt tmp_sym_aniso.lat data.lat
Function iteration =  71 , (sigma) = ( 0.0010614784775705144 ), overall correlation =  0.0 , anisotropic correlation (target) =  0.515821
anisolt tmp_sym.lat tmp_sym_aniso.lat 57.305,58.188,69.015,90.0,112.81,90.0
corrlt tmp_sym_aniso.lat data.lat
Function iteration =  72 , (sigma) = ( 0.0010801759951004145 ), overall correlation =  0.0 , anisotropic correlation (target) =  0.515841
anisolt tmp_sym.lat tmp_sym_aniso.lat 57.305,58.188,69.015,90.0,112.81,90.0
corrlt tmp_sym_aniso.lat data.lat
Function iteration =  73 , (sigma) = ( 0.0010687700387667501 ), overall correlation =  0.0 , anisotropic correlation (target) =  0.515972
anisolt tmp_sym.lat tmp_sym_aniso.lat 57.305,58.188,69.015,90.0,112.81,90.0
corrlt tmp_sym_aniso.lat data.lat
Function iteration =  74 , (sigma) = ( 0.001063531828874938 ), overall correlation =  0.0 , anisotropic correlation (target) =  0.515916
anisolt tmp_sym.lat tmp_sym_aniso.lat 57.305,58.188,69.015,90.0,112.81,90.0
corrlt tmp_sym_aniso.lat data.lat
Function iteration =  75 , (sigma) = ( 0.0010699261819471565 ), overall correlation =  0.0 , anisotropic correlation (target) =  0.515901
anisolt tmp_sym.lat tmp_sym_aniso.lat 57.305,58.188,69.015,90.0,112.81,90.0
corrlt tmp_sym_aniso.lat data.lat
Function iteration =  76 , (sigma) = ( 0.0010687249644423945 ), overall correlation =  0.0 , anisotropic correlation (target) =  0.515969
anisolt tmp_sym.lat tmp_sym_aniso.lat 57.305,58.188,69.015,90.0,112.81,90.0
corrlt tmp_sym_aniso.lat data.lat
Function iteration =  77 , (sigma) = ( 0.0010692116461527973 ), overall correlation =  0.0 , anisotropic correlation (target) =  0.515949
anisolt tmp_sym.lat tmp_sym_aniso.lat 57.305,58.188,69.015,90.0,112.81,90.0
corrlt tmp_sym_aniso.lat data.lat
Function iteration =  78 , (sigma) = ( 0.001068938717773569 ), overall correlation =  0.0 , anisotropic correlation (target) =  0.515974
anisolt tmp_sym.lat tmp_sym_aniso.lat 57.305,58.188,69.015,90.0,112.81,90.0
corrlt tmp_sym_aniso.lat data.lat
Function iteration =  79 , (sigma) = ( 0.001068877545032292 ), overall correlation =  0.0 , anisotropic correlation (target) =  0.51597
anisolt tmp_sym.lat tmp_sym_aniso.lat 57.305,58.188,69.015,90.0,112.81,90.0
corrlt tmp_sym_aniso.lat data.lat
Function iteration =  80 , (sigma) = ( 0.0010690429671348695 ), overall correlation =  0.0 , anisotropic correlation (target) =  0.515958
anisolt tmp_sym.lat tmp_sym_aniso.lat 57.305,58.188,69.015,90.0,112.81,90.0
corrlt tmp_sym_aniso.lat data.lat
Function iteration =  81 , (sigma) = ( 0.0010689821053078566 ), overall correlation =  0.0 , anisotropic correlation (target) =  0.515984
Optimization terminated successfully.
         Current function value: -0.515984
         Iterations: 3
         Function evaluations: 81
Refined sigma =  0.0010689821053078566
