origin: 40 41 49
82 84 100 688800
Initializing the hkl file data...
Reading the hkl file data...
...done
Writing file
Done writing file
anisolt tmp_sym.lat tmp_sym_aniso.lat 57.297,58.215,69.052,90.0,112.83,90.0
corrlt tmp_sym_aniso.lat data.lat
Function iteration =  1 , (sigma) = ( 0.36 ), overall correlation =  0.0 , anisotropic correlation (target) =  0.483366
anisolt tmp_sym.lat tmp_sym_aniso.lat 57.297,58.215,69.052,90.0,112.83,90.0
corrlt tmp_sym_aniso.lat data.lat
Function iteration =  2 , (sigma) = ( 0.36 ), overall correlation =  0.0 , anisotropic correlation (target) =  0.483366
anisolt tmp_sym.lat tmp_sym_aniso.lat 57.297,58.215,69.052,90.0,112.83,90.0
corrlt tmp_sym_aniso.lat data.lat
Function iteration =  3 , (sigma) = ( 1.3599999999999999 ), overall correlation =  0.0 , anisotropic correlation (target) =  0.0673772
Function iteration =  4 , (sigma) = ( -1.2580339999999999 ), overall correlation =  0 , anisotropic correlation (target) =  0
anisolt tmp_sym.lat tmp_sym_aniso.lat 57.297,58.215,69.052,90.0,112.83,90.0
corrlt tmp_sym_aniso.lat data.lat
Function iteration =  5 , (sigma) = ( 0.36 ), overall correlation =  0.0 , anisotropic correlation (target) =  0.483366
Function iteration =  6 , (sigma) = ( -0.25803397484400004 ), overall correlation =  0 , anisotropic correlation (target) =  0
anisolt tmp_sym.lat tmp_sym_aniso.lat 57.297,58.215,69.052,90.0,112.83,90.0
corrlt tmp_sym_aniso.lat data.lat
Function iteration =  7 , (sigma) = ( 0.741966 ), overall correlation =  0.0 , anisotropic correlation (target) =  0.282315
anisolt tmp_sym.lat tmp_sym_aniso.lat 57.297,58.215,69.052,90.0,112.83,90.0
corrlt tmp_sym_aniso.lat data.lat
Function iteration =  8 , (sigma) = ( 0.34984656830697997 ), overall correlation =  0.0 , anisotropic correlation (target) =  0.487456
anisolt tmp_sym.lat tmp_sym_aniso.lat 57.297,58.215,69.052,90.0,112.83,90.0
corrlt tmp_sym_aniso.lat data.lat
Function iteration =  9 , (sigma) = ( 0.11765686876177275 ), overall correlation =  0.0 , anisotropic correlation (target) =  0.536579
anisolt tmp_sym.lat tmp_sym_aniso.lat 57.297,58.215,69.052,90.0,112.83,90.0
corrlt tmp_sym_aniso.lat data.lat
Function iteration =  10 , (sigma) = ( 0.0997134032595845 ), overall correlation =  0.0 , anisotropic correlation (target) =  0.537079
anisolt tmp_sym.lat tmp_sym_aniso.lat 57.297,58.215,69.052,90.0,112.83,90.0
corrlt tmp_sym_aniso.lat data.lat
Function iteration =  11 , (sigma) = ( 0.08971376635620032 ), overall correlation =  0.0 , anisotropic correlation (target) =  0.53724
Function iteration =  12 , (sigma) = ( -0.043114047359075425 ), overall correlation =  0 , anisotropic correlation (target) =  0
anisolt tmp_sym.lat tmp_sym_aniso.lat 57.297,58.215,69.052,90.0,112.83,90.0
corrlt tmp_sym_aniso.lat data.lat
Function iteration =  13 , (sigma) = ( 0.07559283371447362 ), overall correlation =  0.0 , anisotropic correlation (target) =  0.537366
anisolt tmp_sym.lat tmp_sym_aniso.lat 57.297,58.215,69.052,90.0,112.83,90.0
corrlt tmp_sym_aniso.lat data.lat
Function iteration =  14 , (sigma) = ( 0.06766053379364667 ), overall correlation =  0.0 , anisotropic correlation (target) =  0.537393
anisolt tmp_sym.lat tmp_sym_aniso.lat 57.297,58.215,69.052,90.0,112.83,90.0
corrlt tmp_sym_aniso.lat data.lat
Function iteration =  15 , (sigma) = ( 0.06473713912158313 ), overall correlation =  0.0 , anisotropic correlation (target) =  0.537404
anisolt tmp_sym.lat tmp_sym_aniso.lat 57.297,58.215,69.052,90.0,112.83,90.0
corrlt tmp_sym_aniso.lat data.lat
Function iteration =  16 , (sigma) = ( 0.023541652826311932 ), overall correlation =  0.0 , anisotropic correlation (target) =  0.537382
anisolt tmp_sym.lat tmp_sym_aniso.lat 57.297,58.215,69.052,90.0,112.83,90.0
corrlt tmp_sym_aniso.lat data.lat
Function iteration =  17 , (sigma) = ( 0.04688111923890992 ), overall correlation =  0.0 , anisotropic correlation (target) =  0.53741
anisolt tmp_sym.lat tmp_sym_aniso.lat 57.297,58.215,69.052,90.0,112.83,90.0
corrlt tmp_sym_aniso.lat data.lat
Function iteration =  18 , (sigma) = ( 0.05479032597843725 ), overall correlation =  0.0 , anisotropic correlation (target) =  0.537431
anisolt tmp_sym.lat tmp_sym_aniso.lat 57.297,58.215,69.052,90.0,112.83,90.0
corrlt tmp_sym_aniso.lat data.lat
Function iteration =  19 , (sigma) = ( 0.057842422728652865 ), overall correlation =  0.0 , anisotropic correlation (target) =  0.537435
anisolt tmp_sym.lat tmp_sym_aniso.lat 57.297,58.215,69.052,90.0,112.83,90.0
corrlt tmp_sym_aniso.lat data.lat
Function iteration =  20 , (sigma) = ( 0.06086399851136631 ), overall correlation =  0.0 , anisotropic correlation (target) =  0.53743
Function iteration =  21 , (sigma) = ( -0.24431515454269426 ), overall correlation =  0 , anisotropic correlation (target) =  0
anisolt tmp_sym.lat tmp_sym_aniso.lat 57.297,58.215,69.052,90.0,112.83,90.0
corrlt tmp_sym_aniso.lat data.lat
Function iteration =  22 , (sigma) = ( 0.057842422728652865 ), overall correlation =  0.0 , anisotropic correlation (target) =  0.537435
anisolt tmp_sym.lat tmp_sym_aniso.lat 57.297,58.215,69.052,90.0,112.83,90.0
corrlt tmp_sym_aniso.lat data.lat
Function iteration =  23 , (sigma) = ( 1.057842422728653 ), overall correlation =  0.0 , anisotropic correlation (target) =  0.130439
Function iteration =  24 , (sigma) = ( -1.560191577271347 ), overall correlation =  0 , anisotropic correlation (target) =  0
anisolt tmp_sym.lat tmp_sym_aniso.lat 57.297,58.215,69.052,90.0,112.83,90.0
corrlt tmp_sym_aniso.lat data.lat
Function iteration =  25 , (sigma) = ( 0.057842422728652865 ), overall correlation =  0.0 , anisotropic correlation (target) =  0.537435
Function iteration =  26 , (sigma) = ( -0.5601915521153471 ), overall correlation =  0 , anisotropic correlation (target) =  0
anisolt tmp_sym.lat tmp_sym_aniso.lat 57.297,58.215,69.052,90.0,112.83,90.0
corrlt tmp_sym_aniso.lat data.lat
Function iteration =  27 , (sigma) = ( 0.4398084227286529 ), overall correlation =  0.0 , anisotropic correlation (target) =  0.447585
anisolt tmp_sym.lat tmp_sym_aniso.lat 57.297,58.215,69.052,90.0,112.83,90.0
corrlt tmp_sym_aniso.lat data.lat
Function iteration =  28 , (sigma) = ( 0.1423688600579854 ), overall correlation =  0.0 , anisotropic correlation (target) =  0.535395
anisolt tmp_sym.lat tmp_sym_aniso.lat 57.297,58.215,69.052,90.0,112.83,90.0
corrlt tmp_sym_aniso.lat data.lat
Function iteration =  29 , (sigma) = ( 0.08310260270101286 ), overall correlation =  0.0 , anisotropic correlation (target) =  0.537315
anisolt tmp_sym.lat tmp_sym_aniso.lat 57.297,58.215,69.052,90.0,112.83,90.0
corrlt tmp_sym_aniso.lat data.lat
Function iteration =  30 , (sigma) = ( 0.0632100965794377 ), overall correlation =  0.0 , anisotropic correlation (target) =  0.537411
Function iteration =  31 , (sigma) = ( -0.17822554250661046 ), overall correlation =  0 , anisotropic correlation (target) =  0
Function iteration =  32 , (sigma) = ( -0.09867146479195346 ), overall correlation =  0 , anisotropic correlation (target) =  0
Function iteration =  33 , (sigma) = ( -0.0019405608320430534 ), overall correlation =  0 , anisotropic correlation (target) =  0
anisolt tmp_sym.lat tmp_sym_aniso.lat 57.297,58.215,69.052,90.0,112.83,90.0
corrlt tmp_sym_aniso.lat data.lat
Function iteration =  34 , (sigma) = ( 0.03500735562990809 ), overall correlation =  0.0 , anisotropic correlation (target) =  0.537425
anisolt tmp_sym.lat tmp_sym_aniso.lat 57.297,58.215,69.052,90.0,112.83,90.0
corrlt tmp_sym_aniso.lat data.lat
Function iteration =  35 , (sigma) = ( 0.047682812553204765 ), overall correlation =  0.0 , anisotropic correlation (target) =  0.537411
anisolt tmp_sym.lat tmp_sym_aniso.lat 57.297,58.215,69.052,90.0,112.83,90.0
corrlt tmp_sym_aniso.lat data.lat
Function iteration =  36 , (sigma) = ( 0.05396179706837766 ), overall correlation =  0.0 , anisotropic correlation (target) =  0.537428
anisolt tmp_sym.lat tmp_sym_aniso.lat 57.297,58.215,69.052,90.0,112.83,90.0
corrlt tmp_sym_aniso.lat data.lat
Function iteration =  37 , (sigma) = ( 0.059892691638741745 ), overall correlation =  0.0 , anisotropic correlation (target) =  0.537441
anisolt tmp_sym.lat tmp_sym_aniso.lat 57.297,58.215,69.052,90.0,112.83,90.0
corrlt tmp_sym_aniso.lat data.lat
Function iteration =  38 , (sigma) = ( 0.061159827534319616 ), overall correlation =  0.0 , anisotropic correlation (target) =  0.537439
anisolt tmp_sym.lat tmp_sym_aniso.lat 57.297,58.215,69.052,90.0,112.83,90.0
corrlt tmp_sym_aniso.lat data.lat
Function iteration =  39 , (sigma) = ( 0.059945095212302485 ), overall correlation =  0.0 , anisotropic correlation (target) =  0.537442
anisolt tmp_sym.lat tmp_sym_aniso.lat 57.297,58.215,69.052,90.0,112.83,90.0
corrlt tmp_sym_aniso.lat data.lat
Function iteration =  40 , (sigma) = ( 0.06047986092958285 ), overall correlation =  0.0 , anisotropic correlation (target) =  0.537439
anisolt tmp_sym.lat tmp_sym_aniso.lat 57.297,58.215,69.052,90.0,112.83,90.0
corrlt tmp_sym_aniso.lat data.lat
Function iteration =  41 , (sigma) = ( 0.0601493575342692 ), overall correlation =  0.0 , anisotropic correlation (target) =  0.537432
anisolt tmp_sym.lat tmp_sym_aniso.lat 57.297,58.215,69.052,90.0,112.83,90.0
corrlt tmp_sym_aniso.lat data.lat
Function iteration =  42 , (sigma) = ( 0.05996612194713898 ), overall correlation =  0.0 , anisotropic correlation (target) =  0.537438
anisolt tmp_sym.lat tmp_sym_aniso.lat 57.297,58.215,69.052,90.0,112.83,90.0
corrlt tmp_sym_aniso.lat data.lat
Function iteration =  43 , (sigma) = ( 0.05992406847746599 ), overall correlation =  0.0 , anisotropic correlation (target) =  0.537446
Optimization terminated successfully.
         Current function value: -0.537446
         Iterations: 2
         Function evaluations: 43
Refined sigma =  0.05992406847746599
