origin: 40 41 49
82 84 100 688800
Initializing the hkl file data...
Reading the hkl file data...
...done
Writing file
Done writing file
anisolt tmp_sym.lat tmp_sym_aniso.lat 57.297,58.215,69.052,90.0,112.83,90.0
corrlt tmp_sym_aniso.lat data.lat
Function iteration =  1 , (sigma) = ( 0.36 ), overall correlation =  0.0 , anisotropic correlation (target) =  0.500979
anisolt tmp_sym.lat tmp_sym_aniso.lat 57.297,58.215,69.052,90.0,112.83,90.0
corrlt tmp_sym_aniso.lat data.lat
Function iteration =  2 , (sigma) = ( 0.36 ), overall correlation =  0.0 , anisotropic correlation (target) =  0.500979
anisolt tmp_sym.lat tmp_sym_aniso.lat 57.297,58.215,69.052,90.0,112.83,90.0
corrlt tmp_sym_aniso.lat data.lat
Function iteration =  3 , (sigma) = ( 1.3599999999999999 ), overall correlation =  0.0 , anisotropic correlation (target) =  0.0647397
Function iteration =  4 , (sigma) = ( -1.2580339999999999 ), overall correlation =  0 , anisotropic correlation (target) =  0
anisolt tmp_sym.lat tmp_sym_aniso.lat 57.297,58.215,69.052,90.0,112.83,90.0
corrlt tmp_sym_aniso.lat data.lat
Function iteration =  5 , (sigma) = ( 0.36 ), overall correlation =  0.0 , anisotropic correlation (target) =  0.500979
Function iteration =  6 , (sigma) = ( -0.25803397484400004 ), overall correlation =  0 , anisotropic correlation (target) =  0
anisolt tmp_sym.lat tmp_sym_aniso.lat 57.297,58.215,69.052,90.0,112.83,90.0
corrlt tmp_sym_aniso.lat data.lat
Function iteration =  7 , (sigma) = ( 0.741966 ), overall correlation =  0.0 , anisotropic correlation (target) =  0.325043
anisolt tmp_sym.lat tmp_sym_aniso.lat 57.297,58.215,69.052,90.0,112.83,90.0
corrlt tmp_sym_aniso.lat data.lat
Function iteration =  8 , (sigma) = ( 0.3698141402920498 ), overall correlation =  0.0 , anisotropic correlation (target) =  0.501366
anisolt tmp_sym.lat tmp_sym_aniso.lat 57.297,58.215,69.052,90.0,112.83,90.0
corrlt tmp_sym_aniso.lat data.lat
Function iteration =  9 , (sigma) = ( 0.3795809421886535 ), overall correlation =  0.0 , anisotropic correlation (target) =  0.501252
anisolt tmp_sym.lat tmp_sym_aniso.lat 57.297,58.215,69.052,90.0,112.83,90.0
corrlt tmp_sym_aniso.lat data.lat
Function iteration =  10 , (sigma) = ( 0.37246143781320584 ), overall correlation =  0.0 , anisotropic correlation (target) =  0.501383
anisolt tmp_sym.lat tmp_sym_aniso.lat 57.297,58.215,69.052,90.0,112.83,90.0
corrlt tmp_sym_aniso.lat data.lat
Function iteration =  11 , (sigma) = ( 0.3723368234250738 ), overall correlation =  0.0 , anisotropic correlation (target) =  0.501385
anisolt tmp_sym.lat tmp_sym_aniso.lat 57.297,58.215,69.052,90.0,112.83,90.0
corrlt tmp_sym_aniso.lat data.lat
Function iteration =  12 , (sigma) = ( 0.37149824607939946 ), overall correlation =  0.0 , anisotropic correlation (target) =  0.50138
anisolt tmp_sym.lat tmp_sym_aniso.lat 57.297,58.215,69.052,90.0,112.83,90.0
corrlt tmp_sym_aniso.lat data.lat
Function iteration =  13 , (sigma) = ( 0.37201651539065594 ), overall correlation =  0.0 , anisotropic correlation (target) =  0.50139
anisolt tmp_sym.lat tmp_sym_aniso.lat 57.297,58.215,69.052,90.0,112.83,90.0
corrlt tmp_sym_aniso.lat data.lat
Function iteration =  14 , (sigma) = ( 0.37181855413491255 ), overall correlation =  0.0 , anisotropic correlation (target) =  0.501391
anisolt tmp_sym.lat tmp_sym_aniso.lat 57.297,58.215,69.052,90.0,112.83,90.0
corrlt tmp_sym_aniso.lat data.lat
Function iteration =  15 , (sigma) = ( 0.3717003685835634 ), overall correlation =  0.0 , anisotropic correlation (target) =  0.501387
anisolt tmp_sym.lat tmp_sym_aniso.lat 57.297,58.215,69.052,90.0,112.83,90.0
corrlt tmp_sym_aniso.lat data.lat
Function iteration =  16 , (sigma) = ( 0.3836371082698251 ), overall correlation =  0.0 , anisotropic correlation (target) =  0.501068
anisolt tmp_sym.lat tmp_sym_aniso.lat 57.297,58.215,69.052,90.0,112.83,90.0
corrlt tmp_sym_aniso.lat data.lat
Function iteration =  17 , (sigma) = ( 0.37181855413491255 ), overall correlation =  0.0 , anisotropic correlation (target) =  0.501391
anisolt tmp_sym.lat tmp_sym_aniso.lat 57.297,58.215,69.052,90.0,112.83,90.0
corrlt tmp_sym_aniso.lat data.lat
Function iteration =  18 , (sigma) = ( 0.3836371082698251 ), overall correlation =  0.0 , anisotropic correlation (target) =  0.501068
anisolt tmp_sym.lat tmp_sym_aniso.lat 57.297,58.215,69.052,90.0,112.83,90.0
corrlt tmp_sym_aniso.lat data.lat
Function iteration =  19 , (sigma) = ( 0.35269573171378343 ), overall correlation =  0.0 , anisotropic correlation (target) =  0.500383
anisolt tmp_sym.lat tmp_sym_aniso.lat 57.297,58.215,69.052,90.0,112.83,90.0
corrlt tmp_sym_aniso.lat data.lat
Function iteration =  20 , (sigma) = ( 0.37181855413491255 ), overall correlation =  0.0 , anisotropic correlation (target) =  0.501391
anisolt tmp_sym.lat tmp_sym_aniso.lat 57.297,58.215,69.052,90.0,112.83,90.0
corrlt tmp_sym_aniso.lat data.lat
Function iteration =  21 , (sigma) = ( 0.36451428614600356 ), overall correlation =  0.0 , anisotropic correlation (target) =  0.501217
anisolt tmp_sym.lat tmp_sym_aniso.lat 57.297,58.215,69.052,90.0,112.83,90.0
corrlt tmp_sym_aniso.lat data.lat
Function iteration =  22 , (sigma) = ( 0.37633283998360856 ), overall correlation =  0.0 , anisotropic correlation (target) =  0.501338
anisolt tmp_sym.lat tmp_sym_aniso.lat 57.297,58.215,69.052,90.0,112.83,90.0
corrlt tmp_sym_aniso.lat data.lat
Function iteration =  23 , (sigma) = ( 0.37212480788754343 ), overall correlation =  0.0 , anisotropic correlation (target) =  0.501385
anisolt tmp_sym.lat tmp_sym_aniso.lat 57.297,58.215,69.052,90.0,112.83,90.0
corrlt tmp_sym_aniso.lat data.lat
Function iteration =  24 , (sigma) = ( 0.36902857210826095 ), overall correlation =  0.0 , anisotropic correlation (target) =  0.501348
anisolt tmp_sym.lat tmp_sym_aniso.lat 57.297,58.215,69.052,90.0,112.83,90.0
corrlt tmp_sym_aniso.lat data.lat
Function iteration =  25 , (sigma) = ( 0.3711052028017746 ), overall correlation =  0.0 , anisotropic correlation (target) =  0.501375
anisolt tmp_sym.lat tmp_sym_aniso.lat 57.297,58.215,69.052,90.0,112.83,90.0
corrlt tmp_sym_aniso.lat data.lat
Function iteration =  26 , (sigma) = ( 0.37173399364734677 ), overall correlation =  0.0 , anisotropic correlation (target) =  0.50139
anisolt tmp_sym.lat tmp_sym_aniso.lat 57.297,58.215,69.052,90.0,112.83,90.0
corrlt tmp_sym_aniso.lat data.lat
Function iteration =  27 , (sigma) = ( 0.3718498271569831 ), overall correlation =  0.0 , anisotropic correlation (target) =  0.501391
anisolt tmp_sym.lat tmp_sym_aniso.lat 57.297,58.215,69.052,90.0,112.83,90.0
corrlt tmp_sym_aniso.lat data.lat
Function iteration =  28 , (sigma) = ( 0.3718341906459478 ), overall correlation =  0.0 , anisotropic correlation (target) =  0.50139
anisolt tmp_sym.lat tmp_sym_aniso.lat 57.297,58.215,69.052,90.0,112.83,90.0
corrlt tmp_sym_aniso.lat data.lat
Function iteration =  29 , (sigma) = ( 0.3719548604467123 ), overall correlation =  0.0 , anisotropic correlation (target) =  0.501392
anisolt tmp_sym.lat tmp_sym_aniso.lat 57.297,58.215,69.052,90.0,112.83,90.0
corrlt tmp_sym_aniso.lat data.lat
Function iteration =  30 , (sigma) = ( 0.3720197745908968 ), overall correlation =  0.0 , anisotropic correlation (target) =  0.501389
anisolt tmp_sym.lat tmp_sym_aniso.lat 57.297,58.215,69.052,90.0,112.83,90.0
corrlt tmp_sym_aniso.lat data.lat
Function iteration =  31 , (sigma) = ( 0.3719147413011676 ), overall correlation =  0.0 , anisotropic correlation (target) =  0.50139
anisolt tmp_sym.lat tmp_sym_aniso.lat 57.297,58.215,69.052,90.0,112.83,90.0
corrlt tmp_sym_aniso.lat data.lat
Function iteration =  32 , (sigma) = ( 0.3719796554427099 ), overall correlation =  0.0 , anisotropic correlation (target) =  0.50139
anisolt tmp_sym.lat tmp_sym_aniso.lat 57.297,58.215,69.052,90.0,112.83,90.0
corrlt tmp_sym_aniso.lat data.lat
Function iteration =  33 , (sigma) = ( 0.3719395362971652 ), overall correlation =  0.0 , anisotropic correlation (target) =  0.501391
anisolt tmp_sym.lat tmp_sym_aniso.lat 57.297,58.215,69.052,90.0,112.83,90.0
corrlt tmp_sym_aniso.lat data.lat
Function iteration =  34 , (sigma) = ( 0.3719643312921535 ), overall correlation =  0.0 , anisotropic correlation (target) =  0.501391
anisolt tmp_sym.lat tmp_sym_aniso.lat 57.297,58.215,69.052,90.0,112.83,90.0
corrlt tmp_sym_aniso.lat data.lat
Function iteration =  35 , (sigma) = ( 0.37195193379465935 ), overall correlation =  0.0 , anisotropic correlation (target) =  0.501392
anisolt tmp_sym.lat tmp_sym_aniso.lat 57.297,58.215,69.052,90.0,112.83,90.0
corrlt tmp_sym_aniso.lat data.lat
Function iteration =  36 , (sigma) = ( 0.37195059999794367 ), overall correlation =  0.0 , anisotropic correlation (target) =  0.501392
anisolt tmp_sym.lat tmp_sym_aniso.lat 57.297,58.215,69.052,90.0,112.83,90.0
corrlt tmp_sym_aniso.lat data.lat
Function iteration =  37 , (sigma) = ( 0.37194637404041214 ), overall correlation =  0.0 , anisotropic correlation (target) =  0.501391
anisolt tmp_sym.lat tmp_sym_aniso.lat 57.297,58.215,69.052,90.0,112.83,90.0
corrlt tmp_sym_aniso.lat data.lat
Function iteration =  38 , (sigma) = ( 0.3719489858258492 ), overall correlation =  0.0 , anisotropic correlation (target) =  0.501391
anisolt tmp_sym.lat tmp_sym_aniso.lat 57.297,58.215,69.052,90.0,112.83,90.0
corrlt tmp_sym_aniso.lat data.lat
Function iteration =  39 , (sigma) = ( 0.37195059999794367 ), overall correlation =  0.0 , anisotropic correlation (target) =  0.501392
anisolt tmp_sym.lat tmp_sym_aniso.lat 57.297,58.215,69.052,90.0,112.83,90.0
corrlt tmp_sym_aniso.lat data.lat
Function iteration =  40 , (sigma) = ( 0.3720826458609748 ), overall correlation =  0.0 , anisotropic correlation (target) =  0.501388
anisolt tmp_sym.lat tmp_sym_aniso.lat 57.297,58.215,69.052,90.0,112.83,90.0
corrlt tmp_sym_aniso.lat data.lat
Function iteration =  41 , (sigma) = ( 0.3717369453019999 ), overall correlation =  0.0 , anisotropic correlation (target) =  0.501388
anisolt tmp_sym.lat tmp_sym_aniso.lat 57.297,58.215,69.052,90.0,112.83,90.0
corrlt tmp_sym_aniso.lat data.lat
Function iteration =  42 , (sigma) = ( 0.37195059999794367 ), overall correlation =  0.0 , anisotropic correlation (target) =  0.501392
anisolt tmp_sym.lat tmp_sym_aniso.lat 57.297,58.215,69.052,90.0,112.83,90.0
corrlt tmp_sym_aniso.lat data.lat
Function iteration =  43 , (sigma) = ( 0.3718689911683528 ), overall correlation =  0.0 , anisotropic correlation (target) =  0.501389
anisolt tmp_sym.lat tmp_sym_aniso.lat 57.297,58.215,69.052,90.0,112.83,90.0
corrlt tmp_sym_aniso.lat data.lat
Function iteration =  44 , (sigma) = ( 0.3720010370280622 ), overall correlation =  0.0 , anisotropic correlation (target) =  0.50139
anisolt tmp_sym.lat tmp_sym_aniso.lat 57.297,58.215,69.052,90.0,112.83,90.0
corrlt tmp_sym_aniso.lat data.lat
Function iteration =  45 , (sigma) = ( 0.3719415573903585 ), overall correlation =  0.0 , anisotropic correlation (target) =  0.501391
anisolt tmp_sym.lat tmp_sym_aniso.lat 57.297,58.215,69.052,90.0,112.83,90.0
corrlt tmp_sym_aniso.lat data.lat
Function iteration =  46 , (sigma) = ( 0.3719679692222972 ), overall correlation =  0.0 , anisotropic correlation (target) =  0.501391
anisolt tmp_sym.lat tmp_sym_aniso.lat 57.297,58.215,69.052,90.0,112.83,90.0
corrlt tmp_sym_aniso.lat data.lat
Function iteration =  47 , (sigma) = ( 0.3719547633063278 ), overall correlation =  0.0 , anisotropic correlation (target) =  0.501392
anisolt tmp_sym.lat tmp_sym_aniso.lat 57.297,58.215,69.052,90.0,112.83,90.0
corrlt tmp_sym_aniso.lat data.lat
Function iteration =  48 , (sigma) = ( 0.37195268165213574 ), overall correlation =  0.0 , anisotropic correlation (target) =  0.501392
anisolt tmp_sym.lat tmp_sym_aniso.lat 57.297,58.215,69.052,90.0,112.83,90.0
corrlt tmp_sym_aniso.lat data.lat
Function iteration =  49 , (sigma) = ( 0.37195188653101063 ), overall correlation =  0.0 , anisotropic correlation (target) =  0.501392
anisolt tmp_sym.lat tmp_sym_aniso.lat 57.297,58.215,69.052,90.0,112.83,90.0
corrlt tmp_sym_aniso.lat data.lat
Function iteration =  50 , (sigma) = ( 0.3719513951191212 ), overall correlation =  0.0 , anisotropic correlation (target) =  0.501392
anisolt tmp_sym.lat tmp_sym_aniso.lat 57.297,58.215,69.052,90.0,112.83,90.0
corrlt tmp_sym_aniso.lat data.lat
Function iteration =  51 , (sigma) = ( 0.3719510914098655 ), overall correlation =  0.0 , anisotropic correlation (target) =  0.501392
anisolt tmp_sym.lat tmp_sym_aniso.lat 57.297,58.215,69.052,90.0,112.83,90.0
corrlt tmp_sym_aniso.lat data.lat
Function iteration =  52 , (sigma) = ( 0.37195090370721934 ), overall correlation =  0.0 , anisotropic correlation (target) =  0.501392
anisolt tmp_sym.lat tmp_sym_aniso.lat 57.297,58.215,69.052,90.0,112.83,90.0
corrlt tmp_sym_aniso.lat data.lat
Function iteration =  53 , (sigma) = ( 0.37195078770060214 ), overall correlation =  0.0 , anisotropic correlation (target) =  0.501392
anisolt tmp_sym.lat tmp_sym_aniso.lat 57.297,58.215,69.052,90.0,112.83,90.0
corrlt tmp_sym_aniso.lat data.lat
Function iteration =  54 , (sigma) = ( 0.3719507160045685 ), overall correlation =  0.0 , anisotropic correlation (target) =  0.501392
anisolt tmp_sym.lat tmp_sym_aniso.lat 57.297,58.215,69.052,90.0,112.83,90.0
corrlt tmp_sym_aniso.lat data.lat
Function iteration =  55 , (sigma) = ( 0.37195067169398205 ), overall correlation =  0.0 , anisotropic correlation (target) =  0.501392
anisolt tmp_sym.lat tmp_sym_aniso.lat 57.297,58.215,69.052,90.0,112.83,90.0
corrlt tmp_sym_aniso.lat data.lat
Function iteration =  56 , (sigma) = ( 0.37195064430853303 ), overall correlation =  0.0 , anisotropic correlation (target) =  0.501392
anisolt tmp_sym.lat tmp_sym_aniso.lat 57.297,58.215,69.052,90.0,112.83,90.0
corrlt tmp_sym_aniso.lat data.lat
Function iteration =  57 , (sigma) = ( 0.37195062738339446 ), overall correlation =  0.0 , anisotropic correlation (target) =  0.501392
anisolt tmp_sym.lat tmp_sym_aniso.lat 57.297,58.215,69.052,90.0,112.83,90.0
corrlt tmp_sym_aniso.lat data.lat
Function iteration =  58 , (sigma) = ( 0.37195061692308334 ), overall correlation =  0.0 , anisotropic correlation (target) =  0.501392
anisolt tmp_sym.lat tmp_sym_aniso.lat 57.297,58.215,69.052,90.0,112.83,90.0
corrlt tmp_sym_aniso.lat data.lat
Function iteration =  59 , (sigma) = ( 0.37195061045825545 ), overall correlation =  0.0 , anisotropic correlation (target) =  0.501392
anisolt tmp_sym.lat tmp_sym_aniso.lat 57.297,58.215,69.052,90.0,112.83,90.0
corrlt tmp_sym_aniso.lat data.lat
Function iteration =  60 , (sigma) = ( 0.371950606462772 ), overall correlation =  0.0 , anisotropic correlation (target) =  0.501392
anisolt tmp_sym.lat tmp_sym_aniso.lat 57.297,58.215,69.052,90.0,112.83,90.0
corrlt tmp_sym_aniso.lat data.lat
Function iteration =  61 , (sigma) = ( 0.3719506039934274 ), overall correlation =  0.0 , anisotropic correlation (target) =  0.501392
anisolt tmp_sym.lat tmp_sym_aniso.lat 57.297,58.215,69.052,90.0,112.83,90.0
corrlt tmp_sym_aniso.lat data.lat
Function iteration =  62 , (sigma) = ( 0.37195060246728845 ), overall correlation =  0.0 , anisotropic correlation (target) =  0.501392
anisolt tmp_sym.lat tmp_sym_aniso.lat 57.297,58.215,69.052,90.0,112.83,90.0
corrlt tmp_sym_aniso.lat data.lat
Function iteration =  63 , (sigma) = ( 0.3719506015240827 ), overall correlation =  0.0 , anisotropic correlation (target) =  0.501392
anisolt tmp_sym.lat tmp_sym_aniso.lat 57.297,58.215,69.052,90.0,112.83,90.0
corrlt tmp_sym_aniso.lat data.lat
Function iteration =  64 , (sigma) = ( 0.37195060094114946 ), overall correlation =  0.0 , anisotropic correlation (target) =  0.501392
anisolt tmp_sym.lat tmp_sym_aniso.lat 57.297,58.215,69.052,90.0,112.83,90.0
corrlt tmp_sym_aniso.lat data.lat
Function iteration =  65 , (sigma) = ( 0.3719506005808769 ), overall correlation =  0.0 , anisotropic correlation (target) =  0.501392
anisolt tmp_sym.lat tmp_sym_aniso.lat 57.297,58.215,69.052,90.0,112.83,90.0
corrlt tmp_sym_aniso.lat data.lat
Function iteration =  66 , (sigma) = ( 0.37195060035821625 ), overall correlation =  0.0 , anisotropic correlation (target) =  0.501392
anisolt tmp_sym.lat tmp_sym_aniso.lat 57.297,58.215,69.052,90.0,112.83,90.0
corrlt tmp_sym_aniso.lat data.lat
Function iteration =  67 , (sigma) = ( 0.3719506002206044 ), overall correlation =  0.0 , anisotropic correlation (target) =  0.501392
anisolt tmp_sym.lat tmp_sym_aniso.lat 57.297,58.215,69.052,90.0,112.83,90.0
corrlt tmp_sym_aniso.lat data.lat
Function iteration =  68 , (sigma) = ( 0.37195060013555553 ), overall correlation =  0.0 , anisotropic correlation (target) =  0.501392
anisolt tmp_sym.lat tmp_sym_aniso.lat 57.297,58.215,69.052,90.0,112.83,90.0
corrlt tmp_sym_aniso.lat data.lat
Function iteration =  69 , (sigma) = ( 0.37195060008299247 ), overall correlation =  0.0 , anisotropic correlation (target) =  0.501392
anisolt tmp_sym.lat tmp_sym_aniso.lat 57.297,58.215,69.052,90.0,112.83,90.0
corrlt tmp_sym_aniso.lat data.lat
Function iteration =  70 , (sigma) = ( 0.37195060005050673 ), overall correlation =  0.0 , anisotropic correlation (target) =  0.501392
anisolt tmp_sym.lat tmp_sym_aniso.lat 57.297,58.215,69.052,90.0,112.83,90.0
corrlt tmp_sym_aniso.lat data.lat
Function iteration =  71 , (sigma) = ( 0.3719506000304294 ), overall correlation =  0.0 , anisotropic correlation (target) =  0.501392
anisolt tmp_sym.lat tmp_sym_aniso.lat 57.297,58.215,69.052,90.0,112.83,90.0
corrlt tmp_sym_aniso.lat data.lat
Function iteration =  72 , (sigma) = ( 0.371950600018021 ), overall correlation =  0.0 , anisotropic correlation (target) =  0.501392
anisolt tmp_sym.lat tmp_sym_aniso.lat 57.297,58.215,69.052,90.0,112.83,90.0
corrlt tmp_sym_aniso.lat data.lat
Function iteration =  73 , (sigma) = ( 0.37195060001035213 ), overall correlation =  0.0 , anisotropic correlation (target) =  0.501392
anisolt tmp_sym.lat tmp_sym_aniso.lat 57.297,58.215,69.052,90.0,112.83,90.0
corrlt tmp_sym_aniso.lat data.lat
Function iteration =  74 , (sigma) = ( 0.37195060000561253 ), overall correlation =  0.0 , anisotropic correlation (target) =  0.501392
anisolt tmp_sym.lat tmp_sym_aniso.lat 57.297,58.215,69.052,90.0,112.83,90.0
corrlt tmp_sym_aniso.lat data.lat
Function iteration =  75 , (sigma) = ( 0.37195060000268326 ), overall correlation =  0.0 , anisotropic correlation (target) =  0.501392
anisolt tmp_sym.lat tmp_sym_aniso.lat 57.297,58.215,69.052,90.0,112.83,90.0
corrlt tmp_sym_aniso.lat data.lat
Function iteration =  76 , (sigma) = ( 0.3719506000008729 ), overall correlation =  0.0 , anisotropic correlation (target) =  0.501392
anisolt tmp_sym.lat tmp_sym_aniso.lat 57.297,58.215,69.052,90.0,112.83,90.0
corrlt tmp_sym_aniso.lat data.lat
Function iteration =  77 , (sigma) = ( 0.37195059999975405 ), overall correlation =  0.0 , anisotropic correlation (target) =  0.501392
anisolt tmp_sym.lat tmp_sym_aniso.lat 57.297,58.215,69.052,90.0,112.83,90.0
corrlt tmp_sym_aniso.lat data.lat
Function iteration =  78 , (sigma) = ( 0.37195059999906255 ), overall correlation =  0.0 , anisotropic correlation (target) =  0.501392
anisolt tmp_sym.lat tmp_sym_aniso.lat 57.297,58.215,69.052,90.0,112.83,90.0
corrlt tmp_sym_aniso.lat data.lat
Function iteration =  79 , (sigma) = ( 0.37195059999863517 ), overall correlation =  0.0 , anisotropic correlation (target) =  0.501392
anisolt tmp_sym.lat tmp_sym_aniso.lat 57.297,58.215,69.052,90.0,112.83,90.0
corrlt tmp_sym_aniso.lat data.lat
Function iteration =  80 , (sigma) = ( 0.37195059999837105 ), overall correlation =  0.0 , anisotropic correlation (target) =  0.501392
anisolt tmp_sym.lat tmp_sym_aniso.lat 57.297,58.215,69.052,90.0,112.83,90.0
corrlt tmp_sym_aniso.lat data.lat
Function iteration =  81 , (sigma) = ( 0.3719505999982078 ), overall correlation =  0.0 , anisotropic correlation (target) =  0.501392
anisolt tmp_sym.lat tmp_sym_aniso.lat 57.297,58.215,69.052,90.0,112.83,90.0
corrlt tmp_sym_aniso.lat data.lat
Function iteration =  82 , (sigma) = ( 0.3719505999981069 ), overall correlation =  0.0 , anisotropic correlation (target) =  0.501392
anisolt tmp_sym.lat tmp_sym_aniso.lat 57.297,58.215,69.052,90.0,112.83,90.0
corrlt tmp_sym_aniso.lat data.lat
Function iteration =  83 , (sigma) = ( 0.37195059999804453 ), overall correlation =  0.0 , anisotropic correlation (target) =  0.501392
anisolt tmp_sym.lat tmp_sym_aniso.lat 57.297,58.215,69.052,90.0,112.83,90.0
corrlt tmp_sym_aniso.lat data.lat
Function iteration =  84 , (sigma) = ( 0.371950599998006 ), overall correlation =  0.0 , anisotropic correlation (target) =  0.501392
anisolt tmp_sym.lat tmp_sym_aniso.lat 57.297,58.215,69.052,90.0,112.83,90.0
corrlt tmp_sym_aniso.lat data.lat
Function iteration =  85 , (sigma) = ( 0.3719505999979822 ), overall correlation =  0.0 , anisotropic correlation (target) =  0.501392
anisolt tmp_sym.lat tmp_sym_aniso.lat 57.297,58.215,69.052,90.0,112.83,90.0
corrlt tmp_sym_aniso.lat data.lat
Function iteration =  86 , (sigma) = ( 0.3719505999979675 ), overall correlation =  0.0 , anisotropic correlation (target) =  0.501392
anisolt tmp_sym.lat tmp_sym_aniso.lat 57.297,58.215,69.052,90.0,112.83,90.0
corrlt tmp_sym_aniso.lat data.lat
Function iteration =  87 , (sigma) = ( 0.3719505999979584 ), overall correlation =  0.0 , anisotropic correlation (target) =  0.501392
anisolt tmp_sym.lat tmp_sym_aniso.lat 57.297,58.215,69.052,90.0,112.83,90.0
corrlt tmp_sym_aniso.lat data.lat
Function iteration =  88 , (sigma) = ( 0.37195059999795277 ), overall correlation =  0.0 , anisotropic correlation (target) =  0.501392
anisolt tmp_sym.lat tmp_sym_aniso.lat 57.297,58.215,69.052,90.0,112.83,90.0
corrlt tmp_sym_aniso.lat data.lat
Function iteration =  89 , (sigma) = ( 0.37195059999794927 ), overall correlation =  0.0 , anisotropic correlation (target) =  0.501392
anisolt tmp_sym.lat tmp_sym_aniso.lat 57.297,58.215,69.052,90.0,112.83,90.0
corrlt tmp_sym_aniso.lat data.lat
Function iteration =  90 , (sigma) = ( 0.37195059999794716 ), overall correlation =  0.0 , anisotropic correlation (target) =  0.501392
anisolt tmp_sym.lat tmp_sym_aniso.lat 57.297,58.215,69.052,90.0,112.83,90.0
corrlt tmp_sym_aniso.lat data.lat
Function iteration =  91 , (sigma) = ( 0.3719505999979458 ), overall correlation =  0.0 , anisotropic correlation (target) =  0.501392
Optimization terminated successfully.
         Current function value: -0.501392
         Iterations: 2
         Function evaluations: 91
Refined sigma =  0.3719505999979458
