origin: 40 41 49
82 84 100 688800
Initializing the hkl file data...
Reading the hkl file data...
...done
Writing file
Done writing file
anisolt tmp_sym.lat tmp_sym_aniso.lat 57.297,58.215,69.052,90.0,112.83,90.0
corrlt tmp_sym_aniso.lat data.lat
Function iteration =  1 , (sigma) = ( 0.36 ), overall correlation =  0.0 , anisotropic correlation (target) =  0.473618
anisolt tmp_sym.lat tmp_sym_aniso.lat 57.297,58.215,69.052,90.0,112.83,90.0
corrlt tmp_sym_aniso.lat data.lat
Function iteration =  2 , (sigma) = ( 0.36 ), overall correlation =  0.0 , anisotropic correlation (target) =  0.473618
anisolt tmp_sym.lat tmp_sym_aniso.lat 57.297,58.215,69.052,90.0,112.83,90.0
corrlt tmp_sym_aniso.lat data.lat
Function iteration =  3 , (sigma) = ( 1.3599999999999999 ), overall correlation =  0.0 , anisotropic correlation (target) =  0.0573207
Function iteration =  4 , (sigma) = ( -1.2580339999999999 ), overall correlation =  0 , anisotropic correlation (target) =  0
anisolt tmp_sym.lat tmp_sym_aniso.lat 57.297,58.215,69.052,90.0,112.83,90.0
corrlt tmp_sym_aniso.lat data.lat
Function iteration =  5 , (sigma) = ( 0.36 ), overall correlation =  0.0 , anisotropic correlation (target) =  0.473618
Function iteration =  6 , (sigma) = ( -0.25803397484400004 ), overall correlation =  0 , anisotropic correlation (target) =  0
anisolt tmp_sym.lat tmp_sym_aniso.lat 57.297,58.215,69.052,90.0,112.83,90.0
corrlt tmp_sym_aniso.lat data.lat
Function iteration =  7 , (sigma) = ( 0.741966 ), overall correlation =  0.0 , anisotropic correlation (target) =  0.258804
anisolt tmp_sym.lat tmp_sym_aniso.lat 57.297,58.215,69.052,90.0,112.83,90.0
corrlt tmp_sym_aniso.lat data.lat
Function iteration =  8 , (sigma) = ( 0.3393544467044483 ), overall correlation =  0.0 , anisotropic correlation (target) =  0.483114
anisolt tmp_sym.lat tmp_sym_aniso.lat 57.297,58.215,69.052,90.0,112.83,90.0
corrlt tmp_sym_aniso.lat data.lat
Function iteration =  9 , (sigma) = ( 0.1111723808792737 ), overall correlation =  0.0 , anisotropic correlation (target) =  0.543577
anisolt tmp_sym.lat tmp_sym_aniso.lat 57.297,58.215,69.052,90.0,112.83,90.0
corrlt tmp_sym_aniso.lat data.lat
Function iteration =  10 , (sigma) = ( 0.056182760940291676 ), overall correlation =  0.0 , anisotropic correlation (target) =  0.546664
anisolt tmp_sym.lat tmp_sym_aniso.lat 57.297,58.215,69.052,90.0,112.83,90.0
corrlt tmp_sym_aniso.lat data.lat
Function iteration =  11 , (sigma) = ( 0.045618002883074715 ), overall correlation =  0.0 , anisotropic correlation (target) =  0.546979
Function iteration =  12 , (sigma) = ( -0.07036672844142511 ), overall correlation =  0 , anisotropic correlation (target) =  0
anisolt tmp_sym.lat tmp_sym_aniso.lat 57.297,58.215,69.052,90.0,112.83,90.0
corrlt tmp_sym_aniso.lat data.lat
Function iteration =  13 , (sigma) = ( 0.013771844869580496 ), overall correlation =  0.0 , anisotropic correlation (target) =  0.547515
anisolt tmp_sym.lat tmp_sym_aniso.lat 57.297,58.215,69.052,90.0,112.83,90.0
corrlt tmp_sym_aniso.lat data.lat
Function iteration =  14 , (sigma) = ( 0.0022092169496152336 ), overall correlation =  0.0 , anisotropic correlation (target) =  0.547559
Function iteration =  15 , (sigma) = ( -0.0013686908908885909 ), overall correlation =  0 , anisotropic correlation (target) =  0
anisolt tmp_sym.lat tmp_sym_aniso.lat 57.297,58.215,69.052,90.0,112.83,90.0
corrlt tmp_sym_aniso.lat data.lat
Function iteration =  16 , (sigma) = ( 0.005787124790119058 ), overall correlation =  0.0 , anisotropic correlation (target) =  0.547537
Function iteration =  17 , (sigma) = ( -0.3555815661007695 ), overall correlation =  0 , anisotropic correlation (target) =  0
anisolt tmp_sym.lat tmp_sym_aniso.lat 57.297,58.215,69.052,90.0,112.83,90.0
corrlt tmp_sym_aniso.lat data.lat
Function iteration =  18 , (sigma) = ( 0.0022092169496152336 ), overall correlation =  0.0 , anisotropic correlation (target) =  0.547559
anisolt tmp_sym.lat tmp_sym_aniso.lat 57.297,58.215,69.052,90.0,112.83,90.0
corrlt tmp_sym_aniso.lat data.lat
Function iteration =  19 , (sigma) = ( 1.0022092169496153 ), overall correlation =  0.0 , anisotropic correlation (target) =  0.13289
Function iteration =  20 , (sigma) = ( -1.6158247830503847 ), overall correlation =  0 , anisotropic correlation (target) =  0
anisolt tmp_sym.lat tmp_sym_aniso.lat 57.297,58.215,69.052,90.0,112.83,90.0
corrlt tmp_sym_aniso.lat data.lat
Function iteration =  21 , (sigma) = ( 0.0022092169496152336 ), overall correlation =  0.0 , anisotropic correlation (target) =  0.547559
Function iteration =  22 , (sigma) = ( -0.6158247578943847 ), overall correlation =  0 , anisotropic correlation (target) =  0
anisolt tmp_sym.lat tmp_sym_aniso.lat 57.297,58.215,69.052,90.0,112.83,90.0
corrlt tmp_sym_aniso.lat data.lat
Function iteration =  23 , (sigma) = ( 0.38417521694961526 ), overall correlation =  0.0 , anisotropic correlation (target) =  0.461949
anisolt tmp_sym.lat tmp_sym_aniso.lat 57.297,58.215,69.052,90.0,112.83,90.0
corrlt tmp_sym_aniso.lat data.lat
Function iteration =  24 , (sigma) = ( 0.09224180940538441 ), overall correlation =  0.0 , anisotropic correlation (target) =  0.544964
anisolt tmp_sym.lat tmp_sym_aniso.lat 57.297,58.215,69.052,90.0,112.83,90.0
corrlt tmp_sym_aniso.lat data.lat
Function iteration =  25 , (sigma) = ( 0.025684129494158818 ), overall correlation =  0.0 , anisotropic correlation (target) =  0.547391
anisolt tmp_sym.lat tmp_sym_aniso.lat 57.297,58.215,69.052,90.0,112.83,90.0
corrlt tmp_sym_aniso.lat data.lat
Function iteration =  26 , (sigma) = ( 0.0029543791273214407 ), overall correlation =  0.0 , anisotropic correlation (target) =  0.547456
Function iteration =  27 , (sigma) = ( -0.2338587482856481 ), overall correlation =  0 , anisotropic correlation (target) =  0
Function iteration =  28 , (sigma) = ( -0.08796071945943737 ), overall correlation =  0 , anisotropic correlation (target) =  0
Function iteration =  29 , (sigma) = ( -0.032232632980804955 ), overall correlation =  0 , anisotropic correlation (target) =  0
Function iteration =  30 , (sigma) = ( -0.010946398700907646 ), overall correlation =  0 , anisotropic correlation (target) =  0
Function iteration =  31 , (sigma) = ( -0.002815780937952389 ), overall correlation =  0 , anisotropic correlation (target) =  0
anisolt tmp_sym.lat tmp_sym_aniso.lat 57.297,58.215,69.052,90.0,112.83,90.0
corrlt tmp_sym_aniso.lat data.lat
Function iteration =  32 , (sigma) = ( 0.000289838606492579 ), overall correlation =  0.0 , anisotropic correlation (target) =  0.541609
anisolt tmp_sym.lat tmp_sym_aniso.lat 57.297,58.215,69.052,90.0,112.83,90.0
corrlt tmp_sym_aniso.lat data.lat
Function iteration =  33 , (sigma) = ( 0.0014760796814060457 ), overall correlation =  0.0 , anisotropic correlation (target) =  0.547527
anisolt tmp_sym.lat tmp_sym_aniso.lat 57.297,58.215,69.052,90.0,112.83,90.0
corrlt tmp_sym_aniso.lat data.lat
Function iteration =  34 , (sigma) = ( 0.002020038229875642 ), overall correlation =  0.0 , anisotropic correlation (target) =  0.547627
anisolt tmp_sym.lat tmp_sym_aniso.lat 57.297,58.215,69.052,90.0,112.83,90.0
corrlt tmp_sym_aniso.lat data.lat
Function iteration =  35 , (sigma) = ( 0.0018720987338810755 ), overall correlation =  0.0 , anisotropic correlation (target) =  0.54756
anisolt tmp_sym.lat tmp_sym_aniso.lat 57.297,58.215,69.052,90.0,112.83,90.0
corrlt tmp_sym_aniso.lat data.lat
Function iteration =  36 , (sigma) = ( 0.0020400423331302583 ), overall correlation =  0.0 , anisotropic correlation (target) =  0.547596
anisolt tmp_sym.lat tmp_sym_aniso.lat 57.297,58.215,69.052,90.0,112.83,90.0
corrlt tmp_sym_aniso.lat data.lat
Function iteration =  37 , (sigma) = ( 0.00196505898374634 ), overall correlation =  0.0 , anisotropic correlation (target) =  0.547558
anisolt tmp_sym.lat tmp_sym_aniso.lat 57.297,58.215,69.052,90.0,112.83,90.0
corrlt tmp_sym_aniso.lat data.lat
Function iteration =  38 , (sigma) = ( 0.001999038027148617 ), overall correlation =  0.0 , anisotropic correlation (target) =  0.54761
anisolt tmp_sym.lat tmp_sym_aniso.lat 57.297,58.215,69.052,90.0,112.83,90.0
corrlt tmp_sym_aniso.lat data.lat
Function iteration =  39 , (sigma) = ( 0.0020165730702025957 ), overall correlation =  0.0 , anisotropic correlation (target) =  0.547663
anisolt tmp_sym.lat tmp_sym_aniso.lat 57.297,58.215,69.052,90.0,112.83,90.0
corrlt tmp_sym_aniso.lat data.lat
Function iteration =  40 , (sigma) = ( 0.002010171905834276 ), overall correlation =  0.0 , anisotropic correlation (target) =  0.54761
anisolt tmp_sym.lat tmp_sym_aniso.lat 57.297,58.215,69.052,90.0,112.83,90.0
corrlt tmp_sym_aniso.lat data.lat
Function iteration =  41 , (sigma) = ( 0.002014646621408469 ), overall correlation =  0.0 , anisotropic correlation (target) =  0.54763
anisolt tmp_sym.lat tmp_sym_aniso.lat 57.297,58.215,69.052,90.0,112.83,90.0
corrlt tmp_sym_aniso.lat data.lat
Function iteration =  42 , (sigma) = ( 0.0018239291907899578 ), overall correlation =  0.0 , anisotropic correlation (target) =  0.547534
anisolt tmp_sym.lat tmp_sym_aniso.lat 57.297,58.215,69.052,90.0,112.83,90.0
corrlt tmp_sym_aniso.lat data.lat
Function iteration =  43 , (sigma) = ( 0.0020165730702025957 ), overall correlation =  0.0 , anisotropic correlation (target) =  0.547663
anisolt tmp_sym.lat tmp_sym_aniso.lat 57.297,58.215,69.052,90.0,112.83,90.0
corrlt tmp_sym_aniso.lat data.lat
Function iteration =  44 , (sigma) = ( 1.0020165730702026 ), overall correlation =  0.0 , anisotropic correlation (target) =  0.132959
Function iteration =  45 , (sigma) = ( -1.6160174269297973 ), overall correlation =  0 , anisotropic correlation (target) =  0
anisolt tmp_sym.lat tmp_sym_aniso.lat 57.297,58.215,69.052,90.0,112.83,90.0
corrlt tmp_sym_aniso.lat data.lat
Function iteration =  46 , (sigma) = ( 0.0020165730702025957 ), overall correlation =  0.0 , anisotropic correlation (target) =  0.547663
Function iteration =  47 , (sigma) = ( -0.6160174017737974 ), overall correlation =  0 , anisotropic correlation (target) =  0
anisolt tmp_sym.lat tmp_sym_aniso.lat 57.297,58.215,69.052,90.0,112.83,90.0
corrlt tmp_sym_aniso.lat data.lat
Function iteration =  48 , (sigma) = ( 0.3839825730702026 ), overall correlation =  0.0 , anisotropic correlation (target) =  0.462043
anisolt tmp_sym.lat tmp_sym_aniso.lat 57.297,58.215,69.052,90.0,112.83,90.0
corrlt tmp_sym_aniso.lat data.lat
Function iteration =  49 , (sigma) = ( 0.09205505606805447 ), overall correlation =  0.0 , anisotropic correlation (target) =  0.544978
anisolt tmp_sym.lat tmp_sym_aniso.lat 57.297,58.215,69.052,90.0,112.83,90.0
corrlt tmp_sym_aniso.lat data.lat
Function iteration =  50 , (sigma) = ( 0.024637825460564602 ), overall correlation =  0.0 , anisotropic correlation (target) =  0.547358
Function iteration =  51 , (sigma) = ( -0.014491291173694883 ), overall correlation =  0 , anisotropic correlation (target) =  0
anisolt tmp_sym.lat tmp_sym_aniso.lat 57.297,58.215,69.052,90.0,112.83,90.0
corrlt tmp_sym_aniso.lat data.lat
Function iteration =  52 , (sigma) = ( 0.010657122360739612 ), overall correlation =  0.0 , anisotropic correlation (target) =  0.547554
Function iteration =  53 , (sigma) = ( -0.00428886980358195 ), overall correlation =  0 , anisotropic correlation (target) =  0
anisolt tmp_sym.lat tmp_sym_aniso.lat 57.297,58.215,69.052,90.0,112.83,90.0
corrlt tmp_sym_aniso.lat data.lat
Function iteration =  54 , (sigma) = ( 0.005316969120511857 ), overall correlation =  0.0 , anisotropic correlation (target) =  0.547574
Function iteration =  55 , (sigma) = ( -0.00039189172252539206 ), overall correlation =  0 , anisotropic correlation (target) =  0
anisolt tmp_sym.lat tmp_sym_aniso.lat 57.297,58.215,69.052,90.0,112.83,90.0
corrlt tmp_sym_aniso.lat data.lat
Function iteration =  56 , (sigma) = ( 0.003277212147955023 ), overall correlation =  0.0 , anisotropic correlation (target) =  0.547586
anisolt tmp_sym.lat tmp_sym_aniso.lat 57.297,58.215,69.052,90.0,112.83,90.0
corrlt tmp_sym_aniso.lat data.lat
Function iteration =  57 , (sigma) = ( 0.001096621407183457 ), overall correlation =  0.0 , anisotropic correlation (target) =  0.547619
anisolt tmp_sym.lat tmp_sym_aniso.lat 57.297,58.215,69.052,90.0,112.83,90.0
corrlt tmp_sym_aniso.lat data.lat
Function iteration =  58 , (sigma) = ( 0.002035413772547481 ), overall correlation =  0.0 , anisotropic correlation (target) =  0.547608
anisolt tmp_sym.lat tmp_sym_aniso.lat 57.297,58.215,69.052,90.0,112.83,90.0
corrlt tmp_sym_aniso.lat data.lat
Function iteration =  59 , (sigma) = ( 0.0015641638907854761 ), overall correlation =  0.0 , anisotropic correlation (target) =  0.547509
anisolt tmp_sym.lat tmp_sym_aniso.lat 57.297,58.215,69.052,90.0,112.83,90.0
corrlt tmp_sym_aniso.lat data.lat
Function iteration =  60 , (sigma) = ( 0.0018437681455773561 ), overall correlation =  0.0 , anisotropic correlation (target) =  0.547494
anisolt tmp_sym.lat tmp_sym_aniso.lat 57.297,58.215,69.052,90.0,112.83,90.0
corrlt tmp_sym_aniso.lat data.lat
Function iteration =  61 , (sigma) = ( 0.0019505674643631914 ), overall correlation =  0.0 , anisotropic correlation (target) =  0.547583
anisolt tmp_sym.lat tmp_sym_aniso.lat 57.297,58.215,69.052,90.0,112.83,90.0
corrlt tmp_sym_aniso.lat data.lat
Function iteration =  62 , (sigma) = ( 0.001991361172962542 ), overall correlation =  0.0 , anisotropic correlation (target) =  0.547618
anisolt tmp_sym.lat tmp_sym_aniso.lat 57.297,58.215,69.052,90.0,112.83,90.0
corrlt tmp_sym_aniso.lat data.lat
Function iteration =  63 , (sigma) = ( 0.0020069429826614013 ), overall correlation =  0.0 , anisotropic correlation (target) =  0.547631
anisolt tmp_sym.lat tmp_sym_aniso.lat 57.297,58.215,69.052,90.0,112.83,90.0
corrlt tmp_sym_aniso.lat data.lat
Function iteration =  64 , (sigma) = ( 0.0020237695779144623 ), overall correlation =  0.0 , anisotropic correlation (target) =  0.547575
anisolt tmp_sym.lat tmp_sym_aniso.lat 57.297,58.215,69.052,90.0,112.83,90.0
corrlt tmp_sym_aniso.lat data.lat
Function iteration =  65 , (sigma) = ( 0.0020128947041848358 ), overall correlation =  0.0 , anisotropic correlation (target) =  0.54756
anisolt tmp_sym.lat tmp_sym_aniso.lat 57.297,58.215,69.052,90.0,112.83,90.0
corrlt tmp_sym_aniso.lat data.lat
Function iteration =  66 , (sigma) = ( 0.0020193218914672665 ), overall correlation =  0.0 , anisotropic correlation (target) =  0.547591
anisolt tmp_sym.lat tmp_sym_aniso.lat 57.297,58.215,69.052,90.0,112.83,90.0
corrlt tmp_sym_aniso.lat data.lat
Function iteration =  67 , (sigma) = ( 0.002015168059448256 ), overall correlation =  0.0 , anisotropic correlation (target) =  0.547622
anisolt tmp_sym.lat tmp_sym_aniso.lat 57.297,58.215,69.052,90.0,112.83,90.0
corrlt tmp_sym_aniso.lat data.lat
Function iteration =  68 , (sigma) = ( 0.002017623026465777 ), overall correlation =  0.0 , anisotropic correlation (target) =  0.547682
anisolt tmp_sym.lat tmp_sym_aniso.lat 57.297,58.215,69.052,90.0,112.83,90.0
corrlt tmp_sym_aniso.lat data.lat
Function iteration =  69 , (sigma) = ( 0.002018271935134936 ), overall correlation =  0.0 , anisotropic correlation (target) =  0.547629
anisolt tmp_sym.lat tmp_sym_aniso.lat 57.297,58.215,69.052,90.0,112.83,90.0
corrlt tmp_sym_aniso.lat data.lat
Function iteration =  70 , (sigma) = ( 0.0020172219788717545 ), overall correlation =  0.0 , anisotropic correlation (target) =  0.547692
anisolt tmp_sym.lat tmp_sym_aniso.lat 57.297,58.215,69.052,90.0,112.83,90.0
corrlt tmp_sym_aniso.lat data.lat
Function iteration =  71 , (sigma) = ( 0.002017234493351359 ), overall correlation =  0.0 , anisotropic correlation (target) =  0.54769
anisolt tmp_sym.lat tmp_sym_aniso.lat 57.297,58.215,69.052,90.0,112.83,90.0
corrlt tmp_sym_aniso.lat data.lat
Function iteration =  72 , (sigma) = ( 0.0020169741178230308 ), overall correlation =  0.0 , anisotropic correlation (target) =  0.547681
anisolt tmp_sym.lat tmp_sym_aniso.lat 57.297,58.215,69.052,90.0,112.83,90.0
corrlt tmp_sym_aniso.lat data.lat
Function iteration =  73 , (sigma) = ( 0.002017127304378418 ), overall correlation =  0.0 , anisotropic correlation (target) =  0.54771
anisolt tmp_sym.lat tmp_sym_aniso.lat 57.297,58.215,69.052,90.0,112.83,90.0
corrlt tmp_sym_aniso.lat data.lat
Function iteration =  74 , (sigma) = ( 0.002017068792322603 ), overall correlation =  0.0 , anisotropic correlation (target) =  0.547702
anisolt tmp_sym.lat tmp_sym_aniso.lat 57.297,58.215,69.052,90.0,112.83,90.0
corrlt tmp_sym_aniso.lat data.lat
Function iteration =  75 , (sigma) = ( 0.002017132856720176 ), overall correlation =  0.0 , anisotropic correlation (target) =  0.547704
anisolt tmp_sym.lat tmp_sym_aniso.lat 57.297,58.215,69.052,90.0,112.83,90.0
corrlt tmp_sym_aniso.lat data.lat
Function iteration =  76 , (sigma) = ( 0.0020171016459784494 ), overall correlation =  0.0 , anisotropic correlation (target) =  0.547713
anisolt tmp_sym.lat tmp_sym_aniso.lat 57.297,58.215,69.052,90.0,112.83,90.0
corrlt tmp_sym_aniso.lat data.lat
Function iteration =  77 , (sigma) = ( 0.0020170890969989403 ), overall correlation =  0.0 , anisotropic correlation (target) =  0.547711
anisolt tmp_sym.lat tmp_sym_aniso.lat 57.297,58.215,69.052,90.0,112.83,90.0
corrlt tmp_sym_aniso.lat data.lat
Function iteration =  78 , (sigma) = ( 0.002017106941736208 ), overall correlation =  0.0 , anisotropic correlation (target) =  0.547714
anisolt tmp_sym.lat tmp_sym_aniso.lat 57.297,58.215,69.052,90.0,112.83,90.0
corrlt tmp_sym_aniso.lat data.lat
Function iteration =  79 , (sigma) = ( 0.002017114719573202 ), overall correlation =  0.0 , anisotropic correlation (target) =  0.547714
anisolt tmp_sym.lat tmp_sym_aniso.lat 57.297,58.215,69.052,90.0,112.83,90.0
corrlt tmp_sym_aniso.lat data.lat
Function iteration =  80 , (sigma) = ( 0.0020171201460669084 ), overall correlation =  0.0 , anisotropic correlation (target) =  0.547712
Optimization terminated successfully.
         Current function value: -0.547714
         Iterations: 3
         Function evaluations: 80
Refined sigma =  0.002017114719573202
