origin: 40 41 49
82 84 100 688800
Initializing the hkl file data...
Reading the hkl file data...
...done
Writing file
Done writing file
anisolt tmp_sym.lat tmp_sym_aniso.lat 57.297,58.215,69.052,90.0,112.83,90.0
corrlt tmp_sym_aniso.lat data.lat
Function iteration =  1 , (sigma) = ( 0.36 ), overall correlation =  0.0 , anisotropic correlation (target) =  0.496874
anisolt tmp_sym.lat tmp_sym_aniso.lat 57.297,58.215,69.052,90.0,112.83,90.0
corrlt tmp_sym_aniso.lat data.lat
Function iteration =  2 , (sigma) = ( 0.36 ), overall correlation =  0.0 , anisotropic correlation (target) =  0.496874
anisolt tmp_sym.lat tmp_sym_aniso.lat 57.297,58.215,69.052,90.0,112.83,90.0
corrlt tmp_sym_aniso.lat data.lat
Function iteration =  3 , (sigma) = ( 1.3599999999999999 ), overall correlation =  0.0 , anisotropic correlation (target) =  0.0759843
Function iteration =  4 , (sigma) = ( -1.2580339999999999 ), overall correlation =  0 , anisotropic correlation (target) =  0
anisolt tmp_sym.lat tmp_sym_aniso.lat 57.297,58.215,69.052,90.0,112.83,90.0
corrlt tmp_sym_aniso.lat data.lat
Function iteration =  5 , (sigma) = ( 0.36 ), overall correlation =  0.0 , anisotropic correlation (target) =  0.496874
Function iteration =  6 , (sigma) = ( -0.25803397484400004 ), overall correlation =  0 , anisotropic correlation (target) =  0
anisolt tmp_sym.lat tmp_sym_aniso.lat 57.297,58.215,69.052,90.0,112.83,90.0
corrlt tmp_sym_aniso.lat data.lat
Function iteration =  7 , (sigma) = ( 0.741966 ), overall correlation =  0.0 , anisotropic correlation (target) =  0.34175
anisolt tmp_sym.lat tmp_sym_aniso.lat 57.297,58.215,69.052,90.0,112.83,90.0
corrlt tmp_sym_aniso.lat data.lat
Function iteration =  8 , (sigma) = ( 0.3831758066527561 ), overall correlation =  0.0 , anisotropic correlation (target) =  0.497521
anisolt tmp_sym.lat tmp_sym_aniso.lat 57.297,58.215,69.052,90.0,112.83,90.0
corrlt tmp_sym_aniso.lat data.lat
Function iteration =  9 , (sigma) = ( 0.38294404857622855 ), overall correlation =  0.0 , anisotropic correlation (target) =  0.497534
anisolt tmp_sym.lat tmp_sym_aniso.lat 57.297,58.215,69.052,90.0,112.83,90.0
corrlt tmp_sym_aniso.lat data.lat
Function iteration =  10 , (sigma) = ( 0.3754001272237867 ), overall correlation =  0.0 , anisotropic correlation (target) =  0.497598
anisolt tmp_sym.lat tmp_sym_aniso.lat 57.297,58.215,69.052,90.0,112.83,90.0
corrlt tmp_sym_aniso.lat data.lat
Function iteration =  11 , (sigma) = ( 0.36951780222862574 ), overall correlation =  0.0 , anisotropic correlation (target) =  0.497449
anisolt tmp_sym.lat tmp_sym_aniso.lat 57.297,58.215,69.052,90.0,112.83,90.0
corrlt tmp_sym_aniso.lat data.lat
Function iteration =  12 , (sigma) = ( 0.37847930180344685 ), overall correlation =  0.0 , anisotropic correlation (target) =  0.497602
anisolt tmp_sym.lat tmp_sym_aniso.lat 57.297,58.215,69.052,90.0,112.83,90.0
corrlt tmp_sym_aniso.lat data.lat
Function iteration =  13 , (sigma) = ( 0.3772361524191562 ), overall correlation =  0.0 , anisotropic correlation (target) =  0.497606
anisolt tmp_sym.lat tmp_sym_aniso.lat 57.297,58.215,69.052,90.0,112.83,90.0
corrlt tmp_sym_aniso.lat data.lat
Function iteration =  14 , (sigma) = ( 0.37706379088496467 ), overall correlation =  0.0 , anisotropic correlation (target) =  0.497607
anisolt tmp_sym.lat tmp_sym_aniso.lat 57.297,58.215,69.052,90.0,112.83,90.0
corrlt tmp_sym_aniso.lat data.lat
Function iteration =  15 , (sigma) = ( 0.37642832793095915 ), overall correlation =  0.0 , anisotropic correlation (target) =  0.4976
anisolt tmp_sym.lat tmp_sym_aniso.lat 57.297,58.215,69.052,90.0,112.83,90.0
corrlt tmp_sym_aniso.lat data.lat
Function iteration =  16 , (sigma) = ( 0.37682106564227497 ), overall correlation =  0.0 , anisotropic correlation (target) =  0.497606
anisolt tmp_sym.lat tmp_sym_aniso.lat 57.297,58.215,69.052,90.0,112.83,90.0
corrlt tmp_sym_aniso.lat data.lat
Function iteration =  17 , (sigma) = ( 0.39412758176992935 ), overall correlation =  0.0 , anisotropic correlation (target) =  0.496962
anisolt tmp_sym.lat tmp_sym_aniso.lat 57.297,58.215,69.052,90.0,112.83,90.0
corrlt tmp_sym_aniso.lat data.lat
Function iteration =  18 , (sigma) = ( 0.37706379088496467 ), overall correlation =  0.0 , anisotropic correlation (target) =  0.497607
anisolt tmp_sym.lat tmp_sym_aniso.lat 57.297,58.215,69.052,90.0,112.83,90.0
corrlt tmp_sym_aniso.lat data.lat
Function iteration =  19 , (sigma) = ( 0.39412758176992935 ), overall correlation =  0.0 , anisotropic correlation (target) =  0.496962
anisolt tmp_sym.lat tmp_sym_aniso.lat 57.297,58.215,69.052,90.0,112.83,90.0
corrlt tmp_sym_aniso.lat data.lat
Function iteration =  20 , (sigma) = ( 0.3494539970642017 ), overall correlation =  0.0 , anisotropic correlation (target) =  0.495724
anisolt tmp_sym.lat tmp_sym_aniso.lat 57.297,58.215,69.052,90.0,112.83,90.0
corrlt tmp_sym_aniso.lat data.lat
Function iteration =  21 , (sigma) = ( 0.37706379088496467 ), overall correlation =  0.0 , anisotropic correlation (target) =  0.497607
anisolt tmp_sym.lat tmp_sym_aniso.lat 57.297,58.215,69.052,90.0,112.83,90.0
corrlt tmp_sym_aniso.lat data.lat
Function iteration =  22 , (sigma) = ( 0.36651778837842314 ), overall correlation =  0.0 , anisotropic correlation (target) =  0.497327
anisolt tmp_sym.lat tmp_sym_aniso.lat 57.297,58.215,69.052,90.0,112.83,90.0
corrlt tmp_sym_aniso.lat data.lat
Function iteration =  23 , (sigma) = ( 0.3835815788341311 ), overall correlation =  0.0 , anisotropic correlation (target) =  0.497513
anisolt tmp_sym.lat tmp_sym_aniso.lat 57.297,58.215,69.052,90.0,112.83,90.0
corrlt tmp_sym_aniso.lat data.lat
Function iteration =  24 , (sigma) = ( 0.3773195034103094 ), overall correlation =  0.0 , anisotropic correlation (target) =  0.497606
anisolt tmp_sym.lat tmp_sym_aniso.lat 57.297,58.215,69.052,90.0,112.83,90.0
corrlt tmp_sym_aniso.lat data.lat
Function iteration =  25 , (sigma) = ( 0.37602678504339204 ), overall correlation =  0.0 , anisotropic correlation (target) =  0.497595
anisolt tmp_sym.lat tmp_sym_aniso.lat 57.297,58.215,69.052,90.0,112.83,90.0
corrlt tmp_sym_aniso.lat data.lat
Function iteration =  26 , (sigma) = ( 0.37702838589259 ), overall correlation =  0.0 , anisotropic correlation (target) =  0.497611
anisolt tmp_sym.lat tmp_sym_aniso.lat 57.297,58.215,69.052,90.0,112.83,90.0
corrlt tmp_sym_aniso.lat data.lat
Function iteration =  27 , (sigma) = ( 0.37664580842262524 ), overall correlation =  0.0 , anisotropic correlation (target) =  0.497608
anisolt tmp_sym.lat tmp_sym_aniso.lat 57.297,58.215,69.052,90.0,112.83,90.0
corrlt tmp_sym_aniso.lat data.lat
Function iteration =  28 , (sigma) = ( 0.37685066126495576 ), overall correlation =  0.0 , anisotropic correlation (target) =  0.497604
anisolt tmp_sym.lat tmp_sym_aniso.lat 57.297,58.215,69.052,90.0,112.83,90.0
corrlt tmp_sym_aniso.lat data.lat
Function iteration =  29 , (sigma) = ( 0.37696050112747104 ), overall correlation =  0.0 , anisotropic correlation (target) =  0.497604
anisolt tmp_sym.lat tmp_sym_aniso.lat 57.297,58.215,69.052,90.0,112.83,90.0
corrlt tmp_sym_aniso.lat data.lat
Function iteration =  30 , (sigma) = ( 0.3770024562203966 ), overall correlation =  0.0 , anisotropic correlation (target) =  0.49761
anisolt tmp_sym.lat tmp_sym_aniso.lat 57.297,58.215,69.052,90.0,112.83,90.0
corrlt tmp_sym_aniso.lat data.lat
Function iteration =  31 , (sigma) = ( 0.37704190939590737 ), overall correlation =  0.0 , anisotropic correlation (target) =  0.497609
anisolt tmp_sym.lat tmp_sym_aniso.lat 57.297,58.215,69.052,90.0,112.83,90.0
corrlt tmp_sym_aniso.lat data.lat
Function iteration =  32 , (sigma) = ( 0.3770195012179473 ), overall correlation =  0.0 , anisotropic correlation (target) =  0.497611
anisolt tmp_sym.lat tmp_sym_aniso.lat 57.297,58.215,69.052,90.0,112.83,90.0
corrlt tmp_sym_aniso.lat data.lat
Function iteration =  33 , (sigma) = ( 0.37702394355526864 ), overall correlation =  0.0 , anisotropic correlation (target) =  0.497611
anisolt tmp_sym.lat tmp_sym_aniso.lat 57.297,58.215,69.052,90.0,112.83,90.0
corrlt tmp_sym_aniso.lat data.lat
Function iteration =  34 , (sigma) = ( 0.37702224673345136 ), overall correlation =  0.0 , anisotropic correlation (target) =  0.497611
anisolt tmp_sym.lat tmp_sym_aniso.lat 57.297,58.215,69.052,90.0,112.83,90.0
corrlt tmp_sym_aniso.lat data.lat
Function iteration =  35 , (sigma) = ( 0.3770211980398763 ), overall correlation =  0.0 , anisotropic correlation (target) =  0.497612
anisolt tmp_sym.lat tmp_sym_aniso.lat 57.297,58.215,69.052,90.0,112.83,90.0
corrlt tmp_sym_aniso.lat data.lat
Function iteration =  36 , (sigma) = ( 0.3770205499115914 ), overall correlation =  0.0 , anisotropic correlation (target) =  0.497612
anisolt tmp_sym.lat tmp_sym_aniso.lat 57.297,58.215,69.052,90.0,112.83,90.0
corrlt tmp_sym_aniso.lat data.lat
Function iteration =  37 , (sigma) = ( 0.377020117501687 ), overall correlation =  0.0 , anisotropic correlation (target) =  0.497612
anisolt tmp_sym.lat tmp_sym_aniso.lat 57.297,58.215,69.052,90.0,112.83,90.0
corrlt tmp_sym_aniso.lat data.lat
Function iteration =  38 , (sigma) = ( 0.377020117501687 ), overall correlation =  0.0 , anisotropic correlation (target) =  0.497612
anisolt tmp_sym.lat tmp_sym_aniso.lat 57.297,58.215,69.052,90.0,112.83,90.0
corrlt tmp_sym_aniso.lat data.lat
Function iteration =  39 , (sigma) = ( 0.37697644411840936 ), overall correlation =  0.0 , anisotropic correlation (target) =  0.497607
anisolt tmp_sym.lat tmp_sym_aniso.lat 57.297,58.215,69.052,90.0,112.83,90.0
corrlt tmp_sym_aniso.lat data.lat
Function iteration =  40 , (sigma) = ( 0.37709078252072525 ), overall correlation =  0.0 , anisotropic correlation (target) =  0.497608
anisolt tmp_sym.lat tmp_sym_aniso.lat 57.297,58.215,69.052,90.0,112.83,90.0
corrlt tmp_sym_aniso.lat data.lat
Function iteration =  41 , (sigma) = ( 0.377020117501687 ), overall correlation =  0.0 , anisotropic correlation (target) =  0.497612
anisolt tmp_sym.lat tmp_sym_aniso.lat 57.297,58.215,69.052,90.0,112.83,90.0
corrlt tmp_sym_aniso.lat data.lat
Function iteration =  42 , (sigma) = ( 0.377047109136349 ), overall correlation =  0.0 , anisotropic correlation (target) =  0.497609
anisolt tmp_sym.lat tmp_sym_aniso.lat 57.297,58.215,69.052,90.0,112.83,90.0
corrlt tmp_sym_aniso.lat data.lat
Function iteration =  43 , (sigma) = ( 0.37700343575417 ), overall correlation =  0.0 , anisotropic correlation (target) =  0.49761
anisolt tmp_sym.lat tmp_sym_aniso.lat 57.297,58.215,69.052,90.0,112.83,90.0
corrlt tmp_sym_aniso.lat data.lat
Function iteration =  44 , (sigma) = ( 0.37702310829032554 ), overall correlation =  0.0 , anisotropic correlation (target) =  0.497612
anisolt tmp_sym.lat tmp_sym_aniso.lat 57.297,58.215,69.052,90.0,112.83,90.0
corrlt tmp_sym_aniso.lat data.lat
Function iteration =  45 , (sigma) = ( 0.3770216128960063 ), overall correlation =  0.0 , anisotropic correlation (target) =  0.497611
anisolt tmp_sym.lat tmp_sym_aniso.lat 57.297,58.215,69.052,90.0,112.83,90.0
corrlt tmp_sym_aniso.lat data.lat
Function iteration =  46 , (sigma) = ( 0.3770322757974777 ), overall correlation =  0.0 , anisotropic correlation (target) =  0.497609
anisolt tmp_sym.lat tmp_sym_aniso.lat 57.297,58.215,69.052,90.0,112.83,90.0
corrlt tmp_sym_aniso.lat data.lat
Function iteration =  47 , (sigma) = ( 0.37702660996636245 ), overall correlation =  0.0 , anisotropic correlation (target) =  0.49761
anisolt tmp_sym.lat tmp_sym_aniso.lat 57.297,58.215,69.052,90.0,112.83,90.0
corrlt tmp_sym_aniso.lat data.lat
Function iteration =  48 , (sigma) = ( 0.3770244458115146 ), overall correlation =  0.0 , anisotropic correlation (target) =  0.497611
anisolt tmp_sym.lat tmp_sym_aniso.lat 57.297,58.215,69.052,90.0,112.83,90.0
corrlt tmp_sym_aniso.lat data.lat
Function iteration =  49 , (sigma) = ( 0.37702253710053896 ), overall correlation =  0.0 , anisotropic correlation (target) =  0.497612
anisolt tmp_sym.lat tmp_sym_aniso.lat 57.297,58.215,69.052,90.0,112.83,90.0
corrlt tmp_sym_aniso.lat data.lat
Function iteration =  50 , (sigma) = ( 0.37702218408583044 ), overall correlation =  0.0 , anisotropic correlation (target) =  0.497611
anisolt tmp_sym.lat tmp_sym_aniso.lat 57.297,58.215,69.052,90.0,112.83,90.0
corrlt tmp_sym_aniso.lat data.lat
Function iteration =  51 , (sigma) = ( 0.37702275527561696 ), overall correlation =  0.0 , anisotropic correlation (target) =  0.497612
anisolt tmp_sym.lat tmp_sym_aniso.lat 57.297,58.215,69.052,90.0,112.83,90.0
corrlt tmp_sym_aniso.lat data.lat
Function iteration =  52 , (sigma) = ( 0.37702289011523316 ), overall correlation =  0.0 , anisotropic correlation (target) =  0.497612
anisolt tmp_sym.lat tmp_sym_aniso.lat 57.297,58.215,69.052,90.0,112.83,90.0
corrlt tmp_sym_aniso.lat data.lat
Function iteration =  53 , (sigma) = ( 0.37702297345070046 ), overall correlation =  0.0 , anisotropic correlation (target) =  0.497612
anisolt tmp_sym.lat tmp_sym_aniso.lat 57.297,58.215,69.052,90.0,112.83,90.0
corrlt tmp_sym_aniso.lat data.lat
Function iteration =  54 , (sigma) = ( 0.3770230249548527 ), overall correlation =  0.0 , anisotropic correlation (target) =  0.497612
anisolt tmp_sym.lat tmp_sym_aniso.lat 57.297,58.215,69.052,90.0,112.83,90.0
corrlt tmp_sym_aniso.lat data.lat
Function iteration =  55 , (sigma) = ( 0.37702305678616993 ), overall correlation =  0.0 , anisotropic correlation (target) =  0.497612
Optimization terminated successfully.
         Current function value: -0.497612
         Iterations: 2
         Function evaluations: 55
Refined sigma =  0.37702305678616993
