origin: 40 41 49
82 84 100 688800
Initializing the hkl file data...
Reading the hkl file data...
...done
Writing file
Done writing file
anisolt tmp_sym.lat tmp_sym_aniso.lat 57.31,58.215,69.03,90.0,112.81,90.0
corrlt tmp_sym_aniso.lat data.lat
Function iteration =  1 , (sigma) = ( 0.36 ), overall correlation =  0.0 , anisotropic correlation (target) =  0.484231
anisolt tmp_sym.lat tmp_sym_aniso.lat 57.31,58.215,69.03,90.0,112.81,90.0
corrlt tmp_sym_aniso.lat data.lat
Function iteration =  2 , (sigma) = ( 0.36 ), overall correlation =  0.0 , anisotropic correlation (target) =  0.484231
anisolt tmp_sym.lat tmp_sym_aniso.lat 57.31,58.215,69.03,90.0,112.81,90.0
corrlt tmp_sym_aniso.lat data.lat
Function iteration =  3 , (sigma) = ( 1.3599999999999999 ), overall correlation =  0.0 , anisotropic correlation (target) =  0.0520518
Function iteration =  4 , (sigma) = ( -1.2580339999999999 ), overall correlation =  0 , anisotropic correlation (target) =  0
anisolt tmp_sym.lat tmp_sym_aniso.lat 57.31,58.215,69.03,90.0,112.81,90.0
corrlt tmp_sym_aniso.lat data.lat
Function iteration =  5 , (sigma) = ( 0.36 ), overall correlation =  0.0 , anisotropic correlation (target) =  0.484231
Function iteration =  6 , (sigma) = ( -0.25803397484400004 ), overall correlation =  0 , anisotropic correlation (target) =  0
anisolt tmp_sym.lat tmp_sym_aniso.lat 57.31,58.215,69.03,90.0,112.81,90.0
corrlt tmp_sym_aniso.lat data.lat
Function iteration =  7 , (sigma) = ( 0.741966 ), overall correlation =  0.0 , anisotropic correlation (target) =  0.257872
anisolt tmp_sym.lat tmp_sym_aniso.lat 57.31,58.215,69.03,90.0,112.81,90.0
corrlt tmp_sym_aniso.lat data.lat
Function iteration =  8 , (sigma) = ( 0.33566147915081573 ), overall correlation =  0.0 , anisotropic correlation (target) =  0.496392
anisolt tmp_sym.lat tmp_sym_aniso.lat 57.31,58.215,69.03,90.0,112.81,90.0
corrlt tmp_sym_aniso.lat data.lat
Function iteration =  9 , (sigma) = ( 0.10889000137023191 ), overall correlation =  0.0 , anisotropic correlation (target) =  0.563482
anisolt tmp_sym.lat tmp_sym_aniso.lat 57.31,58.215,69.03,90.0,112.81,90.0
corrlt tmp_sym_aniso.lat data.lat
Function iteration =  10 , (sigma) = ( 0.040023285184141444 ), overall correlation =  0.0 , anisotropic correlation (target) =  0.567786
anisolt tmp_sym.lat tmp_sym_aniso.lat 57.31,58.215,69.03,90.0,112.81,90.0
corrlt tmp_sym_aniso.lat data.lat
Function iteration =  11 , (sigma) = ( 0.03486679438634338 ), overall correlation =  0.0 , anisotropic correlation (target) =  0.567936
anisolt tmp_sym.lat tmp_sym_aniso.lat 57.31,58.215,69.03,90.0,112.81,90.0
corrlt tmp_sym_aniso.lat data.lat
Function iteration =  12 , (sigma) = ( 0.005217686516870268 ), overall correlation =  0.0 , anisotropic correlation (target) =  0.568391
Function iteration =  13 , (sigma) = ( -0.09533549756649595 ), overall correlation =  0 , anisotropic correlation (target) =  0
anisolt tmp_sym.lat tmp_sym_aniso.lat 57.31,58.215,69.03,90.0,112.81,90.0
corrlt tmp_sym_aniso.lat data.lat
Function iteration =  14 , (sigma) = ( 0.0006099032039456609 ), overall correlation =  0.0 , anisotropic correlation (target) =  0.567718
anisolt tmp_sym.lat tmp_sym_aniso.lat 57.31,58.215,69.03,90.0,112.81,90.0
corrlt tmp_sym_aniso.lat data.lat
Function iteration =  15 , (sigma) = ( 0.016542637653341408 ), overall correlation =  0.0 , anisotropic correlation (target) =  0.568283
anisolt tmp_sym.lat tmp_sym_aniso.lat 57.31,58.215,69.03,90.0,112.81,90.0
corrlt tmp_sym_aniso.lat data.lat
Function iteration =  16 , (sigma) = ( 0.00954343280266362 ), overall correlation =  0.0 , anisotropic correlation (target) =  0.568327
Function iteration =  17 , (sigma) = ( -0.34956462696625945 ), overall correlation =  0 , anisotropic correlation (target) =  0
anisolt tmp_sym.lat tmp_sym_aniso.lat 57.31,58.215,69.03,90.0,112.81,90.0
corrlt tmp_sym_aniso.lat data.lat
Function iteration =  18 , (sigma) = ( 0.005217686516870268 ), overall correlation =  0.0 , anisotropic correlation (target) =  0.568391
anisolt tmp_sym.lat tmp_sym_aniso.lat 57.31,58.215,69.03,90.0,112.81,90.0
corrlt tmp_sym_aniso.lat data.lat
Function iteration =  19 , (sigma) = ( 1.0052176865168703 ), overall correlation =  0.0 , anisotropic correlation (target) =  0.127764
Function iteration =  20 , (sigma) = ( -1.6128163134831297 ), overall correlation =  0 , anisotropic correlation (target) =  0
anisolt tmp_sym.lat tmp_sym_aniso.lat 57.31,58.215,69.03,90.0,112.81,90.0
corrlt tmp_sym_aniso.lat data.lat
Function iteration =  21 , (sigma) = ( 0.005217686516870268 ), overall correlation =  0.0 , anisotropic correlation (target) =  0.568391
Function iteration =  22 , (sigma) = ( -0.6128162883271298 ), overall correlation =  0 , anisotropic correlation (target) =  0
anisolt tmp_sym.lat tmp_sym_aniso.lat 57.31,58.215,69.03,90.0,112.81,90.0
corrlt tmp_sym_aniso.lat data.lat
Function iteration =  23 , (sigma) = ( 0.3871836865168703 ), overall correlation =  0.0 , anisotropic correlation (target) =  0.46992
anisolt tmp_sym.lat tmp_sym_aniso.lat 57.31,58.215,69.03,90.0,112.81,90.0
corrlt tmp_sym_aniso.lat data.lat
Function iteration =  24 , (sigma) = ( 0.08672909803981156 ), overall correlation =  0.0 , anisotropic correlation (target) =  0.565442
anisolt tmp_sym.lat tmp_sym_aniso.lat 57.31,58.215,69.03,90.0,112.81,90.0
corrlt tmp_sym_aniso.lat data.lat
Function iteration =  25 , (sigma) = ( 0.02144927334877802 ), overall correlation =  0.0 , anisotropic correlation (target) =  0.568222
anisolt tmp_sym.lat tmp_sym_aniso.lat 57.31,58.215,69.03,90.0,112.81,90.0
corrlt tmp_sym_aniso.lat data.lat
Function iteration =  26 , (sigma) = ( 0.00014460578298730944 ), overall correlation =  0.0 , anisotropic correlation (target) =  0.529869
anisolt tmp_sym.lat tmp_sym_aniso.lat 57.31,58.215,69.03,90.0,112.81,90.0
corrlt tmp_sym_aniso.lat data.lat
Function iteration =  27 , (sigma) = ( 0.011417600812706746 ), overall correlation =  0.0 , anisotropic correlation (target) =  0.568319
anisolt tmp_sym.lat tmp_sym_aniso.lat 57.31,58.215,69.03,90.0,112.81,90.0
corrlt tmp_sym_aniso.lat data.lat
Function iteration =  28 , (sigma) = ( 0.007585842980793744 ), overall correlation =  0.0 , anisotropic correlation (target) =  0.568353
anisolt tmp_sym.lat tmp_sym_aniso.lat 57.31,58.215,69.03,90.0,112.81,90.0
corrlt tmp_sym_aniso.lat data.lat
Function iteration =  29 , (sigma) = ( 0.00327994216127193 ), overall correlation =  0.0 , anisotropic correlation (target) =  0.568386
anisolt tmp_sym.lat tmp_sym_aniso.lat 57.31,58.215,69.03,90.0,112.81,90.0
corrlt tmp_sym_aniso.lat data.lat
Function iteration =  30 , (sigma) = ( 0.00454706057383354 ), overall correlation =  0.0 , anisotropic correlation (target) =  0.568353
anisolt tmp_sym.lat tmp_sym_aniso.lat 57.31,58.215,69.03,90.0,112.81,90.0
corrlt tmp_sym_aniso.lat data.lat
Function iteration =  31 , (sigma) = ( 0.006122241768769262 ), overall correlation =  0.0 , anisotropic correlation (target) =  0.568354
anisolt tmp_sym.lat tmp_sym_aniso.lat 57.31,58.215,69.03,90.0,112.81,90.0
corrlt tmp_sym_aniso.lat data.lat
Function iteration =  32 , (sigma) = ( 0.00556319586821712 ), overall correlation =  0.0 , anisotropic correlation (target) =  0.568387
anisolt tmp_sym.lat tmp_sym_aniso.lat 57.31,58.215,69.03,90.0,112.81,90.0
corrlt tmp_sym_aniso.lat data.lat
Function iteration =  33 , (sigma) = ( 0.0049615302079123015 ), overall correlation =  0.0 , anisotropic correlation (target) =  0.568348
anisolt tmp_sym.lat tmp_sym_aniso.lat 57.31,58.215,69.03,90.0,112.81,90.0
corrlt tmp_sym_aniso.lat data.lat
Function iteration =  34 , (sigma) = ( 0.005349659341766819 ), overall correlation =  0.0 , anisotropic correlation (target) =  0.568383
anisolt tmp_sym.lat tmp_sym_aniso.lat 57.31,58.215,69.03,90.0,112.81,90.0
corrlt tmp_sym_aniso.lat data.lat
Function iteration =  35 , (sigma) = ( 0.005119843516162829 ), overall correlation =  0.0 , anisotropic correlation (target) =  0.56834
anisolt tmp_sym.lat tmp_sym_aniso.lat 57.31,58.215,69.03,90.0,112.81,90.0
corrlt tmp_sym_aniso.lat data.lat
Function iteration =  36 , (sigma) = ( 0.005268095648904704 ), overall correlation =  0.0 , anisotropic correlation (target) =  0.568389
anisolt tmp_sym.lat tmp_sym_aniso.lat 57.31,58.215,69.03,90.0,112.81,90.0
corrlt tmp_sym_aniso.lat data.lat
Function iteration =  37 , (sigma) = ( 0.00518031381726205 ), overall correlation =  0.0 , anisotropic correlation (target) =  0.568384
anisolt tmp_sym.lat tmp_sym_aniso.lat 57.31,58.215,69.03,90.0,112.81,90.0
corrlt tmp_sym_aniso.lat data.lat
Function iteration =  38 , (sigma) = ( 0.005236941091396934 ), overall correlation =  0.0 , anisotropic correlation (target) =  0.568372
anisolt tmp_sym.lat tmp_sym_aniso.lat 57.31,58.215,69.03,90.0,112.81,90.0
corrlt tmp_sym_aniso.lat data.lat
Function iteration =  39 , (sigma) = ( 0.005203411416291715 ), overall correlation =  0.0 , anisotropic correlation (target) =  0.568393
anisolt tmp_sym.lat tmp_sym_aniso.lat 57.31,58.215,69.03,90.0,112.81,90.0
corrlt tmp_sym_aniso.lat data.lat
Function iteration =  40 , (sigma) = ( 0.00519458891878075 ), overall correlation =  0.0 , anisotropic correlation (target) =  0.568387
anisolt tmp_sym.lat tmp_sym_aniso.lat 57.31,58.215,69.03,90.0,112.81,90.0
corrlt tmp_sym_aniso.lat data.lat
Function iteration =  41 , (sigma) = ( 0.005208864019359303 ), overall correlation =  0.0 , anisotropic correlation (target) =  0.568382
anisolt tmp_sym.lat tmp_sym_aniso.lat 57.31,58.215,69.03,90.0,112.81,90.0
corrlt tmp_sym_aniso.lat data.lat
Function iteration =  42 , (sigma) = ( 0.005200041522207442 ), overall correlation =  0.0 , anisotropic correlation (target) =  0.568392
anisolt tmp_sym.lat tmp_sym_aniso.lat 57.31,58.215,69.03,90.0,112.81,90.0
corrlt tmp_sym_aniso.lat data.lat
Function iteration =  43 , (sigma) = ( 0.005207719460136924 ), overall correlation =  0.0 , anisotropic correlation (target) =  0.568392
anisolt tmp_sym.lat tmp_sym_aniso.lat 57.31,58.215,69.03,90.0,112.81,90.0
corrlt tmp_sym_aniso.lat data.lat
Function iteration =  44 , (sigma) = ( 0.005203880491172183 ), overall correlation =  0.0 , anisotropic correlation (target) =  0.568387
anisolt tmp_sym.lat tmp_sym_aniso.lat 57.31,58.215,69.03,90.0,112.81,90.0
corrlt tmp_sym_aniso.lat data.lat
Function iteration =  45 , (sigma) = ( 0.00520326865528593 ), overall correlation =  0.0 , anisotropic correlation (target) =  0.568393
anisolt tmp_sym.lat tmp_sym_aniso.lat 57.31,58.215,69.03,90.0,112.81,90.0
corrlt tmp_sym_aniso.lat data.lat
Function iteration =  46 , (sigma) = ( 0.005203124466670087 ), overall correlation =  0.0 , anisotropic correlation (target) =  0.568392
Optimization terminated successfully.
         Current function value: -0.568393
         Iterations: 2
         Function evaluations: 46
Refined sigma =  0.00520326865528593
