origin: 40 41 49
82 84 100 688800
Initializing the hkl file data...
Reading the hkl file data...
...done
Writing file
Done writing file
anisolt tmp_sym.lat tmp_sym_aniso.lat 57.31,58.215,69.03,90.0,112.81,90.0
corrlt tmp_sym_aniso.lat data.lat
Function iteration =  1 , (sigma) = ( 0.36 ), overall correlation =  0.0 , anisotropic correlation (target) =  0.518315
anisolt tmp_sym.lat tmp_sym_aniso.lat 57.31,58.215,69.03,90.0,112.81,90.0
corrlt tmp_sym_aniso.lat data.lat
Function iteration =  2 , (sigma) = ( 0.36 ), overall correlation =  0.0 , anisotropic correlation (target) =  0.518315
anisolt tmp_sym.lat tmp_sym_aniso.lat 57.31,58.215,69.03,90.0,112.81,90.0
corrlt tmp_sym_aniso.lat data.lat
Function iteration =  3 , (sigma) = ( 1.3599999999999999 ), overall correlation =  0.0 , anisotropic correlation (target) =  0.0687985
Function iteration =  4 , (sigma) = ( -1.2580339999999999 ), overall correlation =  0 , anisotropic correlation (target) =  0
anisolt tmp_sym.lat tmp_sym_aniso.lat 57.31,58.215,69.03,90.0,112.81,90.0
corrlt tmp_sym_aniso.lat data.lat
Function iteration =  5 , (sigma) = ( 0.36 ), overall correlation =  0.0 , anisotropic correlation (target) =  0.518315
Function iteration =  6 , (sigma) = ( -0.25803397484400004 ), overall correlation =  0 , anisotropic correlation (target) =  0
anisolt tmp_sym.lat tmp_sym_aniso.lat 57.31,58.215,69.03,90.0,112.81,90.0
corrlt tmp_sym_aniso.lat data.lat
Function iteration =  7 , (sigma) = ( 0.741966 ), overall correlation =  0.0 , anisotropic correlation (target) =  0.341522
anisolt tmp_sym.lat tmp_sym_aniso.lat 57.31,58.215,69.03,90.0,112.81,90.0
corrlt tmp_sym_aniso.lat data.lat
Function iteration =  8 , (sigma) = ( 0.37316909825360745 ), overall correlation =  0.0 , anisotropic correlation (target) =  0.51806
anisolt tmp_sym.lat tmp_sym_aniso.lat 57.31,58.215,69.03,90.0,112.81,90.0
corrlt tmp_sym_aniso.lat data.lat
Function iteration =  9 , (sigma) = ( 0.35853334339431986 ), overall correlation =  0.0 , anisotropic correlation (target) =  0.518296
anisolt tmp_sym.lat tmp_sym_aniso.lat 57.31,58.215,69.03,90.0,112.81,90.0
corrlt tmp_sym_aniso.lat data.lat
Function iteration =  10 , (sigma) = ( 0.3622000213823235 ), overall correlation =  0.0 , anisotropic correlation (target) =  0.51833
anisolt tmp_sym.lat tmp_sym_aniso.lat 57.31,58.215,69.03,90.0,112.81,90.0
corrlt tmp_sym_aniso.lat data.lat
Function iteration =  11 , (sigma) = ( 0.36638983579854034 ), overall correlation =  0.0 , anisotropic correlation (target) =  0.518294
anisolt tmp_sym.lat tmp_sym_aniso.lat 57.31,58.215,69.03,90.0,112.81,90.0
corrlt tmp_sym_aniso.lat data.lat
Function iteration =  12 , (sigma) = ( 0.36313698272308587 ), overall correlation =  0.0 , anisotropic correlation (target) =  0.518338
anisolt tmp_sym.lat tmp_sym_aniso.lat 57.31,58.215,69.03,90.0,112.81,90.0
corrlt tmp_sym_aniso.lat data.lat
Function iteration =  13 , (sigma) = ( 0.3643794620009049 ), overall correlation =  0.0 , anisotropic correlation (target) =  0.518322
anisolt tmp_sym.lat tmp_sym_aniso.lat 57.31,58.215,69.03,90.0,112.81,90.0
corrlt tmp_sym_aniso.lat data.lat
Function iteration =  14 , (sigma) = ( 0.3631029629857216 ), overall correlation =  0.0 , anisotropic correlation (target) =  0.518337
anisolt tmp_sym.lat tmp_sym_aniso.lat 57.31,58.215,69.03,90.0,112.81,90.0
corrlt tmp_sym_aniso.lat data.lat
Function iteration =  15 , (sigma) = ( 0.3636115675629173 ), overall correlation =  0.0 , anisotropic correlation (target) =  0.518331
anisolt tmp_sym.lat tmp_sym_aniso.lat 57.31,58.215,69.03,90.0,112.81,90.0
corrlt tmp_sym_aniso.lat data.lat
Function iteration =  16 , (sigma) = ( 0.36328930653756797 ), overall correlation =  0.0 , anisotropic correlation (target) =  0.518334
anisolt tmp_sym.lat tmp_sym_aniso.lat 57.31,58.215,69.03,90.0,112.81,90.0
corrlt tmp_sym_aniso.lat data.lat
Function iteration =  17 , (sigma) = ( 0.363169182786085 ), overall correlation =  0.0 , anisotropic correlation (target) =  0.518336
Optimization terminated successfully.
         Current function value: -0.518338
         Iterations: 1
         Function evaluations: 17
Refined sigma =  0.36313698272308587
