origin: 40 41 49
82 84 100 688800
Initializing the hkl file data...
Reading the hkl file data...
...done
Writing file
Done writing file
anisolt tmp_sym.lat tmp_sym_aniso.lat 57.31,58.215,69.03,90.0,112.81,90.0
corrlt tmp_sym_aniso.lat data.lat
Function iteration =  1 , (sigma) = ( 0.36 ), overall correlation =  0.0 , anisotropic correlation (target) =  0.487398
anisolt tmp_sym.lat tmp_sym_aniso.lat 57.31,58.215,69.03,90.0,112.81,90.0
corrlt tmp_sym_aniso.lat data.lat
Function iteration =  2 , (sigma) = ( 0.36 ), overall correlation =  0.0 , anisotropic correlation (target) =  0.487398
anisolt tmp_sym.lat tmp_sym_aniso.lat 57.31,58.215,69.03,90.0,112.81,90.0
corrlt tmp_sym_aniso.lat data.lat
Function iteration =  3 , (sigma) = ( 1.3599999999999999 ), overall correlation =  0.0 , anisotropic correlation (target) =  0.0599901
Function iteration =  4 , (sigma) = ( -1.2580339999999999 ), overall correlation =  0 , anisotropic correlation (target) =  0
anisolt tmp_sym.lat tmp_sym_aniso.lat 57.31,58.215,69.03,90.0,112.81,90.0
corrlt tmp_sym_aniso.lat data.lat
Function iteration =  5 , (sigma) = ( 0.36 ), overall correlation =  0.0 , anisotropic correlation (target) =  0.487398
Function iteration =  6 , (sigma) = ( -0.25803397484400004 ), overall correlation =  0 , anisotropic correlation (target) =  0
anisolt tmp_sym.lat tmp_sym_aniso.lat 57.31,58.215,69.03,90.0,112.81,90.0
corrlt tmp_sym_aniso.lat data.lat
Function iteration =  7 , (sigma) = ( 0.741966 ), overall correlation =  0.0 , anisotropic correlation (target) =  0.275693
anisolt tmp_sym.lat tmp_sym_aniso.lat 57.31,58.215,69.03,90.0,112.81,90.0
corrlt tmp_sym_aniso.lat data.lat
Function iteration =  8 , (sigma) = ( 0.3446161092269592 ), overall correlation =  0.0 , anisotropic correlation (target) =  0.494078
anisolt tmp_sym.lat tmp_sym_aniso.lat 57.31,58.215,69.03,90.0,112.81,90.0
corrlt tmp_sym_aniso.lat data.lat
Function iteration =  9 , (sigma) = ( 0.11442426721471116 ), overall correlation =  0.0 , anisotropic correlation (target) =  0.547259
anisolt tmp_sym.lat tmp_sym_aniso.lat 57.31,58.215,69.03,90.0,112.81,90.0
corrlt tmp_sym_aniso.lat data.lat
Function iteration =  10 , (sigma) = ( 0.0899101409857404 ), overall correlation =  0.0 , anisotropic correlation (target) =  0.548096
anisolt tmp_sym.lat tmp_sym_aniso.lat 57.31,58.215,69.03,90.0,112.81,90.0
corrlt tmp_sym_aniso.lat data.lat
Function iteration =  11 , (sigma) = ( 0.08008184215944775 ), overall correlation =  0.0 , anisotropic correlation (target) =  0.548286
Function iteration =  12 , (sigma) = ( -0.049066903998091216 ), overall correlation =  0 , anisotropic correlation (target) =  0
anisolt tmp_sym.lat tmp_sym_aniso.lat 57.31,58.215,69.03,90.0,112.81,90.0
corrlt tmp_sym_aniso.lat data.lat
Function iteration =  13 , (sigma) = ( 0.06258439213901273 ), overall correlation =  0.0 , anisotropic correlation (target) =  0.548522
anisolt tmp_sym.lat tmp_sym_aniso.lat 57.31,58.215,69.03,90.0,112.81,90.0
corrlt tmp_sym_aniso.lat data.lat
Function iteration =  14 , (sigma) = ( 0.03980119903037688 ), overall correlation =  0.0 , anisotropic correlation (target) =  0.548647
anisolt tmp_sym.lat tmp_sym_aniso.lat 57.31,58.215,69.03,90.0,112.81,90.0
corrlt tmp_sym_aniso.lat data.lat
Function iteration =  15 , (sigma) = ( 0.03659921101068064 ), overall correlation =  0.0 , anisotropic correlation (target) =  0.548676
anisolt tmp_sym.lat tmp_sym_aniso.lat 57.31,58.215,69.03,90.0,112.81,90.0
corrlt tmp_sym_aniso.lat data.lat
Function iteration =  16 , (sigma) = ( 0.0038776677252401193 ), overall correlation =  0.0 , anisotropic correlation (target) =  0.548657
anisolt tmp_sym.lat tmp_sym_aniso.lat 57.31,58.215,69.03,90.0,112.81,90.0
corrlt tmp_sym_aniso.lat data.lat
Function iteration =  17 , (sigma) = ( 0.021320628279005327 ), overall correlation =  0.0 , anisotropic correlation (target) =  0.548688
anisolt tmp_sym.lat tmp_sym_aniso.lat 57.31,58.215,69.03,90.0,112.81,90.0
corrlt tmp_sym_aniso.lat data.lat
Function iteration =  18 , (sigma) = ( 0.024707422006215285 ), overall correlation =  0.0 , anisotropic correlation (target) =  0.548694
anisolt tmp_sym.lat tmp_sym_aniso.lat 57.31,58.215,69.03,90.0,112.81,90.0
corrlt tmp_sym_aniso.lat data.lat
Function iteration =  19 , (sigma) = ( 0.02806034779615313 ), overall correlation =  0.0 , anisotropic correlation (target) =  0.548664
Function iteration =  20 , (sigma) = ( -0.3105851559875694 ), overall correlation =  0 , anisotropic correlation (target) =  0
anisolt tmp_sym.lat tmp_sym_aniso.lat 57.31,58.215,69.03,90.0,112.81,90.0
corrlt tmp_sym_aniso.lat data.lat
Function iteration =  21 , (sigma) = ( 0.024707422006215285 ), overall correlation =  0.0 , anisotropic correlation (target) =  0.548694
anisolt tmp_sym.lat tmp_sym_aniso.lat 57.31,58.215,69.03,90.0,112.81,90.0
corrlt tmp_sym_aniso.lat data.lat
Function iteration =  22 , (sigma) = ( 1.0247074220062153 ), overall correlation =  0.0 , anisotropic correlation (target) =  0.133955
Function iteration =  23 , (sigma) = ( -1.5933265779937846 ), overall correlation =  0 , anisotropic correlation (target) =  0
anisolt tmp_sym.lat tmp_sym_aniso.lat 57.31,58.215,69.03,90.0,112.81,90.0
corrlt tmp_sym_aniso.lat data.lat
Function iteration =  24 , (sigma) = ( 0.024707422006215285 ), overall correlation =  0.0 , anisotropic correlation (target) =  0.548694
Function iteration =  25 , (sigma) = ( -0.5933265528377847 ), overall correlation =  0 , anisotropic correlation (target) =  0
anisolt tmp_sym.lat tmp_sym_aniso.lat 57.31,58.215,69.03,90.0,112.81,90.0
corrlt tmp_sym_aniso.lat data.lat
Function iteration =  26 , (sigma) = ( 0.4066734220062153 ), overall correlation =  0.0 , anisotropic correlation (target) =  0.465548
anisolt tmp_sym.lat tmp_sym_aniso.lat 57.31,58.215,69.03,90.0,112.81,90.0
corrlt tmp_sym_aniso.lat data.lat
Function iteration =  27 , (sigma) = ( 0.11723629127307625 ), overall correlation =  0.0 , anisotropic correlation (target) =  0.547114
anisolt tmp_sym.lat tmp_sym_aniso.lat 57.31,58.215,69.03,90.0,112.81,90.0
corrlt tmp_sym_aniso.lat data.lat
Function iteration =  28 , (sigma) = ( 0.058653125160428025 ), overall correlation =  0.0 , anisotropic correlation (target) =  0.548556
anisolt tmp_sym.lat tmp_sym_aniso.lat 57.31,58.215,69.03,90.0,112.81,90.0
corrlt tmp_sym_aniso.lat data.lat
Function iteration =  29 , (sigma) = ( 0.0325276570091501 ), overall correlation =  0.0 , anisotropic correlation (target) =  0.548656
Function iteration =  30 , (sigma) = ( -0.21136054322904804 ), overall correlation =  0 , anisotropic correlation (target) =  0
Function iteration =  31 , (sigma) = ( -0.06546251440283732 ), overall correlation =  0 , anisotropic correlation (target) =  0
Function iteration =  32 , (sigma) = ( -0.009734427924204904 ), overall correlation =  0 , anisotropic correlation (target) =  0
anisolt tmp_sym.lat tmp_sym_aniso.lat 57.31,58.215,69.03,90.0,112.81,90.0
corrlt tmp_sym_aniso.lat data.lat
Function iteration =  33 , (sigma) = ( 0.011551806355692406 ), overall correlation =  0.0 , anisotropic correlation (target) =  0.548678
anisolt tmp_sym.lat tmp_sym_aniso.lat 57.31,58.215,69.03,90.0,112.81,90.0
corrlt tmp_sym_aniso.lat data.lat
Function iteration =  34 , (sigma) = ( 0.020229151211617426 ), overall correlation =  0.0 , anisotropic correlation (target) =  0.548668
anisolt tmp_sym.lat tmp_sym_aniso.lat 57.31,58.215,69.03,90.0,112.81,90.0
corrlt tmp_sym_aniso.lat data.lat
Function iteration =  35 , (sigma) = ( 0.027694485889346282 ), overall correlation =  0.0 , anisotropic correlation (target) =  0.548669
anisolt tmp_sym.lat tmp_sym_aniso.lat 57.31,58.215,69.03,90.0,112.81,90.0
corrlt tmp_sym_aniso.lat data.lat
Function iteration =  36 , (sigma) = ( 0.02299687482388592 ), overall correlation =  0.0 , anisotropic correlation (target) =  0.548665
anisolt tmp_sym.lat tmp_sym_aniso.lat 57.31,58.215,69.03,90.0,112.81,90.0
corrlt tmp_sym_aniso.lat data.lat
Function iteration =  37 , (sigma) = ( 0.0258483788493993 ), overall correlation =  0.0 , anisotropic correlation (target) =  0.548675
anisolt tmp_sym.lat tmp_sym_aniso.lat 57.31,58.215,69.03,90.0,112.81,90.0
corrlt tmp_sym_aniso.lat data.lat
Function iteration =  38 , (sigma) = ( 0.024054051141169666 ), overall correlation =  0.0 , anisotropic correlation (target) =  0.548662
anisolt tmp_sym.lat tmp_sym_aniso.lat 57.31,58.215,69.03,90.0,112.81,90.0
corrlt tmp_sym_aniso.lat data.lat
Function iteration =  39 , (sigma) = ( 0.02514322872777891 ), overall correlation =  0.0 , anisotropic correlation (target) =  0.548683
anisolt tmp_sym.lat tmp_sym_aniso.lat 57.31,58.215,69.03,90.0,112.81,90.0
corrlt tmp_sym_aniso.lat data.lat
Function iteration =  40 , (sigma) = ( 0.02445785655037727 ), overall correlation =  0.0 , anisotropic correlation (target) =  0.548686
anisolt tmp_sym.lat tmp_sym_aniso.lat 57.31,58.215,69.03,90.0,112.81,90.0
corrlt tmp_sym_aniso.lat data.lat
Function iteration =  41 , (sigma) = ( 0.024774362922316825 ), overall correlation =  0.0 , anisotropic correlation (target) =  0.548687
anisolt tmp_sym.lat tmp_sym_aniso.lat 57.31,58.215,69.03,90.0,112.81,90.0
corrlt tmp_sym_aniso.lat data.lat
Function iteration =  42 , (sigma) = ( 0.024619769374074774 ), overall correlation =  0.0 , anisotropic correlation (target) =  0.548681
anisolt tmp_sym.lat tmp_sym_aniso.lat 57.31,58.215,69.03,90.0,112.81,90.0
corrlt tmp_sym_aniso.lat data.lat
Function iteration =  43 , (sigma) = ( 0.024673941680927104 ), overall correlation =  0.0 , anisotropic correlation (target) =  0.548689
anisolt tmp_sym.lat tmp_sym_aniso.lat 57.31,58.215,69.03,90.0,112.81,90.0
corrlt tmp_sym_aniso.lat data.lat
Function iteration =  44 , (sigma) = ( 0.02472021391790401 ), overall correlation =  0.0 , anisotropic correlation (target) =  0.548695
anisolt tmp_sym.lat tmp_sym_aniso.lat 57.31,58.215,69.03,90.0,112.81,90.0
corrlt tmp_sym_aniso.lat data.lat
Function iteration =  45 , (sigma) = ( 0.024740896996523556 ), overall correlation =  0.0 , anisotropic correlation (target) =  0.548689
anisolt tmp_sym.lat tmp_sym_aniso.lat 57.31,58.215,69.03,90.0,112.81,90.0
corrlt tmp_sym_aniso.lat data.lat
Function iteration =  46 , (sigma) = ( 0.02471737094129142 ), overall correlation =  0.0 , anisotropic correlation (target) =  0.548696
anisolt tmp_sym.lat tmp_sym_aniso.lat 57.31,58.215,69.03,90.0,112.81,90.0
corrlt tmp_sym_aniso.lat data.lat
Function iteration =  47 , (sigma) = ( 0.024714722496495683 ), overall correlation =  0.0 , anisotropic correlation (target) =  0.548695
anisolt tmp_sym.lat tmp_sym_aniso.lat 57.31,58.215,69.03,90.0,112.81,90.0
corrlt tmp_sym_aniso.lat data.lat
Function iteration =  48 , (sigma) = ( 0.024717470440642177 ), overall correlation =  0.0 , anisotropic correlation (target) =  0.548696
anisolt tmp_sym.lat tmp_sym_aniso.lat 57.31,58.215,69.03,90.0,112.81,90.0
corrlt tmp_sym_aniso.lat data.lat
Function iteration =  49 , (sigma) = ( 0.024717570934986447 ), overall correlation =  0.0 , anisotropic correlation (target) =  0.548696
anisolt tmp_sym.lat tmp_sym_aniso.lat 57.31,58.215,69.03,90.0,112.81,90.0
corrlt tmp_sym_aniso.lat data.lat
Function iteration =  50 , (sigma) = ( 0.024718580464599536 ), overall correlation =  0.0 , anisotropic correlation (target) =  0.548695
anisolt tmp_sym.lat tmp_sym_aniso.lat 57.31,58.215,69.03,90.0,112.81,90.0
corrlt tmp_sym_aniso.lat data.lat
Function iteration =  51 , (sigma) = ( 0.02471795654097464 ), overall correlation =  0.0 , anisotropic correlation (target) =  0.548696
anisolt tmp_sym.lat tmp_sym_aniso.lat 57.31,58.215,69.03,90.0,112.81,90.0
corrlt tmp_sym_aniso.lat data.lat
Function iteration =  52 , (sigma) = ( 0.024718194858585948 ), overall correlation =  0.0 , anisotropic correlation (target) =  0.548697
anisolt tmp_sym.lat tmp_sym_aniso.lat 57.31,58.215,69.03,90.0,112.81,90.0
corrlt tmp_sym_aniso.lat data.lat
Function iteration =  53 , (sigma) = ( 0.024718342146972536 ), overall correlation =  0.0 , anisotropic correlation (target) =  0.548695
anisolt tmp_sym.lat tmp_sym_aniso.lat 57.31,58.215,69.03,90.0,112.81,90.0
corrlt tmp_sym_aniso.lat data.lat
Function iteration =  54 , (sigma) = ( 0.02471808712006224 ), overall correlation =  0.0 , anisotropic correlation (target) =  0.548696
Optimization terminated successfully.
         Current function value: -0.548697
         Iterations: 2
         Function evaluations: 54
Refined sigma =  0.024718194858585948
