origin: 40 41 49
82 84 100 688800
Initializing the hkl file data...
Reading the hkl file data...
...done
Writing file
Done writing file
anisolt tmp_sym.lat tmp_sym_aniso.lat 57.31,58.215,69.03,90.0,112.81,90.0
corrlt tmp_sym_aniso.lat data.lat
Function iteration =  1 , (sigma) = ( 0.36 ), overall correlation =  0.0 , anisotropic correlation (target) =  0.469284
anisolt tmp_sym.lat tmp_sym_aniso.lat 57.31,58.215,69.03,90.0,112.81,90.0
corrlt tmp_sym_aniso.lat data.lat
Function iteration =  2 , (sigma) = ( 0.36 ), overall correlation =  0.0 , anisotropic correlation (target) =  0.469284
anisolt tmp_sym.lat tmp_sym_aniso.lat 57.31,58.215,69.03,90.0,112.81,90.0
corrlt tmp_sym_aniso.lat data.lat
Function iteration =  3 , (sigma) = ( 1.3599999999999999 ), overall correlation =  0.0 , anisotropic correlation (target) =  0.0514386
Function iteration =  4 , (sigma) = ( -1.2580339999999999 ), overall correlation =  0 , anisotropic correlation (target) =  0
anisolt tmp_sym.lat tmp_sym_aniso.lat 57.31,58.215,69.03,90.0,112.81,90.0
corrlt tmp_sym_aniso.lat data.lat
Function iteration =  5 , (sigma) = ( 0.36 ), overall correlation =  0.0 , anisotropic correlation (target) =  0.469284
Function iteration =  6 , (sigma) = ( -0.25803397484400004 ), overall correlation =  0 , anisotropic correlation (target) =  0
anisolt tmp_sym.lat tmp_sym_aniso.lat 57.31,58.215,69.03,90.0,112.81,90.0
corrlt tmp_sym_aniso.lat data.lat
Function iteration =  7 , (sigma) = ( 0.741966 ), overall correlation =  0.0 , anisotropic correlation (target) =  0.255152
anisolt tmp_sym.lat tmp_sym_aniso.lat 57.31,58.215,69.03,90.0,112.81,90.0
corrlt tmp_sym_aniso.lat data.lat
Function iteration =  8 , (sigma) = ( 0.3386201831774941 ), overall correlation =  0.0 , anisotropic correlation (target) =  0.478285
anisolt tmp_sym.lat tmp_sym_aniso.lat 57.31,58.215,69.03,90.0,112.81,90.0
corrlt tmp_sym_aniso.lat data.lat
Function iteration =  9 , (sigma) = ( 0.11071858105465601 ), overall correlation =  0.0 , anisotropic correlation (target) =  0.521606
anisolt tmp_sym.lat tmp_sym_aniso.lat 57.31,58.215,69.03,90.0,112.81,90.0
corrlt tmp_sym_aniso.lat data.lat
Function iteration =  10 , (sigma) = ( 0.12206805168309134 ), overall correlation =  0.0 , anisotropic correlation (target) =  0.521484
anisolt tmp_sym.lat tmp_sym_aniso.lat 57.31,58.215,69.03,90.0,112.81,90.0
corrlt tmp_sym_aniso.lat data.lat
Function iteration =  11 , (sigma) = ( 0.10822576685520258 ), overall correlation =  0.0 , anisotropic correlation (target) =  0.521622
Function iteration =  12 , (sigma) = ( -0.03167300164267506 ), overall correlation =  0 , anisotropic correlation (target) =  0
anisolt tmp_sym.lat tmp_sym_aniso.lat 57.31,58.215,69.03,90.0,112.81,90.0
corrlt tmp_sym_aniso.lat data.lat
Function iteration =  13 , (sigma) = ( 0.09921507484018033 ), overall correlation =  0.0 , anisotropic correlation (target) =  0.521648
anisolt tmp_sym.lat tmp_sym_aniso.lat 57.31,58.215,69.03,90.0,112.81,90.0
corrlt tmp_sym_aniso.lat data.lat
Function iteration =  14 , (sigma) = ( 0.09660722557858215 ), overall correlation =  0.0 , anisotropic correlation (target) =  0.521624
anisolt tmp_sym.lat tmp_sym_aniso.lat 57.31,58.215,69.03,90.0,112.81,90.0
corrlt tmp_sym_aniso.lat data.lat
Function iteration =  15 , (sigma) = ( 0.10233377260389775 ), overall correlation =  0.0 , anisotropic correlation (target) =  0.521644
Function iteration =  16 , (sigma) = ( -0.16156985031963933 ), overall correlation =  0 , anisotropic correlation (target) =  0
anisolt tmp_sym.lat tmp_sym_aniso.lat 57.31,58.215,69.03,90.0,112.81,90.0
corrlt tmp_sym_aniso.lat data.lat
Function iteration =  17 , (sigma) = ( 0.09921507484018033 ), overall correlation =  0.0 , anisotropic correlation (target) =  0.521648
anisolt tmp_sym.lat tmp_sym_aniso.lat 57.31,58.215,69.03,90.0,112.81,90.0
corrlt tmp_sym_aniso.lat data.lat
Function iteration =  18 , (sigma) = ( 1.0992150748401803 ), overall correlation =  0.0 , anisotropic correlation (target) =  0.0969761
Function iteration =  19 , (sigma) = ( -1.5188189251598196 ), overall correlation =  0 , anisotropic correlation (target) =  0
anisolt tmp_sym.lat tmp_sym_aniso.lat 57.31,58.215,69.03,90.0,112.81,90.0
corrlt tmp_sym_aniso.lat data.lat
Function iteration =  20 , (sigma) = ( 0.09921507484018033 ), overall correlation =  0.0 , anisotropic correlation (target) =  0.521648
Function iteration =  21 , (sigma) = ( -0.5188189000038197 ), overall correlation =  0 , anisotropic correlation (target) =  0
anisolt tmp_sym.lat tmp_sym_aniso.lat 57.31,58.215,69.03,90.0,112.81,90.0
corrlt tmp_sym_aniso.lat data.lat
Function iteration =  22 , (sigma) = ( 0.48118107484018036 ), overall correlation =  0.0 , anisotropic correlation (target) =  0.408451
anisolt tmp_sym.lat tmp_sym_aniso.lat 57.31,58.215,69.03,90.0,112.81,90.0
corrlt tmp_sym_aniso.lat data.lat
Function iteration =  23 , (sigma) = ( 0.16026377002127304 ), overall correlation =  0.0 , anisotropic correlation (target) =  0.519997
anisolt tmp_sym.lat tmp_sym_aniso.lat 57.31,58.215,69.03,90.0,112.81,90.0
corrlt tmp_sym_aniso.lat data.lat
Function iteration =  24 , (sigma) = ( 0.11362621621045474 ), overall correlation =  0.0 , anisotropic correlation (target) =  0.521575
anisolt tmp_sym.lat tmp_sym_aniso.lat 57.31,58.215,69.03,90.0,112.81,90.0
corrlt tmp_sym_aniso.lat data.lat
Function iteration =  25 , (sigma) = ( 0.10104620831314681 ), overall correlation =  0.0 , anisotropic correlation (target) =  0.521647
anisolt tmp_sym.lat tmp_sym_aniso.lat 57.31,58.215,69.03,90.0,112.81,90.0
corrlt tmp_sym_aniso.lat data.lat
Function iteration =  26 , (sigma) = ( 0.09937058021166706 ), overall correlation =  0.0 , anisotropic correlation (target) =  0.521652
anisolt tmp_sym.lat tmp_sym_aniso.lat 57.31,58.215,69.03,90.0,112.81,90.0
corrlt tmp_sym_aniso.lat data.lat
Function iteration =  27 , (sigma) = ( 0.10011322394279647 ), overall correlation =  0.0 , anisotropic correlation (target) =  0.521652
anisolt tmp_sym.lat tmp_sym_aniso.lat 57.31,58.215,69.03,90.0,112.81,90.0
corrlt tmp_sym_aniso.lat data.lat
Function iteration =  28 , (sigma) = ( 0.10046959225080171 ), overall correlation =  0.0 , anisotropic correlation (target) =  0.52165
anisolt tmp_sym.lat tmp_sym_aniso.lat 57.31,58.215,69.03,90.0,112.81,90.0
corrlt tmp_sym_aniso.lat data.lat
Function iteration =  29 , (sigma) = ( 0.09974190207723176 ), overall correlation =  0.0 , anisotropic correlation (target) =  0.521648
anisolt tmp_sym.lat tmp_sym_aniso.lat 57.31,58.215,69.03,90.0,112.81,90.0
corrlt tmp_sym_aniso.lat data.lat
Function iteration =  30 , (sigma) = ( 0.09997139161509418 ), overall correlation =  0.0 , anisotropic correlation (target) =  0.521651
anisolt tmp_sym.lat tmp_sym_aniso.lat 57.31,58.215,69.03,90.0,112.81,90.0
corrlt tmp_sym_aniso.lat data.lat
Function iteration =  31 , (sigma) = ( 0.10024934451993199 ), overall correlation =  0.0 , anisotropic correlation (target) =  0.521654
anisolt tmp_sym.lat tmp_sym_aniso.lat 57.31,58.215,69.03,90.0,112.81,90.0
corrlt tmp_sym_aniso.lat data.lat
Function iteration =  32 , (sigma) = ( 0.10033347166470137 ), overall correlation =  0.0 , anisotropic correlation (target) =  0.521654
anisolt tmp_sym.lat tmp_sym_aniso.lat 57.31,58.215,69.03,90.0,112.81,90.0
corrlt tmp_sym_aniso.lat data.lat
Function iteration =  33 , (sigma) = ( 0.10029140809231668 ), overall correlation =  0.0 , anisotropic correlation (target) =  0.521656
anisolt tmp_sym.lat tmp_sym_aniso.lat 57.31,58.215,69.03,90.0,112.81,90.0
corrlt tmp_sym_aniso.lat data.lat
Function iteration =  34 , (sigma) = ( 0.10028064474979533 ), overall correlation =  0.0 , anisotropic correlation (target) =  0.521654
anisolt tmp_sym.lat tmp_sym_aniso.lat 57.31,58.215,69.03,90.0,112.81,90.0
corrlt tmp_sym_aniso.lat data.lat
Function iteration =  35 , (sigma) = ( 0.10030705820724835 ), overall correlation =  0.0 , anisotropic correlation (target) =  0.521654
Optimization terminated successfully.
         Current function value: -0.521656
         Iterations: 2
         Function evaluations: 35
Refined sigma =  0.10029140809231668
