Format: scalepack_merge
Miller array info: /reg/data/ana03/scratch/zhensu/Experiment/ICH/20201225/data/G150A-3/datadir/phenix_merge_stats_2021_01_06_14_16_46_080580/exp_nosym_aniso.hkl:I,SIGI
Observation type: xray.intensity
Type of data: double, size=296445
Type of sigmas: double, size=296445
Number of Miller indices: 296445
Anomalous flag: False
Unit cell: (57.318, 58.245, 69.095, 90, 112.74, 90)
Space group: P 1 21 1 (No. 4)

                     ----------Merging statistics----------                    

Resolution: 29.77 - 1.40
Observations: 296418
Unique reflections: 82661
Redundancy: 3.6
Completeness: 100.00%
Mean intensity: 10.2
Mean I/sigma(I): 6.0
R-merge: 0.030
R-meas:  0.035
R-pim:   0.018

Redundancies (non-anomalous):
  1 : 3053
  2 : 10901
  3 : 3265
  4 : 65442

  Statistics by resolution bin:
 d_max  d_min   #obs  #uniq   mult.  %comp       <I>  <I/sI>    r_mrg   r_meas    r_pim   cc1/2   cc_ano
 29.78   3.45  21494   5658    3.80 100.00      10.1     6.2    0.064    0.075    0.038   0.743  -0.439
  3.45   2.74  20869   5538    3.77 100.00      10.2     6.2    0.037    0.044    0.022   0.836  -0.278
  2.74   2.39  20624   5545    3.72 100.00      10.2     6.1    0.029    0.034    0.017   0.802  -0.359
  2.39   2.17  20352   5526    3.68 100.00      10.2     6.1    0.031    0.036    0.019   0.734  -0.343
  2.17   2.02  20045   5500    3.64 100.00      10.2     6.1    0.028    0.033    0.017   0.716  -0.114
  2.02   1.90  19877   5500    3.61 100.00      10.2     6.0    0.027    0.031    0.016   0.645  -0.269
  1.90   1.80  19738   5498    3.59 100.00      10.2     6.0    0.026    0.031    0.016   0.485  -0.249
  1.80   1.73  19538   5477    3.57 100.00      10.2     6.0    0.025    0.029    0.015   0.314  -0.237
  1.73   1.66  19577   5522    3.55 100.00      10.2     6.0    0.025    0.029    0.015   0.249  -0.222
  1.66   1.60  19228   5465    3.52 100.00      10.2     5.9    0.025    0.029    0.015   0.163  -0.280
  1.60   1.55  19278   5503    3.50 100.00      10.3     5.9    0.025    0.029    0.015   0.117  -0.256
  1.55   1.51  19034   5464    3.48 100.00      10.2     5.9    0.025    0.029    0.015   0.065  -0.267
  1.51   1.47  18996   5482    3.47 100.00      10.2     5.9    0.025    0.029    0.015   0.072  -0.290
  1.47   1.43  18793   5464    3.44 100.00      10.2     5.9    0.023    0.028    0.014  -0.001  -0.277
  1.43   1.40  18975   5519    3.44 100.00      10.2     5.9    0.023    0.027    0.014  -0.069  -0.310
 29.77   1.40 296418  82661    3.59 100.00      10.2     6.0    0.030    0.035    0.018   0.691  -0.302

References:
  Diederichs K & Karplus PA (1997) Nature Structural Biology 4:269-275
    (with erratum in: Nat Struct Biol 1997 Jul;4(7):592)
  Weiss MS (2001) J Appl Cryst 34:130-135.
  Karplus PA & Diederichs K (2012) Science 336:1030-3.

