Format: scalepack_merge
Miller array info: /reg/data/ana03/scratch/zhensu/Experiment/ICH/20201225/data/G150T-3/datadir/phenix_merge_stats_2021_01_06_14_19_12_920805/exp_nosym_aniso.hkl:I,SIGI
Observation type: xray.intensity
Type of data: double, size=302765
Type of sigmas: double, size=302765
Number of Miller indices: 302765
Anomalous flag: False
Unit cell: (56.295, 59.716, 69.505, 90, 110.88, 90)
Space group: I 1 2 1 (No. 5)

                     ----------Merging statistics----------                    

Resolution: 26.30 - 1.40
Observations: 151406
Unique reflections: 41961
Redundancy: 3.6
Completeness: 98.98%
Mean intensity: 11.1
Mean I/sigma(I): 6.3
R-merge: 0.027
R-meas:  0.032
R-pim:   0.016

Redundancies (non-anomalous):
  1 : 1161
  2 : 3794
  3 : 5367
  4 : 31639

  Statistics by resolution bin:
 d_max  d_min   #obs  #uniq   mult.  %comp       <I>  <I/sI>    r_mrg   r_meas    r_pim   cc1/2   cc_ano
 26.30   3.45  10964   2909    3.77 100.00      11.3     6.4    0.044    0.051    0.026   0.911   0.066
  3.45   2.74  10634   2838    3.75  99.93      11.3     6.5    0.040    0.046    0.024   0.923   0.062
  2.74   2.39  10490   2830    3.71  99.79      11.2     6.4    0.029    0.034    0.017   0.935   0.062
  2.39   2.17  10422   2827    3.69  99.65      11.2     6.4    0.027    0.032    0.016   0.929   0.007
  2.17   2.02  10226   2804    3.65  99.33      11.2     6.3    0.035    0.041    0.021   0.844  -0.087
  2.02   1.90  10219   2817    3.63  99.26      11.1     6.3    0.031    0.036    0.019   0.834  -0.053
  1.90   1.80   9994   2771    3.61  99.07      11.0     6.3    0.025    0.030    0.015   0.813   0.012
  1.80   1.73   9999   2785    3.59  99.04      11.0     6.2    0.022    0.025    0.013   0.775   0.063
  1.73   1.66   9969   2792    3.57  98.97      11.0     6.2    0.021    0.024    0.013   0.733   0.120
  1.66   1.60   9941   2789    3.56  98.48      11.0     6.2    0.020    0.023    0.012   0.699   0.105
  1.60   1.55   9760   2761    3.53  98.64      11.0     6.2    0.020    0.023    0.012   0.690   0.076
  1.55   1.51   9746   2758    3.53  98.39      11.0     6.2    0.020    0.023    0.012   0.609   0.051
  1.51   1.47   9765   2775    3.52  98.09      11.0     6.2    0.022    0.026    0.014   0.524   0.075
  1.47   1.43   9658   2756    3.50  97.97      11.0     6.2    0.021    0.025    0.013   0.530   0.042
  1.43   1.40   9619   2749    3.50  97.97      11.0     6.1    0.023    0.028    0.014   0.342   0.021
 26.30   1.40 151406  41961    3.61  98.98      11.1     6.3    0.027    0.032    0.016   0.885   0.054

References:
  Diederichs K & Karplus PA (1997) Nature Structural Biology 4:269-275
    (with erratum in: Nat Struct Biol 1997 Jul;4(7):592)
  Weiss MS (2001) J Appl Cryst 34:130-135.
  Karplus PA & Diederichs K (2012) Science 336:1030-3.

