Format: scalepack_merge
Miller array info: /reg/data/ana03/scratch/zhensu/Experiment/ICH/20201225/data/WT-3/datadir/phenix_merge_stats_2021_01_06_14_13_01_622325/exp_nosym_aniso.hkl:I,SIGI
Observation type: xray.intensity
Type of data: double, size=299078
Type of sigmas: double, size=299078
Number of Miller indices: 299078
Anomalous flag: False
Unit cell: (57.31, 58.215, 69.03, 90, 112.81, 90)
Space group: P 1 21 1 (No. 4)

                     ----------Merging statistics----------                    

Resolution: 29.73 - 1.40
Observations: 299038
Unique reflections: 81917
Redundancy: 3.7
Completeness: 99.30%
Mean intensity: 22.1
Mean I/sigma(I): 8.9
R-merge: 0.020
R-meas:  0.023
R-pim:   0.012

Redundancies (non-anomalous):
  1 : 2050
  2 : 6517
  3 : 9446
  4 : 63904

  Statistics by resolution bin:
 d_max  d_min   #obs  #uniq   mult.  %comp       <I>  <I/sI>    r_mrg   r_meas    r_pim   cc1/2   cc_ano
 29.74   3.45  21471   5646    3.80 100.00      22.0     9.1    0.034    0.039    0.020   0.844   0.130
  3.45   2.74  20970   5525    3.80 100.00      22.1     9.1    0.027    0.032    0.016   0.891   0.136
  2.74   2.39  20807   5531    3.76  99.95      22.0     9.1    0.020    0.024    0.012   0.887   0.169
  2.39   2.17  20493   5512    3.72  99.84      22.1     9.0    0.024    0.028    0.014   0.817   0.001
  2.17   2.02  20197   5463    3.70  99.67      22.1     9.0    0.025    0.029    0.015   0.759  -0.099
  2.02   1.90  20082   5471    3.67  99.56      22.0     8.9    0.023    0.027    0.014   0.716  -0.137
  1.90   1.80  19904   5446    3.65  99.43      22.0     8.9    0.018    0.021    0.011   0.711  -0.093
  1.80   1.73  19750   5432    3.64  99.49      22.0     8.9    0.016    0.018    0.009   0.656  -0.063
  1.73   1.66  19705   5456    3.61  99.07      22.0     8.9    0.015    0.017    0.009   0.651  -0.082
  1.66   1.60  19558   5425    3.61  99.20      22.0     8.8    0.014    0.016    0.008   0.573  -0.062
  1.60   1.55  19403   5408    3.59  98.79      22.1     8.8    0.015    0.018    0.009   0.461  -0.060
  1.55   1.51  19316   5411    3.57  98.96      22.1     8.8    0.016    0.019    0.010   0.430  -0.035
  1.51   1.47  19171   5386    3.56  98.83      22.1     8.8    0.015    0.018    0.009   0.455  -0.057
  1.47   1.43  19055   5384    3.54  98.32      22.1     8.8    0.015    0.017    0.009   0.338  -0.072
  1.43   1.40  19156   5421    3.53  98.40      22.1     8.8    0.016    0.019    0.010   0.288  -0.034
 29.73   1.40 299038  81917    3.65  99.30      22.1     8.9    0.020    0.023    0.012   0.806   0.070

References:
  Diederichs K & Karplus PA (1997) Nature Structural Biology 4:269-275
    (with erratum in: Nat Struct Biol 1997 Jul;4(7):592)
  Weiss MS (2001) J Appl Cryst 34:130-135.
  Karplus PA & Diederichs K (2012) Science 336:1030-3.

